TN:
SF:src\app\index.ts
FN:11,databaseStart
FN:19,serverStart
FN:22,(anonymous_2)
FN:33,(anonymous_3)
FNF:4
FNH:4
FNDA:5,databaseStart
FNDA:5,serverStart
FNDA:1,(anonymous_2)
FNDA:5,(anonymous_3)
DA:1,5
DA:2,5
DA:3,5
DA:4,5
DA:6,5
DA:7,5
DA:9,5
DA:12,5
DA:13,5
DA:14,5
DA:16,0
DA:20,5
DA:22,5
DA:24,0
DA:28,5
DA:29,5
DA:31,5
DA:32,5
DA:33,5
DA:34,5
DA:35,5
DA:38,5
LF:22
LH:20
BRF:0
BRH:0
end_of_record
TN:
SF:src\config\config.ts
FNF:0
FNH:0
DA:1,5
DA:2,5
DA:3,5
DA:5,5
DA:7,5
DA:15,5
DA:17,5
DA:18,0
DA:21,5
LF:9
LH:8
BRDA:17,0,0,0
BRDA:17,0,1,5
BRF:2
BRH:1
end_of_record
TN:
SF:src\controller\class-controller.ts
FN:10,addClass
FN:31,getClasses
FN:49,getClassId
FNF:3
FNH:3
FNDA:2,addClass
FNDA:1,getClasses
FNDA:2,getClassId
DA:2,5
DA:3,5
DA:4,5
DA:10,5
DA:11,2
DA:12,2
DA:14,2
DA:16,2
DA:17,2
DA:19,1
DA:20,1
DA:21,1
DA:26,1
DA:27,1
DA:31,5
DA:33,1
DA:34,1
DA:36,1
DA:41,0
DA:42,0
DA:44,0
DA:49,5
DA:50,2
DA:51,2
DA:53,2
DA:55,1
DA:56,1
DA:60,1
DA:61,1
DA:63,1
LF:30
LH:27
BRDA:42,0,0,0
BRDA:42,0,1,0
BRDA:61,1,0,0
BRDA:61,1,1,1
BRF:4
BRH:1
end_of_record
TN:
SF:src\controller\mark-controller.ts
FN:13,addMarks
FN:29,updateMarks
FNF:2
FNH:2
FNDA:2,addMarks
FNDA:2,updateMarks
DA:3,5
DA:4,5
DA:13,5
DA:14,2
DA:15,2
DA:17,2
DA:18,1
DA:19,0
DA:20,0
DA:24,2
DA:25,2
DA:29,5
DA:30,2
DA:31,2
DA:33,2
DA:34,1
DA:35,1
DA:39,1
DA:40,1
LF:19
LH:17
BRF:0
BRH:0
end_of_record
TN:
SF:src\controller\student-controller.ts
FN:13,addStudent
FN:37,getStudents
FN:59,getStudentMarks
FN:77,getStudentByClassId
FN:96,getStudentBySubjectId
FN:114,getStudentByTeacherId
FN:131,getTopTenMarks
FN:147,getTopScorerEachSub
FNF:8
FNH:8
FNDA:2,addStudent
FNDA:3,getStudents
FNDA:2,getStudentMarks
FNDA:2,getStudentByClassId
FNDA:3,getStudentBySubjectId
FNDA:1,getStudentByTeacherId
FNDA:2,getTopTenMarks
FNDA:1,getTopScorerEachSub
DA:2,5
DA:3,5
DA:4,5
DA:13,5
DA:14,2
DA:15,2
DA:18,2
DA:20,1
DA:21,1
DA:22,1
DA:23,1
DA:24,1
DA:26,1
DA:27,1
DA:28,1
DA:32,1
DA:33,1
DA:37,5
DA:38,3
DA:39,3
DA:40,3
DA:44,3
DA:46,2
DA:51,1
DA:52,1
DA:54,1
DA:59,5
DA:60,2
DA:61,2
DA:63,2
DA:65,1
DA:70,1
DA:71,1
DA:73,1
DA:77,5
DA:78,2
DA:79,2
DA:81,2
DA:83,1
DA:88,1
DA:89,1
DA:91,1
DA:96,5
DA:97,3
DA:98,3
DA:100,3
DA:102,1
DA:107,2
DA:108,2
DA:110,2
DA:114,5
DA:115,1
DA:116,1
DA:118,1
DA:120,1
DA:125,0
DA:126,0
DA:127,0
DA:131,5
DA:132,2
DA:133,2
DA:135,2
DA:137,1
DA:141,1
DA:142,1
DA:143,1
DA:147,5
DA:148,1
DA:150,1
DA:152,1
DA:156,0
DA:157,0
DA:158,0
LF:73
LH:67
BRDA:52,0,0,0
BRDA:52,0,1,1
BRDA:71,1,0,0
BRDA:71,1,1,1
BRDA:89,2,0,0
BRDA:89,2,1,1
BRDA:108,3,0,0
BRDA:108,3,1,2
BRDA:126,4,0,0
BRDA:126,4,1,0
BRDA:142,5,0,0
BRDA:142,5,1,1
BRDA:157,6,0,0
BRDA:157,6,1,0
BRF:14
BRH:5
end_of_record
TN:
SF:src\controller\subject-controller.ts
FN:11,addSubject
FN:30,getSubjects
FN:44,getSubjectByName
FNF:3
FNH:3
FNDA:3,addSubject
FNDA:1,getSubjects
FNDA:2,getSubjectByName
DA:2,5
DA:3,5
DA:4,5
DA:11,5
DA:12,3
DA:13,3
DA:15,3
DA:16,1
DA:17,1
DA:19,1
DA:20,0
DA:21,0
DA:25,3
DA:26,3
DA:30,5
DA:31,1
DA:32,1
DA:34,1
DA:39,0
DA:40,0
DA:44,5
DA:45,2
DA:47,2
DA:48,2
DA:49,2
DA:52,2
DA:53,1
DA:58,0
DA:59,0
LF:29
LH:23
BRDA:52,0,0,1
BRDA:52,0,1,1
BRF:2
BRH:2
end_of_record
TN:
SF:src\controller\teacher-controller.ts
FN:13,addTeacher
FN:36,getTeachers
FNF:2
FNH:2
FNDA:2,addTeacher
FNDA:1,getTeachers
DA:2,5
DA:3,5
DA:4,5
DA:13,5
DA:14,2
DA:15,2
DA:17,2
DA:19,1
DA:20,1
DA:21,1
DA:22,1
DA:23,1
DA:25,1
DA:26,1
DA:27,1
DA:31,1
DA:32,1
DA:36,5
DA:37,1
DA:38,1
DA:39,1
DA:41,1
DA:46,0
DA:47,0
LF:24
LH:22
BRF:0
BRH:0
end_of_record
TN:
SF:src\db\db.ts
FN:6,(anonymous_0)
FN:18,dbDisConnect
FN:22,(anonymous_2)
FNF:3
FNH:3
FNDA:10,(anonymous_0)
FNDA:5,dbDisConnect
FNDA:29,(anonymous_2)
DA:1,5
DA:2,5
DA:6,5
DA:8,10
DA:9,10
DA:10,10
DA:11,10
DA:12,10
DA:13,10
DA:14,10
DA:18,5
DA:19,5
DA:22,5
DA:23,29
DA:24,29
DA:26,0
LF:16
LH:15
BRDA:22,0,0,8
BRF:1
BRH:1
end_of_record
TN:
SF:src\routes\routes.ts
FNF:0
FNH:0
DA:2,5
DA:4,5
DA:5,5
DA:6,5
DA:7,5
DA:8,5
DA:12,5
DA:16,5
DA:17,5
DA:18,5
DA:21,5
DA:22,5
DA:25,5
DA:26,5
DA:27,5
DA:28,5
DA:29,5
DA:30,5
DA:32,5
DA:33,5
DA:36,5
DA:37,5
DA:38,5
DA:40,5
DA:41,5
LF:25
LH:25
BRF:0
BRH:0
end_of_record
TN:
SF:src\services\class-service.ts
FN:3,addClass
FN:20,getClassId
FN:31,getClasses
FNF:3
FNH:3
FNDA:1,addClass
FNDA:2,getClassId
FNDA:1,getClasses
DA:1,5
DA:3,5
DA:5,1
DA:6,1
DA:7,1
DA:9,1
DA:10,1
DA:12,0
DA:15,0
DA:20,5
DA:21,2
DA:22,2
DA:23,2
DA:25,1
DA:27,1
DA:31,5
DA:32,1
DA:33,1
DA:34,1
DA:37,1
DA:39,0
LF:21
LH:18
BRDA:9,0,0,1
BRDA:9,0,1,0
BRDA:9,1,0,1
BRDA:9,1,1,1
BRF:4
BRH:3
end_of_record
TN:
SF:src\services\mark-service.ts
FN:11,addMark
FN:25,updateMark
FNF:2
FNH:2
FNDA:1,addMark
FNDA:2,updateMark
DA:1,5
DA:11,5
DA:12,1
DA:13,1
DA:14,1
DA:16,0
DA:17,0
DA:19,0
DA:21,1
DA:25,5
DA:26,2
DA:27,2
DA:28,2
DA:30,1
DA:31,0
DA:33,1
DA:35,1
LF:17
LH:13
BRDA:16,0,0,0
BRDA:16,0,1,0
BRDA:16,1,0,0
BRDA:16,1,1,0
BRDA:30,2,0,0
BRDA:30,2,1,1
BRDA:30,3,0,1
BRDA:30,3,1,1
BRF:8
BRH:3
end_of_record
TN:
SF:src\services\student-service.ts
FN:5,addStudent
FN:28,getStudents
FN:49,getStudentMarks
FN:66,getStudentByClassId
FN:76,getStudentBySubjectId
FN:90,getStudentByTeacherId
FN:104,getTopTenMarks
FN:117,getTopScorerEachSub
FNF:8
FNH:8
FNDA:1,addStudent
FNDA:3,getStudents
FNDA:2,getStudentMarks
FNDA:2,getStudentByClassId
FNDA:3,getStudentBySubjectId
FNDA:1,getStudentByTeacherId
FNDA:2,getTopTenMarks
FNDA:1,getTopScorerEachSub
DA:1,5
DA:5,5
DA:6,1
DA:7,1
DA:8,1
DA:9,1
DA:10,1
DA:11,0
DA:13,0
DA:28,5
DA:29,3
DA:31,3
DA:32,1
DA:33,1
DA:34,1
DA:36,2
DA:40,2
DA:41,1
DA:45,1
DA:49,5
DA:50,2
DA:51,2
DA:58,2
DA:59,1
DA:61,1
DA:66,5
DA:67,2
DA:68,2
DA:69,2
DA:70,1
DA:72,1
DA:76,5
DA:77,3
DA:79,3
DA:84,3
DA:85,1
DA:87,2
DA:90,5
DA:91,1
DA:92,1
DA:97,1
DA:98,1
DA:100,0
DA:104,5
DA:105,2
DA:106,2
DA:110,2
DA:111,1
DA:113,1
DA:117,5
DA:118,1
DA:119,1
DA:124,1
DA:126,1
DA:128,0
LF:55
LH:51
BRDA:9,0,0,1
BRDA:9,0,1,0
BRDA:9,1,0,1
BRDA:9,1,1,1
BRDA:31,2,0,1
BRDA:31,2,1,2
BRDA:31,3,0,3
BRDA:31,3,1,2
BRF:8
BRH:7
end_of_record
TN:
SF:src\services\subject-service.ts
FN:3,addSubject
FN:18,getSubjects
FN:29,getSubjectByName
FNF:3
FNH:3
FNDA:1,addSubject
FNDA:1,getSubjects
FNDA:2,getSubjectByName
DA:1,5
DA:3,5
DA:4,1
DA:5,1
DA:6,1
DA:8,0
DA:9,0
DA:11,0
DA:14,1
DA:18,5
DA:19,1
DA:20,1
DA:21,1
DA:23,1
DA:25,0
DA:29,5
DA:30,2
DA:31,2
DA:32,2
DA:33,2
DA:34,1
DA:36,1
DA:38,0
LF:23
LH:18
BRDA:8,0,0,0
BRDA:8,0,1,0
BRDA:8,1,0,0
BRDA:8,1,1,0
BRDA:33,2,0,1
BRDA:33,2,1,1
BRF:6
BRH:2
end_of_record
TN:
SF:src\services\teacher-service.ts
FN:3,addTeacher
FN:17,countTeachers
FN:28,getTeachers
FNF:3
FNH:3
FNDA:1,addTeacher
FNDA:1,countTeachers
FNDA:1,getTeachers
DA:1,5
DA:3,5
DA:4,1
DA:5,1
DA:6,1
DA:7,1
DA:8,1
DA:10,0
DA:13,0
DA:17,5
DA:18,1
DA:19,1
DA:20,1
DA:22,1
DA:24,0
DA:28,5
DA:29,1
DA:31,1
DA:32,1
DA:34,1
DA:36,0
LF:21
LH:17
BRDA:7,0,0,1
BRDA:7,0,1,0
BRDA:7,1,0,1
BRDA:7,1,1,1
BRF:4
BRH:3
end_of_record
TN:
SF:src\validation\class-validator.ts
FNF:0
FNH:0
DA:1,5
DA:5,5
DA:11,5
LF:3
LH:3
BRF:0
BRH:0
end_of_record
TN:
SF:src\validation\mark-validator.ts
FNF:0
FNH:0
DA:1,5
DA:3,5
DA:9,5
LF:3
LH:3
BRF:0
BRH:0
end_of_record
TN:
SF:src\validation\student-validator.ts
FNF:0
FNH:0
DA:1,5
DA:5,5
DA:12,5
LF:3
LH:3
BRF:0
BRH:0
end_of_record
TN:
SF:src\validation\subject-validator.ts
FNF:0
FNH:0
DA:1,5
DA:3,5
DA:8,5
LF:3
LH:3
BRF:0
BRH:0
end_of_record
TN:
SF:src\validation\teacher-validator.ts
FNF:0
FNH:0
DA:1,5
DA:3,5
DA:11,5
LF:3
LH:3
BRF:0
BRH:0
end_of_record
