TN:
SF:src\app\index.ts
FN:11,databaseStart
FN:19,serverStart
FN:22,(anonymous_2)
FN:33,(anonymous_3)
FNF:4
FNH:4
FNDA:1,databaseStart
FNDA:1,serverStart
FNDA:1,(anonymous_2)
FNDA:1,(anonymous_3)
DA:1,1
DA:2,1
DA:3,1
DA:4,1
DA:6,1
DA:7,1
DA:9,1
DA:12,1
DA:13,1
DA:14,1
DA:16,0
DA:20,1
DA:22,1
DA:24,0
DA:28,1
DA:29,1
DA:31,1
DA:32,1
DA:33,1
DA:34,1
DA:35,1
DA:38,1
LF:22
LH:20
BRF:0
BRH:0
end_of_record
TN:
SF:src\config\config.ts
FNF:0
FNH:0
DA:1,1
DA:2,1
DA:3,1
DA:5,1
DA:7,1
DA:15,1
DA:17,1
DA:18,0
DA:21,1
LF:9
LH:8
BRDA:17,0,0,0
BRDA:17,0,1,1
BRF:2
BRH:1
end_of_record
TN:
SF:src\controller\class-controller.ts
FN:10,addClass
FN:31,getClasses
FN:49,getClassId
FNF:3
FNH:0
FNDA:0,addClass
FNDA:0,getClasses
FNDA:0,getClassId
DA:2,1
DA:3,1
DA:4,1
DA:10,1
DA:11,0
DA:12,0
DA:14,0
DA:16,0
DA:17,0
DA:19,0
DA:20,0
DA:21,0
DA:26,0
DA:27,0
DA:31,1
DA:33,0
DA:34,0
DA:36,0
DA:41,0
DA:42,0
DA:44,0
DA:49,1
DA:50,0
DA:51,0
DA:53,0
DA:55,0
DA:56,0
DA:60,0
DA:61,0
DA:63,0
LF:30
LH:6
BRDA:42,0,0,0
BRDA:42,0,1,0
BRDA:61,1,0,0
BRDA:61,1,1,0
BRF:4
BRH:0
end_of_record
TN:
SF:src\controller\mark-controller.ts
FN:13,addMarks
FN:29,updateMarks
FNF:2
FNH:0
FNDA:0,addMarks
FNDA:0,updateMarks
DA:3,1
DA:4,1
DA:13,1
DA:14,0
DA:15,0
DA:17,0
DA:18,0
DA:19,0
DA:20,0
DA:24,0
DA:25,0
DA:29,1
DA:30,0
DA:31,0
DA:33,0
DA:34,0
DA:35,0
DA:39,0
DA:40,0
LF:19
LH:4
BRF:0
BRH:0
end_of_record
TN:
SF:src\controller\student-controller.ts
FN:13,addStudent
FN:37,getStudents
FN:59,getStudentMarks
FN:77,getStudentByClassId
FN:96,getStudentBySubjectId
FN:114,getStudentByTeacherId
FN:131,getTopTenMarks
FN:147,getTopScorerEachSub
FNF:8
FNH:0
FNDA:0,addStudent
FNDA:0,getStudents
FNDA:0,getStudentMarks
FNDA:0,getStudentByClassId
FNDA:0,getStudentBySubjectId
FNDA:0,getStudentByTeacherId
FNDA:0,getTopTenMarks
FNDA:0,getTopScorerEachSub
DA:2,1
DA:3,1
DA:4,1
DA:13,1
DA:14,0
DA:15,0
DA:18,0
DA:20,0
DA:21,0
DA:22,0
DA:23,0
DA:24,0
DA:26,0
DA:27,0
DA:28,0
DA:32,0
DA:33,0
DA:37,1
DA:38,0
DA:39,0
DA:40,0
DA:44,0
DA:46,0
DA:51,0
DA:52,0
DA:54,0
DA:59,1
DA:60,0
DA:61,0
DA:63,0
DA:65,0
DA:70,0
DA:71,0
DA:73,0
DA:77,1
DA:78,0
DA:79,0
DA:81,0
DA:83,0
DA:88,0
DA:89,0
DA:91,0
DA:96,1
DA:97,0
DA:98,0
DA:100,0
DA:102,0
DA:107,0
DA:108,0
DA:110,0
DA:114,1
DA:115,0
DA:116,0
DA:118,0
DA:120,0
DA:125,0
DA:126,0
DA:127,0
DA:131,1
DA:132,0
DA:133,0
DA:135,0
DA:137,0
DA:141,0
DA:142,0
DA:143,0
DA:147,1
DA:148,0
DA:150,0
DA:152,0
DA:156,0
DA:157,0
DA:158,0
LF:73
LH:11
BRDA:52,0,0,0
BRDA:52,0,1,0
BRDA:71,1,0,0
BRDA:71,1,1,0
BRDA:89,2,0,0
BRDA:89,2,1,0
BRDA:108,3,0,0
BRDA:108,3,1,0
BRDA:126,4,0,0
BRDA:126,4,1,0
BRDA:142,5,0,0
BRDA:142,5,1,0
BRDA:157,6,0,0
BRDA:157,6,1,0
BRF:14
BRH:0
end_of_record
TN:
SF:src\controller\subject-controller.ts
FN:11,addSubject
FN:30,getSubjects
FN:44,getSubjectByName
FNF:3
FNH:0
FNDA:0,addSubject
FNDA:0,getSubjects
FNDA:0,getSubjectByName
DA:2,1
DA:3,1
DA:4,1
DA:11,1
DA:12,0
DA:13,0
DA:15,0
DA:16,0
DA:17,0
DA:19,0
DA:20,0
DA:21,0
DA:25,0
DA:26,0
DA:30,1
DA:31,0
DA:32,0
DA:34,0
DA:39,0
DA:40,0
DA:44,1
DA:45,0
DA:47,0
DA:48,0
DA:49,0
DA:52,0
DA:53,0
DA:58,0
DA:59,0
LF:29
LH:6
BRDA:52,0,0,0
BRDA:52,0,1,0
BRF:2
BRH:0
end_of_record
TN:
SF:src\controller\teacher-controller.ts
FN:13,addTeacher
FN:36,getTeachers
FNF:2
FNH:2
FNDA:2,addTeacher
FNDA:1,getTeachers
DA:2,1
DA:3,1
DA:4,1
DA:13,1
DA:14,2
DA:15,2
DA:17,2
DA:19,1
DA:20,1
DA:21,1
DA:22,1
DA:23,1
DA:25,1
DA:26,1
DA:27,1
DA:31,1
DA:32,1
DA:36,1
DA:37,1
DA:38,1
DA:39,1
DA:41,1
DA:46,0
DA:47,0
LF:24
LH:22
BRF:0
BRH:0
end_of_record
TN:
SF:src\db\db.ts
FN:6,(anonymous_0)
FN:18,dbDisConnect
FN:22,(anonymous_2)
FNF:3
FNH:3
FNDA:2,(anonymous_0)
FNDA:1,dbDisConnect
FNDA:3,(anonymous_2)
DA:1,1
DA:2,1
DA:6,1
DA:8,2
DA:9,2
DA:10,2
DA:11,2
DA:12,2
DA:13,2
DA:14,2
DA:18,1
DA:19,1
DA:22,1
DA:23,3
DA:24,3
DA:26,0
LF:16
LH:15
BRDA:22,0,0,2
BRF:1
BRH:1
end_of_record
TN:
SF:src\routes\routes.ts
FNF:0
FNH:0
DA:2,1
DA:4,1
DA:5,1
DA:6,1
DA:7,1
DA:8,1
DA:12,1
DA:16,1
DA:17,1
DA:18,1
DA:21,1
DA:22,1
DA:25,1
DA:26,1
DA:27,1
DA:28,1
DA:29,1
DA:30,1
DA:32,1
DA:33,1
DA:36,1
DA:37,1
DA:38,1
DA:40,1
DA:41,1
LF:25
LH:25
BRF:0
BRH:0
end_of_record
TN:
SF:src\services\class-service.ts
FN:3,addClass
FN:20,getClassId
FN:31,getClasses
FNF:3
FNH:0
FNDA:0,addClass
FNDA:0,getClassId
FNDA:0,getClasses
DA:1,1
DA:3,1
DA:5,0
DA:6,0
DA:7,0
DA:9,0
DA:10,0
DA:12,0
DA:15,0
DA:20,1
DA:21,0
DA:22,0
DA:23,0
DA:25,0
DA:27,0
DA:31,1
DA:32,0
DA:33,0
DA:34,0
DA:37,0
DA:39,0
LF:21
LH:4
BRDA:9,0,0,0
BRDA:9,0,1,0
BRDA:9,1,0,0
BRDA:9,1,1,0
BRF:4
BRH:0
end_of_record
TN:
SF:src\services\mark-service.ts
FN:11,addMark
FN:25,updateMark
FNF:2
FNH:0
FNDA:0,addMark
FNDA:0,updateMark
DA:1,1
DA:11,1
DA:12,0
DA:13,0
DA:14,0
DA:16,0
DA:17,0
DA:19,0
DA:21,0
DA:25,1
DA:26,0
DA:27,0
DA:28,0
DA:30,0
DA:31,0
DA:33,0
DA:35,0
LF:17
LH:3
BRDA:16,0,0,0
BRDA:16,0,1,0
BRDA:16,1,0,0
BRDA:16,1,1,0
BRDA:30,2,0,0
BRDA:30,2,1,0
BRDA:30,3,0,0
BRDA:30,3,1,0
BRF:8
BRH:0
end_of_record
TN:
SF:src\services\student-service.ts
FN:5,addStudent
FN:28,getStudents
FN:49,getStudentMarks
FN:66,getStudentByClassId
FN:76,getStudentBySubjectId
FN:90,getStudentByTeacherId
FN:104,getTopTenMarks
FN:117,getTopScorerEachSub
FNF:8
FNH:0
FNDA:0,addStudent
FNDA:0,getStudents
FNDA:0,getStudentMarks
FNDA:0,getStudentByClassId
FNDA:0,getStudentBySubjectId
FNDA:0,getStudentByTeacherId
FNDA:0,getTopTenMarks
FNDA:0,getTopScorerEachSub
DA:1,1
DA:5,1
DA:6,0
DA:7,0
DA:8,0
DA:9,0
DA:10,0
DA:11,0
DA:13,0
DA:28,1
DA:29,0
DA:31,0
DA:32,0
DA:33,0
DA:34,0
DA:36,0
DA:40,0
DA:41,0
DA:45,0
DA:49,1
DA:50,0
DA:51,0
DA:58,0
DA:59,0
DA:61,0
DA:66,1
DA:67,0
DA:68,0
DA:69,0
DA:70,0
DA:72,0
DA:76,1
DA:77,0
DA:79,0
DA:84,0
DA:85,0
DA:87,0
DA:90,1
DA:91,0
DA:92,0
DA:97,0
DA:98,0
DA:100,0
DA:104,1
DA:105,0
DA:106,0
DA:110,0
DA:111,0
DA:113,0
DA:117,1
DA:118,0
DA:119,0
DA:124,0
DA:126,0
DA:128,0
LF:55
LH:9
BRDA:9,0,0,0
BRDA:9,0,1,0
BRDA:9,1,0,0
BRDA:9,1,1,0
BRDA:31,2,0,0
BRDA:31,2,1,0
BRDA:31,3,0,0
BRDA:31,3,1,0
BRF:8
BRH:0
end_of_record
TN:
SF:src\services\subject-service.ts
FN:3,addSubject
FN:18,getSubjects
FN:29,getSubjectByName
FNF:3
FNH:0
FNDA:0,addSubject
FNDA:0,getSubjects
FNDA:0,getSubjectByName
DA:1,1
DA:3,1
DA:4,0
DA:5,0
DA:6,0
DA:8,0
DA:9,0
DA:11,0
DA:14,0
DA:18,1
DA:19,0
DA:20,0
DA:21,0
DA:23,0
DA:25,0
DA:29,1
DA:30,0
DA:31,0
DA:32,0
DA:33,0
DA:34,0
DA:36,0
DA:38,0
LF:23
LH:4
BRDA:8,0,0,0
BRDA:8,0,1,0
BRDA:8,1,0,0
BRDA:8,1,1,0
BRDA:33,2,0,0
BRDA:33,2,1,0
BRF:6
BRH:0
end_of_record
TN:
SF:src\services\teacher-service.ts
FN:3,addTeacher
FN:17,countTeachers
FN:28,getTeachers
FNF:3
FNH:3
FNDA:1,addTeacher
FNDA:1,countTeachers
FNDA:1,getTeachers
DA:1,1
DA:3,1
DA:4,1
DA:5,1
DA:6,1
DA:7,1
DA:8,1
DA:10,0
DA:13,0
DA:17,1
DA:18,1
DA:19,1
DA:20,1
DA:22,1
DA:24,0
DA:28,1
DA:29,1
DA:31,1
DA:32,1
DA:34,1
DA:36,0
LF:21
LH:17
BRDA:7,0,0,1
BRDA:7,0,1,0
BRDA:7,1,0,1
BRDA:7,1,1,1
BRF:4
BRH:3
end_of_record
TN:
SF:src\validation\class-validator.ts
FNF:0
FNH:0
DA:1,1
DA:5,1
DA:11,1
LF:3
LH:3
BRF:0
BRH:0
end_of_record
TN:
SF:src\validation\mark-validator.ts
FNF:0
FNH:0
DA:1,1
DA:3,1
DA:9,1
LF:3
LH:3
BRF:0
BRH:0
end_of_record
TN:
SF:src\validation\student-validator.ts
FNF:0
FNH:0
DA:1,1
DA:5,1
DA:12,1
LF:3
LH:3
BRF:0
BRH:0
end_of_record
TN:
SF:src\validation\subject-validator.ts
FNF:0
FNH:0
DA:1,1
DA:3,1
DA:8,1
LF:3
LH:3
BRF:0
BRH:0
end_of_record
TN:
SF:src\validation\teacher-validator.ts
FNF:0
FNH:0
DA:1,1
DA:3,1
DA:11,1
LF:3
LH:3
BRF:0
BRH:0
end_of_record
