<?xml version="1.0" encoding="UTF-8"?>
<coverage generated="1630572094095" clover="3.2.0">
  <project timestamp="1630572094096" name="All files">
    <metrics statements="30" coveredstatements="30" conditionals="0" coveredconditionals="0" methods="1" coveredmethods="1" elements="31" coveredelements="31" complexity="0" loc="30" ncloc="30" packages="2" files="6" classes="6"/>
    <package name="src">
      <metrics statements="9" coveredstatements="9" conditionals="0" coveredconditionals="0" methods="1" coveredmethods="1"/>
      <file name="index.ts" path="/home/ayushi/Music/ayushi/freshers-june2021/ayushi/ayushi_postgresql_assignment/src/index.ts">
        <metrics statements="9" coveredstatements="9" conditionals="0" coveredconditionals="0" methods="1" coveredmethods="1"/>
        <line num="1" count="1" type="stmt"/>
        <line num="3" count="1" type="stmt"/>
        <line num="4" count="1" type="stmt"/>
        <line num="7" count="1" type="stmt"/>
        <line num="9" count="1" type="stmt"/>
        <line num="10" count="1" type="stmt"/>
        <line num="12" count="1" type="stmt"/>
        <line num="13" count="1" type="stmt"/>
        <line num="15" count="1" type="stmt"/>
      </file>
    </package>
    <package name="src.validation">
      <metrics statements="21" coveredstatements="21" conditionals="0" coveredconditionals="0" methods="0" coveredmethods="0"/>
      <file name="class_validation.ts" path="/home/ayushi/Music/ayushi/freshers-june2021/ayushi/ayushi_postgresql_assignment/src/validation/class_validation.ts">
        <metrics statements="4" coveredstatements="4" conditionals="0" coveredconditionals="0" methods="0" coveredmethods="0"/>
        <line num="2" count="1" type="stmt"/>
        <line num="4" count="1" type="stmt"/>
        <line num="9" count="1" type="stmt"/>
        <line num="13" count="1" type="stmt"/>
      </file>
      <file name="schedule_validation.ts" path="/home/ayushi/Music/ayushi/freshers-june2021/ayushi/ayushi_postgresql_assignment/src/validation/schedule_validation.ts">
        <metrics statements="6" coveredstatements="6" conditionals="0" coveredconditionals="0" methods="0" coveredmethods="0"/>
        <line num="2" count="1" type="stmt"/>
        <line num="4" count="1" type="stmt"/>
        <line num="10" count="1" type="stmt"/>
        <line num="14" count="1" type="stmt"/>
        <line num="18" count="1" type="stmt"/>
        <line num="22" count="1" type="stmt"/>
      </file>
      <file name="student_validation.ts" path="/home/ayushi/Music/ayushi/freshers-june2021/ayushi/ayushi_postgresql_assignment/src/validation/student_validation.ts">
        <metrics statements="5" coveredstatements="5" conditionals="0" coveredconditionals="0" methods="0" coveredmethods="0"/>
        <line num="1" count="1" type="stmt"/>
        <line num="3" count="1" type="stmt"/>
        <line num="8" count="1" type="stmt"/>
        <line num="12" count="1" type="stmt"/>
        <line num="21" count="1" type="stmt"/>
      </file>
      <file name="subject_validation.ts" path="/home/ayushi/Music/ayushi/freshers-june2021/ayushi/ayushi_postgresql_assignment/src/validation/subject_validation.ts">
        <metrics statements="3" coveredstatements="3" conditionals="0" coveredconditionals="0" methods="0" coveredmethods="0"/>
        <line num="2" count="1" type="stmt"/>
        <line num="4" count="1" type="stmt"/>
        <line num="9" count="1" type="stmt"/>
      </file>
      <file name="teacher_validation.ts" path="/home/ayushi/Music/ayushi/freshers-june2021/ayushi/ayushi_postgresql_assignment/src/validation/teacher_validation.ts">
        <metrics statements="3" coveredstatements="3" conditionals="0" coveredconditionals="0" methods="0" coveredmethods="0"/>
        <line num="2" count="1" type="stmt"/>
        <line num="4" count="1" type="stmt"/>
        <line num="13" count="1" type="stmt"/>
      </file>
    </package>
  </project>
</coverage>
