TN:
SF:src/index.ts
FN:6,func
FNF:1
FNH:1
FNDA:1,func
DA:1,1
DA:3,1
DA:4,1
DA:7,1
DA:9,1
DA:10,1
DA:12,1
DA:13,1
DA:15,1
LF:9
LH:9
BRF:0
BRH:0
end_of_record
TN:
SF:src/validation/class_validation.ts
FNF:0
FNH:0
DA:2,1
DA:4,1
DA:9,1
DA:13,1
LF:4
LH:4
BRF:0
BRH:0
end_of_record
TN:
SF:src/validation/schedule_validation.ts
FNF:0
FNH:0
DA:2,1
DA:4,1
DA:10,1
DA:14,1
DA:18,1
DA:22,1
LF:6
LH:6
BRF:0
BRH:0
end_of_record
TN:
SF:src/validation/student_validation.ts
FNF:0
FNH:0
DA:1,1
DA:3,1
DA:8,1
DA:12,1
DA:21,1
LF:5
LH:5
BRF:0
BRH:0
end_of_record
TN:
SF:src/validation/subject_validation.ts
FNF:0
FNH:0
DA:2,1
DA:4,1
DA:9,1
LF:3
LH:3
BRF:0
BRH:0
end_of_record
TN:
SF:src/validation/teacher_validation.ts
FNF:0
FNH:0
DA:2,1
DA:4,1
DA:13,1
LF:3
LH:3
BRF:0
BRH:0
end_of_record
