TN:
SF:src/index.ts
FNF:0
FNH:0
DA:1,6
DA:2,6
DA:3,6
DA:4,6
DA:6,6
DA:8,6
DA:9,6
DA:11,6
DA:13,6
LF:9
LH:9
BRF:0
BRH:0
end_of_record
TN:
SF:src/config/config.ts
FNF:0
FNH:0
DA:2,6
DA:3,6
DA:4,6
DA:6,6
DA:8,6
DA:15,6
DA:16,6
DA:17,0
DA:20,6
LF:9
LH:8
BRDA:16,0,0,0
BRDA:16,0,1,6
BRF:2
BRH:1
end_of_record
TN:
SF:src/controller/class.ts
FN:10,getclassList
FN:25,addstudentToClassList
FN:51,getstudentsByClass
FNF:3
FNH:3
FNDA:1,getclassList
FNDA:3,addstudentToClassList
FNDA:3,getstudentsByClass
DA:2,6
DA:3,6
DA:12,1
DA:13,1
DA:14,1
DA:18,0
DA:19,0
DA:26,3
DA:28,3
DA:29,3
DA:30,1
DA:31,1
DA:32,1
DA:33,1
DA:34,1
DA:36,2
DA:38,0
DA:39,0
DA:43,2
DA:44,2
DA:47,2
DA:52,3
DA:54,3
DA:55,3
DA:56,1
DA:57,1
DA:58,1
DA:59,1
DA:60,1
DA:62,2
DA:63,2
DA:64,1
DA:66,1
DA:67,1
DA:71,1
DA:72,1
DA:78,6
LF:37
LH:33
BRDA:29,0,0,1
BRDA:29,0,1,2
BRDA:55,1,0,1
BRDA:55,1,1,2
BRDA:63,2,0,1
BRDA:63,2,1,1
BRF:6
BRH:6
end_of_record
TN:
SF:src/controller/result.ts
FN:34,(anonymous_13)
FN:40,studentMarksBody
FN:47,subjectmarksByStudent
FN:76,topstudentWithSubject
FN:113,topscoreStudents
FNF:5
FNH:5
FNDA:6,(anonymous_13)
FNDA:11,studentMarksBody
FNDA:3,subjectmarksByStudent
FNDA:3,topstudentWithSubject
FNDA:1,topscoreStudents
DA:2,6
DA:4,6
DA:5,6
DA:34,6
DA:41,11
DA:42,11
DA:43,11
DA:45,6
DA:47,6
DA:48,3
DA:50,3
DA:51,3
DA:52,1
DA:53,1
DA:54,1
DA:55,1
DA:56,1
DA:58,2
DA:59,2
DA:60,2
DA:61,1
DA:63,1
DA:64,1
DA:68,1
DA:69,1
DA:72,1
DA:76,6
DA:77,3
DA:79,3
DA:80,3
DA:81,1
DA:82,1
DA:83,1
DA:84,1
DA:85,1
DA:87,2
DA:88,2
DA:89,1
DA:91,1
DA:93,2
DA:94,1
DA:95,1
DA:96,1
DA:97,1
DA:100,1
DA:101,1
DA:105,1
DA:106,1
DA:109,1
DA:113,6
DA:115,1
DA:116,1
DA:117,1
DA:119,11
DA:120,10
DA:121,10
DA:122,10
DA:123,10
DA:125,1
DA:126,1
DA:127,1
DA:131,0
DA:132,0
DA:135,0
LF:64
LH:61
BRDA:51,0,0,1
BRDA:51,0,1,2
BRDA:60,1,0,1
BRDA:60,1,1,1
BRDA:80,2,0,1
BRDA:80,2,1,2
BRDA:88,3,0,1
BRDA:88,3,1,1
BRDA:93,4,0,1
BRDA:93,4,1,1
BRDA:119,5,0,1
BRDA:119,5,1,10
BRF:12
BRH:12
end_of_record
TN:
SF:src/controller/schedule.ts
FN:16,addschedule
FN:45,studentsbyClass
FN:87,studentsByTeacher
FN:137,studentsBySubject
FNF:4
FNH:4
FNDA:3,addschedule
FNDA:3,studentsbyClass
FNDA:3,studentsByTeacher
FNDA:3,studentsBySubject
DA:2,6
DA:3,6
DA:4,6
DA:16,6
DA:17,3
DA:19,3
DA:20,3
DA:21,1
DA:22,1
DA:23,1
DA:24,1
DA:25,1
DA:27,2
DA:28,0
DA:29,0
DA:31,0
DA:32,0
DA:37,2
DA:38,2
DA:41,2
DA:45,6
DA:46,3
DA:48,3
DA:49,3
DA:50,1
DA:51,1
DA:52,1
DA:53,1
DA:54,1
DA:56,2
DA:57,2
DA:58,2
DA:59,1
DA:61,1
DA:62,1
DA:63,6
DA:64,6
DA:66,1
DA:67,1
DA:68,1
DA:69,1
DA:70,1
DA:71,6
DA:72,6
DA:75,1
DA:77,1
DA:79,1
DA:80,1
DA:83,1
DA:87,6
DA:88,3
DA:90,3
DA:91,3
DA:92,1
DA:93,1
DA:94,1
DA:95,1
DA:96,1
DA:98,2
DA:99,2
DA:100,1
DA:102,1
DA:104,1
DA:105,1
DA:106,1
DA:108,1
DA:109,0
DA:111,1
DA:112,1
DA:113,5
DA:114,5
DA:116,1
DA:117,1
DA:118,1
DA:119,1
DA:120,1
DA:121,5
DA:122,5
DA:125,1
DA:127,1
DA:129,1
DA:130,1
DA:133,1
DA:137,6
DA:138,3
DA:140,3
DA:141,3
DA:142,1
DA:143,1
DA:144,1
DA:145,1
DA:146,1
DA:148,2
DA:149,2
DA:150,1
DA:152,1
DA:153,1
DA:154,1
DA:155,1
DA:156,0
DA:158,1
DA:159,1
DA:160,6
DA:161,6
DA:163,1
DA:164,1
DA:165,1
DA:166,1
DA:167,1
DA:168,6
DA:169,6
DA:172,1
DA:174,1
DA:176,1
DA:177,1
DA:180,1
LF:116
LH:110
BRDA:20,0,0,1
BRDA:20,0,1,2
BRDA:28,1,0,0
BRDA:28,1,1,0
BRDA:49,2,0,1
BRDA:49,2,1,2
BRDA:58,3,0,1
BRDA:58,3,1,1
BRDA:91,4,0,1
BRDA:91,4,1,2
BRDA:99,5,0,1
BRDA:99,5,1,1
BRDA:108,6,0,0
BRDA:108,6,1,1
BRDA:141,7,0,1
BRDA:141,7,1,2
BRDA:149,8,0,1
BRDA:149,8,1,1
BRDA:155,9,0,0
BRDA:155,9,1,1
BRF:20
BRH:16
end_of_record
TN:
SF:src/controller/student.ts
FN:16,getstudentList
FN:65,getstudentInfoByStudentId
FN:106,addstudentToList
FN:133,updatestudentToList
FNF:4
FNH:4
FNDA:3,getstudentList
FNDA:3,getstudentInfoByStudentId
FNDA:3,addstudentToList
FNDA:3,updatestudentToList
DA:2,6
DA:5,6
DA:17,3
DA:18,3
DA:19,3
DA:20,3
DA:23,3
DA:25,3
DA:26,3
DA:27,1
DA:28,1
DA:29,1
DA:30,1
DA:31,1
DA:33,2
DA:34,2
DA:36,2
DA:39,2
DA:40,2
DA:41,2
DA:42,1
DA:44,1
DA:45,1
DA:50,1
DA:51,1
DA:54,1
DA:58,0
DA:59,0
DA:66,3
DA:68,3
DA:69,3
DA:70,1
DA:71,1
DA:72,1
DA:73,1
DA:74,1
DA:76,2
DA:81,2
DA:82,2
DA:83,2
DA:85,1
DA:86,1
DA:87,1
DA:95,1
DA:96,1
DA:100,0
DA:101,0
DA:102,0
DA:107,3
DA:109,3
DA:110,3
DA:111,1
DA:112,1
DA:113,1
DA:114,1
DA:115,1
DA:117,2
DA:118,0
DA:119,0
DA:120,0
DA:125,2
DA:126,2
DA:129,2
DA:134,3
DA:136,3
DA:137,3
DA:138,1
DA:139,1
DA:140,1
DA:141,1
DA:142,1
DA:144,2
DA:145,2
DA:146,2
DA:147,1
DA:149,1
DA:150,1
DA:155,1
DA:156,1
DA:159,1
DA:162,6
DA:163,6
DA:164,6
DA:165,6
LF:84
LH:76
BRDA:26,0,0,1
BRDA:26,0,1,2
BRDA:41,1,0,1
BRDA:41,1,1,1
BRDA:69,2,0,1
BRDA:69,2,1,2
BRDA:83,3,0,1
BRDA:83,3,1,1
BRDA:110,4,0,1
BRDA:110,4,1,2
BRDA:137,5,0,1
BRDA:137,5,1,2
BRDA:146,6,0,1
BRDA:146,6,1,1
BRF:14
BRH:14
end_of_record
TN:
SF:src/controller/subject.ts
FN:10,getsubjectList
FN:25,addsubjectToList
FN:52,updateSubjectToList
FNF:3
FNH:3
FNDA:1,getsubjectList
FNDA:3,addsubjectToList
FNDA:3,updateSubjectToList
DA:2,6
DA:3,6
DA:12,1
DA:13,1
DA:14,1
DA:18,0
DA:19,0
DA:26,3
DA:28,3
DA:29,3
DA:30,1
DA:31,1
DA:32,1
DA:33,1
DA:34,1
DA:36,2
DA:38,0
DA:39,0
DA:44,2
DA:45,2
DA:48,2
DA:53,3
DA:55,3
DA:56,3
DA:57,1
DA:58,1
DA:59,1
DA:60,1
DA:61,1
DA:63,2
DA:64,2
DA:65,1
DA:67,1
DA:68,1
DA:73,1
DA:74,1
DA:77,1
DA:81,6
LF:38
LH:34
BRDA:29,0,0,1
BRDA:29,0,1,2
BRDA:56,1,0,1
BRDA:56,1,1,2
BRDA:64,2,0,1
BRDA:64,2,1,1
BRF:6
BRH:6
end_of_record
TN:
SF:src/controller/teacher.ts
FN:14,getteacherList
FN:29,addteacherToList
FN:59,updateTeacherToList
FNF:3
FNH:3
FNDA:1,getteacherList
FNDA:3,addteacherToList
FNDA:3,updateTeacherToList
DA:2,6
DA:3,6
DA:14,6
DA:16,1
DA:17,1
DA:18,1
DA:22,0
DA:23,0
DA:29,6
DA:30,3
DA:33,3
DA:36,3
DA:37,1
DA:38,1
DA:39,1
DA:40,1
DA:41,1
DA:43,2
DA:44,0
DA:45,0
DA:46,0
DA:51,2
DA:52,2
DA:55,2
DA:59,6
DA:60,3
DA:62,3
DA:64,3
DA:65,1
DA:66,1
DA:67,1
DA:68,1
DA:69,1
DA:71,2
DA:72,2
DA:73,2
DA:74,2
DA:76,0
DA:77,0
DA:82,2
DA:83,2
DA:86,2
LF:42
LH:35
BRDA:36,0,0,1
BRDA:36,0,1,2
BRDA:64,1,0,1
BRDA:64,1,1,2
BRDA:73,2,0,2
BRDA:73,2,1,0
BRF:6
BRH:5
end_of_record
TN:
SF:src/database/pg_client.ts
FN:14,(anonymous_0)
FNF:1
FNH:1
FNDA:6,(anonymous_0)
DA:1,6
DA:2,6
DA:4,6
DA:13,6
DA:14,6
DA:16,6
LF:6
LH:6
BRF:0
BRH:0
end_of_record
TN:
SF:src/routes/class.ts
FNF:0
FNH:0
DA:2,6
DA:3,6
DA:4,6
DA:6,6
DA:7,6
DA:8,6
DA:10,6
LF:7
LH:7
BRF:0
BRH:0
end_of_record
TN:
SF:src/routes/main.ts
FNF:0
FNH:0
DA:1,6
DA:2,6
DA:3,6
DA:4,6
DA:5,6
DA:6,6
DA:7,6
DA:9,6
DA:18,6
LF:9
LH:9
BRF:0
BRH:0
end_of_record
TN:
SF:src/routes/result.ts
FNF:0
FNH:0
DA:2,6
DA:3,6
DA:4,6
DA:6,6
DA:7,6
DA:8,6
DA:10,6
LF:7
LH:7
BRF:0
BRH:0
end_of_record
TN:
SF:src/routes/schedule.ts
FNF:0
FNH:0
DA:2,6
DA:3,6
DA:4,6
DA:6,6
DA:7,6
DA:8,6
DA:9,6
DA:11,6
LF:8
LH:8
BRF:0
BRH:0
end_of_record
TN:
SF:src/routes/student.ts
FNF:0
FNH:0
DA:2,6
DA:3,6
DA:4,6
DA:6,6
DA:7,6
DA:8,6
DA:9,6
DA:11,6
LF:8
LH:8
BRF:0
BRH:0
end_of_record
TN:
SF:src/routes/subject.ts
FNF:0
FNH:0
DA:2,6
DA:3,6
DA:4,6
DA:6,6
DA:7,6
DA:8,6
DA:10,6
LF:7
LH:7
BRF:0
BRH:0
end_of_record
TN:
SF:src/routes/teacher.ts
FNF:0
FNH:0
DA:2,6
DA:3,6
DA:4,6
DA:6,6
DA:7,6
DA:8,6
DA:10,6
LF:7
LH:7
BRF:0
BRH:0
end_of_record
TN:
SF:src/services/class.ts
FN:4,getClassList
FN:11,addStudentToClassList
FN:19,getStudentsByClass
FNF:3
FNH:3
FNDA:1,getClassList
FNDA:2,addStudentToClassList
FNDA:2,getStudentsByClass
DA:2,6
DA:4,6
DA:6,1
DA:7,1
DA:8,1
DA:11,6
DA:13,2
DA:14,2
DA:15,2
DA:16,0
DA:19,6
DA:21,2
DA:22,2
DA:23,2
LF:14
LH:13
BRF:0
BRH:0
end_of_record
TN:
SF:src/services/result.ts
FN:4,subjectMarksByStudent
FN:12,topStudentWithSubject
FN:38,topScoreStudents
FNF:3
FNH:3
FNDA:2,subjectMarksByStudent
FNDA:2,topStudentWithSubject
FNDA:1,topScoreStudents
DA:2,6
DA:4,6
DA:6,2
DA:7,2
DA:8,2
DA:9,2
DA:12,6
DA:14,2
DA:15,2
DA:16,2
DA:17,2
DA:18,1
DA:20,1
DA:21,1
DA:22,1
DA:23,1
DA:24,1
DA:25,1
DA:26,0
DA:27,0
DA:30,1
DA:34,1
DA:35,1
DA:38,6
DA:40,1
DA:41,1
DA:42,1
DA:43,1
LF:28
LH:26
BRDA:17,0,0,1
BRDA:17,0,1,1
BRDA:25,1,0,0
BRDA:25,1,1,1
BRF:4
BRH:3
end_of_record
TN:
SF:src/services/schedule.ts
FN:3,addSchedule
FN:11,classByTeacher
FN:19,studentByClass
FN:27,classBySubject
FNF:4
FNH:4
FNDA:2,addSchedule
FNDA:2,classByTeacher
FNDA:4,studentByClass
FNDA:2,classBySubject
DA:1,6
DA:3,6
DA:5,2
DA:6,2
DA:7,2
DA:8,0
DA:11,6
DA:13,2
DA:14,2
DA:15,2
DA:16,2
DA:19,6
DA:21,4
DA:22,4
DA:23,4
DA:24,4
DA:27,6
DA:29,2
DA:30,2
DA:31,2
DA:32,2
LF:21
LH:20
BRF:0
BRH:0
end_of_record
TN:
SF:src/services/student.ts
FN:4,getStudentList
FN:10,getStudentInfoByStudentId
FN:16,getStudentListByStudentId
FN:33,addStudentToList
FN:42,updateStudentToList
FNF:5
FNH:5
FNDA:3,getStudentList
FNDA:13,getStudentInfoByStudentId
FNDA:6,getStudentListByStudentId
FNDA:2,addStudentToList
FNDA:2,updateStudentToList
DA:2,6
DA:5,3
DA:6,3
DA:7,3
DA:11,13
DA:13,13
DA:16,18
DA:17,6
DA:18,6
DA:19,6
DA:22,6
DA:23,6
DA:24,34
DA:25,34
DA:27,6
DA:28,6
DA:29,6
DA:30,6
DA:35,2
DA:36,2
DA:37,2
DA:38,0
DA:39,0
DA:45,2
DA:46,2
DA:47,2
DA:48,2
DA:49,2
DA:52,6
LF:29
LH:27
BRDA:5,0,0,3
BRDA:11,1,0,13
BRF:2
BRH:2
end_of_record
TN:
SF:src/services/subject.ts
FN:4,getSubjectList
FN:10,addSubjectToList
FN:18,updateSubjectInList
FNF:3
FNH:3
FNDA:1,getSubjectList
FNDA:2,addSubjectToList
FNDA:2,updateSubjectInList
DA:2,6
DA:5,1
DA:6,1
DA:7,1
DA:12,2
DA:13,2
DA:14,2
DA:15,0
DA:20,2
DA:21,2
DA:22,2
DA:23,2
DA:26,6
LF:13
LH:12
BRF:0
BRH:0
end_of_record
TN:
SF:src/services/teacher.ts
FN:4,getTeacherList
FN:11,addTeacherToList
FN:19,updateTeacherInList
FNF:3
FNH:3
FNDA:1,getTeacherList
FNDA:2,addTeacherToList
FNDA:2,updateTeacherInList
DA:2,6
DA:5,1
DA:6,1
DA:7,1
DA:8,1
DA:13,2
DA:14,2
DA:15,2
DA:16,0
DA:21,2
DA:22,2
DA:23,2
DA:24,2
DA:25,2
DA:28,6
LF:15
LH:14
BRF:0
BRH:0
end_of_record
TN:
SF:src/validation/class_validation.ts
FNF:0
FNH:0
DA:2,6
DA:4,6
DA:9,6
DA:13,6
LF:4
LH:4
BRF:0
BRH:0
end_of_record
TN:
SF:src/validation/result_validation.ts
FNF:0
FNH:0
DA:2,6
DA:4,6
DA:8,6
DA:12,6
LF:4
LH:4
BRF:0
BRH:0
end_of_record
TN:
SF:src/validation/schedule_validation.ts
FNF:0
FNH:0
DA:2,6
DA:4,6
DA:10,6
DA:14,6
DA:18,6
DA:22,6
LF:6
LH:6
BRF:0
BRH:0
end_of_record
TN:
SF:src/validation/student_validation.ts
FNF:0
FNH:0
DA:1,6
DA:3,6
DA:8,6
DA:12,6
DA:21,6
LF:5
LH:5
BRF:0
BRH:0
end_of_record
TN:
SF:src/validation/subject_validation.ts
FNF:0
FNH:0
DA:2,6
DA:4,6
DA:9,6
LF:3
LH:3
BRF:0
BRH:0
end_of_record
TN:
SF:src/validation/teacher_validation.ts
FNF:0
FNH:0
DA:2,6
DA:4,6
DA:13,6
LF:3
LH:3
BRF:0
BRH:0
end_of_record
