TN:
SF:src/Application/app.ts
FN:12,(anonymous_19)
FN:12,(anonymous_20)
FNF:2
FNH:2
FNDA:1,(anonymous_19)
FNDA:1,(anonymous_20)
DA:2,5
DA:3,5
DA:4,5
DA:6,5
DA:8,5
DA:10,5
DA:11,5
DA:12,5
DA:13,1
DA:14,1
DA:17,5
LF:11
LH:11
BRF:0
BRH:0
end_of_record
TN:
SF:src/Controller/ClassController.ts
FN:7,(anonymous_19)
FN:7,(anonymous_20)
FNF:2
FNH:2
FNDA:2,(anonymous_19)
FNDA:2,(anonymous_20)
DA:1,5
DA:3,5
DA:5,5
DA:6,5
DA:7,5
DA:8,2
DA:10,4
DA:11,1
DA:18,2
DA:19,1
DA:20,1
DA:23,0
DA:24,0
DA:28,1
DA:29,1
LF:15
LH:13
BRF:0
BRH:0
end_of_record
TN:
SF:src/Controller/StudentController.ts
FN:11,(anonymous_19)
FN:11,(anonymous_20)
FN:32,(anonymous_22)
FN:32,(anonymous_23)
FN:53,(anonymous_25)
FN:53,(anonymous_26)
FN:74,(anonymous_28)
FN:74,(anonymous_29)
FN:94,(anonymous_31)
FN:94,(anonymous_32)
FN:124,(anonymous_34)
FN:124,(anonymous_35)
FN:144,(anonymous_37)
FN:144,(anonymous_38)
FNF:14
FNH:14
FNDA:3,(anonymous_19)
FNDA:3,(anonymous_20)
FNDA:2,(anonymous_22)
FNDA:2,(anonymous_23)
FNDA:2,(anonymous_25)
FNDA:2,(anonymous_26)
FNDA:2,(anonymous_28)
FNDA:2,(anonymous_29)
FNDA:4,(anonymous_31)
FNDA:4,(anonymous_32)
FNDA:2,(anonymous_34)
FNDA:2,(anonymous_35)
FNDA:3,(anonymous_37)
FNDA:3,(anonymous_38)
DA:1,5
DA:3,5
DA:4,5
DA:6,5
DA:8,5
DA:11,5
DA:12,3
DA:17,3
DA:18,3
DA:19,3
DA:20,4
DA:21,2
DA:22,2
DA:25,1
DA:26,1
DA:27,1
DA:28,1
DA:32,5
DA:33,2
DA:35,2
DA:36,2
DA:37,1
DA:38,1
DA:41,1
DA:42,1
DA:47,0
DA:48,0
DA:53,5
DA:54,2
DA:56,2
DA:57,2
DA:58,1
DA:59,1
DA:62,1
DA:63,1
DA:68,0
DA:69,0
DA:74,5
DA:75,2
DA:77,2
DA:78,2
DA:79,1
DA:80,1
DA:83,1
DA:84,1
DA:88,0
DA:89,0
DA:94,5
DA:95,4
DA:98,8
DA:99,2
DA:100,2
DA:101,1
DA:103,2
DA:110,4
DA:111,2
DA:112,2
DA:115,0
DA:116,0
DA:120,2
DA:121,2
DA:124,5
DA:125,2
DA:127,2
DA:128,2
DA:129,1
DA:130,1
DA:133,1
DA:134,1
DA:138,0
DA:139,0
DA:144,5
DA:145,3
DA:147,5
DA:149,1
DA:150,1
DA:151,0
DA:152,0
DA:155,1
DA:156,1
DA:160,0
DA:161,0
DA:165,2
DA:166,2
LF:84
LH:70
BRDA:25,0,0,1
BRDA:20,1,0,1
BRDA:20,1,1,2
BRDA:36,2,0,1
BRDA:36,2,1,1
BRDA:57,3,0,1
BRDA:57,3,1,1
BRDA:78,4,0,1
BRDA:78,4,1,1
BRDA:100,5,0,1
BRDA:100,5,1,1
BRDA:128,6,0,1
BRDA:128,6,1,1
BRDA:147,7,0,2
BRDA:147,7,1,1
BRDA:147,8,0,3
BRDA:147,8,1,1
BRDA:150,9,0,0
BRDA:150,9,1,1
BRF:19
BRH:18
end_of_record
TN:
SF:src/Controller/SubjectController.ts
FN:11,(anonymous_19)
FN:11,(anonymous_20)
FN:48,(anonymous_22)
FN:48,(anonymous_23)
FNF:4
FNH:4
FNDA:3,(anonymous_19)
FNDA:3,(anonymous_20)
FNDA:2,(anonymous_22)
FNDA:2,(anonymous_23)
DA:2,5
DA:3,5
DA:5,5
DA:6,5
DA:8,5
DA:11,5
DA:12,3
DA:15,6
DA:16,1
DA:17,1
DA:18,1
DA:19,1
DA:20,1
DA:22,1
DA:23,1
DA:25,1
DA:32,2
DA:33,1
DA:34,1
DA:37,0
DA:38,0
DA:42,2
DA:43,2
DA:48,5
DA:49,2
DA:54,2
DA:55,2
DA:56,2
DA:57,3
DA:58,1
DA:59,1
DA:62,1
DA:63,1
DA:64,1
DA:65,1
LF:35
LH:33
BRDA:19,0,0,1
BRDA:19,0,1,0
BRDA:22,1,0,1
BRDA:22,1,1,0
BRDA:62,2,0,1
BRDA:57,3,0,1
BRDA:57,3,1,1
BRF:7
BRH:5
end_of_record
TN:
SF:src/Controller/TeacherController.ts
FN:10,(anonymous_19)
FN:10,(anonymous_20)
FN:31,(anonymous_22)
FN:31,(anonymous_23)
FNF:4
FNH:4
FNDA:3,(anonymous_19)
FNDA:3,(anonymous_20)
FNDA:4,(anonymous_22)
FNDA:4,(anonymous_23)
DA:2,5
DA:3,5
DA:5,5
DA:7,5
DA:8,5
DA:10,5
DA:11,3
DA:16,3
DA:17,3
DA:18,3
DA:19,5
DA:20,1
DA:21,1
DA:24,2
DA:25,2
DA:26,2
DA:27,2
DA:31,5
DA:32,4
DA:35,8
DA:36,2
DA:37,2
DA:38,1
DA:40,2
DA:47,4
DA:48,2
DA:49,2
DA:52,0
DA:53,0
DA:58,2
DA:59,2
LF:31
LH:29
BRDA:24,0,0,2
BRDA:19,1,0,2
BRDA:19,1,1,1
BRDA:37,2,0,1
BRDA:37,2,1,1
BRF:5
BRH:5
end_of_record
TN:
SF:src/Database/Client.ts
FNF:0
FNH:0
DA:1,8
DA:2,8
DA:3,8
DA:4,8
DA:6,8
DA:14,8
LF:6
LH:6
BRF:0
BRH:0
end_of_record
TN:
SF:src/Database/Helper/validation.ts
FNF:0
FNH:0
DA:1,6
DA:3,6
DA:9,6
DA:15,6
DA:21,6
LF:5
LH:5
BRF:0
BRH:0
end_of_record
TN:
SF:src/Middleware/Validation.ts
FN:3,(anonymous_0)
FNF:1
FNH:1
FNDA:13,(anonymous_0)
DA:3,6
DA:4,13
DA:5,10
DA:6,10
DA:7,10
DA:8,7
DA:9,7
DA:10,7
DA:13,3
DA:18,3
DA:22,6
LF:11
LH:11
BRDA:4,0,0,10
BRDA:4,0,1,3
BRDA:4,1,0,13
BRDA:4,1,1,10
BRDA:7,2,0,7
BRDA:7,2,1,3
BRDA:9,3,0,1
BRDA:9,3,1,6
BRF:8
BRH:8
end_of_record
TN:
SF:src/Middleware/message.ts
FNF:0
FNH:0
DA:1,6
DA:2,6
DA:3,6
DA:4,6
LF:4
LH:4
BRF:0
BRH:0
end_of_record
TN:
SF:src/Router/Router.ts
FNF:0
FNH:0
DA:1,5
DA:2,5
DA:3,5
DA:4,5
DA:6,5
DA:8,5
DA:10,5
DA:11,5
DA:12,5
DA:13,5
DA:14,5
DA:16,5
DA:17,5
DA:19,5
DA:20,5
DA:22,5
DA:24,5
DA:25,5
DA:27,5
LF:19
LH:19
BRF:0
BRH:0
end_of_record
TN:
SF:src/Services/ClassModel.ts
FN:3,(anonymous_13)
FN:3,(anonymous_14)
FNF:2
FNH:2
FNDA:1,(anonymous_13)
FNDA:1,(anonymous_14)
DA:1,5
DA:3,5
DA:5,1
LF:3
LH:3
BRDA:5,0,0,1
BRDA:5,0,1,1
BRF:2
BRH:2
end_of_record
TN:
SF:src/Services/StudentModel.ts
FN:4,(anonymous_13)
FN:4,(anonymous_14)
FN:9,(anonymous_16)
FN:14,(anonymous_19)
FN:18,(anonymous_22)
FN:18,(anonymous_23)
FN:23,(anonymous_25)
FN:23,(anonymous_26)
FN:28,(anonymous_28)
FN:28,(anonymous_29)
FN:32,(anonymous_31)
FN:32,(anonymous_32)
FN:37,(anonymous_34)
FN:37,(anonymous_35)
FNF:14
FNH:14
FNDA:3,(anonymous_13)
FNDA:3,(anonymous_14)
FNDA:4,(anonymous_16)
FNDA:8,(anonymous_19)
FNDA:3,(anonymous_22)
FNDA:3,(anonymous_23)
FNDA:3,(anonymous_25)
FNDA:3,(anonymous_26)
FNDA:3,(anonymous_28)
FNDA:3,(anonymous_29)
FNDA:3,(anonymous_31)
FNDA:3,(anonymous_32)
FNDA:2,(anonymous_34)
FNDA:2,(anonymous_35)
DA:2,6
DA:4,6
DA:6,3
DA:9,8
DA:10,2
DA:14,10
DA:15,4
DA:18,6
DA:20,3
DA:23,6
DA:25,3
DA:28,6
DA:29,3
DA:32,6
DA:34,3
DA:37,6
DA:39,2
LF:17
LH:17
BRDA:6,0,0,3
BRDA:6,0,1,3
BRDA:10,1,0,2
BRDA:10,1,1,2
BRDA:15,2,0,4
BRDA:15,2,1,4
BRDA:20,3,0,3
BRDA:20,3,1,3
BRDA:25,4,0,3
BRDA:25,4,1,3
BRDA:29,5,0,3
BRDA:29,5,1,3
BRDA:34,6,0,3
BRDA:34,6,1,3
BRDA:39,7,0,2
BRDA:39,7,1,2
BRF:16
BRH:16
end_of_record
TN:
SF:src/Services/SubjectModel.ts
FN:3,(anonymous_13)
FN:7,(anonymous_16)
FN:11,(anonymous_19)
FN:11,(anonymous_20)
FNF:4
FNH:4
FNDA:4,(anonymous_13)
FNDA:6,(anonymous_16)
FNDA:2,(anonymous_19)
FNDA:2,(anonymous_20)
DA:1,6
DA:3,8
DA:4,2
DA:7,9
DA:8,3
DA:11,6
DA:13,2
LF:7
LH:7
BRDA:4,0,0,2
BRDA:4,0,1,2
BRDA:8,1,0,3
BRDA:8,1,1,3
BRDA:13,2,0,2
BRDA:13,2,1,2
BRF:6
BRH:6
end_of_record
TN:
SF:src/Services/TeacherModel.ts
FN:3,(anonymous_13)
FN:8,(anonymous_16)
FN:13,(anonymous_19)
FN:13,(anonymous_20)
FNF:4
FNH:4
FNDA:6,(anonymous_13)
FNDA:8,(anonymous_16)
FNDA:3,(anonymous_19)
FNDA:3,(anonymous_20)
DA:1,6
DA:3,9
DA:5,3
DA:8,10
DA:10,4
DA:13,6
DA:15,3
LF:7
LH:7
BRDA:5,0,0,3
BRDA:5,0,1,3
BRDA:10,1,0,4
BRDA:10,1,1,4
BRDA:15,2,0,3
BRDA:15,2,1,3
BRF:6
BRH:6
end_of_record
