TN:
SF:src/app/index.ts
FN:12,(anonymous_14)
FN:12,(anonymous_15)
FNF:2
FNH:2
FNDA:1,(anonymous_14)
FNDA:1,(anonymous_15)
DA:1,5
DA:2,5
DA:5,5
DA:7,5
DA:9,5
DA:10,5
DA:11,5
DA:12,5
DA:13,1
DA:14,1
DA:17,5
LF:11
LH:11
BRF:0
BRH:0
end_of_record
TN:
SF:src/config/config.ts
FNF:0
FNH:0
DA:1,5
DA:2,5
DA:3,5
DA:4,5
DA:6,5
DA:21,5
DA:23,5
DA:24,0
DA:27,5
LF:9
LH:8
BRDA:23,0,0,0
BRDA:23,0,1,5
BRF:2
BRH:1
end_of_record
TN:
SF:src/controller/class.ts
FN:14,getClass
FN:28,studentsOfClass
FN:43,addClass
FNF:3
FNH:3
FNDA:1,getClass
FNDA:1,studentsOfClass
FNDA:2,addClass
DA:2,5
DA:7,5
DA:14,5
DA:16,1
DA:17,1
DA:18,1
DA:23,0
DA:24,0
DA:28,5
DA:29,1
DA:31,1
DA:32,1
DA:33,1
DA:38,0
DA:39,0
DA:43,5
DA:44,2
DA:45,2
DA:46,2
DA:47,1
DA:48,1
DA:49,1
DA:52,1
DA:53,1
DA:54,1
DA:59,0
DA:60,0
LF:27
LH:21
BRDA:23,0,0,0
BRDA:23,0,1,0
BRDA:38,1,0,0
BRDA:38,1,1,0
BRDA:46,2,0,1
BRDA:46,2,1,1
BRDA:59,3,0,0
BRDA:59,3,1,0
BRF:8
BRH:2
end_of_record
TN:
SF:src/controller/marks.ts
FN:17,getMarksOfStudent
FN:32,updateMarks
FN:57,addMarks
FN:78,highestMarksInSubject
FN:92,topper
FNF:5
FNH:5
FNDA:1,getMarksOfStudent
FNDA:2,updateMarks
FNDA:2,addMarks
FNDA:1,highestMarksInSubject
FNDA:1,topper
DA:2,5
DA:9,5
DA:17,5
DA:18,1
DA:20,1
DA:21,1
DA:22,1
DA:27,0
DA:28,0
DA:32,5
DA:33,2
DA:34,2
DA:35,2
DA:36,1
DA:37,1
DA:38,1
DA:41,1
DA:46,1
DA:47,1
DA:52,0
DA:53,0
DA:57,5
DA:58,2
DA:59,2
DA:60,2
DA:61,1
DA:62,1
DA:63,1
DA:66,1
DA:67,1
DA:68,1
DA:73,0
DA:74,0
DA:78,5
DA:79,1
DA:81,1
DA:82,1
DA:83,1
DA:87,0
DA:88,0
DA:92,5
DA:93,1
DA:95,1
DA:96,1
DA:97,1
DA:99,0
DA:100,0
LF:47
LH:37
BRDA:27,0,0,0
BRDA:27,0,1,0
BRDA:35,1,0,1
BRDA:35,1,1,1
BRDA:52,2,0,0
BRDA:52,2,1,0
BRDA:60,3,0,1
BRDA:60,3,1,1
BRDA:73,4,0,0
BRDA:73,4,1,0
BRDA:87,5,0,0
BRDA:87,5,1,0
BRDA:99,6,0,0
BRDA:99,6,1,0
BRF:14
BRH:4
end_of_record
TN:
SF:src/controller/student.ts
FN:24,getStudent
FN:54,addStudent
FNF:2
FNH:2
FNDA:2,getStudent
FNDA:2,addStudent
DA:2,5
DA:13,5
DA:24,5
DA:25,2
DA:26,2
DA:27,2
DA:28,1
DA:29,1
DA:30,1
DA:34,1
DA:35,1
DA:38,1
DA:39,1
DA:41,1
DA:43,1
DA:44,1
DA:49,0
DA:50,0
DA:54,5
DA:55,2
DA:56,2
DA:57,2
DA:58,1
DA:59,1
DA:60,1
DA:64,1
DA:70,1
DA:71,1
DA:76,0
DA:77,0
LF:30
LH:26
BRDA:27,0,0,1
BRDA:27,0,1,1
BRDA:49,1,0,0
BRDA:49,1,1,0
BRDA:57,2,0,1
BRDA:57,2,1,1
BRDA:76,3,0,0
BRDA:76,3,1,0
BRF:8
BRH:4
end_of_record
TN:
SF:src/controller/subject.ts
FN:15,getSubject
FN:29,getStudentOfSubject
FN:41,addSubject
FNF:3
FNH:3
FNDA:1,getSubject
FNDA:1,getStudentOfSubject
FNDA:2,addSubject
DA:2,5
DA:7,5
DA:15,5
DA:17,1
DA:18,1
DA:24,0
DA:25,0
DA:29,5
DA:30,1
DA:32,1
DA:33,1
DA:34,1
DA:36,0
DA:37,0
DA:41,5
DA:42,2
DA:43,2
DA:44,2
DA:45,0
DA:46,0
DA:47,0
DA:50,2
DA:55,0
DA:56,0
DA:61,2
DA:62,2
LF:26
LH:17
BRDA:24,0,0,0
BRDA:24,0,1,0
BRDA:36,1,0,0
BRDA:36,1,1,0
BRDA:44,2,0,0
BRDA:44,2,1,2
BRDA:61,3,0,2
BRDA:61,3,1,0
BRF:8
BRH:2
end_of_record
TN:
SF:src/controller/teacher.ts
FN:16,getTeachers
FN:31,studentOfteacher
FN:43,addTeacher
FNF:3
FNH:3
FNDA:1,getTeachers
FNDA:1,studentOfteacher
FNDA:2,addTeacher
DA:2,5
DA:14,5
DA:16,5
DA:18,1
DA:19,1
DA:20,1
DA:24,1
DA:26,0
DA:27,0
DA:31,5
DA:32,1
DA:34,1
DA:35,1
DA:36,1
DA:38,0
DA:39,0
DA:43,5
DA:44,2
DA:45,2
DA:46,2
DA:47,1
DA:48,1
DA:49,1
DA:52,1
DA:53,1
DA:54,1
DA:59,0
DA:60,0
LF:28
LH:22
BRDA:26,0,0,0
BRDA:26,0,1,0
BRDA:38,1,0,0
BRDA:38,1,1,0
BRDA:46,2,0,1
BRDA:46,2,1,1
BRDA:59,3,0,0
BRDA:59,3,1,0
BRF:8
BRH:2
end_of_record
TN:
SF:src/database/index.ts
FN:16,query
FNF:1
FNH:1
FNDA:18,query
DA:1,5
DA:2,5
DA:6,5
DA:16,5
DA:17,18
DA:18,16
LF:6
LH:6
BRDA:17,0,0,18
BRF:1
BRH:1
end_of_record
TN:
SF:src/helper/validation.ts
FNF:0
FNH:0
DA:1,5
DA:3,5
DA:22,5
DA:31,5
DA:42,5
DA:56,5
DA:72,5
LF:7
LH:7
BRF:0
BRH:0
end_of_record
TN:
SF:src/routes/routes.ts
FNF:0
FNH:0
DA:1,5
DA:2,5
DA:5,5
DA:6,5
DA:7,5
DA:10,5
DA:15,5
DA:16,5
DA:17,5
DA:20,5
DA:21,5
DA:22,5
DA:23,5
DA:26,5
DA:31,5
DA:32,5
DA:33,5
DA:36,5
DA:43,5
DA:44,5
DA:45,5
DA:46,5
DA:47,5
LF:23
LH:23
BRF:0
BRH:0
end_of_record
TN:
SF:src/services/class.ts
FN:3,getClasses
FN:8,studentOfClass
FN:17,addClass
FNF:3
FNH:3
FNDA:1,getClasses
FNDA:1,studentOfClass
FNDA:1,addClass
DA:1,5
DA:3,5
DA:4,1
DA:5,1
DA:8,5
DA:11,1
DA:14,1
DA:17,5
DA:21,1
DA:23,1
LF:10
LH:10
BRDA:4,0,0,1
BRDA:11,1,0,1
BRDA:21,2,0,1
BRF:3
BRH:3
end_of_record
TN:
SF:src/services/marks.ts
FN:3,getMarksOfStudent
FN:16,updateMarks
FN:29,addMarks
FN:41,highestMarksInSubject
FN:51,topper
FNF:5
FNH:5
FNDA:1,getMarksOfStudent
FNDA:1,updateMarks
FNDA:1,addMarks
FNDA:1,highestMarksInSubject
FNDA:1,topper
DA:1,5
DA:3,5
DA:6,1
DA:13,1
DA:16,5
DA:21,1
DA:26,1
DA:29,5
DA:34,1
DA:38,1
DA:41,5
DA:44,1
DA:48,1
DA:51,5
DA:54,1
DA:59,1
LF:16
LH:16
BRDA:6,0,0,1
BRDA:21,1,0,1
BRDA:44,2,0,1
BRDA:54,3,0,1
BRF:4
BRH:4
end_of_record
TN:
SF:src/services/student.ts
FN:3,allStudents
FN:13,addStudent
FN:25,getStudentCount
FNF:3
FNH:3
FNDA:1,allStudents
FNDA:1,addStudent
FNDA:1,getStudentCount
DA:1,5
DA:3,5
DA:7,1
DA:10,1
DA:13,5
DA:19,1
DA:22,1
DA:25,5
DA:26,1
DA:27,1
LF:10
LH:10
BRDA:7,0,0,1
BRDA:19,1,0,1
BRDA:26,2,0,1
BRF:3
BRH:3
end_of_record
TN:
SF:src/services/subject.ts
FN:3,getSubject
FN:8,studentOfSubject
FN:19,addSubject
FNF:3
FNH:3
FNDA:1,getSubject
FNDA:1,studentOfSubject
FNDA:2,addSubject
DA:1,5
DA:3,5
DA:4,1
DA:5,1
DA:8,5
DA:11,1
DA:16,1
DA:19,5
DA:24,2
DA:25,2
DA:27,0
LF:11
LH:10
BRDA:4,0,0,1
BRDA:11,1,0,1
BRDA:25,2,0,2
BRF:3
BRH:3
end_of_record
TN:
SF:src/services/teachers.ts
FN:3,allteacher
FN:8,studentOfteacher
FN:19,addTeacher
FNF:3
FNH:3
FNDA:1,allteacher
FNDA:1,studentOfteacher
FNDA:1,addTeacher
DA:1,5
DA:3,5
DA:4,1
DA:5,1
DA:8,5
DA:11,1
DA:16,1
DA:19,5
DA:24,1
DA:27,1
LF:10
LH:10
BRDA:4,0,0,1
BRDA:11,1,0,1
BRDA:24,2,0,1
BRF:3
BRH:3
end_of_record
