TN:
SF:dist\server.js
FN:2,(anonymous_0)
FN:8,(anonymous_1)
FN:11,stop
FNF:3
FNH:2
FNDA:14,(anonymous_0)
FNDA:7,(anonymous_1)
FNDA:0,stop
DA:2,7
DA:3,14
DA:5,7
DA:6,7
DA:7,7
DA:8,7
DA:9,7
DA:12,0
DA:14,7
LF:9
LH:8
BRDA:2,0,0,7
BRDA:2,0,1,7
BRDA:2,0,2,7
BRDA:3,1,0,14
BRDA:3,1,1,0
BRDA:3,2,0,14
BRDA:3,2,1,14
BRF:7
BRH:6
end_of_record
TN:
SF:dist\app\index.js
FN:2,(anonymous_0)
FN:3,adopt
FN:3,(anonymous_2)
FN:4,(anonymous_3)
FN:5,fulfilled
FN:6,rejected
FN:7,step
FN:11,(anonymous_7)
FN:12,(anonymous_8)
FN:13,(anonymous_9)
FN:14,verb
FN:14,(anonymous_11)
FN:15,step
FN:38,(anonymous_13)
FN:50,(anonymous_14)
FN:50,(anonymous_15)
FN:51,(anonymous_16)
FNF:17
FNH:1
FNDA:0,(anonymous_0)
FNDA:0,adopt
FNDA:0,(anonymous_2)
FNDA:0,(anonymous_3)
FNDA:0,fulfilled
FNDA:0,rejected
FNDA:0,step
FNDA:0,(anonymous_7)
FNDA:0,(anonymous_8)
FNDA:0,(anonymous_9)
FNDA:0,verb
FNDA:0,(anonymous_11)
FNDA:0,step
FNDA:28,(anonymous_13)
FNDA:0,(anonymous_14)
FNDA:0,(anonymous_15)
FNDA:0,(anonymous_16)
DA:2,7
DA:3,0
DA:4,0
DA:5,0
DA:6,0
DA:7,0
DA:8,0
DA:11,7
DA:12,0
DA:13,0
DA:14,0
DA:16,0
DA:17,0
DA:18,0
DA:19,0
DA:20,0
DA:21,0
DA:22,0
DA:23,0
DA:24,0
DA:26,0
DA:27,0
DA:28,0
DA:29,0
DA:30,0
DA:31,0
DA:33,0
DA:34,0
DA:35,0
DA:38,7
DA:39,28
DA:41,7
DA:42,7
DA:43,7
DA:44,7
DA:45,7
DA:46,7
DA:47,7
DA:48,7
DA:49,7
DA:50,7
DA:51,0
DA:52,0
DA:53,0
DA:54,0
DA:55,0
DA:58,7
LF:47
LH:15
BRDA:2,0,0,7
BRDA:2,0,1,7
BRDA:2,0,2,7
BRDA:3,1,0,0
BRDA:3,1,1,0
BRDA:4,2,0,0
BRDA:4,2,1,0
BRDA:7,3,0,0
BRDA:7,3,1,0
BRDA:8,4,0,0
BRDA:8,4,1,0
BRDA:11,5,0,7
BRDA:11,5,1,7
BRDA:11,5,2,7
BRDA:12,6,0,0
BRDA:12,6,1,0
BRDA:13,7,0,0
BRDA:13,7,1,0
BRDA:16,8,0,0
BRDA:16,8,1,0
BRDA:18,9,0,0
BRDA:18,9,1,0
BRDA:18,10,0,0
BRDA:18,10,1,0
BRDA:18,10,2,0
BRDA:18,11,0,0
BRDA:18,11,1,0
BRDA:18,12,0,0
BRDA:18,12,1,0
BRDA:18,13,0,0
BRDA:18,13,1,0
BRDA:18,14,0,0
BRDA:18,14,1,0
BRDA:19,15,0,0
BRDA:19,15,1,0
BRDA:20,16,0,0
BRDA:20,16,1,0
BRDA:20,16,2,0
BRDA:20,16,3,0
BRDA:20,16,4,0
BRDA:20,16,5,0
BRDA:26,17,0,0
BRDA:26,17,1,0
BRDA:26,18,0,0
BRDA:26,18,1,0
BRDA:26,18,2,0
BRDA:26,19,0,0
BRDA:26,19,1,0
BRDA:27,20,0,0
BRDA:27,20,1,0
BRDA:27,21,0,0
BRDA:27,21,1,0
BRDA:27,21,2,0
BRDA:27,21,3,0
BRDA:28,22,0,0
BRDA:28,22,1,0
BRDA:28,23,0,0
BRDA:28,23,1,0
BRDA:29,24,0,0
BRDA:29,24,1,0
BRDA:29,25,0,0
BRDA:29,25,1,0
BRDA:30,26,0,0
BRDA:30,26,1,0
BRDA:35,27,0,0
BRDA:35,27,1,0
BRDA:35,28,0,0
BRDA:35,28,1,0
BRDA:38,29,0,7
BRDA:38,29,1,7
BRDA:38,29,2,7
BRDA:39,30,0,7
BRDA:39,30,1,21
BRDA:39,31,0,28
BRDA:39,31,1,28
BRF:75
BRH:13
end_of_record
TN:
SF:dist\config\config.js
FN:2,(anonymous_0)
FNF:1
FNH:1
FNDA:21,(anonymous_0)
DA:2,7
DA:3,21
DA:5,7
DA:6,7
DA:7,7
DA:8,7
DA:9,7
DA:10,7
DA:18,7
DA:19,7
DA:20,0
DA:22,7
DA:29,7
LF:13
LH:12
BRDA:2,0,0,7
BRDA:2,0,1,7
BRDA:2,0,2,7
BRDA:3,1,0,0
BRDA:3,1,1,21
BRDA:3,2,0,21
BRDA:3,2,1,21
BRDA:19,3,0,0
BRDA:19,3,1,7
BRF:9
BRH:7
end_of_record
TN:
SF:dist\controller\class.js
FN:2,(anonymous_0)
FN:4,(anonymous_1)
FN:5,(anonymous_2)
FN:9,(anonymous_3)
FN:11,(anonymous_4)
FN:14,(anonymous_5)
FN:21,(anonymous_6)
FN:22,adopt
FN:22,(anonymous_8)
FN:23,(anonymous_9)
FN:24,fulfilled
FN:25,rejected
FN:26,step
FN:30,(anonymous_13)
FN:31,(anonymous_14)
FN:32,(anonymous_15)
FN:33,verb
FN:33,(anonymous_17)
FN:34,step
FN:61,getClass
FN:62,(anonymous_20)
FN:64,(anonymous_21)
FN:87,getStudentByClassId
FN:88,(anonymous_23)
FN:90,(anonymous_24)
FN:128,addStudentInClass
FN:129,(anonymous_26)
FN:131,(anonymous_27)
FNF:28
FNH:22
FNDA:0,(anonymous_0)
FNDA:0,(anonymous_1)
FNDA:0,(anonymous_2)
FNDA:0,(anonymous_3)
FNDA:0,(anonymous_4)
FNDA:14,(anonymous_5)
FNDA:3,(anonymous_6)
FNDA:5,adopt
FNDA:1,(anonymous_8)
FNDA:3,(anonymous_9)
FNDA:4,fulfilled
FNDA:1,rejected
FNDA:8,step
FNDA:3,(anonymous_13)
FNDA:6,(anonymous_14)
FNDA:0,(anonymous_15)
FNDA:9,verb
FNDA:8,(anonymous_17)
FNDA:8,step
FNDA:1,getClass
FNDA:1,(anonymous_20)
FNDA:3,(anonymous_21)
FNDA:1,getStudentByClassId
FNDA:1,(anonymous_23)
FNDA:4,(anonymous_24)
FNDA:1,addStudentInClass
FNDA:1,(anonymous_26)
FNDA:5,(anonymous_27)
DA:2,7
DA:3,0
DA:4,0
DA:6,0
DA:7,0
DA:9,7
DA:10,0
DA:12,0
DA:14,7
DA:15,14
DA:16,0
DA:17,0
DA:18,0
DA:19,0
DA:21,7
DA:22,5
DA:23,3
DA:24,4
DA:25,1
DA:26,8
DA:27,3
DA:30,7
DA:31,6
DA:32,3
DA:33,9
DA:35,8
DA:36,23
DA:37,23
DA:38,23
DA:39,23
DA:40,8
DA:41,5
DA:42,0
DA:43,0
DA:45,10
DA:46,7
DA:47,4
DA:48,3
DA:49,3
DA:50,3
DA:52,12
DA:53,23
DA:54,3
DA:57,7
DA:58,7
DA:59,7
DA:60,7
DA:62,1
DA:64,1
DA:65,3
DA:67,1
DA:68,1
DA:70,1
DA:71,1
DA:72,1
DA:73,1
DA:74,1
DA:76,0
DA:77,0
DA:78,0
DA:79,0
DA:80,0
DA:81,1
DA:86,7
DA:88,1
DA:90,1
DA:91,4
DA:93,1
DA:94,1
DA:97,1
DA:99,1
DA:100,1
DA:101,0
DA:102,0
DA:103,0
DA:104,0
DA:106,1
DA:108,1
DA:109,1
DA:111,1
DA:112,1
DA:113,1
DA:114,1
DA:115,1
DA:117,0
DA:118,0
DA:119,0
DA:120,0
DA:121,0
DA:122,1
DA:127,7
DA:129,1
DA:131,1
DA:132,5
DA:134,1
DA:135,1
DA:137,1
DA:138,1
DA:139,0
DA:140,0
DA:141,0
DA:142,0
DA:144,1
DA:146,1
DA:147,1
DA:149,1
DA:150,0
DA:151,0
DA:152,0
DA:153,0
DA:155,1
DA:156,1
DA:157,1
DA:158,1
DA:159,1
DA:160,1
DA:165,7
LF:117
LH:83
BRDA:2,0,0,7
BRDA:2,0,1,7
BRDA:2,0,2,7
BRDA:2,1,0,7
BRDA:2,1,1,0
BRDA:3,2,0,0
BRDA:3,2,1,0
BRDA:6,3,0,0
BRDA:6,3,1,0
BRDA:9,4,0,7
BRDA:9,4,1,7
BRDA:9,4,2,7
BRDA:9,5,0,7
BRDA:9,5,1,0
BRDA:14,6,0,7
BRDA:14,6,1,7
BRDA:14,6,2,7
BRDA:15,7,0,14
BRDA:15,7,1,0
BRDA:15,8,0,14
BRDA:15,8,1,14
BRDA:17,9,0,0
BRDA:17,9,1,0
BRDA:17,10,0,0
BRDA:17,10,1,0
BRDA:17,11,0,0
BRDA:17,11,1,0
BRDA:21,12,0,7
BRDA:21,12,1,7
BRDA:21,12,2,7
BRDA:22,13,0,4
BRDA:22,13,1,1
BRDA:23,14,0,3
BRDA:23,14,1,3
BRDA:26,15,0,3
BRDA:26,15,1,5
BRDA:27,16,0,3
BRDA:27,16,1,3
BRDA:30,17,0,7
BRDA:30,17,1,7
BRDA:30,17,2,7
BRDA:31,18,0,1
BRDA:31,18,1,5
BRDA:32,19,0,3
BRDA:32,19,1,3
BRDA:35,20,0,0
BRDA:35,20,1,8
BRDA:37,21,0,0
BRDA:37,21,1,23
BRDA:37,22,0,23
BRDA:37,22,1,0
BRDA:37,22,2,0
BRDA:37,23,0,0
BRDA:37,23,1,0
BRDA:37,24,0,0
BRDA:37,24,1,0
BRDA:37,25,0,0
BRDA:37,25,1,0
BRDA:37,26,0,0
BRDA:37,26,1,0
BRDA:38,27,0,0
BRDA:38,27,1,23
BRDA:39,28,0,7
BRDA:39,28,1,8
BRDA:39,28,2,5
BRDA:39,28,3,0
BRDA:39,28,4,0
BRDA:39,28,5,10
BRDA:45,29,0,3
BRDA:45,29,1,7
BRDA:45,30,0,10
BRDA:45,30,1,6
BRDA:45,30,2,6
BRDA:45,31,0,10
BRDA:45,31,1,4
BRDA:46,32,0,3
BRDA:46,32,1,4
BRDA:46,33,0,7
BRDA:46,33,1,6
BRDA:46,33,2,3
BRDA:46,33,3,3
BRDA:47,34,0,1
BRDA:47,34,1,3
BRDA:47,35,0,4
BRDA:47,35,1,1
BRDA:48,36,0,0
BRDA:48,36,1,3
BRDA:48,37,0,3
BRDA:48,37,1,3
BRDA:49,38,0,0
BRDA:49,38,1,3
BRDA:54,39,0,0
BRDA:54,39,1,3
BRDA:54,40,0,3
BRDA:54,40,1,0
BRDA:65,41,0,1
BRDA:65,41,1,1
BRDA:65,41,2,0
BRDA:65,41,3,1
BRDA:91,42,0,1
BRDA:91,42,1,1
BRDA:91,42,2,1
BRDA:91,42,3,1
BRDA:91,42,4,0
BRDA:91,42,5,1
BRDA:100,43,0,0
BRDA:100,43,1,1
BRDA:132,44,0,1
BRDA:132,44,1,1
BRDA:132,44,2,1
BRDA:132,44,3,1
BRDA:132,44,4,1
BRDA:132,44,5,1
BRDA:138,45,0,0
BRDA:138,45,1,1
BRF:115
BRH:79
end_of_record
TN:
SF:dist\controller\general.js
FN:2,(anonymous_0)
FN:4,(anonymous_1)
FN:5,(anonymous_2)
FN:9,(anonymous_3)
FN:11,(anonymous_4)
FN:14,(anonymous_5)
FN:21,(anonymous_6)
FN:22,adopt
FN:22,(anonymous_8)
FN:23,(anonymous_9)
FN:24,fulfilled
FN:25,rejected
FN:26,step
FN:30,(anonymous_13)
FN:31,(anonymous_14)
FN:32,(anonymous_15)
FN:33,verb
FN:33,(anonymous_17)
FN:34,step
FN:61,gettopperByclassIdAndSubjectId
FN:62,(anonymous_20)
FN:64,(anonymous_21)
FN:99,gettopstudent
FN:100,(anonymous_23)
FN:102,(anonymous_24)
FNF:25
FNH:17
FNDA:0,(anonymous_0)
FNDA:0,(anonymous_1)
FNDA:0,(anonymous_2)
FNDA:0,(anonymous_3)
FNDA:0,(anonymous_4)
FNDA:14,(anonymous_5)
FNDA:2,(anonymous_6)
FNDA:2,adopt
FNDA:0,(anonymous_8)
FNDA:2,(anonymous_9)
FNDA:2,fulfilled
FNDA:0,rejected
FNDA:4,step
FNDA:2,(anonymous_13)
FNDA:2,(anonymous_14)
FNDA:0,(anonymous_15)
FNDA:6,verb
FNDA:4,(anonymous_17)
FNDA:4,step
FNDA:1,gettopperByclassIdAndSubjectId
FNDA:1,(anonymous_20)
FNDA:3,(anonymous_21)
FNDA:1,gettopstudent
FNDA:1,(anonymous_23)
FNDA:3,(anonymous_24)
DA:2,7
DA:3,0
DA:4,0
DA:6,0
DA:7,0
DA:9,7
DA:10,0
DA:12,0
DA:14,7
DA:15,14
DA:16,0
DA:17,0
DA:18,0
DA:19,0
DA:21,7
DA:22,2
DA:23,2
DA:24,2
DA:25,0
DA:26,4
DA:27,2
DA:30,7
DA:31,2
DA:32,2
DA:33,6
DA:35,4
DA:36,12
DA:37,12
DA:38,12
DA:39,12
DA:40,4
DA:41,2
DA:42,0
DA:43,0
DA:45,6
DA:46,4
DA:47,2
DA:48,2
DA:49,2
DA:50,2
DA:52,6
DA:53,12
DA:54,2
DA:57,7
DA:58,7
DA:59,7
DA:60,7
DA:62,1
DA:64,1
DA:65,3
DA:67,1
DA:68,1
DA:69,1
DA:70,1
DA:71,1
DA:72,0
DA:73,0
DA:74,0
DA:75,0
DA:77,1
DA:79,1
DA:80,1
DA:82,1
DA:83,1
DA:84,1
DA:85,1
DA:86,1
DA:88,0
DA:89,0
DA:90,0
DA:91,0
DA:92,0
DA:93,1
DA:98,7
DA:100,1
DA:102,1
DA:103,3
DA:105,1
DA:106,1
DA:107,1
DA:108,1
DA:109,1
DA:110,0
DA:111,0
DA:112,0
DA:113,0
DA:115,1
DA:117,1
DA:118,1
DA:120,1
DA:121,1
DA:122,1
DA:123,1
DA:124,1
DA:126,0
DA:127,0
DA:128,0
DA:129,0
DA:130,0
DA:131,1
DA:136,7
LF:101
LH:70
BRDA:2,0,0,7
BRDA:2,0,1,7
BRDA:2,0,2,7
BRDA:2,1,0,7
BRDA:2,1,1,0
BRDA:3,2,0,0
BRDA:3,2,1,0
BRDA:6,3,0,0
BRDA:6,3,1,0
BRDA:9,4,0,7
BRDA:9,4,1,7
BRDA:9,4,2,7
BRDA:9,5,0,7
BRDA:9,5,1,0
BRDA:14,6,0,7
BRDA:14,6,1,7
BRDA:14,6,2,7
BRDA:15,7,0,14
BRDA:15,7,1,0
BRDA:15,8,0,14
BRDA:15,8,1,14
BRDA:17,9,0,0
BRDA:17,9,1,0
BRDA:17,10,0,0
BRDA:17,10,1,0
BRDA:17,11,0,0
BRDA:17,11,1,0
BRDA:21,12,0,7
BRDA:21,12,1,7
BRDA:21,12,2,7
BRDA:22,13,0,2
BRDA:22,13,1,0
BRDA:23,14,0,2
BRDA:23,14,1,2
BRDA:26,15,0,2
BRDA:26,15,1,2
BRDA:27,16,0,2
BRDA:27,16,1,2
BRDA:30,17,0,7
BRDA:30,17,1,7
BRDA:30,17,2,7
BRDA:31,18,0,0
BRDA:31,18,1,2
BRDA:32,19,0,2
BRDA:32,19,1,2
BRDA:35,20,0,0
BRDA:35,20,1,4
BRDA:37,21,0,0
BRDA:37,21,1,12
BRDA:37,22,0,12
BRDA:37,22,1,0
BRDA:37,22,2,0
BRDA:37,23,0,0
BRDA:37,23,1,0
BRDA:37,24,0,0
BRDA:37,24,1,0
BRDA:37,25,0,0
BRDA:37,25,1,0
BRDA:37,26,0,0
BRDA:37,26,1,0
BRDA:38,27,0,0
BRDA:38,27,1,12
BRDA:39,28,0,4
BRDA:39,28,1,4
BRDA:39,28,2,2
BRDA:39,28,3,0
BRDA:39,28,4,0
BRDA:39,28,5,6
BRDA:45,29,0,2
BRDA:45,29,1,4
BRDA:45,30,0,6
BRDA:45,30,1,4
BRDA:45,30,2,4
BRDA:45,31,0,6
BRDA:45,31,1,2
BRDA:46,32,0,2
BRDA:46,32,1,2
BRDA:46,33,0,4
BRDA:46,33,1,4
BRDA:46,33,2,2
BRDA:46,33,3,2
BRDA:47,34,0,0
BRDA:47,34,1,2
BRDA:47,35,0,2
BRDA:47,35,1,0
BRDA:48,36,0,0
BRDA:48,36,1,2
BRDA:48,37,0,2
BRDA:48,37,1,2
BRDA:49,38,0,0
BRDA:49,38,1,2
BRDA:54,39,0,0
BRDA:54,39,1,2
BRDA:54,40,0,2
BRDA:54,40,1,0
BRDA:65,41,0,1
BRDA:65,41,1,1
BRDA:65,41,2,1
BRDA:65,41,3,0
BRDA:65,41,4,1
BRDA:71,42,0,0
BRDA:71,42,1,1
BRDA:103,43,0,1
BRDA:103,43,1,1
BRDA:103,43,2,1
BRDA:103,43,3,0
BRDA:103,43,4,1
BRDA:109,44,0,0
BRDA:109,44,1,1
BRF:109
BRH:69
end_of_record
TN:
SF:dist\controller\result.js
FN:2,(anonymous_0)
FN:4,(anonymous_1)
FN:5,(anonymous_2)
FN:9,(anonymous_3)
FN:11,(anonymous_4)
FN:14,(anonymous_5)
FN:21,(anonymous_6)
FN:22,adopt
FN:22,(anonymous_8)
FN:23,(anonymous_9)
FN:24,fulfilled
FN:25,rejected
FN:26,step
FN:30,(anonymous_13)
FN:31,(anonymous_14)
FN:32,(anonymous_15)
FN:33,verb
FN:33,(anonymous_17)
FN:34,step
FN:61,addResult
FN:62,(anonymous_20)
FN:64,(anonymous_21)
FN:97,updateResult
FN:98,(anonymous_23)
FN:100,(anonymous_24)
FNF:25
FNH:18
FNDA:0,(anonymous_0)
FNDA:0,(anonymous_1)
FNDA:0,(anonymous_2)
FNDA:0,(anonymous_3)
FNDA:0,(anonymous_4)
FNDA:14,(anonymous_5)
FNDA:5,(anonymous_6)
FNDA:6,adopt
FNDA:0,(anonymous_8)
FNDA:5,(anonymous_9)
FNDA:5,fulfilled
FNDA:1,rejected
FNDA:11,step
FNDA:5,(anonymous_13)
FNDA:7,(anonymous_14)
FNDA:0,(anonymous_15)
FNDA:15,verb
FNDA:11,(anonymous_17)
FNDA:11,step
FNDA:1,addResult
FNDA:1,(anonymous_20)
FNDA:4,(anonymous_21)
FNDA:4,updateResult
FNDA:4,(anonymous_23)
FNDA:10,(anonymous_24)
DA:2,7
DA:3,0
DA:4,0
DA:6,0
DA:7,0
DA:9,7
DA:10,0
DA:12,0
DA:14,7
DA:15,14
DA:16,0
DA:17,0
DA:18,0
DA:19,0
DA:21,7
DA:22,6
DA:23,5
DA:24,5
DA:25,1
DA:26,11
DA:27,5
DA:30,7
DA:31,7
DA:32,5
DA:33,15
DA:35,11
DA:36,28
DA:37,28
DA:38,28
DA:39,28
DA:40,11
DA:41,6
DA:42,0
DA:43,0
DA:45,11
DA:46,6
DA:47,4
DA:48,3
DA:49,3
DA:50,3
DA:52,14
DA:53,28
DA:54,5
DA:57,7
DA:58,7
DA:59,7
DA:60,7
DA:62,1
DA:64,1
DA:65,4
DA:67,1
DA:68,1
DA:69,1
DA:70,0
DA:71,0
DA:72,0
DA:73,0
DA:75,1
DA:77,1
DA:78,1
DA:80,1
DA:81,0
DA:82,0
DA:83,0
DA:84,0
DA:86,1
DA:87,1
DA:88,1
DA:89,1
DA:90,1
DA:91,1
DA:96,7
DA:98,4
DA:100,4
DA:101,10
DA:103,4
DA:104,4
DA:105,4
DA:106,4
DA:107,4
DA:108,2
DA:109,2
DA:110,2
DA:111,2
DA:113,2
DA:115,2
DA:116,2
DA:118,2
DA:119,2
DA:121,2
DA:122,2
DA:123,2
DA:124,1
DA:125,1
DA:128,2
DA:129,1
DA:130,1
DA:131,1
DA:132,1
DA:134,1
DA:136,1
DA:137,1
DA:138,1
DA:139,1
DA:140,1
DA:142,0
DA:143,0
DA:144,0
DA:145,0
DA:146,0
DA:147,1
DA:152,7
LF:112
LH:87
BRDA:2,0,0,7
BRDA:2,0,1,7
BRDA:2,0,2,7
BRDA:2,1,0,7
BRDA:2,1,1,0
BRDA:3,2,0,0
BRDA:3,2,1,0
BRDA:6,3,0,0
BRDA:6,3,1,0
BRDA:9,4,0,7
BRDA:9,4,1,7
BRDA:9,4,2,7
BRDA:9,5,0,7
BRDA:9,5,1,0
BRDA:14,6,0,7
BRDA:14,6,1,7
BRDA:14,6,2,7
BRDA:15,7,0,14
BRDA:15,7,1,0
BRDA:15,8,0,14
BRDA:15,8,1,14
BRDA:17,9,0,0
BRDA:17,9,1,0
BRDA:17,10,0,0
BRDA:17,10,1,0
BRDA:17,11,0,0
BRDA:17,11,1,0
BRDA:21,12,0,7
BRDA:21,12,1,7
BRDA:21,12,2,7
BRDA:22,13,0,6
BRDA:22,13,1,0
BRDA:23,14,0,5
BRDA:23,14,1,5
BRDA:26,15,0,5
BRDA:26,15,1,6
BRDA:27,16,0,5
BRDA:27,16,1,5
BRDA:30,17,0,7
BRDA:30,17,1,7
BRDA:30,17,2,7
BRDA:31,18,0,1
BRDA:31,18,1,6
BRDA:32,19,0,5
BRDA:32,19,1,5
BRDA:35,20,0,0
BRDA:35,20,1,11
BRDA:37,21,0,0
BRDA:37,21,1,28
BRDA:37,22,0,28
BRDA:37,22,1,0
BRDA:37,22,2,0
BRDA:37,23,0,0
BRDA:37,23,1,0
BRDA:37,24,0,0
BRDA:37,24,1,0
BRDA:37,25,0,0
BRDA:37,25,1,0
BRDA:37,26,0,0
BRDA:37,26,1,0
BRDA:38,27,0,0
BRDA:38,27,1,28
BRDA:39,28,0,10
BRDA:39,28,1,11
BRDA:39,28,2,6
BRDA:39,28,3,0
BRDA:39,28,4,0
BRDA:39,28,5,11
BRDA:45,29,0,5
BRDA:45,29,1,6
BRDA:45,30,0,11
BRDA:45,30,1,7
BRDA:45,30,2,7
BRDA:45,31,0,11
BRDA:45,31,1,4
BRDA:46,32,0,2
BRDA:46,32,1,4
BRDA:46,33,0,6
BRDA:46,33,1,4
BRDA:46,33,2,2
BRDA:46,33,3,2
BRDA:47,34,0,1
BRDA:47,34,1,3
BRDA:47,35,0,4
BRDA:47,35,1,1
BRDA:48,36,0,0
BRDA:48,36,1,3
BRDA:48,37,0,3
BRDA:48,37,1,3
BRDA:49,38,0,0
BRDA:49,38,1,3
BRDA:54,39,0,0
BRDA:54,39,1,5
BRDA:54,40,0,5
BRDA:54,40,1,0
BRDA:65,41,0,1
BRDA:65,41,1,1
BRDA:65,41,2,1
BRDA:65,41,3,1
BRDA:65,41,4,1
BRDA:69,42,0,0
BRDA:69,42,1,1
BRDA:101,43,0,4
BRDA:101,43,1,2
BRDA:101,43,2,2
BRDA:101,43,3,2
BRDA:101,43,4,1
BRDA:101,43,5,0
BRDA:101,43,6,1
BRDA:107,44,0,2
BRDA:107,44,1,2
BRDA:123,45,0,1
BRDA:123,45,1,1
BRDA:128,46,0,1
BRDA:128,46,1,1
BRF:115
BRH:80
end_of_record
TN:
SF:dist\controller\schedule.js
FN:2,(anonymous_0)
FN:3,adopt
FN:3,(anonymous_2)
FN:4,(anonymous_3)
FN:5,fulfilled
FN:6,rejected
FN:7,step
FN:11,(anonymous_7)
FN:12,(anonymous_8)
FN:13,(anonymous_9)
FN:14,verb
FN:14,(anonymous_11)
FN:15,step
FN:38,(anonymous_13)
FN:44,addClassSchedule
FN:45,(anonymous_15)
FN:47,(anonymous_16)
FNF:17
FNH:14
FNDA:3,(anonymous_0)
FNDA:1,adopt
FNDA:0,(anonymous_2)
FNDA:3,(anonymous_3)
FNDA:0,fulfilled
FNDA:1,rejected
FNDA:4,step
FNDA:3,(anonymous_7)
FNDA:2,(anonymous_8)
FNDA:0,(anonymous_9)
FNDA:9,verb
FNDA:4,(anonymous_11)
FNDA:4,step
FNDA:14,(anonymous_13)
FNDA:3,addClassSchedule
FNDA:3,(anonymous_15)
FNDA:6,(anonymous_16)
DA:2,7
DA:3,1
DA:4,3
DA:5,0
DA:6,1
DA:7,4
DA:8,3
DA:11,7
DA:12,3
DA:13,3
DA:14,9
DA:16,4
DA:17,11
DA:18,11
DA:19,11
DA:20,11
DA:21,4
DA:22,1
DA:23,0
DA:24,0
DA:26,6
DA:27,3
DA:28,2
DA:29,1
DA:30,1
DA:31,1
DA:33,6
DA:34,11
DA:35,3
DA:38,7
DA:39,14
DA:41,7
DA:42,7
DA:43,7
DA:45,3
DA:47,3
DA:48,6
DA:50,3
DA:51,3
DA:52,3
DA:53,2
DA:54,2
DA:55,2
DA:56,2
DA:58,1
DA:60,1
DA:61,1
DA:63,1
DA:64,0
DA:65,0
DA:66,0
DA:67,0
DA:69,1
DA:70,1
DA:71,1
DA:72,1
DA:73,1
DA:74,1
DA:79,7
LF:59
LH:52
BRDA:2,0,0,7
BRDA:2,0,1,7
BRDA:2,0,2,7
BRDA:3,1,0,1
BRDA:3,1,1,0
BRDA:4,2,0,3
BRDA:4,2,1,3
BRDA:7,3,0,3
BRDA:7,3,1,1
BRDA:8,4,0,3
BRDA:8,4,1,3
BRDA:11,5,0,7
BRDA:11,5,1,7
BRDA:11,5,2,7
BRDA:12,6,0,1
BRDA:12,6,1,1
BRDA:13,7,0,3
BRDA:13,7,1,3
BRDA:16,8,0,0
BRDA:16,8,1,4
BRDA:18,9,0,0
BRDA:18,9,1,11
BRDA:18,10,0,11
BRDA:18,10,1,0
BRDA:18,10,2,0
BRDA:18,11,0,0
BRDA:18,11,1,0
BRDA:18,12,0,0
BRDA:18,12,1,0
BRDA:18,13,0,0
BRDA:18,13,1,0
BRDA:18,14,0,0
BRDA:18,14,1,0
BRDA:19,15,0,0
BRDA:19,15,1,11
BRDA:20,16,0,3
BRDA:20,16,1,4
BRDA:20,16,2,1
BRDA:20,16,3,0
BRDA:20,16,4,0
BRDA:20,16,5,6
BRDA:26,17,0,3
BRDA:26,17,1,3
BRDA:26,18,0,6
BRDA:26,18,1,4
BRDA:26,18,2,4
BRDA:26,19,0,6
BRDA:26,19,1,2
BRDA:27,20,0,1
BRDA:27,20,1,2
BRDA:27,21,0,3
BRDA:27,21,1,2
BRDA:27,21,2,1
BRDA:27,21,3,1
BRDA:28,22,0,1
BRDA:28,22,1,1
BRDA:28,23,0,2
BRDA:28,23,1,1
BRDA:29,24,0,0
BRDA:29,24,1,1
BRDA:29,25,0,1
BRDA:29,25,1,1
BRDA:30,26,0,0
BRDA:30,26,1,1
BRDA:35,27,0,0
BRDA:35,27,1,3
BRDA:35,28,0,3
BRDA:35,28,1,0
BRDA:38,29,0,7
BRDA:38,29,1,7
BRDA:38,29,2,7
BRDA:39,30,0,14
BRDA:39,30,1,0
BRDA:39,31,0,14
BRDA:39,31,1,14
BRDA:48,32,0,3
BRDA:48,32,1,1
BRDA:48,32,2,1
BRDA:48,32,3,1
BRDA:48,32,4,1
BRDA:52,33,0,2
BRDA:52,33,1,1
BRF:82
BRH:61
end_of_record
TN:
SF:dist\controller\student.js
FN:2,(anonymous_0)
FN:4,(anonymous_1)
FN:5,(anonymous_2)
FN:9,(anonymous_3)
FN:11,(anonymous_4)
FN:14,(anonymous_5)
FN:21,(anonymous_6)
FN:22,adopt
FN:22,(anonymous_8)
FN:23,(anonymous_9)
FN:24,fulfilled
FN:25,rejected
FN:26,step
FN:30,(anonymous_13)
FN:31,(anonymous_14)
FN:32,(anonymous_15)
FN:33,verb
FN:33,(anonymous_17)
FN:34,step
FN:57,(anonymous_19)
FN:64,getStudent
FN:65,(anonymous_21)
FN:67,(anonymous_22)
FN:112,addStudent
FN:113,(anonymous_24)
FN:115,(anonymous_25)
FNF:26
FNH:19
FNDA:0,(anonymous_0)
FNDA:0,(anonymous_1)
FNDA:0,(anonymous_2)
FNDA:0,(anonymous_3)
FNDA:0,(anonymous_4)
FNDA:7,(anonymous_5)
FNDA:3,(anonymous_6)
FNDA:3,adopt
FNDA:0,(anonymous_8)
FNDA:3,(anonymous_9)
FNDA:2,fulfilled
FNDA:1,rejected
FNDA:6,step
FNDA:3,(anonymous_13)
FNDA:4,(anonymous_14)
FNDA:0,(anonymous_15)
FNDA:9,verb
FNDA:6,(anonymous_17)
FNDA:6,step
FNDA:7,(anonymous_19)
FNDA:1,getStudent
FNDA:1,(anonymous_21)
FNDA:4,(anonymous_22)
FNDA:2,addStudent
FNDA:2,(anonymous_24)
FNDA:5,(anonymous_25)
DA:2,7
DA:3,0
DA:4,0
DA:6,0
DA:7,0
DA:9,7
DA:10,0
DA:12,0
DA:14,7
DA:15,7
DA:16,0
DA:17,0
DA:18,0
DA:19,0
DA:21,7
DA:22,3
DA:23,3
DA:24,2
DA:25,1
DA:26,6
DA:27,3
DA:30,7
DA:31,4
DA:32,3
DA:33,9
DA:35,6
DA:36,17
DA:37,17
DA:38,17
DA:39,17
DA:40,6
DA:41,3
DA:42,0
DA:43,0
DA:45,8
DA:46,5
DA:47,3
DA:48,2
DA:49,2
DA:50,2
DA:52,9
DA:53,17
DA:54,3
DA:57,7
DA:58,7
DA:60,7
DA:61,7
DA:62,7
DA:63,7
DA:65,1
DA:67,1
DA:68,4
DA:70,1
DA:71,1
DA:73,1
DA:74,1
DA:76,1
DA:77,1
DA:78,1
DA:79,1
DA:80,1
DA:81,0
DA:82,0
DA:83,0
DA:84,0
DA:86,1
DA:87,0
DA:88,0
DA:89,0
DA:90,0
DA:92,1
DA:93,1
DA:94,1
DA:95,1
DA:96,1
DA:97,1
DA:98,1
DA:99,1
DA:101,0
DA:102,0
DA:103,0
DA:104,0
DA:105,0
DA:106,1
DA:111,7
DA:113,2
DA:115,2
DA:116,5
DA:118,2
DA:119,2
DA:120,2
DA:121,1
DA:122,1
DA:123,1
DA:124,1
DA:126,1
DA:128,1
DA:129,1
DA:131,1
DA:132,0
DA:133,0
DA:134,0
DA:135,0
DA:137,1
DA:138,1
DA:139,1
DA:140,1
DA:141,1
DA:142,1
DA:147,7
LF:110
LH:81
BRDA:2,0,0,7
BRDA:2,0,1,7
BRDA:2,0,2,7
BRDA:2,1,0,7
BRDA:2,1,1,0
BRDA:3,2,0,0
BRDA:3,2,1,0
BRDA:6,3,0,0
BRDA:6,3,1,0
BRDA:9,4,0,7
BRDA:9,4,1,7
BRDA:9,4,2,7
BRDA:9,5,0,7
BRDA:9,5,1,0
BRDA:14,6,0,7
BRDA:14,6,1,7
BRDA:14,6,2,7
BRDA:15,7,0,7
BRDA:15,7,1,0
BRDA:15,8,0,7
BRDA:15,8,1,7
BRDA:17,9,0,0
BRDA:17,9,1,0
BRDA:17,10,0,0
BRDA:17,10,1,0
BRDA:17,11,0,0
BRDA:17,11,1,0
BRDA:21,12,0,7
BRDA:21,12,1,7
BRDA:21,12,2,7
BRDA:22,13,0,3
BRDA:22,13,1,0
BRDA:23,14,0,3
BRDA:23,14,1,3
BRDA:26,15,0,3
BRDA:26,15,1,3
BRDA:27,16,0,3
BRDA:27,16,1,3
BRDA:30,17,0,7
BRDA:30,17,1,7
BRDA:30,17,2,7
BRDA:31,18,0,1
BRDA:31,18,1,3
BRDA:32,19,0,3
BRDA:32,19,1,3
BRDA:35,20,0,0
BRDA:35,20,1,6
BRDA:37,21,0,0
BRDA:37,21,1,17
BRDA:37,22,0,17
BRDA:37,22,1,0
BRDA:37,22,2,0
BRDA:37,23,0,0
BRDA:37,23,1,0
BRDA:37,24,0,0
BRDA:37,24,1,0
BRDA:37,25,0,0
BRDA:37,25,1,0
BRDA:37,26,0,0
BRDA:37,26,1,0
BRDA:38,27,0,0
BRDA:38,27,1,17
BRDA:39,28,0,5
BRDA:39,28,1,6
BRDA:39,28,2,3
BRDA:39,28,3,0
BRDA:39,28,4,0
BRDA:39,28,5,8
BRDA:45,29,0,3
BRDA:45,29,1,5
BRDA:45,30,0,8
BRDA:45,30,1,5
BRDA:45,30,2,5
BRDA:45,31,0,8
BRDA:45,31,1,3
BRDA:46,32,0,2
BRDA:46,32,1,3
BRDA:46,33,0,5
BRDA:46,33,1,4
BRDA:46,33,2,2
BRDA:46,33,3,2
BRDA:47,34,0,1
BRDA:47,34,1,2
BRDA:47,35,0,3
BRDA:47,35,1,1
BRDA:48,36,0,0
BRDA:48,36,1,2
BRDA:48,37,0,2
BRDA:48,37,1,2
BRDA:49,38,0,0
BRDA:49,38,1,2
BRDA:54,39,0,0
BRDA:54,39,1,3
BRDA:54,40,0,3
BRDA:54,40,1,0
BRDA:57,41,0,7
BRDA:57,41,1,7
BRDA:57,41,2,7
BRDA:58,42,0,7
BRDA:58,42,1,0
BRDA:58,43,0,7
BRDA:58,43,1,7
BRDA:68,44,0,1
BRDA:68,44,1,1
BRDA:68,44,2,1
BRDA:68,44,3,0
BRDA:68,44,4,1
BRDA:80,45,0,0
BRDA:80,45,1,1
BRDA:80,46,0,1
BRDA:80,46,1,1
BRDA:86,47,0,0
BRDA:86,47,1,1
BRDA:86,48,0,1
BRDA:86,48,1,1
BRDA:86,48,2,1
BRDA:116,49,0,2
BRDA:116,49,1,1
BRDA:116,49,2,1
BRDA:116,49,3,1
BRDA:116,49,4,1
BRDA:120,50,0,1
BRDA:120,50,1,1
BRF:123
BRH:86
end_of_record
TN:
SF:dist\controller\subject.js
FN:2,(anonymous_0)
FN:4,(anonymous_1)
FN:5,(anonymous_2)
FN:9,(anonymous_3)
FN:11,(anonymous_4)
FN:14,(anonymous_5)
FN:21,(anonymous_6)
FN:22,adopt
FN:22,(anonymous_8)
FN:23,(anonymous_9)
FN:24,fulfilled
FN:25,rejected
FN:26,step
FN:30,(anonymous_13)
FN:31,(anonymous_14)
FN:32,(anonymous_15)
FN:33,verb
FN:33,(anonymous_17)
FN:34,step
FN:61,getSubject
FN:62,(anonymous_20)
FN:64,(anonymous_21)
FN:87,getStudentBySubjectId
FN:88,(anonymous_23)
FN:90,(anonymous_24)
FN:124,getSubjectMarksByStudentId
FN:125,(anonymous_26)
FN:127,(anonymous_27)
FN:161,addSubject
FN:162,(anonymous_29)
FN:164,(anonymous_30)
FNF:31
FNH:24
FNDA:0,(anonymous_0)
FNDA:0,(anonymous_1)
FNDA:0,(anonymous_2)
FNDA:0,(anonymous_3)
FNDA:0,(anonymous_4)
FNDA:14,(anonymous_5)
FNDA:5,(anonymous_6)
FNDA:4,adopt
FNDA:0,(anonymous_8)
FNDA:5,(anonymous_9)
FNDA:3,fulfilled
FNDA:1,rejected
FNDA:9,step
FNDA:5,(anonymous_13)
FNDA:5,(anonymous_14)
FNDA:0,(anonymous_15)
FNDA:15,verb
FNDA:9,(anonymous_17)
FNDA:9,step
FNDA:1,getSubject
FNDA:1,(anonymous_20)
FNDA:3,(anonymous_21)
FNDA:1,getStudentBySubjectId
FNDA:1,(anonymous_23)
FNDA:3,(anonymous_24)
FNDA:1,getSubjectMarksByStudentId
FNDA:1,(anonymous_26)
FNDA:3,(anonymous_27)
FNDA:2,addSubject
FNDA:2,(anonymous_29)
FNDA:5,(anonymous_30)
DA:2,7
DA:3,0
DA:4,0
DA:6,0
DA:7,0
DA:9,7
DA:10,0
DA:12,0
DA:14,7
DA:15,14
DA:16,0
DA:17,0
DA:18,0
DA:19,0
DA:21,7
DA:22,4
DA:23,5
DA:24,3
DA:25,1
DA:26,9
DA:27,5
DA:30,7
DA:31,5
DA:32,5
DA:33,15
DA:35,9
DA:36,27
DA:37,27
DA:38,27
DA:39,27
DA:40,9
DA:41,4
DA:42,0
DA:43,0
DA:45,14
DA:46,9
DA:47,5
DA:48,4
DA:49,4
DA:50,4
DA:52,14
DA:53,27
DA:54,5
DA:57,7
DA:58,7
DA:59,7
DA:60,7
DA:62,1
DA:64,1
DA:65,3
DA:67,1
DA:68,1
DA:70,1
DA:71,1
DA:72,1
DA:73,1
DA:74,1
DA:76,0
DA:77,0
DA:78,0
DA:79,0
DA:80,0
DA:81,1
DA:86,7
DA:88,1
DA:90,1
DA:91,3
DA:93,1
DA:94,1
DA:95,1
DA:96,1
DA:97,0
DA:98,0
DA:99,0
DA:100,0
DA:102,1
DA:104,1
DA:105,1
DA:107,1
DA:108,1
DA:109,1
DA:110,1
DA:111,1
DA:113,0
DA:114,0
DA:115,0
DA:116,0
DA:117,0
DA:118,1
DA:123,7
DA:125,1
DA:127,1
DA:128,3
DA:130,1
DA:131,1
DA:132,1
DA:133,1
DA:134,0
DA:135,0
DA:136,0
DA:137,0
DA:139,1
DA:141,1
DA:142,1
DA:144,1
DA:145,1
DA:146,1
DA:147,1
DA:148,1
DA:150,0
DA:151,0
DA:152,0
DA:153,0
DA:154,0
DA:155,1
DA:160,7
DA:162,2
DA:164,2
DA:165,5
DA:167,2
DA:168,2
DA:169,2
DA:170,1
DA:171,1
DA:172,1
DA:173,1
DA:175,1
DA:177,1
DA:178,1
DA:180,1
DA:181,0
DA:182,0
DA:183,0
DA:184,0
DA:186,1
DA:187,1
DA:188,1
DA:189,1
DA:190,1
DA:191,1
DA:196,7
LF:141
LH:102
BRDA:2,0,0,7
BRDA:2,0,1,7
BRDA:2,0,2,7
BRDA:2,1,0,7
BRDA:2,1,1,0
BRDA:3,2,0,0
BRDA:3,2,1,0
BRDA:6,3,0,0
BRDA:6,3,1,0
BRDA:9,4,0,7
BRDA:9,4,1,7
BRDA:9,4,2,7
BRDA:9,5,0,7
BRDA:9,5,1,0
BRDA:14,6,0,7
BRDA:14,6,1,7
BRDA:14,6,2,7
BRDA:15,7,0,14
BRDA:15,7,1,0
BRDA:15,8,0,14
BRDA:15,8,1,14
BRDA:17,9,0,0
BRDA:17,9,1,0
BRDA:17,10,0,0
BRDA:17,10,1,0
BRDA:17,11,0,0
BRDA:17,11,1,0
BRDA:21,12,0,7
BRDA:21,12,1,7
BRDA:21,12,2,7
BRDA:22,13,0,4
BRDA:22,13,1,0
BRDA:23,14,0,5
BRDA:23,14,1,5
BRDA:26,15,0,5
BRDA:26,15,1,4
BRDA:27,16,0,5
BRDA:27,16,1,5
BRDA:30,17,0,7
BRDA:30,17,1,7
BRDA:30,17,2,7
BRDA:31,18,0,1
BRDA:31,18,1,4
BRDA:32,19,0,5
BRDA:32,19,1,5
BRDA:35,20,0,0
BRDA:35,20,1,9
BRDA:37,21,0,0
BRDA:37,21,1,27
BRDA:37,22,0,27
BRDA:37,22,1,0
BRDA:37,22,2,0
BRDA:37,23,0,0
BRDA:37,23,1,0
BRDA:37,24,0,0
BRDA:37,24,1,0
BRDA:37,25,0,0
BRDA:37,25,1,0
BRDA:37,26,0,0
BRDA:37,26,1,0
BRDA:38,27,0,0
BRDA:38,27,1,27
BRDA:39,28,0,8
BRDA:39,28,1,9
BRDA:39,28,2,4
BRDA:39,28,3,0
BRDA:39,28,4,0
BRDA:39,28,5,14
BRDA:45,29,0,5
BRDA:45,29,1,9
BRDA:45,30,0,14
BRDA:45,30,1,9
BRDA:45,30,2,9
BRDA:45,31,0,14
BRDA:45,31,1,5
BRDA:46,32,0,4
BRDA:46,32,1,5
BRDA:46,33,0,9
BRDA:46,33,1,8
BRDA:46,33,2,4
BRDA:46,33,3,4
BRDA:47,34,0,1
BRDA:47,34,1,4
BRDA:47,35,0,5
BRDA:47,35,1,1
BRDA:48,36,0,0
BRDA:48,36,1,4
BRDA:48,37,0,4
BRDA:48,37,1,4
BRDA:49,38,0,0
BRDA:49,38,1,4
BRDA:54,39,0,0
BRDA:54,39,1,5
BRDA:54,40,0,5
BRDA:54,40,1,0
BRDA:65,41,0,1
BRDA:65,41,1,1
BRDA:65,41,2,0
BRDA:65,41,3,1
BRDA:91,42,0,1
BRDA:91,42,1,1
BRDA:91,42,2,1
BRDA:91,42,3,0
BRDA:91,42,4,1
BRDA:96,43,0,0
BRDA:96,43,1,1
BRDA:128,44,0,1
BRDA:128,44,1,1
BRDA:128,44,2,1
BRDA:128,44,3,0
BRDA:128,44,4,1
BRDA:133,45,0,0
BRDA:133,45,1,1
BRDA:165,46,0,2
BRDA:165,46,1,1
BRDA:165,46,2,1
BRDA:165,46,3,1
BRDA:165,46,4,1
BRDA:169,47,0,1
BRDA:169,47,1,1
BRF:120
BRH:82
end_of_record
TN:
SF:dist\controller\teacher.js
FN:2,(anonymous_0)
FN:4,(anonymous_1)
FN:5,(anonymous_2)
FN:9,(anonymous_3)
FN:11,(anonymous_4)
FN:14,(anonymous_5)
FN:21,(anonymous_6)
FN:22,adopt
FN:22,(anonymous_8)
FN:23,(anonymous_9)
FN:24,fulfilled
FN:25,rejected
FN:26,step
FN:30,(anonymous_13)
FN:31,(anonymous_14)
FN:32,(anonymous_15)
FN:33,verb
FN:33,(anonymous_17)
FN:34,step
FN:61,getTeacher
FN:62,(anonymous_20)
FN:64,(anonymous_21)
FN:87,getStudentByTeacherId
FN:88,(anonymous_23)
FN:90,(anonymous_24)
FN:124,addTeacher
FN:125,(anonymous_26)
FN:127,(anonymous_27)
FNF:28
FNH:21
FNDA:0,(anonymous_0)
FNDA:0,(anonymous_1)
FNDA:0,(anonymous_2)
FNDA:0,(anonymous_3)
FNDA:0,(anonymous_4)
FNDA:14,(anonymous_5)
FNDA:5,(anonymous_6)
FNDA:4,adopt
FNDA:0,(anonymous_8)
FNDA:5,(anonymous_9)
FNDA:2,fulfilled
FNDA:2,rejected
FNDA:9,step
FNDA:5,(anonymous_13)
FNDA:6,(anonymous_14)
FNDA:0,(anonymous_15)
FNDA:15,verb
FNDA:9,(anonymous_17)
FNDA:9,step
FNDA:1,getTeacher
FNDA:1,(anonymous_20)
FNDA:3,(anonymous_21)
FNDA:1,getStudentByTeacherId
FNDA:1,(anonymous_23)
FNDA:3,(anonymous_24)
FNDA:3,addTeacher
FNDA:3,(anonymous_26)
FNDA:9,(anonymous_27)
DA:2,7
DA:3,0
DA:4,0
DA:6,0
DA:7,0
DA:9,7
DA:10,0
DA:12,0
DA:14,7
DA:15,14
DA:16,0
DA:17,0
DA:18,0
DA:19,0
DA:21,7
DA:22,4
DA:23,5
DA:24,2
DA:25,2
DA:26,9
DA:27,5
DA:30,7
DA:31,6
DA:32,5
DA:33,15
DA:35,9
DA:36,28
DA:37,28
DA:38,28
DA:39,28
DA:40,9
DA:41,4
DA:42,0
DA:43,0
DA:45,15
DA:46,10
DA:47,6
DA:48,4
DA:49,4
DA:50,4
DA:52,15
DA:53,28
DA:54,5
DA:57,7
DA:58,7
DA:59,7
DA:60,7
DA:62,1
DA:64,1
DA:65,3
DA:67,1
DA:68,1
DA:70,1
DA:71,1
DA:72,1
DA:73,1
DA:74,1
DA:76,0
DA:77,0
DA:78,0
DA:79,0
DA:80,0
DA:81,1
DA:86,7
DA:88,1
DA:90,1
DA:91,3
DA:93,1
DA:94,1
DA:95,1
DA:96,1
DA:97,0
DA:98,0
DA:99,0
DA:100,0
DA:102,1
DA:104,1
DA:105,1
DA:107,1
DA:108,1
DA:109,1
DA:110,1
DA:111,1
DA:113,0
DA:114,0
DA:115,0
DA:116,0
DA:117,0
DA:118,1
DA:123,7
DA:125,3
DA:127,3
DA:128,9
DA:130,3
DA:131,3
DA:132,3
DA:133,1
DA:134,1
DA:135,1
DA:136,1
DA:138,2
DA:140,2
DA:141,2
DA:143,2
DA:144,0
DA:145,0
DA:146,0
DA:147,0
DA:149,2
DA:150,2
DA:151,2
DA:152,2
DA:153,2
DA:154,2
DA:159,7
LF:115
LH:85
BRDA:2,0,0,7
BRDA:2,0,1,7
BRDA:2,0,2,7
BRDA:2,1,0,7
BRDA:2,1,1,0
BRDA:3,2,0,0
BRDA:3,2,1,0
BRDA:6,3,0,0
BRDA:6,3,1,0
BRDA:9,4,0,7
BRDA:9,4,1,7
BRDA:9,4,2,7
BRDA:9,5,0,7
BRDA:9,5,1,0
BRDA:14,6,0,7
BRDA:14,6,1,7
BRDA:14,6,2,7
BRDA:15,7,0,14
BRDA:15,7,1,0
BRDA:15,8,0,14
BRDA:15,8,1,14
BRDA:17,9,0,0
BRDA:17,9,1,0
BRDA:17,10,0,0
BRDA:17,10,1,0
BRDA:17,11,0,0
BRDA:17,11,1,0
BRDA:21,12,0,7
BRDA:21,12,1,7
BRDA:21,12,2,7
BRDA:22,13,0,4
BRDA:22,13,1,0
BRDA:23,14,0,5
BRDA:23,14,1,5
BRDA:26,15,0,5
BRDA:26,15,1,4
BRDA:27,16,0,5
BRDA:27,16,1,5
BRDA:30,17,0,7
BRDA:30,17,1,7
BRDA:30,17,2,7
BRDA:31,18,0,2
BRDA:31,18,1,4
BRDA:32,19,0,5
BRDA:32,19,1,5
BRDA:35,20,0,0
BRDA:35,20,1,9
BRDA:37,21,0,0
BRDA:37,21,1,28
BRDA:37,22,0,28
BRDA:37,22,1,0
BRDA:37,22,2,0
BRDA:37,23,0,0
BRDA:37,23,1,0
BRDA:37,24,0,0
BRDA:37,24,1,0
BRDA:37,25,0,0
BRDA:37,25,1,0
BRDA:37,26,0,0
BRDA:37,26,1,0
BRDA:38,27,0,0
BRDA:38,27,1,28
BRDA:39,28,0,7
BRDA:39,28,1,9
BRDA:39,28,2,4
BRDA:39,28,3,0
BRDA:39,28,4,0
BRDA:39,28,5,15
BRDA:45,29,0,5
BRDA:45,29,1,10
BRDA:45,30,0,15
BRDA:45,30,1,9
BRDA:45,30,2,9
BRDA:45,31,0,15
BRDA:45,31,1,6
BRDA:46,32,0,4
BRDA:46,32,1,6
BRDA:46,33,0,10
BRDA:46,33,1,8
BRDA:46,33,2,4
BRDA:46,33,3,4
BRDA:47,34,0,2
BRDA:47,34,1,4
BRDA:47,35,0,6
BRDA:47,35,1,2
BRDA:48,36,0,0
BRDA:48,36,1,4
BRDA:48,37,0,4
BRDA:48,37,1,4
BRDA:49,38,0,0
BRDA:49,38,1,4
BRDA:54,39,0,0
BRDA:54,39,1,5
BRDA:54,40,0,5
BRDA:54,40,1,0
BRDA:65,41,0,1
BRDA:65,41,1,1
BRDA:65,41,2,0
BRDA:65,41,3,1
BRDA:91,42,0,1
BRDA:91,42,1,1
BRDA:91,42,2,1
BRDA:91,42,3,0
BRDA:91,42,4,1
BRDA:96,43,0,0
BRDA:96,43,1,1
BRDA:128,44,0,3
BRDA:128,44,1,2
BRDA:128,44,2,2
BRDA:128,44,3,2
BRDA:128,44,4,2
BRDA:132,45,0,1
BRDA:132,45,1,2
BRF:113
BRH:77
end_of_record
TN:
SF:dist\database\db.js
FN:2,(anonymous_0)
FN:16,(anonymous_1)
FNF:2
FNH:2
FNDA:7,(anonymous_0)
FNDA:7,(anonymous_1)
DA:2,7
DA:3,7
DA:5,7
DA:6,7
DA:7,7
DA:8,7
DA:15,7
DA:17,7
DA:19,7
LF:9
LH:9
BRDA:2,0,0,7
BRDA:2,0,1,7
BRDA:2,0,2,7
BRDA:3,1,0,7
BRDA:3,1,1,0
BRDA:3,2,0,7
BRDA:3,2,1,7
BRF:7
BRH:6
end_of_record
TN:
SF:dist\helper\classvalidation.js
FN:2,(anonymous_0)
FNF:1
FNH:1
FNDA:7,(anonymous_0)
DA:2,7
DA:3,7
DA:5,7
DA:6,7
DA:7,7
DA:8,7
DA:11,7
DA:12,7
DA:16,7
LF:9
LH:9
BRDA:2,0,0,7
BRDA:2,0,1,7
BRDA:2,0,2,7
BRDA:3,1,0,0
BRDA:3,1,1,7
BRDA:3,2,0,7
BRDA:3,2,1,7
BRF:7
BRH:6
end_of_record
TN:
SF:dist\helper\generalvalidation.js
FN:2,(anonymous_0)
FNF:1
FNH:1
FNDA:7,(anonymous_0)
DA:2,7
DA:3,7
DA:5,7
DA:6,7
DA:7,7
DA:8,7
DA:12,7
DA:13,7
DA:17,7
LF:9
LH:9
BRDA:2,0,0,7
BRDA:2,0,1,7
BRDA:2,0,2,7
BRDA:3,1,0,0
BRDA:3,1,1,7
BRDA:3,2,0,7
BRDA:3,2,1,7
BRF:7
BRH:6
end_of_record
TN:
SF:dist\helper\resultvalidation.js
FN:2,(anonymous_0)
FNF:1
FNH:1
FNDA:7,(anonymous_0)
DA:2,7
DA:3,7
DA:5,7
DA:6,7
DA:7,7
DA:8,7
DA:13,7
DA:14,7
DA:21,7
LF:9
LH:9
BRDA:2,0,0,7
BRDA:2,0,1,7
BRDA:2,0,2,7
BRDA:3,1,0,0
BRDA:3,1,1,7
BRDA:3,2,0,7
BRDA:3,2,1,7
BRF:7
BRH:6
end_of_record
TN:
SF:dist\helper\schedulevalidation.js
FN:2,(anonymous_0)
FNF:1
FNH:1
FNDA:7,(anonymous_0)
DA:2,7
DA:3,7
DA:5,7
DA:6,7
DA:7,7
DA:15,7
LF:6
LH:6
BRDA:2,0,0,7
BRDA:2,0,1,7
BRDA:2,0,2,7
BRDA:3,1,0,0
BRDA:3,1,1,7
BRDA:3,2,0,7
BRDA:3,2,1,7
BRF:7
BRH:6
end_of_record
TN:
SF:dist\helper\studentvalidation.js
FN:2,(anonymous_0)
FNF:1
FNH:1
FNDA:7,(anonymous_0)
DA:2,7
DA:3,7
DA:5,7
DA:6,7
DA:7,7
DA:16,7
LF:6
LH:6
BRDA:2,0,0,7
BRDA:2,0,1,7
BRDA:2,0,2,7
BRDA:3,1,0,0
BRDA:3,1,1,7
BRDA:3,2,0,7
BRDA:3,2,1,7
BRF:7
BRH:6
end_of_record
TN:
SF:dist\helper\subjectvalidation.js
FN:2,(anonymous_0)
FNF:1
FNH:1
FNDA:7,(anonymous_0)
DA:2,7
DA:3,7
DA:5,7
DA:6,7
DA:7,7
DA:8,7
DA:11,7
DA:12,7
DA:15,7
DA:16,7
DA:20,7
LF:11
LH:11
BRDA:2,0,0,7
BRDA:2,0,1,7
BRDA:2,0,2,7
BRDA:3,1,0,0
BRDA:3,1,1,7
BRDA:3,2,0,7
BRDA:3,2,1,7
BRF:7
BRH:6
end_of_record
TN:
SF:dist\helper\teachervalidation.js
FN:2,(anonymous_0)
FNF:1
FNH:1
FNDA:7,(anonymous_0)
DA:2,7
DA:3,7
DA:5,7
DA:6,7
DA:7,7
DA:8,7
DA:11,7
DA:12,7
DA:21,7
LF:9
LH:9
BRDA:2,0,0,7
BRDA:2,0,1,7
BRDA:2,0,2,7
BRDA:3,1,0,0
BRDA:3,1,1,7
BRDA:3,2,0,7
BRDA:3,2,1,7
BRF:7
BRH:6
end_of_record
TN:
SF:dist\routes\class.js
FN:2,(anonymous_0)
FNF:1
FNH:1
FNDA:7,(anonymous_0)
DA:2,7
DA:3,7
DA:5,7
DA:6,7
DA:7,7
DA:8,7
DA:9,7
DA:10,7
DA:11,7
DA:12,7
LF:10
LH:10
BRDA:2,0,0,7
BRDA:2,0,1,7
BRDA:2,0,2,7
BRDA:3,1,0,0
BRDA:3,1,1,7
BRDA:3,2,0,7
BRDA:3,2,1,7
BRF:7
BRH:6
end_of_record
TN:
SF:dist\routes\general.js
FN:2,(anonymous_0)
FNF:1
FNH:1
FNDA:7,(anonymous_0)
DA:2,7
DA:3,7
DA:5,7
DA:6,7
DA:7,7
DA:8,7
DA:9,7
DA:10,7
DA:11,7
LF:9
LH:9
BRDA:2,0,0,7
BRDA:2,0,1,7
BRDA:2,0,2,7
BRDA:3,1,0,0
BRDA:3,1,1,7
BRDA:3,2,0,7
BRDA:3,2,1,7
BRF:7
BRH:6
end_of_record
TN:
SF:dist\routes\index.js
FN:2,(anonymous_0)
FNF:1
FNH:1
FNDA:56,(anonymous_0)
DA:2,7
DA:3,56
DA:5,7
DA:6,7
DA:7,7
DA:8,7
DA:9,7
DA:10,7
DA:11,7
DA:12,7
DA:13,7
DA:14,7
DA:15,7
LF:13
LH:13
BRDA:2,0,0,7
BRDA:2,0,1,7
BRDA:2,0,2,7
BRDA:3,1,0,49
BRDA:3,1,1,7
BRDA:3,2,0,56
BRDA:3,2,1,56
BRF:7
BRH:7
end_of_record
TN:
SF:dist\routes\result.js
FN:2,(anonymous_0)
FNF:1
FNH:1
FNDA:7,(anonymous_0)
DA:2,7
DA:3,7
DA:5,7
DA:6,7
DA:7,7
DA:8,7
DA:9,7
DA:10,7
DA:11,7
LF:9
LH:9
BRDA:2,0,0,7
BRDA:2,0,1,7
BRDA:2,0,2,7
BRDA:3,1,0,0
BRDA:3,1,1,7
BRDA:3,2,0,7
BRDA:3,2,1,7
BRF:7
BRH:6
end_of_record
TN:
SF:dist\routes\schedule.js
FN:2,(anonymous_0)
FNF:1
FNH:1
FNDA:14,(anonymous_0)
DA:2,7
DA:3,14
DA:5,7
DA:6,7
DA:7,7
DA:8,7
DA:9,7
DA:10,7
LF:8
LH:8
BRDA:2,0,0,7
BRDA:2,0,1,7
BRDA:2,0,2,7
BRDA:3,1,0,7
BRDA:3,1,1,7
BRDA:3,2,0,14
BRDA:3,2,1,14
BRF:7
BRH:7
end_of_record
TN:
SF:dist\routes\student.js
FN:2,(anonymous_0)
FNF:1
FNH:1
FNDA:7,(anonymous_0)
DA:2,7
DA:3,7
DA:5,7
DA:6,7
DA:7,7
DA:8,7
DA:9,7
DA:10,7
DA:11,7
LF:9
LH:9
BRDA:2,0,0,7
BRDA:2,0,1,7
BRDA:2,0,2,7
BRDA:3,1,0,0
BRDA:3,1,1,7
BRDA:3,2,0,7
BRDA:3,2,1,7
BRF:7
BRH:6
end_of_record
TN:
SF:dist\routes\subject.js
FN:2,(anonymous_0)
FNF:1
FNH:1
FNDA:7,(anonymous_0)
DA:2,7
DA:3,7
DA:5,7
DA:6,7
DA:7,7
DA:8,7
DA:9,7
DA:10,7
DA:11,7
DA:12,7
DA:13,7
LF:11
LH:11
BRDA:2,0,0,7
BRDA:2,0,1,7
BRDA:2,0,2,7
BRDA:3,1,0,0
BRDA:3,1,1,7
BRDA:3,2,0,7
BRDA:3,2,1,7
BRF:7
BRH:6
end_of_record
TN:
SF:dist\routes\teacher.js
FN:2,(anonymous_0)
FNF:1
FNH:1
FNDA:7,(anonymous_0)
DA:2,7
DA:3,7
DA:5,7
DA:6,7
DA:7,7
DA:8,7
DA:9,7
DA:10,7
DA:11,7
DA:12,7
LF:10
LH:10
BRDA:2,0,0,7
BRDA:2,0,1,7
BRDA:2,0,2,7
BRDA:3,1,0,0
BRDA:3,1,1,7
BRDA:3,2,0,7
BRDA:3,2,1,7
BRF:7
BRH:6
end_of_record
TN:
SF:dist\services\class.js
FN:2,(anonymous_0)
FN:3,adopt
FN:3,(anonymous_2)
FN:4,(anonymous_3)
FN:5,fulfilled
FN:6,rejected
FN:7,step
FN:11,(anonymous_7)
FN:12,(anonymous_8)
FN:13,(anonymous_9)
FN:14,verb
FN:14,(anonymous_11)
FN:15,step
FN:38,(anonymous_13)
FN:44,getClass
FN:45,(anonymous_15)
FN:47,(anonymous_16)
FN:58,getStudentByClassId
FN:59,(anonymous_18)
FN:61,(anonymous_19)
FN:72,addStudentInClass
FN:73,(anonymous_21)
FN:75,(anonymous_22)
FNF:23
FNH:21
FNDA:3,(anonymous_0)
FNDA:3,adopt
FNDA:0,(anonymous_2)
FNDA:3,(anonymous_3)
FNDA:2,fulfilled
FNDA:1,rejected
FNDA:5,step
FNDA:3,(anonymous_7)
FNDA:3,(anonymous_8)
FNDA:0,(anonymous_9)
FNDA:9,verb
FNDA:6,(anonymous_11)
FNDA:6,step
FNDA:7,(anonymous_13)
FNDA:1,getClass
FNDA:1,(anonymous_15)
FNDA:2,(anonymous_16)
FNDA:1,getStudentByClassId
FNDA:1,(anonymous_18)
FNDA:2,(anonymous_19)
FNDA:1,addStudentInClass
FNDA:1,(anonymous_21)
FNDA:2,(anonymous_22)
DA:2,7
DA:3,3
DA:4,3
DA:5,2
DA:6,1
DA:7,5
DA:8,3
DA:11,7
DA:12,3
DA:13,3
DA:14,9
DA:16,6
DA:17,12
DA:18,12
DA:19,12
DA:20,12
DA:21,6
DA:22,3
DA:23,0
DA:24,0
DA:26,3
DA:27,0
DA:28,0
DA:29,0
DA:30,0
DA:31,0
DA:33,6
DA:34,12
DA:35,3
DA:38,7
DA:39,7
DA:41,7
DA:42,7
DA:43,7
DA:45,1
DA:47,1
DA:48,2
DA:49,1
DA:51,1
DA:52,1
DA:57,7
DA:59,1
DA:61,1
DA:62,2
DA:63,1
DA:65,1
DA:66,1
DA:71,7
DA:73,1
DA:75,1
DA:76,2
DA:78,1
DA:79,1
DA:81,1
DA:82,0
DA:87,7
LF:56
LH:48
BRDA:2,0,0,7
BRDA:2,0,1,7
BRDA:2,0,2,7
BRDA:3,1,0,3
BRDA:3,1,1,0
BRDA:4,2,0,3
BRDA:4,2,1,3
BRDA:7,3,0,2
BRDA:7,3,1,3
BRDA:8,4,0,3
BRDA:8,4,1,3
BRDA:11,5,0,7
BRDA:11,5,1,7
BRDA:11,5,2,7
BRDA:12,6,0,1
BRDA:12,6,1,2
BRDA:13,7,0,3
BRDA:13,7,1,3
BRDA:16,8,0,0
BRDA:16,8,1,6
BRDA:18,9,0,0
BRDA:18,9,1,12
BRDA:18,10,0,12
BRDA:18,10,1,0
BRDA:18,10,2,0
BRDA:18,11,0,0
BRDA:18,11,1,0
BRDA:18,12,0,0
BRDA:18,12,1,0
BRDA:18,13,0,0
BRDA:18,13,1,0
BRDA:18,14,0,0
BRDA:18,14,1,0
BRDA:19,15,0,0
BRDA:19,15,1,12
BRDA:20,16,0,5
BRDA:20,16,1,6
BRDA:20,16,2,3
BRDA:20,16,3,0
BRDA:20,16,4,0
BRDA:20,16,5,3
BRDA:26,17,0,3
BRDA:26,17,1,0
BRDA:26,18,0,3
BRDA:26,18,1,3
BRDA:26,18,2,2
BRDA:26,19,0,3
BRDA:26,19,1,0
BRDA:27,20,0,0
BRDA:27,20,1,0
BRDA:27,21,0,0
BRDA:27,21,1,0
BRDA:27,21,2,0
BRDA:27,21,3,0
BRDA:28,22,0,0
BRDA:28,22,1,0
BRDA:28,23,0,0
BRDA:28,23,1,0
BRDA:29,24,0,0
BRDA:29,24,1,0
BRDA:29,25,0,0
BRDA:29,25,1,0
BRDA:30,26,0,0
BRDA:30,26,1,0
BRDA:35,27,0,1
BRDA:35,27,1,2
BRDA:35,28,0,2
BRDA:35,28,1,0
BRDA:38,29,0,7
BRDA:38,29,1,7
BRDA:38,29,2,7
BRDA:39,30,0,7
BRDA:39,30,1,0
BRDA:39,31,0,7
BRDA:39,31,1,7
BRDA:48,32,0,1
BRDA:48,32,1,1
BRDA:62,33,0,1
BRDA:62,33,1,1
BRDA:76,34,0,1
BRDA:76,34,1,1
BRF:81
BRH:45
end_of_record
TN:
SF:dist\services\general.js
FN:2,(anonymous_0)
FN:3,adopt
FN:3,(anonymous_2)
FN:4,(anonymous_3)
FN:5,fulfilled
FN:6,rejected
FN:7,step
FN:11,(anonymous_7)
FN:12,(anonymous_8)
FN:13,(anonymous_9)
FN:14,verb
FN:14,(anonymous_11)
FN:15,step
FN:38,(anonymous_13)
FN:44,gettopperByclassIdAndSubjectId
FN:45,(anonymous_15)
FN:47,(anonymous_16)
FN:58,gettopstudent
FN:59,(anonymous_18)
FN:61,(anonymous_19)
FNF:20
FNH:17
FNDA:2,(anonymous_0)
FNDA:2,adopt
FNDA:0,(anonymous_2)
FNDA:2,(anonymous_3)
FNDA:2,fulfilled
FNDA:0,rejected
FNDA:4,step
FNDA:2,(anonymous_7)
FNDA:2,(anonymous_8)
FNDA:0,(anonymous_9)
FNDA:6,verb
FNDA:4,(anonymous_11)
FNDA:4,step
FNDA:7,(anonymous_13)
FNDA:1,gettopperByclassIdAndSubjectId
FNDA:1,(anonymous_15)
FNDA:2,(anonymous_16)
FNDA:1,gettopstudent
FNDA:1,(anonymous_18)
FNDA:2,(anonymous_19)
DA:2,7
DA:3,2
DA:4,2
DA:5,2
DA:6,0
DA:7,4
DA:8,2
DA:11,7
DA:12,2
DA:13,2
DA:14,6
DA:16,4
DA:17,8
DA:18,8
DA:19,8
DA:20,8
DA:21,4
DA:22,2
DA:23,0
DA:24,0
DA:26,2
DA:27,0
DA:28,0
DA:29,0
DA:30,0
DA:31,0
DA:33,4
DA:34,8
DA:35,2
DA:38,7
DA:39,7
DA:41,7
DA:42,7
DA:43,7
DA:45,1
DA:47,1
DA:48,2
DA:49,1
DA:51,1
DA:52,1
DA:57,7
DA:59,1
DA:61,1
DA:62,2
DA:63,1
DA:65,1
DA:66,1
DA:71,7
LF:48
LH:40
BRDA:2,0,0,7
BRDA:2,0,1,7
BRDA:2,0,2,7
BRDA:3,1,0,2
BRDA:3,1,1,0
BRDA:4,2,0,2
BRDA:4,2,1,2
BRDA:7,3,0,2
BRDA:7,3,1,2
BRDA:8,4,0,2
BRDA:8,4,1,2
BRDA:11,5,0,7
BRDA:11,5,1,7
BRDA:11,5,2,7
BRDA:12,6,0,0
BRDA:12,6,1,2
BRDA:13,7,0,2
BRDA:13,7,1,2
BRDA:16,8,0,0
BRDA:16,8,1,4
BRDA:18,9,0,0
BRDA:18,9,1,8
BRDA:18,10,0,8
BRDA:18,10,1,0
BRDA:18,10,2,0
BRDA:18,11,0,0
BRDA:18,11,1,0
BRDA:18,12,0,0
BRDA:18,12,1,0
BRDA:18,13,0,0
BRDA:18,13,1,0
BRDA:18,14,0,0
BRDA:18,14,1,0
BRDA:19,15,0,0
BRDA:19,15,1,8
BRDA:20,16,0,4
BRDA:20,16,1,4
BRDA:20,16,2,2
BRDA:20,16,3,0
BRDA:20,16,4,0
BRDA:20,16,5,2
BRDA:26,17,0,2
BRDA:26,17,1,0
BRDA:26,18,0,2
BRDA:26,18,1,2
BRDA:26,18,2,2
BRDA:26,19,0,2
BRDA:26,19,1,0
BRDA:27,20,0,0
BRDA:27,20,1,0
BRDA:27,21,0,0
BRDA:27,21,1,0
BRDA:27,21,2,0
BRDA:27,21,3,0
BRDA:28,22,0,0
BRDA:28,22,1,0
BRDA:28,23,0,0
BRDA:28,23,1,0
BRDA:29,24,0,0
BRDA:29,24,1,0
BRDA:29,25,0,0
BRDA:29,25,1,0
BRDA:30,26,0,0
BRDA:30,26,1,0
BRDA:35,27,0,0
BRDA:35,27,1,2
BRDA:35,28,0,2
BRDA:35,28,1,0
BRDA:38,29,0,7
BRDA:38,29,1,7
BRDA:38,29,2,7
BRDA:39,30,0,7
BRDA:39,30,1,0
BRDA:39,31,0,7
BRDA:39,31,1,7
BRDA:48,32,0,1
BRDA:48,32,1,1
BRDA:62,33,0,1
BRDA:62,33,1,1
BRF:79
BRH:41
end_of_record
TN:
SF:dist\services\result.js
FN:2,(anonymous_0)
FN:3,adopt
FN:3,(anonymous_2)
FN:4,(anonymous_3)
FN:5,fulfilled
FN:6,rejected
FN:7,step
FN:11,(anonymous_7)
FN:12,(anonymous_8)
FN:13,(anonymous_9)
FN:14,verb
FN:14,(anonymous_11)
FN:15,step
FN:38,(anonymous_13)
FN:44,addResult
FN:45,(anonymous_15)
FN:47,(anonymous_16)
FN:60,updateResult
FN:61,(anonymous_18)
FN:63,(anonymous_19)
FN:74,checkSubject
FN:75,(anonymous_21)
FN:77,(anonymous_22)
FN:88,subjectLength
FN:89,(anonymous_24)
FN:91,(anonymous_25)
FNF:26
FNH:24
FNDA:6,(anonymous_0)
FNDA:6,adopt
FNDA:0,(anonymous_2)
FNDA:6,(anonymous_3)
FNDA:5,fulfilled
FNDA:1,rejected
FNDA:11,step
FNDA:6,(anonymous_7)
FNDA:6,(anonymous_8)
FNDA:0,(anonymous_9)
FNDA:18,verb
FNDA:12,(anonymous_11)
FNDA:12,step
FNDA:7,(anonymous_13)
FNDA:1,addResult
FNDA:1,(anonymous_15)
FNDA:2,(anonymous_16)
FNDA:1,updateResult
FNDA:1,(anonymous_18)
FNDA:2,(anonymous_19)
FNDA:2,checkSubject
FNDA:2,(anonymous_21)
FNDA:4,(anonymous_22)
FNDA:2,subjectLength
FNDA:2,(anonymous_24)
FNDA:4,(anonymous_25)
DA:2,7
DA:3,6
DA:4,6
DA:5,5
DA:6,1
DA:7,11
DA:8,6
DA:11,7
DA:12,6
DA:13,6
DA:14,18
DA:16,12
DA:17,24
DA:18,24
DA:19,24
DA:20,24
DA:21,12
DA:22,6
DA:23,0
DA:24,0
DA:26,6
DA:27,0
DA:28,0
DA:29,0
DA:30,0
DA:31,0
DA:33,12
DA:34,24
DA:35,6
DA:38,7
DA:39,7
DA:41,7
DA:42,7
DA:43,7
DA:45,1
DA:47,1
DA:48,2
DA:50,1
DA:51,1
DA:53,1
DA:54,0
DA:59,7
DA:61,1
DA:63,1
DA:64,2
DA:65,1
DA:67,1
DA:68,1
DA:73,7
DA:75,2
DA:77,2
DA:78,4
DA:79,2
DA:81,2
DA:82,2
DA:87,7
DA:89,2
DA:91,2
DA:92,4
DA:93,2
DA:95,2
DA:96,2
DA:101,7
LF:63
LH:55
BRDA:2,0,0,7
BRDA:2,0,1,7
BRDA:2,0,2,7
BRDA:3,1,0,6
BRDA:3,1,1,0
BRDA:4,2,0,6
BRDA:4,2,1,6
BRDA:7,3,0,5
BRDA:7,3,1,6
BRDA:8,4,0,6
BRDA:8,4,1,6
BRDA:11,5,0,7
BRDA:11,5,1,7
BRDA:11,5,2,7
BRDA:12,6,0,1
BRDA:12,6,1,5
BRDA:13,7,0,6
BRDA:13,7,1,6
BRDA:16,8,0,0
BRDA:16,8,1,12
BRDA:18,9,0,0
BRDA:18,9,1,24
BRDA:18,10,0,24
BRDA:18,10,1,0
BRDA:18,10,2,0
BRDA:18,11,0,0
BRDA:18,11,1,0
BRDA:18,12,0,0
BRDA:18,12,1,0
BRDA:18,13,0,0
BRDA:18,13,1,0
BRDA:18,14,0,0
BRDA:18,14,1,0
BRDA:19,15,0,0
BRDA:19,15,1,24
BRDA:20,16,0,11
BRDA:20,16,1,12
BRDA:20,16,2,6
BRDA:20,16,3,0
BRDA:20,16,4,0
BRDA:20,16,5,6
BRDA:26,17,0,6
BRDA:26,17,1,0
BRDA:26,18,0,6
BRDA:26,18,1,6
BRDA:26,18,2,5
BRDA:26,19,0,6
BRDA:26,19,1,0
BRDA:27,20,0,0
BRDA:27,20,1,0
BRDA:27,21,0,0
BRDA:27,21,1,0
BRDA:27,21,2,0
BRDA:27,21,3,0
BRDA:28,22,0,0
BRDA:28,22,1,0
BRDA:28,23,0,0
BRDA:28,23,1,0
BRDA:29,24,0,0
BRDA:29,24,1,0
BRDA:29,25,0,0
BRDA:29,25,1,0
BRDA:30,26,0,0
BRDA:30,26,1,0
BRDA:35,27,0,1
BRDA:35,27,1,5
BRDA:35,28,0,5
BRDA:35,28,1,0
BRDA:38,29,0,7
BRDA:38,29,1,7
BRDA:38,29,2,7
BRDA:39,30,0,7
BRDA:39,30,1,0
BRDA:39,31,0,7
BRDA:39,31,1,7
BRDA:48,32,0,1
BRDA:48,32,1,1
BRDA:64,33,0,1
BRDA:64,33,1,1
BRDA:78,34,0,2
BRDA:78,34,1,2
BRDA:92,35,0,2
BRDA:92,35,1,2
BRF:83
BRH:47
end_of_record
TN:
SF:dist\services\schedule.js
FN:2,(anonymous_0)
FN:3,adopt
FN:3,(anonymous_2)
FN:4,(anonymous_3)
FN:5,fulfilled
FN:6,rejected
FN:7,step
FN:11,(anonymous_7)
FN:12,(anonymous_8)
FN:13,(anonymous_9)
FN:14,verb
FN:14,(anonymous_11)
FN:15,step
FN:38,(anonymous_13)
FN:43,addClassSchedule
FN:44,(anonymous_15)
FN:46,(anonymous_16)
FNF:17
FNH:14
FNDA:1,(anonymous_0)
FNDA:1,adopt
FNDA:0,(anonymous_2)
FNDA:1,(anonymous_3)
FNDA:0,fulfilled
FNDA:1,rejected
FNDA:1,step
FNDA:1,(anonymous_7)
FNDA:1,(anonymous_8)
FNDA:0,(anonymous_9)
FNDA:3,verb
FNDA:2,(anonymous_11)
FNDA:2,step
FNDA:7,(anonymous_13)
FNDA:1,addClassSchedule
FNDA:1,(anonymous_15)
FNDA:2,(anonymous_16)
DA:2,7
DA:3,1
DA:4,1
DA:5,0
DA:6,1
DA:7,1
DA:8,1
DA:11,7
DA:12,1
DA:13,1
DA:14,3
DA:16,2
DA:17,4
DA:18,4
DA:19,4
DA:20,4
DA:21,2
DA:22,1
DA:23,0
DA:24,0
DA:26,1
DA:27,0
DA:28,0
DA:29,0
DA:30,0
DA:31,0
DA:33,2
DA:34,4
DA:35,1
DA:38,7
DA:39,7
DA:41,7
DA:42,7
DA:44,1
DA:46,1
DA:47,2
DA:49,1
DA:50,1
DA:52,1
DA:53,0
DA:58,7
LF:41
LH:32
BRDA:2,0,0,7
BRDA:2,0,1,7
BRDA:2,0,2,7
BRDA:3,1,0,1
BRDA:3,1,1,0
BRDA:4,2,0,1
BRDA:4,2,1,1
BRDA:7,3,0,0
BRDA:7,3,1,1
BRDA:8,4,0,1
BRDA:8,4,1,1
BRDA:11,5,0,7
BRDA:11,5,1,7
BRDA:11,5,2,7
BRDA:12,6,0,1
BRDA:12,6,1,0
BRDA:13,7,0,1
BRDA:13,7,1,1
BRDA:16,8,0,0
BRDA:16,8,1,2
BRDA:18,9,0,0
BRDA:18,9,1,4
BRDA:18,10,0,4
BRDA:18,10,1,0
BRDA:18,10,2,0
BRDA:18,11,0,0
BRDA:18,11,1,0
BRDA:18,12,0,0
BRDA:18,12,1,0
BRDA:18,13,0,0
BRDA:18,13,1,0
BRDA:18,14,0,0
BRDA:18,14,1,0
BRDA:19,15,0,0
BRDA:19,15,1,4
BRDA:20,16,0,1
BRDA:20,16,1,2
BRDA:20,16,2,1
BRDA:20,16,3,0
BRDA:20,16,4,0
BRDA:20,16,5,1
BRDA:26,17,0,1
BRDA:26,17,1,0
BRDA:26,18,0,1
BRDA:26,18,1,1
BRDA:26,18,2,0
BRDA:26,19,0,1
BRDA:26,19,1,0
BRDA:27,20,0,0
BRDA:27,20,1,0
BRDA:27,21,0,0
BRDA:27,21,1,0
BRDA:27,21,2,0
BRDA:27,21,3,0
BRDA:28,22,0,0
BRDA:28,22,1,0
BRDA:28,23,0,0
BRDA:28,23,1,0
BRDA:29,24,0,0
BRDA:29,24,1,0
BRDA:29,25,0,0
BRDA:29,25,1,0
BRDA:30,26,0,0
BRDA:30,26,1,0
BRDA:35,27,0,1
BRDA:35,27,1,0
BRDA:35,28,0,0
BRDA:35,28,1,0
BRDA:38,29,0,7
BRDA:38,29,1,7
BRDA:38,29,2,7
BRDA:39,30,0,7
BRDA:39,30,1,0
BRDA:39,31,0,7
BRDA:39,31,1,7
BRDA:47,32,0,1
BRDA:47,32,1,1
BRF:77
BRH:36
end_of_record
TN:
SF:dist\services\student.js
FN:2,(anonymous_0)
FN:3,adopt
FN:3,(anonymous_2)
FN:4,(anonymous_3)
FN:5,fulfilled
FN:6,rejected
FN:7,step
FN:11,(anonymous_7)
FN:12,(anonymous_8)
FN:13,(anonymous_9)
FN:14,verb
FN:14,(anonymous_11)
FN:15,step
FN:38,(anonymous_13)
FN:44,getStudent
FN:45,(anonymous_15)
FN:47,(anonymous_16)
FN:58,getStudentLength
FN:59,(anonymous_18)
FN:61,(anonymous_19)
FN:72,addStudent
FN:73,(anonymous_21)
FN:75,(anonymous_22)
FNF:23
FNH:21
FNDA:3,(anonymous_0)
FNDA:3,adopt
FNDA:0,(anonymous_2)
FNDA:3,(anonymous_3)
FNDA:2,fulfilled
FNDA:1,rejected
FNDA:5,step
FNDA:3,(anonymous_7)
FNDA:3,(anonymous_8)
FNDA:0,(anonymous_9)
FNDA:9,verb
FNDA:6,(anonymous_11)
FNDA:6,step
FNDA:7,(anonymous_13)
FNDA:1,getStudent
FNDA:1,(anonymous_15)
FNDA:2,(anonymous_16)
FNDA:1,getStudentLength
FNDA:1,(anonymous_18)
FNDA:2,(anonymous_19)
FNDA:1,addStudent
FNDA:1,(anonymous_21)
FNDA:2,(anonymous_22)
DA:2,7
DA:3,3
DA:4,3
DA:5,2
DA:6,1
DA:7,5
DA:8,3
DA:11,7
DA:12,3
DA:13,3
DA:14,9
DA:16,6
DA:17,12
DA:18,12
DA:19,12
DA:20,12
DA:21,6
DA:22,3
DA:23,0
DA:24,0
DA:26,3
DA:27,0
DA:28,0
DA:29,0
DA:30,0
DA:31,0
DA:33,6
DA:34,12
DA:35,3
DA:38,7
DA:39,7
DA:41,7
DA:42,7
DA:43,7
DA:45,1
DA:47,1
DA:48,2
DA:49,1
DA:51,1
DA:52,1
DA:57,7
DA:59,1
DA:61,1
DA:62,2
DA:63,1
DA:65,1
DA:66,1
DA:71,7
DA:73,1
DA:75,1
DA:76,2
DA:78,1
DA:79,1
DA:81,1
DA:82,0
DA:87,7
LF:56
LH:48
BRDA:2,0,0,7
BRDA:2,0,1,7
BRDA:2,0,2,7
BRDA:3,1,0,3
BRDA:3,1,1,0
BRDA:4,2,0,3
BRDA:4,2,1,3
BRDA:7,3,0,2
BRDA:7,3,1,3
BRDA:8,4,0,3
BRDA:8,4,1,3
BRDA:11,5,0,7
BRDA:11,5,1,7
BRDA:11,5,2,7
BRDA:12,6,0,1
BRDA:12,6,1,2
BRDA:13,7,0,3
BRDA:13,7,1,3
BRDA:16,8,0,0
BRDA:16,8,1,6
BRDA:18,9,0,0
BRDA:18,9,1,12
BRDA:18,10,0,12
BRDA:18,10,1,0
BRDA:18,10,2,0
BRDA:18,11,0,0
BRDA:18,11,1,0
BRDA:18,12,0,0
BRDA:18,12,1,0
BRDA:18,13,0,0
BRDA:18,13,1,0
BRDA:18,14,0,0
BRDA:18,14,1,0
BRDA:19,15,0,0
BRDA:19,15,1,12
BRDA:20,16,0,5
BRDA:20,16,1,6
BRDA:20,16,2,3
BRDA:20,16,3,0
BRDA:20,16,4,0
BRDA:20,16,5,3
BRDA:26,17,0,3
BRDA:26,17,1,0
BRDA:26,18,0,3
BRDA:26,18,1,3
BRDA:26,18,2,2
BRDA:26,19,0,3
BRDA:26,19,1,0
BRDA:27,20,0,0
BRDA:27,20,1,0
BRDA:27,21,0,0
BRDA:27,21,1,0
BRDA:27,21,2,0
BRDA:27,21,3,0
BRDA:28,22,0,0
BRDA:28,22,1,0
BRDA:28,23,0,0
BRDA:28,23,1,0
BRDA:29,24,0,0
BRDA:29,24,1,0
BRDA:29,25,0,0
BRDA:29,25,1,0
BRDA:30,26,0,0
BRDA:30,26,1,0
BRDA:35,27,0,1
BRDA:35,27,1,2
BRDA:35,28,0,2
BRDA:35,28,1,0
BRDA:38,29,0,7
BRDA:38,29,1,7
BRDA:38,29,2,7
BRDA:39,30,0,7
BRDA:39,30,1,0
BRDA:39,31,0,7
BRDA:39,31,1,7
BRDA:48,32,0,1
BRDA:48,32,1,1
BRDA:62,33,0,1
BRDA:62,33,1,1
BRDA:76,34,0,1
BRDA:76,34,1,1
BRF:81
BRH:45
end_of_record
TN:
SF:dist\services\subject.js
FN:2,(anonymous_0)
FN:3,adopt
FN:3,(anonymous_2)
FN:4,(anonymous_3)
FN:5,fulfilled
FN:6,rejected
FN:7,step
FN:11,(anonymous_7)
FN:12,(anonymous_8)
FN:13,(anonymous_9)
FN:14,verb
FN:14,(anonymous_11)
FN:15,step
FN:38,(anonymous_13)
FN:44,getSubject
FN:45,(anonymous_15)
FN:47,(anonymous_16)
FN:58,getStudentBySubjectId
FN:59,(anonymous_18)
FN:61,(anonymous_19)
FN:72,addSubject
FN:73,(anonymous_21)
FN:75,(anonymous_22)
FN:88,getSubjectMarksByStudentId
FN:89,(anonymous_24)
FN:91,(anonymous_25)
FNF:26
FNH:24
FNDA:4,(anonymous_0)
FNDA:4,adopt
FNDA:0,(anonymous_2)
FNDA:4,(anonymous_3)
FNDA:3,fulfilled
FNDA:1,rejected
FNDA:7,step
FNDA:4,(anonymous_7)
FNDA:4,(anonymous_8)
FNDA:0,(anonymous_9)
FNDA:12,verb
FNDA:8,(anonymous_11)
FNDA:8,step
FNDA:7,(anonymous_13)
FNDA:1,getSubject
FNDA:1,(anonymous_15)
FNDA:2,(anonymous_16)
FNDA:1,getStudentBySubjectId
FNDA:1,(anonymous_18)
FNDA:2,(anonymous_19)
FNDA:1,addSubject
FNDA:1,(anonymous_21)
FNDA:2,(anonymous_22)
FNDA:1,getSubjectMarksByStudentId
FNDA:1,(anonymous_24)
FNDA:2,(anonymous_25)
DA:2,7
DA:3,4
DA:4,4
DA:5,3
DA:6,1
DA:7,7
DA:8,4
DA:11,7
DA:12,4
DA:13,4
DA:14,12
DA:16,8
DA:17,16
DA:18,16
DA:19,16
DA:20,16
DA:21,8
DA:22,4
DA:23,0
DA:24,0
DA:26,4
DA:27,0
DA:28,0
DA:29,0
DA:30,0
DA:31,0
DA:33,8
DA:34,16
DA:35,4
DA:38,7
DA:39,7
DA:41,7
DA:42,7
DA:43,7
DA:45,1
DA:47,1
DA:48,2
DA:49,1
DA:51,1
DA:52,1
DA:57,7
DA:59,1
DA:61,1
DA:62,2
DA:63,1
DA:65,1
DA:66,1
DA:71,7
DA:73,1
DA:75,1
DA:76,2
DA:78,1
DA:79,1
DA:81,1
DA:82,0
DA:87,7
DA:89,1
DA:91,1
DA:92,2
DA:93,1
DA:95,1
DA:96,1
DA:101,7
LF:63
LH:55
BRDA:2,0,0,7
BRDA:2,0,1,7
BRDA:2,0,2,7
BRDA:3,1,0,4
BRDA:3,1,1,0
BRDA:4,2,0,4
BRDA:4,2,1,4
BRDA:7,3,0,3
BRDA:7,3,1,4
BRDA:8,4,0,4
BRDA:8,4,1,4
BRDA:11,5,0,7
BRDA:11,5,1,7
BRDA:11,5,2,7
BRDA:12,6,0,1
BRDA:12,6,1,3
BRDA:13,7,0,4
BRDA:13,7,1,4
BRDA:16,8,0,0
BRDA:16,8,1,8
BRDA:18,9,0,0
BRDA:18,9,1,16
BRDA:18,10,0,16
BRDA:18,10,1,0
BRDA:18,10,2,0
BRDA:18,11,0,0
BRDA:18,11,1,0
BRDA:18,12,0,0
BRDA:18,12,1,0
BRDA:18,13,0,0
BRDA:18,13,1,0
BRDA:18,14,0,0
BRDA:18,14,1,0
BRDA:19,15,0,0
BRDA:19,15,1,16
BRDA:20,16,0,7
BRDA:20,16,1,8
BRDA:20,16,2,4
BRDA:20,16,3,0
BRDA:20,16,4,0
BRDA:20,16,5,4
BRDA:26,17,0,4
BRDA:26,17,1,0
BRDA:26,18,0,4
BRDA:26,18,1,4
BRDA:26,18,2,3
BRDA:26,19,0,4
BRDA:26,19,1,0
BRDA:27,20,0,0
BRDA:27,20,1,0
BRDA:27,21,0,0
BRDA:27,21,1,0
BRDA:27,21,2,0
BRDA:27,21,3,0
BRDA:28,22,0,0
BRDA:28,22,1,0
BRDA:28,23,0,0
BRDA:28,23,1,0
BRDA:29,24,0,0
BRDA:29,24,1,0
BRDA:29,25,0,0
BRDA:29,25,1,0
BRDA:30,26,0,0
BRDA:30,26,1,0
BRDA:35,27,0,1
BRDA:35,27,1,3
BRDA:35,28,0,3
BRDA:35,28,1,0
BRDA:38,29,0,7
BRDA:38,29,1,7
BRDA:38,29,2,7
BRDA:39,30,0,7
BRDA:39,30,1,0
BRDA:39,31,0,7
BRDA:39,31,1,7
BRDA:48,32,0,1
BRDA:48,32,1,1
BRDA:62,33,0,1
BRDA:62,33,1,1
BRDA:76,34,0,1
BRDA:76,34,1,1
BRDA:92,35,0,1
BRDA:92,35,1,1
BRF:83
BRH:47
end_of_record
TN:
SF:dist\services\teacher.js
FN:2,(anonymous_0)
FN:3,adopt
FN:3,(anonymous_2)
FN:4,(anonymous_3)
FN:5,fulfilled
FN:6,rejected
FN:7,step
FN:11,(anonymous_7)
FN:12,(anonymous_8)
FN:13,(anonymous_9)
FN:14,verb
FN:14,(anonymous_11)
FN:15,step
FN:38,(anonymous_13)
FN:44,getTeacher
FN:45,(anonymous_15)
FN:47,(anonymous_16)
FN:58,getStudentByTeacherId
FN:59,(anonymous_18)
FN:61,(anonymous_19)
FN:72,addTeacher
FN:73,(anonymous_21)
FN:75,(anonymous_22)
FNF:23
FNH:21
FNDA:4,(anonymous_0)
FNDA:4,adopt
FNDA:0,(anonymous_2)
FNDA:4,(anonymous_3)
FNDA:2,fulfilled
FNDA:2,rejected
FNDA:6,step
FNDA:4,(anonymous_7)
FNDA:4,(anonymous_8)
FNDA:0,(anonymous_9)
FNDA:12,verb
FNDA:8,(anonymous_11)
FNDA:8,step
FNDA:7,(anonymous_13)
FNDA:1,getTeacher
FNDA:1,(anonymous_15)
FNDA:2,(anonymous_16)
FNDA:1,getStudentByTeacherId
FNDA:1,(anonymous_18)
FNDA:2,(anonymous_19)
FNDA:2,addTeacher
FNDA:2,(anonymous_21)
FNDA:4,(anonymous_22)
DA:2,7
DA:3,4
DA:4,4
DA:5,2
DA:6,2
DA:7,6
DA:8,4
DA:11,7
DA:12,4
DA:13,4
DA:14,12
DA:16,8
DA:17,16
DA:18,16
DA:19,16
DA:20,16
DA:21,8
DA:22,4
DA:23,0
DA:24,0
DA:26,4
DA:27,0
DA:28,0
DA:29,0
DA:30,0
DA:31,0
DA:33,8
DA:34,16
DA:35,4
DA:38,7
DA:39,7
DA:41,7
DA:42,7
DA:43,7
DA:45,1
DA:47,1
DA:48,2
DA:49,1
DA:51,1
DA:52,1
DA:57,7
DA:59,1
DA:61,1
DA:62,2
DA:63,1
DA:65,1
DA:66,1
DA:71,7
DA:73,2
DA:75,2
DA:76,4
DA:78,2
DA:79,2
DA:81,2
DA:82,0
DA:87,7
LF:56
LH:48
BRDA:2,0,0,7
BRDA:2,0,1,7
BRDA:2,0,2,7
BRDA:3,1,0,4
BRDA:3,1,1,0
BRDA:4,2,0,4
BRDA:4,2,1,4
BRDA:7,3,0,2
BRDA:7,3,1,4
BRDA:8,4,0,4
BRDA:8,4,1,4
BRDA:11,5,0,7
BRDA:11,5,1,7
BRDA:11,5,2,7
BRDA:12,6,0,2
BRDA:12,6,1,2
BRDA:13,7,0,4
BRDA:13,7,1,4
BRDA:16,8,0,0
BRDA:16,8,1,8
BRDA:18,9,0,0
BRDA:18,9,1,16
BRDA:18,10,0,16
BRDA:18,10,1,0
BRDA:18,10,2,0
BRDA:18,11,0,0
BRDA:18,11,1,0
BRDA:18,12,0,0
BRDA:18,12,1,0
BRDA:18,13,0,0
BRDA:18,13,1,0
BRDA:18,14,0,0
BRDA:18,14,1,0
BRDA:19,15,0,0
BRDA:19,15,1,16
BRDA:20,16,0,6
BRDA:20,16,1,8
BRDA:20,16,2,4
BRDA:20,16,3,0
BRDA:20,16,4,0
BRDA:20,16,5,4
BRDA:26,17,0,4
BRDA:26,17,1,0
BRDA:26,18,0,4
BRDA:26,18,1,4
BRDA:26,18,2,2
BRDA:26,19,0,4
BRDA:26,19,1,0
BRDA:27,20,0,0
BRDA:27,20,1,0
BRDA:27,21,0,0
BRDA:27,21,1,0
BRDA:27,21,2,0
BRDA:27,21,3,0
BRDA:28,22,0,0
BRDA:28,22,1,0
BRDA:28,23,0,0
BRDA:28,23,1,0
BRDA:29,24,0,0
BRDA:29,24,1,0
BRDA:29,25,0,0
BRDA:29,25,1,0
BRDA:30,26,0,0
BRDA:30,26,1,0
BRDA:35,27,0,2
BRDA:35,27,1,2
BRDA:35,28,0,2
BRDA:35,28,1,0
BRDA:38,29,0,7
BRDA:38,29,1,7
BRDA:38,29,2,7
BRDA:39,30,0,7
BRDA:39,30,1,0
BRDA:39,31,0,7
BRDA:39,31,1,7
BRDA:48,32,0,1
BRDA:48,32,1,1
BRDA:62,33,0,1
BRDA:62,33,1,1
BRDA:76,34,0,2
BRDA:76,34,1,2
BRF:81
BRH:45
end_of_record
