{"E:\\work folder\\schoolapplication\\freshers-june2021\\sujit\\PostgreAssignment\\src\\app\\index.ts": {"path":"E:\\work folder\\schoolapplication\\freshers-june2021\\sujit\\PostgreAssignment\\src\\app\\index.ts","statementMap":{"0":{"start":{"line":1,"column":12},"end":{"line":1,"column":26}},"1":{"start":{"line":2,"column":19},"end":{"line":2,"column":44}},"2":{"start":{"line":3,"column":0},"end":{"line":3,"column":41}},"3":{"start":{"line":4,"column":0},"end":{"line":4,"column":46}},"4":{"start":{"line":7,"column":13},"end":{"line":7,"column":null}},"5":{"start":{"line":9,"column":0},"end":{"line":9,"column":null}},"6":{"start":{"line":10,"column":0},"end":{"line":13,"column":null}},"7":{"start":{"line":11,"column":4},"end":{"line":11,"column":null}},"8":{"start":{"line":12,"column":4},"end":{"line":12,"column":null}},"9":{"start":{"line":15,"column":27},"end":{"line":25,"column":1}},"10":{"start":{"line":16,"column":4},"end":{"line":23,"column":null}},"11":{"start":{"line":17,"column":8},"end":{"line":17,"column":null}},"12":{"start":{"line":18,"column":8},"end":{"line":18,"column":null}},"13":{"start":{"line":19,"column":8},"end":{"line":19,"column":null}},"14":{"start":{"line":22,"column":8},"end":{"line":22,"column":null}},"15":{"start":{"line":15,"column":13},"end":{"line":15,"column":27}}},"fnMap":{"0":{"name":"(anonymous_0)","decl":{"start":{"line":10,"column":8},"end":{"line":10,"column":13}},"loc":{"start":{"line":10,"column":27},"end":{"line":13,"column":1}}},"1":{"name":"(anonymous_1)","decl":{"start":{"line":15,"column":27},"end":{"line":15,"column":32}},"loc":{"start":{"line":15,"column":38},"end":{"line":25,"column":1}}}},"branchMap":{},"s":{"0":8,"1":8,"2":8,"3":8,"4":8,"5":8,"6":8,"7":1,"8":1,"9":8,"10":0,"11":0,"12":0,"13":0,"14":0,"15":8},"f":{"0":1,"1":0},"b":{}}
,"E:\\work folder\\schoolapplication\\freshers-june2021\\sujit\\PostgreAssignment\\src\\config\\config.ts": {"path":"E:\\work folder\\schoolapplication\\freshers-june2021\\sujit\\PostgreAssignment\\src\\config\\config.ts","statementMap":{"0":{"start":{"line":1,"column":0},"end":{"line":1,"column":28}},"1":{"start":{"line":2,"column":0},"end":{"line":2,"column":22}},"2":{"start":{"line":3,"column":0},"end":{"line":3,"column":24}},"3":{"start":{"line":5,"column":0},"end":{"line":5,"column":60}},"4":{"start":{"line":8,"column":22},"end":{"line":15,"column":12}},"5":{"start":{"line":17,"column":36},"end":{"line":17,"column":71}},"6":{"start":{"line":18,"column":2},"end":{"line":21,"column":4}},"7":{"start":{"line":20,"column":4},"end":{"line":20,"column":35}},"8":{"start":{"line":23,"column":2},"end":{"line":29,"column":4}}},"fnMap":{},"branchMap":{"0":{"loc":{"start":{"line":18,"column":2},"end":{"line":21,"column":4}},"type":"if","locations":[{"start":{"line":18,"column":2},"end":{"line":21,"column":4}},{"start":{"line":18,"column":2},"end":{"line":21,"column":4}}]}},"s":{"0":8,"1":8,"2":8,"3":8,"4":8,"5":8,"6":8,"7":0,"8":8},"f":{},"b":{"0":[0,8]}}
,"E:\\work folder\\schoolapplication\\freshers-june2021\\sujit\\PostgreAssignment\\src\\controller\\classes.ts": {"path":"E:\\work folder\\schoolapplication\\freshers-june2021\\sujit\\PostgreAssignment\\src\\controller\\classes.ts","statementMap":{"0":{"start":{"line":2,"column":0},"end":{"line":2,"column":51}},"1":{"start":{"line":3,"column":0},"end":{"line":3,"column":46}},"2":{"start":{"line":4,"column":0},"end":{"line":4,"column":56}},"3":{"start":{"line":5,"column":0},"end":{"line":5,"column":62}},"4":{"start":{"line":13,"column":34},"end":{"line":36,"column":1}},"5":{"start":{"line":15,"column":26},"end":{"line":15,"column":52}},"6":{"start":{"line":16,"column":4},"end":{"line":35,"column":null}},"7":{"start":{"line":17,"column":8},"end":{"line":17,"column":null}},"8":{"start":{"line":18,"column":8},"end":{"line":18,"column":null}},"9":{"start":{"line":21,"column":8},"end":{"line":33,"column":null}},"10":{"start":{"line":22,"column":22},"end":{"line":22,"column":76}},"11":{"start":{"line":23,"column":12},"end":{"line":27,"column":null}},"12":{"start":{"line":24,"column":16},"end":{"line":24,"column":null}},"13":{"start":{"line":25,"column":16},"end":{"line":25,"column":null}},"14":{"start":{"line":26,"column":16},"end":{"line":26,"column":22}},"15":{"start":{"line":28,"column":12},"end":{"line":28,"column":null}},"16":{"start":{"line":29,"column":12},"end":{"line":29,"column":null}},"17":{"start":{"line":31,"column":12},"end":{"line":31,"column":null}},"18":{"start":{"line":32,"column":12},"end":{"line":32,"column":null}},"19":{"start":{"line":13,"column":13},"end":{"line":13,"column":34}},"20":{"start":{"line":38,"column":34},"end":{"line":49,"column":1}},"21":{"start":{"line":39,"column":24},"end":{"line":39,"column":40}},"22":{"start":{"line":40,"column":4},"end":{"line":48,"column":null}},"23":{"start":{"line":41,"column":8},"end":{"line":41,"column":null}},"24":{"start":{"line":42,"column":18},"end":{"line":42,"column":60}},"25":{"start":{"line":43,"column":8},"end":{"line":43,"column":null}},"26":{"start":{"line":44,"column":8},"end":{"line":44,"column":null}},"27":{"start":{"line":46,"column":8},"end":{"line":46,"column":null}},"28":{"start":{"line":47,"column":8},"end":{"line":47,"column":null}},"29":{"start":{"line":38,"column":13},"end":{"line":38,"column":34}}},"fnMap":{"0":{"name":"(anonymous_6)","decl":{"start":{"line":13,"column":34},"end":{"line":13,"column":39}},"loc":{"start":{"line":13,"column":53},"end":{"line":36,"column":1}}},"1":{"name":"(anonymous_7)","decl":{"start":{"line":38,"column":34},"end":{"line":38,"column":39}},"loc":{"start":{"line":38,"column":53},"end":{"line":49,"column":1}}}},"branchMap":{"0":{"loc":{"start":{"line":16,"column":4},"end":{"line":35,"column":null}},"type":"if","locations":[{"start":{"line":16,"column":4},"end":{"line":35,"column":null}},{"start":{"line":16,"column":4},"end":{"line":35,"column":null}}]},"1":{"loc":{"start":{"line":16,"column":8},"end":{"line":16,"column":34}},"type":"binary-expr","locations":[{"start":{"line":16,"column":8},"end":{"line":16,"column":34}},{"start":{"line":16,"column":38},"end":{"line":16,"column":69}}]},"2":{"loc":{"start":{"line":23,"column":12},"end":{"line":27,"column":null}},"type":"if","locations":[{"start":{"line":23,"column":12},"end":{"line":27,"column":null}},{"start":{"line":23,"column":12},"end":{"line":27,"column":null}}]}},"s":{"0":8,"1":8,"2":8,"3":8,"4":8,"5":3,"6":3,"7":0,"8":0,"9":3,"10":3,"11":2,"12":1,"13":1,"14":1,"15":1,"16":1,"17":1,"18":1,"19":8,"20":8,"21":2,"22":2,"23":2,"24":1,"25":1,"26":1,"27":1,"28":1,"29":8},"f":{"0":3,"1":2},"b":{"0":[0,3],"1":[3,3],"2":[1,1]}}
,"E:\\work folder\\schoolapplication\\freshers-june2021\\sujit\\PostgreAssignment\\src\\controller\\marks.ts": {"path":"E:\\work folder\\schoolapplication\\freshers-june2021\\sujit\\PostgreAssignment\\src\\controller\\marks.ts","statementMap":{"0":{"start":{"line":2,"column":0},"end":{"line":2,"column":49}},"1":{"start":{"line":3,"column":0},"end":{"line":3,"column":42}},"2":{"start":{"line":4,"column":0},"end":{"line":4,"column":56}},"3":{"start":{"line":5,"column":0},"end":{"line":5,"column":62}},"4":{"start":{"line":14,"column":35},"end":{"line":39,"column":1}},"5":{"start":{"line":16,"column":25},"end":{"line":16,"column":45}},"6":{"start":{"line":17,"column":4},"end":{"line":38,"column":null}},"7":{"start":{"line":18,"column":8},"end":{"line":18,"column":null}},"8":{"start":{"line":19,"column":8},"end":{"line":19,"column":null}},"9":{"start":{"line":22,"column":8},"end":{"line":36,"column":null}},"10":{"start":{"line":23,"column":22},"end":{"line":23,"column":71}},"11":{"start":{"line":24,"column":12},"end":{"line":28,"column":null}},"12":{"start":{"line":25,"column":16},"end":{"line":25,"column":null}},"13":{"start":{"line":26,"column":16},"end":{"line":26,"column":null}},"14":{"start":{"line":27,"column":16},"end":{"line":27,"column":22}},"15":{"start":{"line":29,"column":12},"end":{"line":29,"column":null}},"16":{"start":{"line":30,"column":12},"end":{"line":30,"column":null}},"17":{"start":{"line":33,"column":12},"end":{"line":33,"column":null}},"18":{"start":{"line":34,"column":12},"end":{"line":34,"column":null}},"19":{"start":{"line":14,"column":13},"end":{"line":14,"column":35}},"20":{"start":{"line":41,"column":31},"end":{"line":66,"column":1}},"21":{"start":{"line":43,"column":26},"end":{"line":43,"column":46}},"22":{"start":{"line":44,"column":32},"end":{"line":44,"column":58}},"23":{"start":{"line":45,"column":4},"end":{"line":64,"column":null}},"24":{"start":{"line":46,"column":8},"end":{"line":46,"column":null}},"25":{"start":{"line":47,"column":8},"end":{"line":47,"column":null}},"26":{"start":{"line":49,"column":8},"end":{"line":62,"column":null}},"27":{"start":{"line":50,"column":22},"end":{"line":50,"column":86}},"28":{"start":{"line":51,"column":12},"end":{"line":55,"column":null}},"29":{"start":{"line":52,"column":16},"end":{"line":52,"column":null}},"30":{"start":{"line":53,"column":16},"end":{"line":53,"column":null}},"31":{"start":{"line":54,"column":16},"end":{"line":54,"column":22}},"32":{"start":{"line":56,"column":12},"end":{"line":56,"column":null}},"33":{"start":{"line":57,"column":12},"end":{"line":57,"column":null}},"34":{"start":{"line":60,"column":12},"end":{"line":60,"column":null}},"35":{"start":{"line":61,"column":12},"end":{"line":61,"column":null}},"36":{"start":{"line":41,"column":13},"end":{"line":41,"column":31}},"37":{"start":{"line":68,"column":24},"end":{"line":83,"column":1}},"38":{"start":{"line":69,"column":23},"end":{"line":69,"column":39}},"39":{"start":{"line":71,"column":4},"end":{"line":79,"column":null}},"40":{"start":{"line":72,"column":8},"end":{"line":72,"column":null}},"41":{"start":{"line":73,"column":18},"end":{"line":73,"column":50}},"42":{"start":{"line":74,"column":8},"end":{"line":74,"column":null}},"43":{"start":{"line":75,"column":8},"end":{"line":75,"column":null}},"44":{"start":{"line":77,"column":8},"end":{"line":77,"column":null}},"45":{"start":{"line":78,"column":8},"end":{"line":78,"column":null}},"46":{"start":{"line":68,"column":13},"end":{"line":68,"column":24}},"47":{"start":{"line":85,"column":29},"end":{"line":109,"column":1}},"48":{"start":{"line":86,"column":32},"end":{"line":86,"column":59}},"49":{"start":{"line":88,"column":4},"end":{"line":108,"column":null}},"50":{"start":{"line":89,"column":8},"end":{"line":89,"column":null}},"51":{"start":{"line":90,"column":8},"end":{"line":90,"column":null}},"52":{"start":{"line":93,"column":8},"end":{"line":106,"column":null}},"53":{"start":{"line":94,"column":22},"end":{"line":94,"column":72}},"54":{"start":{"line":95,"column":12},"end":{"line":99,"column":null}},"55":{"start":{"line":96,"column":16},"end":{"line":96,"column":null}},"56":{"start":{"line":97,"column":16},"end":{"line":97,"column":null}},"57":{"start":{"line":98,"column":16},"end":{"line":98,"column":22}},"58":{"start":{"line":100,"column":12},"end":{"line":100,"column":null}},"59":{"start":{"line":101,"column":12},"end":{"line":101,"column":null}},"60":{"start":{"line":104,"column":12},"end":{"line":104,"column":null}},"61":{"start":{"line":105,"column":12},"end":{"line":105,"column":null}},"62":{"start":{"line":85,"column":13},"end":{"line":85,"column":29}},"63":{"start":{"line":110,"column":27},"end":{"line":122,"column":1}},"64":{"start":{"line":111,"column":14},"end":{"line":111,"column":30}},"65":{"start":{"line":113,"column":4},"end":{"line":121,"column":null}},"66":{"start":{"line":114,"column":8},"end":{"line":114,"column":null}},"67":{"start":{"line":115,"column":18},"end":{"line":115,"column":53}},"68":{"start":{"line":116,"column":8},"end":{"line":116,"column":null}},"69":{"start":{"line":117,"column":8},"end":{"line":117,"column":null}},"70":{"start":{"line":119,"column":8},"end":{"line":119,"column":null}},"71":{"start":{"line":120,"column":8},"end":{"line":120,"column":null}},"72":{"start":{"line":110,"column":13},"end":{"line":110,"column":27}}},"fnMap":{"0":{"name":"(anonymous_6)","decl":{"start":{"line":14,"column":35},"end":{"line":14,"column":40}},"loc":{"start":{"line":14,"column":54},"end":{"line":39,"column":1}}},"1":{"name":"(anonymous_7)","decl":{"start":{"line":41,"column":31},"end":{"line":41,"column":36}},"loc":{"start":{"line":41,"column":50},"end":{"line":66,"column":1}}},"2":{"name":"(anonymous_8)","decl":{"start":{"line":68,"column":24},"end":{"line":68,"column":29}},"loc":{"start":{"line":68,"column":43},"end":{"line":83,"column":1}}},"3":{"name":"(anonymous_9)","decl":{"start":{"line":85,"column":29},"end":{"line":85,"column":34}},"loc":{"start":{"line":85,"column":48},"end":{"line":109,"column":1}}},"4":{"name":"(anonymous_10)","decl":{"start":{"line":110,"column":27},"end":{"line":110,"column":32}},"loc":{"start":{"line":110,"column":46},"end":{"line":122,"column":1}}}},"branchMap":{"0":{"loc":{"start":{"line":17,"column":4},"end":{"line":38,"column":null}},"type":"if","locations":[{"start":{"line":17,"column":4},"end":{"line":38,"column":null}},{"start":{"line":17,"column":4},"end":{"line":38,"column":null}}]},"1":{"loc":{"start":{"line":17,"column":8},"end":{"line":17,"column":28}},"type":"binary-expr","locations":[{"start":{"line":17,"column":8},"end":{"line":17,"column":28}},{"start":{"line":17,"column":32},"end":{"line":17,"column":57}}]},"2":{"loc":{"start":{"line":24,"column":12},"end":{"line":28,"column":null}},"type":"if","locations":[{"start":{"line":24,"column":12},"end":{"line":28,"column":null}},{"start":{"line":24,"column":12},"end":{"line":28,"column":null}}]},"3":{"loc":{"start":{"line":45,"column":4},"end":{"line":64,"column":null}},"type":"if","locations":[{"start":{"line":45,"column":4},"end":{"line":64,"column":null}},{"start":{"line":45,"column":4},"end":{"line":64,"column":null}}]},"4":{"loc":{"start":{"line":45,"column":8},"end":{"line":45,"column":29}},"type":"binary-expr","locations":[{"start":{"line":45,"column":8},"end":{"line":45,"column":29}},{"start":{"line":45,"column":33},"end":{"line":45,"column":60}},{"start":{"line":45,"column":64},"end":{"line":45,"column":90}},{"start":{"line":45,"column":94},"end":{"line":45,"column":126}}]},"5":{"loc":{"start":{"line":51,"column":12},"end":{"line":55,"column":null}},"type":"if","locations":[{"start":{"line":51,"column":12},"end":{"line":55,"column":null}},{"start":{"line":51,"column":12},"end":{"line":55,"column":null}}]},"6":{"loc":{"start":{"line":88,"column":4},"end":{"line":108,"column":null}},"type":"if","locations":[{"start":{"line":88,"column":4},"end":{"line":108,"column":null}},{"start":{"line":88,"column":4},"end":{"line":108,"column":null}}]},"7":{"loc":{"start":{"line":88,"column":8},"end":{"line":88,"column":35}},"type":"binary-expr","locations":[{"start":{"line":88,"column":8},"end":{"line":88,"column":35}},{"start":{"line":88,"column":39},"end":{"line":88,"column":71}}]},"8":{"loc":{"start":{"line":95,"column":12},"end":{"line":99,"column":null}},"type":"if","locations":[{"start":{"line":95,"column":12},"end":{"line":99,"column":null}},{"start":{"line":95,"column":12},"end":{"line":99,"column":null}}]}},"s":{"0":8,"1":8,"2":8,"3":8,"4":8,"5":3,"6":3,"7":1,"8":1,"9":2,"10":2,"11":2,"12":1,"13":1,"14":1,"15":1,"16":1,"17":0,"18":0,"19":8,"20":8,"21":4,"22":4,"23":4,"24":1,"25":1,"26":3,"27":3,"28":2,"29":1,"30":1,"31":1,"32":1,"33":1,"34":1,"35":1,"36":8,"37":8,"38":2,"39":2,"40":2,"41":1,"42":1,"43":1,"44":1,"45":1,"46":8,"47":8,"48":3,"49":3,"50":1,"51":1,"52":2,"53":2,"54":2,"55":1,"56":1,"57":1,"58":1,"59":1,"60":0,"61":0,"62":8,"63":8,"64":2,"65":2,"66":2,"67":1,"68":1,"69":1,"70":1,"71":1,"72":8},"f":{"0":3,"1":4,"2":2,"3":3,"4":2},"b":{"0":[1,2],"1":[3,2],"2":[1,1],"3":[1,3],"4":[4,3,3,3],"5":[1,1],"6":[1,2],"7":[3,2],"8":[1,1]}}
,"E:\\work folder\\schoolapplication\\freshers-june2021\\sujit\\PostgreAssignment\\src\\controller\\sechdule.ts": {"path":"E:\\work folder\\schoolapplication\\freshers-june2021\\sujit\\PostgreAssignment\\src\\controller\\sechdule.ts","statementMap":{"0":{"start":{"line":2,"column":0},"end":{"line":2,"column":55}},"1":{"start":{"line":3,"column":0},"end":{"line":3,"column":48}},"2":{"start":{"line":4,"column":0},"end":{"line":4,"column":56}},"3":{"start":{"line":5,"column":0},"end":{"line":5,"column":62}},"4":{"start":{"line":13,"column":34},"end":{"line":35,"column":1}},"5":{"start":{"line":15,"column":23},"end":{"line":15,"column":41}},"6":{"start":{"line":16,"column":4},"end":{"line":34,"column":null}},"7":{"start":{"line":17,"column":8},"end":{"line":17,"column":null}},"8":{"start":{"line":18,"column":8},"end":{"line":18,"column":null}},"9":{"start":{"line":21,"column":8},"end":{"line":33,"column":null}},"10":{"start":{"line":22,"column":22},"end":{"line":22,"column":71}},"11":{"start":{"line":23,"column":12},"end":{"line":27,"column":null}},"12":{"start":{"line":24,"column":16},"end":{"line":24,"column":null}},"13":{"start":{"line":25,"column":16},"end":{"line":25,"column":null}},"14":{"start":{"line":26,"column":16},"end":{"line":26,"column":22}},"15":{"start":{"line":28,"column":12},"end":{"line":28,"column":null}},"16":{"start":{"line":29,"column":12},"end":{"line":29,"column":null}},"17":{"start":{"line":31,"column":12},"end":{"line":31,"column":null}},"18":{"start":{"line":32,"column":12},"end":{"line":32,"column":null}},"19":{"start":{"line":13,"column":13},"end":{"line":13,"column":34}},"20":{"start":{"line":37,"column":27},"end":{"line":50,"column":1}},"21":{"start":{"line":38,"column":25},"end":{"line":38,"column":41}},"22":{"start":{"line":39,"column":4},"end":{"line":48,"column":null}},"23":{"start":{"line":40,"column":8},"end":{"line":40,"column":null}},"24":{"start":{"line":41,"column":18},"end":{"line":41,"column":56}},"25":{"start":{"line":42,"column":8},"end":{"line":42,"column":null}},"26":{"start":{"line":43,"column":8},"end":{"line":43,"column":null}},"27":{"start":{"line":46,"column":8},"end":{"line":46,"column":null}},"28":{"start":{"line":47,"column":8},"end":{"line":47,"column":null}},"29":{"start":{"line":37,"column":13},"end":{"line":37,"column":27}}},"fnMap":{"0":{"name":"(anonymous_6)","decl":{"start":{"line":13,"column":34},"end":{"line":13,"column":39}},"loc":{"start":{"line":13,"column":53},"end":{"line":35,"column":1}}},"1":{"name":"(anonymous_7)","decl":{"start":{"line":37,"column":27},"end":{"line":37,"column":32}},"loc":{"start":{"line":37,"column":46},"end":{"line":50,"column":1}}}},"branchMap":{"0":{"loc":{"start":{"line":16,"column":4},"end":{"line":34,"column":null}},"type":"if","locations":[{"start":{"line":16,"column":4},"end":{"line":34,"column":null}},{"start":{"line":16,"column":4},"end":{"line":34,"column":null}}]},"1":{"loc":{"start":{"line":16,"column":8},"end":{"line":16,"column":26}},"type":"binary-expr","locations":[{"start":{"line":16,"column":8},"end":{"line":16,"column":26}},{"start":{"line":16,"column":30},"end":{"line":16,"column":53}}]},"2":{"loc":{"start":{"line":23,"column":12},"end":{"line":27,"column":null}},"type":"if","locations":[{"start":{"line":23,"column":12},"end":{"line":27,"column":null}},{"start":{"line":23,"column":12},"end":{"line":27,"column":null}}]}},"s":{"0":8,"1":8,"2":8,"3":8,"4":8,"5":3,"6":3,"7":1,"8":1,"9":2,"10":2,"11":1,"12":0,"13":0,"14":0,"15":1,"16":1,"17":1,"18":1,"19":8,"20":8,"21":2,"22":2,"23":2,"24":1,"25":1,"26":1,"27":1,"28":1,"29":8},"f":{"0":3,"1":2},"b":{"0":[1,2],"1":[3,2],"2":[0,1]}}
,"E:\\work folder\\schoolapplication\\freshers-june2021\\sujit\\PostgreAssignment\\src\\controller\\standards.ts": {"path":"E:\\work folder\\schoolapplication\\freshers-june2021\\sujit\\PostgreAssignment\\src\\controller\\standards.ts","statementMap":{"0":{"start":{"line":2,"column":0},"end":{"line":2,"column":56}},"1":{"start":{"line":3,"column":0},"end":{"line":3,"column":48}},"2":{"start":{"line":4,"column":0},"end":{"line":4,"column":56}},"3":{"start":{"line":5,"column":0},"end":{"line":5,"column":62}},"4":{"start":{"line":11,"column":27},"end":{"line":20,"column":1}},"5":{"start":{"line":12,"column":4},"end":{"line":18,"column":null}},"6":{"start":{"line":13,"column":18},"end":{"line":13,"column":53}},"7":{"start":{"line":14,"column":8},"end":{"line":14,"column":null}},"8":{"start":{"line":16,"column":8},"end":{"line":16,"column":null}},"9":{"start":{"line":17,"column":8},"end":{"line":17,"column":null}},"10":{"start":{"line":11,"column":13},"end":{"line":11,"column":27}},"11":{"start":{"line":22,"column":27},"end":{"line":35,"column":1}},"12":{"start":{"line":23,"column":25},"end":{"line":23,"column":41}},"13":{"start":{"line":25,"column":4},"end":{"line":34,"column":null}},"14":{"start":{"line":26,"column":8},"end":{"line":26,"column":null}},"15":{"start":{"line":27,"column":18},"end":{"line":27,"column":56}},"16":{"start":{"line":28,"column":8},"end":{"line":28,"column":null}},"17":{"start":{"line":29,"column":8},"end":{"line":29,"column":null}},"18":{"start":{"line":32,"column":8},"end":{"line":32,"column":null}},"19":{"start":{"line":33,"column":8},"end":{"line":33,"column":null}},"20":{"start":{"line":22,"column":13},"end":{"line":22,"column":27}}},"fnMap":{"0":{"name":"(anonymous_6)","decl":{"start":{"line":11,"column":27},"end":{"line":11,"column":32}},"loc":{"start":{"line":11,"column":46},"end":{"line":20,"column":1}}},"1":{"name":"(anonymous_7)","decl":{"start":{"line":22,"column":27},"end":{"line":22,"column":32}},"loc":{"start":{"line":22,"column":46},"end":{"line":35,"column":1}}}},"branchMap":{},"s":{"0":8,"1":8,"2":8,"3":8,"4":8,"5":1,"6":1,"7":1,"8":0,"9":0,"10":8,"11":8,"12":2,"13":2,"14":2,"15":1,"16":1,"17":1,"18":1,"19":1,"20":8},"f":{"0":1,"1":2},"b":{}}
,"E:\\work folder\\schoolapplication\\freshers-june2021\\sujit\\PostgreAssignment\\src\\controller\\students.ts": {"path":"E:\\work folder\\schoolapplication\\freshers-june2021\\sujit\\PostgreAssignment\\src\\controller\\students.ts","statementMap":{"0":{"start":{"line":2,"column":0},"end":{"line":2,"column":54}},"1":{"start":{"line":3,"column":0},"end":{"line":3,"column":48}},"2":{"start":{"line":4,"column":0},"end":{"line":4,"column":52}},"3":{"start":{"line":5,"column":0},"end":{"line":5,"column":56}},"4":{"start":{"line":6,"column":0},"end":{"line":6,"column":62}},"5":{"start":{"line":23,"column":27},"end":{"line":37,"column":1}},"6":{"start":{"line":24,"column":33},"end":{"line":24,"column":50}},"7":{"start":{"line":25,"column":4},"end":{"line":35,"column":null}},"8":{"start":{"line":26,"column":8},"end":{"line":26,"column":null}},"9":{"start":{"line":27,"column":18},"end":{"line":27,"column":61}},"10":{"start":{"line":28,"column":8},"end":{"line":28,"column":null}},"11":{"start":{"line":29,"column":8},"end":{"line":29,"column":null}},"12":{"start":{"line":32,"column":8},"end":{"line":32,"column":null}},"13":{"start":{"line":33,"column":8},"end":{"line":33,"column":null}},"14":{"start":{"line":23,"column":13},"end":{"line":23,"column":27}},"15":{"start":{"line":39,"column":37},"end":{"line":63,"column":1}},"16":{"start":{"line":40,"column":25},"end":{"line":40,"column":45}},"17":{"start":{"line":41,"column":4},"end":{"line":61,"column":null}},"18":{"start":{"line":42,"column":8},"end":{"line":42,"column":null}},"19":{"start":{"line":43,"column":8},"end":{"line":43,"column":null}},"20":{"start":{"line":46,"column":8},"end":{"line":59,"column":null}},"21":{"start":{"line":47,"column":22},"end":{"line":47,"column":76}},"22":{"start":{"line":48,"column":12},"end":{"line":52,"column":null}},"23":{"start":{"line":49,"column":16},"end":{"line":49,"column":null}},"24":{"start":{"line":50,"column":16},"end":{"line":50,"column":null}},"25":{"start":{"line":51,"column":16},"end":{"line":51,"column":22}},"26":{"start":{"line":53,"column":12},"end":{"line":53,"column":null}},"27":{"start":{"line":54,"column":12},"end":{"line":54,"column":null}},"28":{"start":{"line":57,"column":12},"end":{"line":57,"column":null}},"29":{"start":{"line":58,"column":12},"end":{"line":58,"column":null}},"30":{"start":{"line":39,"column":13},"end":{"line":39,"column":37}},"31":{"start":{"line":65,"column":38},"end":{"line":91,"column":1}},"32":{"start":{"line":67,"column":25},"end":{"line":67,"column":45}},"33":{"start":{"line":69,"column":4},"end":{"line":88,"column":null}},"34":{"start":{"line":70,"column":8},"end":{"line":70,"column":null}},"35":{"start":{"line":71,"column":8},"end":{"line":71,"column":null}},"36":{"start":{"line":73,"column":8},"end":{"line":86,"column":null}},"37":{"start":{"line":74,"column":22},"end":{"line":74,"column":76}},"38":{"start":{"line":75,"column":12},"end":{"line":79,"column":null}},"39":{"start":{"line":76,"column":16},"end":{"line":76,"column":null}},"40":{"start":{"line":77,"column":16},"end":{"line":77,"column":null}},"41":{"start":{"line":78,"column":16},"end":{"line":78,"column":22}},"42":{"start":{"line":80,"column":12},"end":{"line":80,"column":null}},"43":{"start":{"line":81,"column":12},"end":{"line":81,"column":null}},"44":{"start":{"line":84,"column":12},"end":{"line":84,"column":null}},"45":{"start":{"line":85,"column":12},"end":{"line":85,"column":null}},"46":{"start":{"line":65,"column":13},"end":{"line":65,"column":38}},"47":{"start":{"line":93,"column":36},"end":{"line":116,"column":1}},"48":{"start":{"line":96,"column":27},"end":{"line":96,"column":49}},"49":{"start":{"line":98,"column":4},"end":{"line":115,"column":null}},"50":{"start":{"line":99,"column":8},"end":{"line":99,"column":null}},"51":{"start":{"line":100,"column":8},"end":{"line":100,"column":null}},"52":{"start":{"line":102,"column":8},"end":{"line":114,"column":null}},"53":{"start":{"line":103,"column":22},"end":{"line":103,"column":76}},"54":{"start":{"line":104,"column":12},"end":{"line":108,"column":null}},"55":{"start":{"line":105,"column":16},"end":{"line":105,"column":null}},"56":{"start":{"line":106,"column":16},"end":{"line":106,"column":null}},"57":{"start":{"line":107,"column":16},"end":{"line":107,"column":22}},"58":{"start":{"line":109,"column":12},"end":{"line":109,"column":null}},"59":{"start":{"line":110,"column":12},"end":{"line":110,"column":null}},"60":{"start":{"line":113,"column":12},"end":{"line":113,"column":null}},"61":{"start":{"line":93,"column":13},"end":{"line":93,"column":36}},"62":{"start":{"line":118,"column":27},"end":{"line":131,"column":1}},"63":{"start":{"line":119,"column":24},"end":{"line":119,"column":40}},"64":{"start":{"line":120,"column":4},"end":{"line":128,"column":null}},"65":{"start":{"line":121,"column":8},"end":{"line":121,"column":null}},"66":{"start":{"line":122,"column":18},"end":{"line":122,"column":55}},"67":{"start":{"line":123,"column":8},"end":{"line":123,"column":null}},"68":{"start":{"line":124,"column":8},"end":{"line":124,"column":null}},"69":{"start":{"line":126,"column":8},"end":{"line":126,"column":null}},"70":{"start":{"line":127,"column":8},"end":{"line":127,"column":null}},"71":{"start":{"line":118,"column":13},"end":{"line":118,"column":27}}},"fnMap":{"0":{"name":"(anonymous_6)","decl":{"start":{"line":23,"column":27},"end":{"line":23,"column":32}},"loc":{"start":{"line":23,"column":46},"end":{"line":37,"column":1}}},"1":{"name":"(anonymous_7)","decl":{"start":{"line":39,"column":37},"end":{"line":39,"column":42}},"loc":{"start":{"line":39,"column":56},"end":{"line":63,"column":1}}},"2":{"name":"(anonymous_8)","decl":{"start":{"line":65,"column":38},"end":{"line":65,"column":43}},"loc":{"start":{"line":65,"column":57},"end":{"line":91,"column":1}}},"3":{"name":"(anonymous_9)","decl":{"start":{"line":93,"column":36},"end":{"line":93,"column":41}},"loc":{"start":{"line":93,"column":55},"end":{"line":116,"column":1}}},"4":{"name":"(anonymous_10)","decl":{"start":{"line":118,"column":27},"end":{"line":118,"column":32}},"loc":{"start":{"line":118,"column":46},"end":{"line":131,"column":1}}}},"branchMap":{"0":{"loc":{"start":{"line":41,"column":4},"end":{"line":61,"column":null}},"type":"if","locations":[{"start":{"line":41,"column":4},"end":{"line":61,"column":null}},{"start":{"line":41,"column":4},"end":{"line":61,"column":null}}]},"1":{"loc":{"start":{"line":41,"column":8},"end":{"line":41,"column":28}},"type":"binary-expr","locations":[{"start":{"line":41,"column":8},"end":{"line":41,"column":28}},{"start":{"line":41,"column":32},"end":{"line":41,"column":57}}]},"2":{"loc":{"start":{"line":48,"column":12},"end":{"line":52,"column":null}},"type":"if","locations":[{"start":{"line":48,"column":12},"end":{"line":52,"column":null}},{"start":{"line":48,"column":12},"end":{"line":52,"column":null}}]},"3":{"loc":{"start":{"line":69,"column":4},"end":{"line":88,"column":null}},"type":"if","locations":[{"start":{"line":69,"column":4},"end":{"line":88,"column":null}},{"start":{"line":69,"column":4},"end":{"line":88,"column":null}}]},"4":{"loc":{"start":{"line":69,"column":8},"end":{"line":69,"column":28}},"type":"binary-expr","locations":[{"start":{"line":69,"column":8},"end":{"line":69,"column":28}},{"start":{"line":69,"column":32},"end":{"line":69,"column":57}}]},"5":{"loc":{"start":{"line":75,"column":12},"end":{"line":79,"column":null}},"type":"if","locations":[{"start":{"line":75,"column":12},"end":{"line":79,"column":null}},{"start":{"line":75,"column":12},"end":{"line":79,"column":null}}]},"6":{"loc":{"start":{"line":98,"column":4},"end":{"line":115,"column":null}},"type":"if","locations":[{"start":{"line":98,"column":4},"end":{"line":115,"column":null}},{"start":{"line":98,"column":4},"end":{"line":115,"column":null}}]},"7":{"loc":{"start":{"line":98,"column":8},"end":{"line":98,"column":30}},"type":"binary-expr","locations":[{"start":{"line":98,"column":8},"end":{"line":98,"column":30}},{"start":{"line":98,"column":34},"end":{"line":98,"column":61}}]},"8":{"loc":{"start":{"line":104,"column":12},"end":{"line":108,"column":null}},"type":"if","locations":[{"start":{"line":104,"column":12},"end":{"line":108,"column":null}},{"start":{"line":104,"column":12},"end":{"line":108,"column":null}}]}},"s":{"0":8,"1":8,"2":8,"3":8,"4":8,"5":8,"6":2,"7":2,"8":2,"9":1,"10":1,"11":1,"12":1,"13":1,"14":8,"15":8,"16":4,"17":4,"18":1,"19":1,"20":3,"21":3,"22":2,"23":1,"24":1,"25":1,"26":1,"27":1,"28":1,"29":1,"30":8,"31":8,"32":4,"33":4,"34":1,"35":1,"36":3,"37":3,"38":2,"39":1,"40":1,"41":1,"42":1,"43":1,"44":1,"45":1,"46":8,"47":8,"48":3,"49":3,"50":1,"51":1,"52":2,"53":2,"54":2,"55":1,"56":1,"57":1,"58":1,"59":1,"60":0,"61":8,"62":8,"63":2,"64":2,"65":2,"66":1,"67":1,"68":1,"69":1,"70":1,"71":8},"f":{"0":2,"1":4,"2":4,"3":3,"4":2},"b":{"0":[1,3],"1":[4,3],"2":[1,1],"3":[1,3],"4":[4,3],"5":[1,1],"6":[1,2],"7":[3,2],"8":[1,1]}}
,"E:\\work folder\\schoolapplication\\freshers-june2021\\sujit\\PostgreAssignment\\src\\controller\\subjects.ts": {"path":"E:\\work folder\\schoolapplication\\freshers-june2021\\sujit\\PostgreAssignment\\src\\controller\\subjects.ts","statementMap":{"0":{"start":{"line":2,"column":0},"end":{"line":2,"column":53}},"1":{"start":{"line":3,"column":0},"end":{"line":3,"column":48}},"2":{"start":{"line":4,"column":0},"end":{"line":4,"column":56}},"3":{"start":{"line":5,"column":0},"end":{"line":5,"column":62}},"4":{"start":{"line":12,"column":27},"end":{"line":22,"column":1}},"5":{"start":{"line":13,"column":4},"end":{"line":20,"column":null}},"6":{"start":{"line":14,"column":18},"end":{"line":14,"column":52}},"7":{"start":{"line":15,"column":8},"end":{"line":15,"column":null}},"8":{"start":{"line":16,"column":8},"end":{"line":16,"column":null}},"9":{"start":{"line":18,"column":8},"end":{"line":18,"column":null}},"10":{"start":{"line":19,"column":8},"end":{"line":19,"column":null}},"11":{"start":{"line":12,"column":13},"end":{"line":12,"column":27}},"12":{"start":{"line":24,"column":27},"end":{"line":36,"column":1}},"13":{"start":{"line":25,"column":24},"end":{"line":25,"column":40}},"14":{"start":{"line":26,"column":4},"end":{"line":34,"column":null}},"15":{"start":{"line":27,"column":8},"end":{"line":27,"column":null}},"16":{"start":{"line":28,"column":18},"end":{"line":28,"column":55}},"17":{"start":{"line":29,"column":8},"end":{"line":29,"column":null}},"18":{"start":{"line":30,"column":8},"end":{"line":30,"column":null}},"19":{"start":{"line":32,"column":8},"end":{"line":32,"column":null}},"20":{"start":{"line":33,"column":8},"end":{"line":33,"column":null}},"21":{"start":{"line":24,"column":13},"end":{"line":24,"column":27}}},"fnMap":{"0":{"name":"(anonymous_6)","decl":{"start":{"line":12,"column":27},"end":{"line":12,"column":32}},"loc":{"start":{"line":12,"column":46},"end":{"line":22,"column":1}}},"1":{"name":"(anonymous_7)","decl":{"start":{"line":24,"column":27},"end":{"line":24,"column":32}},"loc":{"start":{"line":24,"column":46},"end":{"line":36,"column":1}}}},"branchMap":{},"s":{"0":8,"1":8,"2":8,"3":8,"4":8,"5":1,"6":1,"7":1,"8":1,"9":0,"10":0,"11":8,"12":8,"13":2,"14":2,"15":2,"16":1,"17":1,"18":1,"19":1,"20":1,"21":8},"f":{"0":1,"1":2},"b":{}}
,"E:\\work folder\\schoolapplication\\freshers-june2021\\sujit\\PostgreAssignment\\src\\controller\\teachers.ts": {"path":"E:\\work folder\\schoolapplication\\freshers-june2021\\sujit\\PostgreAssignment\\src\\controller\\teachers.ts","statementMap":{"0":{"start":{"line":2,"column":0},"end":{"line":2,"column":54}},"1":{"start":{"line":3,"column":0},"end":{"line":3,"column":48}},"2":{"start":{"line":4,"column":0},"end":{"line":4,"column":56}},"3":{"start":{"line":5,"column":0},"end":{"line":5,"column":62}},"4":{"start":{"line":15,"column":27},"end":{"line":24,"column":1}},"5":{"start":{"line":16,"column":4},"end":{"line":22,"column":null}},"6":{"start":{"line":17,"column":18},"end":{"line":17,"column":52}},"7":{"start":{"line":18,"column":8},"end":{"line":18,"column":null}},"8":{"start":{"line":20,"column":8},"end":{"line":20,"column":null}},"9":{"start":{"line":21,"column":8},"end":{"line":21,"column":null}},"10":{"start":{"line":15,"column":13},"end":{"line":15,"column":27}},"11":{"start":{"line":26,"column":30},"end":{"line":47,"column":1}},"12":{"start":{"line":27,"column":25},"end":{"line":27,"column":45}},"13":{"start":{"line":28,"column":4},"end":{"line":46,"column":null}},"14":{"start":{"line":29,"column":8},"end":{"line":29,"column":null}},"15":{"start":{"line":30,"column":8},"end":{"line":30,"column":null}},"16":{"start":{"line":33,"column":8},"end":{"line":45,"column":null}},"17":{"start":{"line":34,"column":22},"end":{"line":34,"column":68}},"18":{"start":{"line":35,"column":12},"end":{"line":39,"column":null}},"19":{"start":{"line":36,"column":16},"end":{"line":36,"column":null}},"20":{"start":{"line":37,"column":16},"end":{"line":37,"column":null}},"21":{"start":{"line":38,"column":16},"end":{"line":38,"column":22}},"22":{"start":{"line":40,"column":12},"end":{"line":40,"column":null}},"23":{"start":{"line":41,"column":12},"end":{"line":41,"column":null}},"24":{"start":{"line":43,"column":12},"end":{"line":43,"column":null}},"25":{"start":{"line":44,"column":12},"end":{"line":44,"column":null}},"26":{"start":{"line":26,"column":13},"end":{"line":26,"column":30}},"27":{"start":{"line":49,"column":27},"end":{"line":62,"column":1}},"28":{"start":{"line":50,"column":24},"end":{"line":50,"column":40}},"29":{"start":{"line":52,"column":4},"end":{"line":61,"column":null}},"30":{"start":{"line":53,"column":8},"end":{"line":53,"column":null}},"31":{"start":{"line":54,"column":18},"end":{"line":54,"column":55}},"32":{"start":{"line":55,"column":8},"end":{"line":55,"column":null}},"33":{"start":{"line":56,"column":8},"end":{"line":56,"column":null}},"34":{"start":{"line":59,"column":8},"end":{"line":59,"column":null}},"35":{"start":{"line":60,"column":8},"end":{"line":60,"column":null}},"36":{"start":{"line":49,"column":13},"end":{"line":49,"column":27}}},"fnMap":{"0":{"name":"(anonymous_6)","decl":{"start":{"line":15,"column":27},"end":{"line":15,"column":32}},"loc":{"start":{"line":15,"column":46},"end":{"line":24,"column":1}}},"1":{"name":"(anonymous_7)","decl":{"start":{"line":26,"column":30},"end":{"line":26,"column":35}},"loc":{"start":{"line":26,"column":49},"end":{"line":47,"column":1}}},"2":{"name":"(anonymous_8)","decl":{"start":{"line":49,"column":27},"end":{"line":49,"column":32}},"loc":{"start":{"line":49,"column":46},"end":{"line":62,"column":1}}}},"branchMap":{"0":{"loc":{"start":{"line":28,"column":4},"end":{"line":46,"column":null}},"type":"if","locations":[{"start":{"line":28,"column":4},"end":{"line":46,"column":null}},{"start":{"line":28,"column":4},"end":{"line":46,"column":null}}]},"1":{"loc":{"start":{"line":28,"column":8},"end":{"line":28,"column":28}},"type":"binary-expr","locations":[{"start":{"line":28,"column":8},"end":{"line":28,"column":28}},{"start":{"line":28,"column":32},"end":{"line":28,"column":57}}]},"2":{"loc":{"start":{"line":35,"column":12},"end":{"line":39,"column":null}},"type":"if","locations":[{"start":{"line":35,"column":12},"end":{"line":39,"column":null}},{"start":{"line":35,"column":12},"end":{"line":39,"column":null}}]}},"s":{"0":8,"1":8,"2":8,"3":8,"4":8,"5":1,"6":1,"7":1,"8":0,"9":0,"10":8,"11":8,"12":4,"13":4,"14":1,"15":1,"16":3,"17":3,"18":2,"19":1,"20":1,"21":1,"22":1,"23":1,"24":1,"25":1,"26":8,"27":8,"28":2,"29":2,"30":2,"31":1,"32":1,"33":1,"34":1,"35":1,"36":8},"f":{"0":1,"1":4,"2":2},"b":{"0":[1,3],"1":[4,3],"2":[1,1]}}
,"E:\\work folder\\schoolapplication\\freshers-june2021\\sujit\\PostgreAssignment\\src\\customoutput\\dataoutput.ts": {"path":"E:\\work folder\\schoolapplication\\freshers-june2021\\sujit\\PostgreAssignment\\src\\customoutput\\dataoutput.ts","statementMap":{"0":{"start":{"line":1,"column":26},"end":{"line":6,"column":1}},"1":{"start":{"line":2,"column":4},"end":{"line":5,"column":null}},"2":{"start":{"line":1,"column":13},"end":{"line":1,"column":26}}},"fnMap":{"0":{"name":"(anonymous_0)","decl":{"start":{"line":1,"column":26},"end":{"line":1,"column":27}},"loc":{"start":{"line":1,"column":58},"end":{"line":6,"column":1}}}},"branchMap":{},"s":{"0":8,"1":13,"2":8},"f":{"0":13},"b":{}}
,"E:\\work folder\\schoolapplication\\freshers-june2021\\sujit\\PostgreAssignment\\src\\customoutput\\messageoutput.ts": {"path":"E:\\work folder\\schoolapplication\\freshers-june2021\\sujit\\PostgreAssignment\\src\\customoutput\\messageoutput.ts","statementMap":{"0":{"start":{"line":1,"column":27},"end":{"line":8,"column":1}},"1":{"start":{"line":2,"column":4},"end":{"line":7,"column":null}},"2":{"start":{"line":3,"column":8},"end":{"line":3,"column":null}},"3":{"start":{"line":5,"column":8},"end":{"line":6,"column":null}},"4":{"start":{"line":1,"column":13},"end":{"line":1,"column":27}},"5":{"start":{"line":10,"column":29},"end":{"line":17,"column":1}},"6":{"start":{"line":11,"column":4},"end":{"line":16,"column":null}},"7":{"start":{"line":12,"column":8},"end":{"line":12,"column":null}},"8":{"start":{"line":14,"column":8},"end":{"line":15,"column":null}},"9":{"start":{"line":10,"column":13},"end":{"line":10,"column":29}}},"fnMap":{"0":{"name":"(anonymous_0)","decl":{"start":{"line":1,"column":27},"end":{"line":1,"column":28}},"loc":{"start":{"line":1,"column":71},"end":{"line":8,"column":1}}},"1":{"name":"(anonymous_1)","decl":{"start":{"line":10,"column":29},"end":{"line":10,"column":30}},"loc":{"start":{"line":10,"column":68},"end":{"line":17,"column":1}}}},"branchMap":{"0":{"loc":{"start":{"line":2,"column":4},"end":{"line":7,"column":null}},"type":"if","locations":[{"start":{"line":2,"column":4},"end":{"line":7,"column":null}},{"start":{"line":2,"column":4},"end":{"line":7,"column":null}}]},"1":{"loc":{"start":{"line":11,"column":4},"end":{"line":16,"column":null}},"type":"if","locations":[{"start":{"line":11,"column":4},"end":{"line":16,"column":null}},{"start":{"line":11,"column":4},"end":{"line":16,"column":null}}]}},"s":{"0":8,"1":23,"2":0,"3":23,"4":8,"5":8,"6":16,"7":0,"8":16,"9":8},"f":{"0":23,"1":16},"b":{"0":[0,23],"1":[0,16]}}
,"E:\\work folder\\schoolapplication\\freshers-june2021\\sujit\\PostgreAssignment\\src\\database\\clientdb.ts": {"path":"E:\\work folder\\schoolapplication\\freshers-june2021\\sujit\\PostgreAssignment\\src\\database\\clientdb.ts","statementMap":{"0":{"start":{"line":1,"column":17},"end":{"line":1,"column":30}},"1":{"start":{"line":2,"column":15},"end":{"line":2,"column":42}},"2":{"start":{"line":4,"column":13},"end":{"line":13,"column":null}},"3":{"start":{"line":15,"column":0},"end":{"line":17,"column":null}},"4":{"start":{"line":16,"column":4},"end":{"line":16,"column":null}},"5":{"start":{"line":21,"column":4},"end":{"line":25,"column":null}},"6":{"start":{"line":22,"column":8},"end":{"line":22,"column":null}},"7":{"start":{"line":24,"column":8},"end":{"line":24,"column":null}},"8":{"start":{"line":20,"column":0},"end":{"line":20,"column":7}},"9":{"start":{"line":31,"column":4},"end":{"line":36,"column":null}},"10":{"start":{"line":32,"column":21},"end":{"line":32,"column":50}},"11":{"start":{"line":33,"column":8},"end":{"line":33,"column":null}},"12":{"start":{"line":35,"column":8},"end":{"line":35,"column":28}},"13":{"start":{"line":30,"column":0},"end":{"line":30,"column":7}}},"fnMap":{"0":{"name":"(anonymous_0)","decl":{"start":{"line":15,"column":17},"end":{"line":15,"column":27}},"loc":{"start":{"line":15,"column":50},"end":{"line":17,"column":1}}},"1":{"name":"setPath","decl":{"start":{"line":20,"column":22},"end":{"line":20,"column":29}},"loc":{"start":{"line":20,"column":29},"end":{"line":27,"column":1}}},"2":{"name":"query","decl":{"start":{"line":30,"column":22},"end":{"line":30,"column":27}},"loc":{"start":{"line":30,"column":47},"end":{"line":38,"column":1}}}},"branchMap":{},"s":{"0":8,"1":8,"2":8,"3":8,"4":0,"5":8,"6":8,"7":0,"8":8,"9":35,"10":35,"11":29,"12":6,"13":8},"f":{"0":0,"1":8,"2":35},"b":{}}
,"E:\\work folder\\schoolapplication\\freshers-june2021\\sujit\\PostgreAssignment\\src\\helper\\hclasses.ts": {"path":"E:\\work folder\\schoolapplication\\freshers-june2021\\sujit\\PostgreAssignment\\src\\helper\\hclasses.ts","statementMap":{"0":{"start":{"line":1,"column":0},"end":{"line":1,"column":22}},"1":{"start":{"line":3,"column":18},"end":{"line":3,"column":97}},"2":{"start":{"line":4,"column":13},"end":{"line":7,"column":null}}},"fnMap":{},"branchMap":{},"s":{"0":8,"1":8,"2":8},"f":{},"b":{}}
,"E:\\work folder\\schoolapplication\\freshers-june2021\\sujit\\PostgreAssignment\\src\\helper\\hmarks.ts": {"path":"E:\\work folder\\schoolapplication\\freshers-june2021\\sujit\\PostgreAssignment\\src\\helper\\hmarks.ts","statementMap":{"0":{"start":{"line":1,"column":0},"end":{"line":1,"column":22}},"1":{"start":{"line":3,"column":18},"end":{"line":3,"column":97}},"2":{"start":{"line":5,"column":13},"end":{"line":10,"column":null}}},"fnMap":{},"branchMap":{},"s":{"0":8,"1":8,"2":8},"f":{},"b":{}}
,"E:\\work folder\\schoolapplication\\freshers-june2021\\sujit\\PostgreAssignment\\src\\helper\\hpagination.ts": {"path":"E:\\work folder\\schoolapplication\\freshers-june2021\\sujit\\PostgreAssignment\\src\\helper\\hpagination.ts","statementMap":{"0":{"start":{"line":1,"column":0},"end":{"line":1,"column":22}},"1":{"start":{"line":3,"column":13},"end":{"line":6,"column":null}}},"fnMap":{},"branchMap":{},"s":{"0":8,"1":8},"f":{},"b":{}}
,"E:\\work folder\\schoolapplication\\freshers-june2021\\sujit\\PostgreAssignment\\src\\helper\\hsechdule.ts": {"path":"E:\\work folder\\schoolapplication\\freshers-june2021\\sujit\\PostgreAssignment\\src\\helper\\hsechdule.ts","statementMap":{"0":{"start":{"line":1,"column":0},"end":{"line":1,"column":22}},"1":{"start":{"line":3,"column":18},"end":{"line":3,"column":97}},"2":{"start":{"line":5,"column":13},"end":{"line":10,"column":null}}},"fnMap":{},"branchMap":{},"s":{"0":8,"1":8,"2":8},"f":{},"b":{}}
,"E:\\work folder\\schoolapplication\\freshers-june2021\\sujit\\PostgreAssignment\\src\\helper\\hstandard.ts": {"path":"E:\\work folder\\schoolapplication\\freshers-june2021\\sujit\\PostgreAssignment\\src\\helper\\hstandard.ts","statementMap":{"0":{"start":{"line":1,"column":0},"end":{"line":1,"column":22}},"1":{"start":{"line":3,"column":13},"end":{"line":5,"column":null}}},"fnMap":{},"branchMap":{},"s":{"0":8,"1":8},"f":{},"b":{}}
,"E:\\work folder\\schoolapplication\\freshers-june2021\\sujit\\PostgreAssignment\\src\\helper\\hstudents.ts": {"path":"E:\\work folder\\schoolapplication\\freshers-june2021\\sujit\\PostgreAssignment\\src\\helper\\hstudents.ts","statementMap":{"0":{"start":{"line":1,"column":0},"end":{"line":1,"column":22}},"1":{"start":{"line":3,"column":16},"end":{"line":3,"column":34}},"2":{"start":{"line":4,"column":13},"end":{"line":14,"column":null}},"3":{"start":{"line":8,"column":8},"end":{"line":12,"column":null}},"4":{"start":{"line":9,"column":12},"end":{"line":9,"column":null}},"5":{"start":{"line":11,"column":12},"end":{"line":11,"column":null}},"6":{"start":{"line":18,"column":4},"end":{"line":18,"column":32}}},"fnMap":{"0":{"name":"(anonymous_1)","decl":{"start":{"line":7,"column":35},"end":{"line":7,"column":36}},"loc":{"start":{"line":7,"column":53},"end":{"line":13,"column":5}}},"1":{"name":"between","decl":{"start":{"line":17,"column":9},"end":{"line":17,"column":16}},"loc":{"start":{"line":17,"column":52},"end":{"line":19,"column":1}}}},"branchMap":{"0":{"loc":{"start":{"line":8,"column":8},"end":{"line":12,"column":null}},"type":"if","locations":[{"start":{"line":8,"column":8},"end":{"line":12,"column":null}},{"start":{"line":8,"column":8},"end":{"line":12,"column":null}}]},"1":{"loc":{"start":{"line":8,"column":12},"end":{"line":8,"column":52}},"type":"binary-expr","locations":[{"start":{"line":8,"column":12},"end":{"line":8,"column":52}},{"start":{"line":8,"column":56},"end":{"line":8,"column":92}},{"start":{"line":8,"column":96},"end":{"line":8,"column":127}}]},"2":{"loc":{"start":{"line":18,"column":11},"end":{"line":18,"column":19}},"type":"binary-expr","locations":[{"start":{"line":18,"column":11},"end":{"line":18,"column":19}},{"start":{"line":18,"column":23},"end":{"line":18,"column":31}}]}},"s":{"0":8,"1":8,"2":8,"3":1,"4":1,"5":0,"6":3},"f":{"0":1,"1":3},"b":{"0":[1,0],"1":[1,1,1],"2":[3,3]}}
,"E:\\work folder\\schoolapplication\\freshers-june2021\\sujit\\PostgreAssignment\\src\\helper\\hsubjects.ts": {"path":"E:\\work folder\\schoolapplication\\freshers-june2021\\sujit\\PostgreAssignment\\src\\helper\\hsubjects.ts","statementMap":{"0":{"start":{"line":1,"column":0},"end":{"line":1,"column":22}},"1":{"start":{"line":3,"column":13},"end":{"line":5,"column":null}}},"fnMap":{},"branchMap":{},"s":{"0":8,"1":8},"f":{},"b":{}}
,"E:\\work folder\\schoolapplication\\freshers-june2021\\sujit\\PostgreAssignment\\src\\helper\\hteachers.ts": {"path":"E:\\work folder\\schoolapplication\\freshers-june2021\\sujit\\PostgreAssignment\\src\\helper\\hteachers.ts","statementMap":{"0":{"start":{"line":1,"column":0},"end":{"line":1,"column":22}},"1":{"start":{"line":3,"column":18},"end":{"line":3,"column":97}},"2":{"start":{"line":5,"column":13},"end":{"line":17,"column":null}},"3":{"start":{"line":11,"column":8},"end":{"line":15,"column":null}},"4":{"start":{"line":12,"column":12},"end":{"line":12,"column":null}},"5":{"start":{"line":14,"column":12},"end":{"line":14,"column":null}},"6":{"start":{"line":20,"column":4},"end":{"line":20,"column":32}}},"fnMap":{"0":{"name":"(anonymous_1)","decl":{"start":{"line":10,"column":32},"end":{"line":10,"column":33}},"loc":{"start":{"line":10,"column":50},"end":{"line":16,"column":5}}},"1":{"name":"between","decl":{"start":{"line":19,"column":9},"end":{"line":19,"column":16}},"loc":{"start":{"line":19,"column":52},"end":{"line":21,"column":1}}}},"branchMap":{"0":{"loc":{"start":{"line":11,"column":8},"end":{"line":15,"column":null}},"type":"if","locations":[{"start":{"line":11,"column":8},"end":{"line":15,"column":null}},{"start":{"line":11,"column":8},"end":{"line":15,"column":null}}]},"1":{"loc":{"start":{"line":11,"column":12},"end":{"line":11,"column":72}},"type":"binary-expr","locations":[{"start":{"line":11,"column":12},"end":{"line":11,"column":72}},{"start":{"line":11,"column":76},"end":{"line":11,"column":112}},{"start":{"line":11,"column":116},"end":{"line":11,"column":147}}]},"2":{"loc":{"start":{"line":20,"column":11},"end":{"line":20,"column":19}},"type":"binary-expr","locations":[{"start":{"line":20,"column":11},"end":{"line":20,"column":19}},{"start":{"line":20,"column":23},"end":{"line":20,"column":31}}]}},"s":{"0":8,"1":8,"2":8,"3":1,"4":1,"5":0,"6":3},"f":{"0":1,"1":3},"b":{"0":[1,0],"1":[1,1,1],"2":[3,3]}}
,"E:\\work folder\\schoolapplication\\freshers-june2021\\sujit\\PostgreAssignment\\src\\routes\\routes.ts": {"path":"E:\\work folder\\schoolapplication\\freshers-june2021\\sujit\\PostgreAssignment\\src\\routes\\routes.ts","statementMap":{"0":{"start":{"line":1,"column":12},"end":{"line":1,"column":26}},"1":{"start":{"line":2,"column":15},"end":{"line":2,"column":37}},"2":{"start":{"line":3,"column":19},"end":{"line":3,"column":44}},"3":{"start":{"line":4,"column":0},"end":{"line":4,"column":49}},"4":{"start":{"line":5,"column":0},"end":{"line":5,"column":49}},"5":{"start":{"line":6,"column":0},"end":{"line":6,"column":50}},"6":{"start":{"line":7,"column":0},"end":{"line":7,"column":50}},"7":{"start":{"line":8,"column":0},"end":{"line":8,"column":48}},"8":{"start":{"line":9,"column":0},"end":{"line":9,"column":44}},"9":{"start":{"line":10,"column":0},"end":{"line":10,"column":52}},"10":{"start":{"line":33,"column":13},"end":{"line":33,"column":null}},"11":{"start":{"line":37,"column":0},"end":{"line":37,"column":null}},"12":{"start":{"line":39,"column":0},"end":{"line":39,"column":null}},"13":{"start":{"line":41,"column":0},"end":{"line":41,"column":null}},"14":{"start":{"line":43,"column":0},"end":{"line":43,"column":null}},"15":{"start":{"line":45,"column":0},"end":{"line":45,"column":null}},"16":{"start":{"line":49,"column":0},"end":{"line":49,"column":null}},"17":{"start":{"line":51,"column":0},"end":{"line":51,"column":null}},"18":{"start":{"line":53,"column":0},"end":{"line":53,"column":null}},"19":{"start":{"line":57,"column":0},"end":{"line":57,"column":null}},"20":{"start":{"line":59,"column":0},"end":{"line":59,"column":null}},"21":{"start":{"line":63,"column":0},"end":{"line":63,"column":null}},"22":{"start":{"line":65,"column":0},"end":{"line":65,"column":null}},"23":{"start":{"line":69,"column":0},"end":{"line":69,"column":null}},"24":{"start":{"line":71,"column":0},"end":{"line":71,"column":null}},"25":{"start":{"line":75,"column":0},"end":{"line":75,"column":null}},"26":{"start":{"line":77,"column":0},"end":{"line":77,"column":null}},"27":{"start":{"line":79,"column":0},"end":{"line":79,"column":null}},"28":{"start":{"line":81,"column":0},"end":{"line":81,"column":null}},"29":{"start":{"line":83,"column":0},"end":{"line":83,"column":null}},"30":{"start":{"line":87,"column":0},"end":{"line":87,"column":null}},"31":{"start":{"line":89,"column":0},"end":{"line":89,"column":null}}},"fnMap":{},"branchMap":{},"s":{"0":8,"1":8,"2":8,"3":8,"4":8,"5":8,"6":8,"7":8,"8":8,"9":8,"10":8,"11":8,"12":8,"13":8,"14":8,"15":8,"16":8,"17":8,"18":8,"19":8,"20":8,"21":8,"22":8,"23":8,"24":8,"25":8,"26":8,"27":8,"28":8,"29":8,"30":8,"31":8},"f":{},"b":{}}
,"E:\\work folder\\schoolapplication\\freshers-june2021\\sujit\\PostgreAssignment\\src\\services\\classes.ts": {"path":"E:\\work folder\\schoolapplication\\freshers-june2021\\sujit\\PostgreAssignment\\src\\services\\classes.ts","statementMap":{"0":{"start":{"line":2,"column":0},"end":{"line":2,"column":44}},"1":{"start":{"line":5,"column":34},"end":{"line":14,"column":1}},"2":{"start":{"line":7,"column":4},"end":{"line":12,"column":null}},"3":{"start":{"line":8,"column":18},"end":{"line":8,"column":124}},"4":{"start":{"line":9,"column":8},"end":{"line":9,"column":null}},"5":{"start":{"line":11,"column":8},"end":{"line":11,"column":null}},"6":{"start":{"line":5,"column":13},"end":{"line":5,"column":34}},"7":{"start":{"line":16,"column":34},"end":{"line":27,"column":1}},"8":{"start":{"line":18,"column":4},"end":{"line":23,"column":null}},"9":{"start":{"line":19,"column":18},"end":{"line":19,"column":111}},"10":{"start":{"line":20,"column":8},"end":{"line":20,"column":null}},"11":{"start":{"line":22,"column":8},"end":{"line":22,"column":null}},"12":{"start":{"line":16,"column":13},"end":{"line":16,"column":34}}},"fnMap":{"0":{"name":"(anonymous_0)","decl":{"start":{"line":5,"column":34},"end":{"line":5,"column":39}},"loc":{"start":{"line":5,"column":65},"end":{"line":14,"column":1}}},"1":{"name":"(anonymous_1)","decl":{"start":{"line":16,"column":34},"end":{"line":16,"column":39}},"loc":{"start":{"line":16,"column":57},"end":{"line":27,"column":1}}}},"branchMap":{},"s":{"0":8,"1":8,"2":3,"3":3,"4":2,"5":1,"6":8,"7":8,"8":1,"9":1,"10":1,"11":0,"12":8},"f":{"0":3,"1":1},"b":{}}
,"E:\\work folder\\schoolapplication\\freshers-june2021\\sujit\\PostgreAssignment\\src\\services\\marks.ts": {"path":"E:\\work folder\\schoolapplication\\freshers-june2021\\sujit\\PostgreAssignment\\src\\services\\marks.ts","statementMap":{"0":{"start":{"line":1,"column":0},"end":{"line":1,"column":43}},"1":{"start":{"line":5,"column":35},"end":{"line":17,"column":1}},"2":{"start":{"line":7,"column":4},"end":{"line":15,"column":null}},"3":{"start":{"line":8,"column":18},"end":{"line":11,"column":50}},"4":{"start":{"line":12,"column":8},"end":{"line":12,"column":null}},"5":{"start":{"line":14,"column":8},"end":{"line":14,"column":null}},"6":{"start":{"line":5,"column":13},"end":{"line":5,"column":35}},"7":{"start":{"line":19,"column":31},"end":{"line":36,"column":1}},"8":{"start":{"line":21,"column":4},"end":{"line":31,"column":null}},"9":{"start":{"line":22,"column":18},"end":{"line":27,"column":17}},"10":{"start":{"line":28,"column":8},"end":{"line":28,"column":null}},"11":{"start":{"line":30,"column":8},"end":{"line":30,"column":null}},"12":{"start":{"line":19,"column":13},"end":{"line":19,"column":31}},"13":{"start":{"line":38,"column":24},"end":{"line":47,"column":1}},"14":{"start":{"line":40,"column":4},"end":{"line":45,"column":null}},"15":{"start":{"line":41,"column":18},"end":{"line":41,"column":145}},"16":{"start":{"line":42,"column":8},"end":{"line":42,"column":null}},"17":{"start":{"line":44,"column":8},"end":{"line":44,"column":null}},"18":{"start":{"line":38,"column":13},"end":{"line":38,"column":24}},"19":{"start":{"line":49,"column":29},"end":{"line":66,"column":1}},"20":{"start":{"line":51,"column":4},"end":{"line":63,"column":null}},"21":{"start":{"line":52,"column":18},"end":{"line":59,"column":41}},"22":{"start":{"line":60,"column":8},"end":{"line":60,"column":null}},"23":{"start":{"line":62,"column":8},"end":{"line":62,"column":null}},"24":{"start":{"line":49,"column":13},"end":{"line":49,"column":29}},"25":{"start":{"line":68,"column":27},"end":{"line":80,"column":1}},"26":{"start":{"line":70,"column":4},"end":{"line":79,"column":null}},"27":{"start":{"line":71,"column":18},"end":{"line":74,"column":48}},"28":{"start":{"line":76,"column":8},"end":{"line":76,"column":null}},"29":{"start":{"line":78,"column":8},"end":{"line":78,"column":null}},"30":{"start":{"line":68,"column":13},"end":{"line":68,"column":27}}},"fnMap":{"0":{"name":"(anonymous_0)","decl":{"start":{"line":5,"column":35},"end":{"line":5,"column":40}},"loc":{"start":{"line":5,"column":63},"end":{"line":17,"column":1}}},"1":{"name":"(anonymous_1)","decl":{"start":{"line":19,"column":31},"end":{"line":19,"column":36}},"loc":{"start":{"line":19,"column":88},"end":{"line":36,"column":1}}},"2":{"name":"(anonymous_2)","decl":{"start":{"line":38,"column":24},"end":{"line":38,"column":29}},"loc":{"start":{"line":38,"column":46},"end":{"line":47,"column":1}}},"3":{"name":"(anonymous_3)","decl":{"start":{"line":49,"column":29},"end":{"line":49,"column":34}},"loc":{"start":{"line":49,"column":64},"end":{"line":66,"column":1}}},"4":{"name":"(anonymous_4)","decl":{"start":{"line":68,"column":27},"end":{"line":68,"column":32}},"loc":{"start":{"line":68,"column":49},"end":{"line":80,"column":1}}}},"branchMap":{},"s":{"0":8,"1":8,"2":2,"3":2,"4":2,"5":0,"6":8,"7":8,"8":3,"9":3,"10":2,"11":1,"12":8,"13":8,"14":1,"15":1,"16":1,"17":0,"18":8,"19":8,"20":2,"21":2,"22":2,"23":0,"24":8,"25":8,"26":1,"27":1,"28":1,"29":0,"30":8},"f":{"0":2,"1":3,"2":1,"3":2,"4":1},"b":{}}
,"E:\\work folder\\schoolapplication\\freshers-june2021\\sujit\\PostgreAssignment\\src\\services\\sechdule.ts": {"path":"E:\\work folder\\schoolapplication\\freshers-june2021\\sujit\\PostgreAssignment\\src\\services\\sechdule.ts","statementMap":{"0":{"start":{"line":2,"column":0},"end":{"line":2,"column":44}},"1":{"start":{"line":6,"column":34},"end":{"line":15,"column":1}},"2":{"start":{"line":8,"column":4},"end":{"line":13,"column":null}},"3":{"start":{"line":9,"column":18},"end":{"line":9,"column":103}},"4":{"start":{"line":10,"column":8},"end":{"line":10,"column":null}},"5":{"start":{"line":12,"column":8},"end":{"line":12,"column":null}},"6":{"start":{"line":6,"column":13},"end":{"line":6,"column":34}},"7":{"start":{"line":17,"column":25},"end":{"line":26,"column":1}},"8":{"start":{"line":19,"column":4},"end":{"line":24,"column":null}},"9":{"start":{"line":20,"column":18},"end":{"line":20,"column":119}},"10":{"start":{"line":21,"column":8},"end":{"line":21,"column":null}},"11":{"start":{"line":23,"column":8},"end":{"line":23,"column":null}},"12":{"start":{"line":17,"column":11},"end":{"line":17,"column":25}}},"fnMap":{"0":{"name":"(anonymous_0)","decl":{"start":{"line":6,"column":34},"end":{"line":6,"column":39}},"loc":{"start":{"line":6,"column":57},"end":{"line":15,"column":1}}},"1":{"name":"(anonymous_1)","decl":{"start":{"line":17,"column":25},"end":{"line":17,"column":30}},"loc":{"start":{"line":17,"column":49},"end":{"line":26,"column":1}}}},"branchMap":{},"s":{"0":8,"1":8,"2":2,"3":2,"4":1,"5":1,"6":8,"7":8,"8":1,"9":1,"10":1,"11":0,"12":8},"f":{"0":2,"1":1},"b":{}}
,"E:\\work folder\\schoolapplication\\freshers-june2021\\sujit\\PostgreAssignment\\src\\services\\standards.ts": {"path":"E:\\work folder\\schoolapplication\\freshers-june2021\\sujit\\PostgreAssignment\\src\\services\\standards.ts","statementMap":{"0":{"start":{"line":2,"column":0},"end":{"line":2,"column":44}},"1":{"start":{"line":5,"column":27},"end":{"line":12,"column":1}},"2":{"start":{"line":6,"column":4},"end":{"line":11,"column":null}},"3":{"start":{"line":7,"column":18},"end":{"line":7,"column":81}},"4":{"start":{"line":8,"column":8},"end":{"line":8,"column":null}},"5":{"start":{"line":10,"column":8},"end":{"line":10,"column":null}},"6":{"start":{"line":5,"column":13},"end":{"line":5,"column":27}},"7":{"start":{"line":14,"column":27},"end":{"line":21,"column":1}},"8":{"start":{"line":15,"column":4},"end":{"line":20,"column":null}},"9":{"start":{"line":16,"column":18},"end":{"line":16,"column":94}},"10":{"start":{"line":17,"column":8},"end":{"line":17,"column":null}},"11":{"start":{"line":19,"column":8},"end":{"line":19,"column":null}},"12":{"start":{"line":14,"column":13},"end":{"line":14,"column":27}}},"fnMap":{"0":{"name":"(anonymous_0)","decl":{"start":{"line":5,"column":27},"end":{"line":5,"column":32}},"loc":{"start":{"line":5,"column":38},"end":{"line":12,"column":1}}},"1":{"name":"(anonymous_1)","decl":{"start":{"line":14,"column":27},"end":{"line":14,"column":32}},"loc":{"start":{"line":14,"column":51},"end":{"line":21,"column":1}}}},"branchMap":{},"s":{"0":8,"1":8,"2":1,"3":1,"4":1,"5":0,"6":8,"7":8,"8":1,"9":1,"10":1,"11":0,"12":8},"f":{"0":1,"1":1},"b":{}}
,"E:\\work folder\\schoolapplication\\freshers-june2021\\sujit\\PostgreAssignment\\src\\services\\students.ts": {"path":"E:\\work folder\\schoolapplication\\freshers-june2021\\sujit\\PostgreAssignment\\src\\services\\students.ts","statementMap":{"0":{"start":{"line":1,"column":0},"end":{"line":1,"column":44}},"1":{"start":{"line":4,"column":27},"end":{"line":14,"column":1}},"2":{"start":{"line":5,"column":16},"end":{"line":5,"column":30}},"3":{"start":{"line":6,"column":17},"end":{"line":6,"column":48}},"4":{"start":{"line":7,"column":4},"end":{"line":12,"column":null}},"5":{"start":{"line":8,"column":21},"end":{"line":8,"column":90}},"6":{"start":{"line":9,"column":8},"end":{"line":9,"column":null}},"7":{"start":{"line":11,"column":8},"end":{"line":11,"column":null}},"8":{"start":{"line":4,"column":13},"end":{"line":4,"column":27}},"9":{"start":{"line":16,"column":38},"end":{"line":25,"column":1}},"10":{"start":{"line":18,"column":4},"end":{"line":24,"column":null}},"11":{"start":{"line":19,"column":21},"end":{"line":20,"column":63}},"12":{"start":{"line":21,"column":8},"end":{"line":21,"column":null}},"13":{"start":{"line":23,"column":8},"end":{"line":23,"column":null}},"14":{"start":{"line":16,"column":13},"end":{"line":16,"column":38}},"15":{"start":{"line":27,"column":38},"end":{"line":43,"column":1}},"16":{"start":{"line":29,"column":4},"end":{"line":40,"column":null}},"17":{"start":{"line":30,"column":21},"end":{"line":36,"column":33}},"18":{"start":{"line":37,"column":8},"end":{"line":37,"column":null}},"19":{"start":{"line":39,"column":8},"end":{"line":39,"column":null}},"20":{"start":{"line":27,"column":13},"end":{"line":27,"column":38}},"21":{"start":{"line":45,"column":36},"end":{"line":61,"column":1}},"22":{"start":{"line":48,"column":4},"end":{"line":60,"column":null}},"23":{"start":{"line":49,"column":21},"end":{"line":56,"column":33}},"24":{"start":{"line":57,"column":8},"end":{"line":57,"column":null}},"25":{"start":{"line":59,"column":8},"end":{"line":59,"column":null}},"26":{"start":{"line":45,"column":13},"end":{"line":45,"column":36}},"27":{"start":{"line":63,"column":27},"end":{"line":72,"column":1}},"28":{"start":{"line":65,"column":4},"end":{"line":70,"column":null}},"29":{"start":{"line":66,"column":21},"end":{"line":66,"column":134}},"30":{"start":{"line":67,"column":8},"end":{"line":67,"column":null}},"31":{"start":{"line":69,"column":8},"end":{"line":69,"column":null}},"32":{"start":{"line":63,"column":13},"end":{"line":63,"column":27}}},"fnMap":{"0":{"name":"(anonymous_0)","decl":{"start":{"line":4,"column":27},"end":{"line":4,"column":32}},"loc":{"start":{"line":4,"column":60},"end":{"line":14,"column":1}}},"1":{"name":"(anonymous_1)","decl":{"start":{"line":16,"column":38},"end":{"line":16,"column":43}},"loc":{"start":{"line":16,"column":63},"end":{"line":25,"column":1}}},"2":{"name":"(anonymous_2)","decl":{"start":{"line":27,"column":38},"end":{"line":27,"column":43}},"loc":{"start":{"line":27,"column":63},"end":{"line":43,"column":1}}},"3":{"name":"(anonymous_3)","decl":{"start":{"line":45,"column":36},"end":{"line":45,"column":41}},"loc":{"start":{"line":45,"column":63},"end":{"line":61,"column":1}}},"4":{"name":"(anonymous_4)","decl":{"start":{"line":63,"column":27},"end":{"line":63,"column":32}},"loc":{"start":{"line":63,"column":51},"end":{"line":72,"column":1}}}},"branchMap":{},"s":{"0":8,"1":8,"2":1,"3":1,"4":1,"5":1,"6":1,"7":0,"8":8,"9":8,"10":3,"11":3,"12":2,"13":1,"14":8,"15":8,"16":3,"17":3,"18":2,"19":1,"20":8,"21":8,"22":2,"23":2,"24":2,"25":0,"26":8,"27":8,"28":1,"29":1,"30":1,"31":0,"32":8},"f":{"0":1,"1":3,"2":3,"3":2,"4":1},"b":{}}
,"E:\\work folder\\schoolapplication\\freshers-june2021\\sujit\\PostgreAssignment\\src\\services\\subject.ts": {"path":"E:\\work folder\\schoolapplication\\freshers-june2021\\sujit\\PostgreAssignment\\src\\services\\subject.ts","statementMap":{"0":{"start":{"line":2,"column":0},"end":{"line":2,"column":44}},"1":{"start":{"line":5,"column":28},"end":{"line":12,"column":1}},"2":{"start":{"line":6,"column":4},"end":{"line":11,"column":null}},"3":{"start":{"line":7,"column":18},"end":{"line":7,"column":79}},"4":{"start":{"line":8,"column":8},"end":{"line":8,"column":null}},"5":{"start":{"line":10,"column":8},"end":{"line":10,"column":null}},"6":{"start":{"line":5,"column":13},"end":{"line":5,"column":28}},"7":{"start":{"line":14,"column":28},"end":{"line":22,"column":1}},"8":{"start":{"line":16,"column":4},"end":{"line":21,"column":null}},"9":{"start":{"line":17,"column":18},"end":{"line":17,"column":88}},"10":{"start":{"line":18,"column":8},"end":{"line":18,"column":null}},"11":{"start":{"line":20,"column":8},"end":{"line":20,"column":null}},"12":{"start":{"line":14,"column":13},"end":{"line":14,"column":28}}},"fnMap":{"0":{"name":"(anonymous_0)","decl":{"start":{"line":5,"column":28},"end":{"line":5,"column":33}},"loc":{"start":{"line":5,"column":39},"end":{"line":12,"column":1}}},"1":{"name":"(anonymous_1)","decl":{"start":{"line":14,"column":28},"end":{"line":14,"column":33}},"loc":{"start":{"line":14,"column":51},"end":{"line":22,"column":1}}}},"branchMap":{},"s":{"0":8,"1":8,"2":1,"3":1,"4":1,"5":0,"6":8,"7":8,"8":1,"9":1,"10":1,"11":0,"12":8},"f":{"0":1,"1":1},"b":{}}
,"E:\\work folder\\schoolapplication\\freshers-june2021\\sujit\\PostgreAssignment\\src\\services\\teachers.ts": {"path":"E:\\work folder\\schoolapplication\\freshers-june2021\\sujit\\PostgreAssignment\\src\\services\\teachers.ts","statementMap":{"0":{"start":{"line":2,"column":0},"end":{"line":2,"column":44}},"1":{"start":{"line":5,"column":27},"end":{"line":14,"column":1}},"2":{"start":{"line":6,"column":4},"end":{"line":11,"column":null}},"3":{"start":{"line":7,"column":18},"end":{"line":7,"column":71}},"4":{"start":{"line":8,"column":8},"end":{"line":8,"column":null}},"5":{"start":{"line":10,"column":8},"end":{"line":10,"column":null}},"6":{"start":{"line":5,"column":13},"end":{"line":5,"column":27}},"7":{"start":{"line":16,"column":30},"end":{"line":27,"column":1}},"8":{"start":{"line":18,"column":4},"end":{"line":24,"column":null}},"9":{"start":{"line":19,"column":18},"end":{"line":20,"column":46}},"10":{"start":{"line":21,"column":8},"end":{"line":21,"column":null}},"11":{"start":{"line":23,"column":8},"end":{"line":23,"column":null}},"12":{"start":{"line":16,"column":13},"end":{"line":16,"column":30}},"13":{"start":{"line":29,"column":27},"end":{"line":38,"column":1}},"14":{"start":{"line":30,"column":4},"end":{"line":36,"column":null}},"15":{"start":{"line":31,"column":18},"end":{"line":32,"column":135}},"16":{"start":{"line":33,"column":8},"end":{"line":33,"column":null}},"17":{"start":{"line":35,"column":8},"end":{"line":35,"column":null}},"18":{"start":{"line":29,"column":13},"end":{"line":29,"column":27}}},"fnMap":{"0":{"name":"(anonymous_0)","decl":{"start":{"line":5,"column":27},"end":{"line":5,"column":32}},"loc":{"start":{"line":5,"column":38},"end":{"line":14,"column":1}}},"1":{"name":"(anonymous_1)","decl":{"start":{"line":16,"column":30},"end":{"line":16,"column":35}},"loc":{"start":{"line":16,"column":55},"end":{"line":27,"column":1}}},"2":{"name":"(anonymous_2)","decl":{"start":{"line":29,"column":27},"end":{"line":29,"column":32}},"loc":{"start":{"line":29,"column":50},"end":{"line":38,"column":1}}}},"branchMap":{},"s":{"0":8,"1":8,"2":1,"3":1,"4":1,"5":0,"6":8,"7":8,"8":3,"9":3,"10":2,"11":1,"12":8,"13":8,"14":1,"15":1,"16":1,"17":0,"18":8},"f":{"0":1,"1":3,"2":1},"b":{}}
}
