TN:
SF:src\app\index.ts
FN:10,(anonymous_0)
FN:15,(anonymous_1)
FNF:2
FNH:1
FNDA:1,(anonymous_0)
FNDA:0,(anonymous_1)
DA:1,8
DA:2,8
DA:3,8
DA:4,8
DA:7,8
DA:9,8
DA:10,8
DA:11,1
DA:12,1
DA:15,8
DA:16,0
DA:17,0
DA:18,0
DA:19,0
DA:22,0
LF:15
LH:10
BRF:0
BRH:0
end_of_record
TN:
SF:src\config\config.ts
FNF:0
FNH:0
DA:1,8
DA:2,8
DA:3,8
DA:5,8
DA:8,8
DA:17,8
DA:18,8
DA:20,0
DA:23,8
LF:9
LH:8
BRDA:18,0,0,0
BRDA:18,0,1,8
BRF:2
BRH:1
end_of_record
TN:
SF:src\controller\classes.ts
FN:13,(anonymous_6)
FN:38,(anonymous_7)
FNF:2
FNH:2
FNDA:3,(anonymous_6)
FNDA:2,(anonymous_7)
DA:2,8
DA:3,8
DA:4,8
DA:5,8
DA:13,8
DA:15,3
DA:16,3
DA:17,0
DA:18,0
DA:21,3
DA:22,3
DA:23,2
DA:24,1
DA:25,1
DA:26,1
DA:28,1
DA:29,1
DA:31,1
DA:32,1
DA:38,8
DA:39,2
DA:40,2
DA:41,2
DA:42,1
DA:43,1
DA:44,1
DA:46,1
DA:47,1
LF:28
LH:26
BRDA:16,0,0,0
BRDA:16,0,1,3
BRDA:16,1,0,3
BRDA:16,1,1,3
BRDA:23,2,0,1
BRDA:23,2,1,1
BRF:6
BRH:5
end_of_record
TN:
SF:src\controller\marks.ts
FN:14,(anonymous_6)
FN:40,(anonymous_7)
FN:67,(anonymous_8)
FN:84,(anonymous_9)
FN:109,(anonymous_10)
FNF:5
FNH:5
FNDA:2,(anonymous_6)
FNDA:2,(anonymous_7)
FNDA:1,(anonymous_8)
FNDA:1,(anonymous_9)
FNDA:1,(anonymous_10)
DA:2,8
DA:3,8
DA:4,8
DA:5,8
DA:14,8
DA:16,2
DA:17,2
DA:18,0
DA:19,0
DA:22,2
DA:23,2
DA:24,2
DA:25,1
DA:26,1
DA:27,1
DA:29,1
DA:30,1
DA:33,0
DA:40,8
DA:42,2
DA:43,2
DA:44,2
DA:45,0
DA:46,0
DA:48,2
DA:49,2
DA:50,1
DA:51,0
DA:52,0
DA:53,0
DA:55,1
DA:56,1
DA:59,1
DA:60,1
DA:67,8
DA:68,1
DA:70,1
DA:71,1
DA:72,1
DA:73,1
DA:74,1
DA:76,0
DA:77,0
DA:84,8
DA:85,1
DA:87,1
DA:88,0
DA:89,0
DA:92,1
DA:93,1
DA:94,1
DA:95,0
DA:96,0
DA:97,0
DA:99,1
DA:100,1
DA:103,0
DA:104,0
DA:109,8
DA:110,1
DA:112,1
DA:113,1
DA:114,1
DA:115,1
DA:116,1
DA:118,0
DA:119,0
LF:67
LH:48
BRDA:17,0,0,0
BRDA:17,0,1,2
BRDA:17,1,0,2
BRDA:17,1,1,2
BRDA:24,2,0,1
BRDA:24,2,1,1
BRDA:44,3,0,0
BRDA:44,3,1,2
BRDA:44,4,0,2
BRDA:44,4,1,2
BRDA:44,4,2,2
BRDA:44,4,3,2
BRDA:50,5,0,0
BRDA:50,5,1,1
BRDA:87,6,0,0
BRDA:87,6,1,1
BRDA:87,7,0,1
BRDA:87,7,1,1
BRDA:94,8,0,0
BRDA:94,8,1,1
BRF:20
BRH:15
end_of_record
TN:
SF:src\controller\sechdule.ts
FN:13,(anonymous_6)
FN:37,(anonymous_7)
FNF:2
FNH:2
FNDA:2,(anonymous_6)
FNDA:2,(anonymous_7)
DA:2,8
DA:3,8
DA:4,8
DA:5,8
DA:13,8
DA:15,2
DA:16,2
DA:17,0
DA:18,0
DA:21,2
DA:22,2
DA:23,1
DA:24,0
DA:25,0
DA:26,0
DA:28,1
DA:29,1
DA:31,1
DA:32,1
DA:37,8
DA:38,2
DA:39,2
DA:40,2
DA:41,1
DA:42,1
DA:43,1
DA:46,1
DA:47,1
LF:28
LH:23
BRDA:16,0,0,0
BRDA:16,0,1,2
BRDA:16,1,0,2
BRDA:16,1,1,2
BRDA:23,2,0,0
BRDA:23,2,1,1
BRF:6
BRH:4
end_of_record
TN:
SF:src\controller\standards.ts
FN:11,(anonymous_6)
FN:22,(anonymous_7)
FNF:2
FNH:2
FNDA:1,(anonymous_6)
FNDA:2,(anonymous_7)
DA:2,8
DA:3,8
DA:4,8
DA:5,8
DA:11,8
DA:12,1
DA:13,1
DA:14,1
DA:16,0
DA:17,0
DA:22,8
DA:23,2
DA:25,2
DA:26,2
DA:27,1
DA:28,1
DA:29,1
DA:32,1
DA:33,1
LF:19
LH:17
BRF:0
BRH:0
end_of_record
TN:
SF:src\controller\students.ts
FN:23,(anonymous_6)
FN:39,(anonymous_7)
FN:65,(anonymous_8)
FN:93,(anonymous_9)
FN:118,(anonymous_10)
FNF:5
FNH:5
FNDA:2,(anonymous_6)
FNDA:1,(anonymous_7)
FNDA:2,(anonymous_8)
FNDA:1,(anonymous_9)
FNDA:2,(anonymous_10)
DA:2,8
DA:3,8
DA:4,8
DA:5,8
DA:6,8
DA:23,8
DA:24,2
DA:25,2
DA:26,2
DA:27,1
DA:28,1
DA:29,1
DA:32,1
DA:33,1
DA:39,8
DA:40,1
DA:41,1
DA:42,0
DA:43,0
DA:46,1
DA:47,1
DA:48,1
DA:49,0
DA:50,0
DA:51,0
DA:53,1
DA:54,1
DA:57,0
DA:58,0
DA:65,8
DA:67,2
DA:69,2
DA:70,0
DA:71,0
DA:73,2
DA:74,2
DA:75,2
DA:76,1
DA:77,1
DA:78,1
DA:80,1
DA:81,1
DA:84,0
DA:85,0
DA:93,8
DA:96,1
DA:98,1
DA:99,0
DA:100,0
DA:102,1
DA:103,1
DA:104,1
DA:105,0
DA:106,0
DA:107,0
DA:109,1
DA:110,1
DA:113,0
DA:118,8
DA:119,2
DA:120,2
DA:121,2
DA:122,1
DA:123,1
DA:124,1
DA:126,1
DA:127,1
LF:67
LH:50
BRDA:41,0,0,0
BRDA:41,0,1,1
BRDA:41,1,0,1
BRDA:41,1,1,1
BRDA:48,2,0,0
BRDA:48,2,1,1
BRDA:69,3,0,0
BRDA:69,3,1,2
BRDA:69,4,0,2
BRDA:69,4,1,2
BRDA:75,5,0,1
BRDA:75,5,1,1
BRDA:98,6,0,0
BRDA:98,6,1,1
BRDA:98,7,0,1
BRDA:98,7,1,1
BRDA:104,8,0,0
BRDA:104,8,1,1
BRF:18
BRH:13
end_of_record
TN:
SF:src\controller\subjects.ts
FN:12,(anonymous_6)
FN:24,(anonymous_7)
FNF:2
FNH:2
FNDA:1,(anonymous_6)
FNDA:2,(anonymous_7)
DA:2,8
DA:3,8
DA:4,8
DA:5,8
DA:12,8
DA:13,1
DA:14,1
DA:15,1
DA:16,1
DA:18,0
DA:19,0
DA:24,8
DA:25,2
DA:26,2
DA:27,2
DA:28,1
DA:29,1
DA:30,1
DA:32,1
DA:33,1
LF:20
LH:18
BRF:0
BRH:0
end_of_record
TN:
SF:src\controller\teachers.ts
FN:15,(anonymous_6)
FN:26,(anonymous_7)
FN:49,(anonymous_8)
FNF:3
FNH:3
FNDA:1,(anonymous_6)
FNDA:2,(anonymous_7)
FNDA:2,(anonymous_8)
DA:2,8
DA:3,8
DA:4,8
DA:5,8
DA:15,8
DA:16,1
DA:17,1
DA:18,1
DA:20,0
DA:21,0
DA:26,8
DA:27,2
DA:28,2
DA:29,0
DA:30,0
DA:33,2
DA:34,2
DA:35,2
DA:36,1
DA:37,1
DA:38,1
DA:40,1
DA:41,1
DA:43,0
DA:44,0
DA:49,8
DA:50,2
DA:52,2
DA:53,2
DA:54,1
DA:55,1
DA:56,1
DA:59,1
DA:60,1
LF:34
LH:28
BRDA:28,0,0,0
BRDA:28,0,1,2
BRDA:28,1,0,2
BRDA:28,1,1,2
BRDA:35,2,0,1
BRDA:35,2,1,1
BRF:6
BRH:5
end_of_record
TN:
SF:src\customoutput\dataoutput.ts
FN:1,(anonymous_0)
FNF:1
FNH:1
FNDA:13,(anonymous_0)
DA:1,8
DA:2,13
LF:2
LH:2
BRF:0
BRH:0
end_of_record
TN:
SF:src\customoutput\messageoutput.ts
FN:1,(anonymous_0)
FN:10,(anonymous_1)
FNF:2
FNH:2
FNDA:10,(anonymous_0)
FNDA:12,(anonymous_1)
DA:1,8
DA:2,10
DA:3,0
DA:5,10
DA:10,8
DA:11,12
DA:12,0
DA:14,12
LF:8
LH:6
BRDA:2,0,0,0
BRDA:2,0,1,10
BRDA:11,1,0,0
BRDA:11,1,1,12
BRF:4
BRH:2
end_of_record
TN:
SF:src\database\clientdb.ts
FN:15,(anonymous_0)
FN:20,setPath
FN:30,query
FNF:3
FNH:2
FNDA:0,(anonymous_0)
FNDA:8,setPath
FNDA:28,query
DA:1,8
DA:2,8
DA:4,8
DA:15,8
DA:16,0
DA:20,8
DA:21,8
DA:22,8
DA:24,0
DA:30,8
DA:31,28
DA:32,28
DA:33,25
DA:35,3
LF:14
LH:12
BRF:0
BRH:0
end_of_record
TN:
SF:src\helper\hclasses.ts
FNF:0
FNH:0
DA:1,8
DA:3,8
DA:4,8
LF:3
LH:3
BRF:0
BRH:0
end_of_record
TN:
SF:src\helper\hmarks.ts
FNF:0
FNH:0
DA:1,8
DA:3,8
DA:5,8
LF:3
LH:3
BRF:0
BRH:0
end_of_record
TN:
SF:src\helper\hpagination.ts
FNF:0
FNH:0
DA:1,8
DA:3,8
LF:2
LH:2
BRF:0
BRH:0
end_of_record
TN:
SF:src\helper\hsechdule.ts
FNF:0
FNH:0
DA:1,8
DA:3,8
DA:5,8
LF:3
LH:3
BRF:0
BRH:0
end_of_record
TN:
SF:src\helper\hstandard.ts
FNF:0
FNH:0
DA:1,8
DA:3,8
LF:2
LH:2
BRF:0
BRH:0
end_of_record
TN:
SF:src\helper\hstudents.ts
FN:7,(anonymous_1)
FN:17,between
FNF:2
FNH:2
FNDA:1,(anonymous_1)
FNDA:3,between
DA:1,8
DA:3,8
DA:4,8
DA:8,1
DA:9,1
DA:11,0
DA:18,3
LF:7
LH:6
BRDA:8,0,0,1
BRDA:8,0,1,0
BRDA:8,1,0,1
BRDA:8,1,1,1
BRDA:8,1,2,1
BRDA:18,2,0,3
BRDA:18,2,1,3
BRF:7
BRH:6
end_of_record
TN:
SF:src\helper\hsubjects.ts
FNF:0
FNH:0
DA:1,8
DA:3,8
LF:2
LH:2
BRF:0
BRH:0
end_of_record
TN:
SF:src\helper\hteachers.ts
FN:10,(anonymous_1)
FN:19,between
FNF:2
FNH:2
FNDA:1,(anonymous_1)
FNDA:3,between
DA:1,8
DA:3,8
DA:5,8
DA:11,1
DA:12,1
DA:14,0
DA:20,3
LF:7
LH:6
BRDA:11,0,0,1
BRDA:11,0,1,0
BRDA:11,1,0,1
BRDA:11,1,1,1
BRDA:11,1,2,1
BRDA:20,2,0,3
BRDA:20,2,1,3
BRF:7
BRH:6
end_of_record
TN:
SF:src\routes\routes.ts
FNF:0
FNH:0
DA:1,8
DA:2,8
DA:3,8
DA:4,8
DA:5,8
DA:6,8
DA:7,8
DA:8,8
DA:9,8
DA:10,8
DA:33,8
DA:37,8
DA:39,8
DA:41,8
DA:43,8
DA:45,8
DA:49,8
DA:51,8
DA:53,8
DA:57,8
DA:59,8
DA:63,8
DA:65,8
DA:69,8
DA:71,8
DA:75,8
DA:77,8
DA:79,8
DA:81,8
DA:83,8
DA:87,8
DA:89,8
LF:32
LH:32
BRF:0
BRH:0
end_of_record
TN:
SF:src\services\classes.ts
FN:5,(anonymous_0)
FN:16,(anonymous_1)
FNF:2
FNH:2
FNDA:3,(anonymous_0)
FNDA:1,(anonymous_1)
DA:2,8
DA:5,8
DA:7,3
DA:8,3
DA:9,2
DA:11,1
DA:16,8
DA:18,1
DA:19,1
DA:20,1
DA:22,0
LF:11
LH:10
BRF:0
BRH:0
end_of_record
TN:
SF:src\services\marks.ts
FN:5,(anonymous_0)
FN:19,(anonymous_1)
FN:38,(anonymous_2)
FN:49,(anonymous_3)
FN:68,(anonymous_4)
FNF:5
FNH:5
FNDA:2,(anonymous_0)
FNDA:2,(anonymous_1)
FNDA:1,(anonymous_2)
FNDA:1,(anonymous_3)
FNDA:1,(anonymous_4)
DA:1,8
DA:5,8
DA:7,2
DA:8,2
DA:12,2
DA:14,0
DA:19,8
DA:21,2
DA:22,2
DA:28,1
DA:30,1
DA:38,8
DA:40,1
DA:41,1
DA:42,1
DA:44,0
DA:49,8
DA:51,1
DA:52,1
DA:60,1
DA:62,0
DA:68,8
DA:70,1
DA:71,1
DA:76,1
DA:78,0
LF:26
LH:22
BRF:0
BRH:0
end_of_record
TN:
SF:src\services\sechdule.ts
FN:6,(anonymous_0)
FN:17,(anonymous_1)
FNF:2
FNH:2
FNDA:2,(anonymous_0)
FNDA:1,(anonymous_1)
DA:2,8
DA:6,8
DA:8,2
DA:9,2
DA:10,1
DA:12,1
DA:17,8
DA:19,1
DA:20,1
DA:21,1
DA:23,0
LF:11
LH:10
BRF:0
BRH:0
end_of_record
TN:
SF:src\services\standards.ts
FN:5,(anonymous_0)
FN:14,(anonymous_1)
FNF:2
FNH:2
FNDA:1,(anonymous_0)
FNDA:1,(anonymous_1)
DA:2,8
DA:5,8
DA:6,1
DA:7,1
DA:8,1
DA:10,0
DA:14,8
DA:15,1
DA:16,1
DA:17,1
DA:19,0
LF:11
LH:9
BRF:0
BRH:0
end_of_record
TN:
SF:src\services\students.ts
FN:4,(anonymous_0)
FN:16,(anonymous_1)
FN:27,(anonymous_2)
FN:45,(anonymous_3)
FN:63,(anonymous_4)
FNF:5
FNH:5
FNDA:1,(anonymous_0)
FNDA:1,(anonymous_1)
FNDA:2,(anonymous_2)
FNDA:1,(anonymous_3)
FNDA:1,(anonymous_4)
DA:1,8
DA:4,8
DA:5,1
DA:6,1
DA:7,1
DA:8,1
DA:9,1
DA:11,0
DA:16,8
DA:18,1
DA:19,1
DA:21,1
DA:23,0
DA:27,8
DA:29,2
DA:30,2
DA:37,2
DA:39,0
DA:45,8
DA:48,1
DA:49,1
DA:57,1
DA:59,0
DA:63,8
DA:65,1
DA:66,1
DA:67,1
DA:69,0
LF:28
LH:23
BRF:0
BRH:0
end_of_record
TN:
SF:src\services\subject.ts
FN:5,(anonymous_0)
FN:14,(anonymous_1)
FNF:2
FNH:2
FNDA:1,(anonymous_0)
FNDA:1,(anonymous_1)
DA:2,8
DA:5,8
DA:6,1
DA:7,1
DA:8,1
DA:10,0
DA:14,8
DA:16,1
DA:17,1
DA:18,1
DA:20,0
LF:11
LH:9
BRF:0
BRH:0
end_of_record
TN:
SF:src\services\teachers.ts
FN:5,(anonymous_0)
FN:16,(anonymous_1)
FN:29,(anonymous_2)
FNF:3
FNH:3
FNDA:1,(anonymous_0)
FNDA:2,(anonymous_1)
FNDA:1,(anonymous_2)
DA:2,8
DA:5,8
DA:6,1
DA:7,1
DA:8,1
DA:10,0
DA:16,8
DA:18,2
DA:19,2
DA:21,2
DA:23,0
DA:29,8
DA:30,1
DA:31,1
DA:33,1
DA:35,0
LF:16
LH:13
BRF:0
BRH:0
end_of_record
