{"D:\\zop2\\freshers-june2021\\nityam_kumar\\PostgresAssignment\\src\\app\\app.ts": {"path":"D:\\zop2\\freshers-june2021\\nityam_kumar\\PostgresAssignment\\src\\app\\app.ts","statementMap":{"0":{"start":{"line":2,"column":0},"end":{"line":2,"column":28}},"1":{"start":{"line":4,"column":0},"end":{"line":4,"column":24}},"2":{"start":{"line":6,"column":0},"end":{"line":6,"column":57}},"3":{"start":{"line":8,"column":0},"end":{"line":8,"column":22}},"4":{"start":{"line":10,"column":0},"end":{"line":10,"column":40}},"5":{"start":{"line":12,"column":0},"end":{"line":12,"column":28}},"6":{"start":{"line":14,"column":0},"end":{"line":14,"column":37}},"7":{"start":{"line":16,"column":0},"end":{"line":16,"column":41}},"8":{"start":{"line":18,"column":0},"end":{"line":18,"column":57}},"9":{"start":{"line":20,"column":12},"end":{"line":20,"column":21}},"10":{"start":{"line":22,"column":0},"end":{"line":22,"column":70}},"11":{"start":{"line":24,"column":0},"end":{"line":26,"column":3}},"12":{"start":{"line":25,"column":2},"end":{"line":25,"column":44}},"13":{"start":{"line":28,"column":0},"end":{"line":28,"column":19}}},"fnMap":{"0":{"name":"(anonymous_1)","decl":{"start":{"line":24,"column":8},"end":{"line":24,"column":13}},"loc":{"start":{"line":24,"column":19},"end":{"line":26,"column":1}}}},"branchMap":{},"s":{"0":6,"1":6,"2":6,"3":6,"4":6,"5":6,"6":6,"7":6,"8":6,"9":6,"10":6,"11":6,"12":1,"13":6},"f":{"0":1},"b":{}}
,"D:\\zop2\\freshers-june2021\\nityam_kumar\\PostgresAssignment\\src\\config\\config.ts": {"path":"D:\\zop2\\freshers-june2021\\nityam_kumar\\PostgresAssignment\\src\\config\\config.ts","statementMap":{"0":{"start":{"line":1,"column":0},"end":{"line":1,"column":22}},"1":{"start":{"line":3,"column":22},"end":{"line":14,"column":12}},"2":{"start":{"line":16,"column":27},"end":{"line":16,"column":62}},"3":{"start":{"line":18,"column":0},"end":{"line":20,"column":null}},"4":{"start":{"line":19,"column":2},"end":{"line":19,"column":45}},"5":{"start":{"line":22,"column":13},"end":{"line":28,"column":2}}},"fnMap":{},"branchMap":{"0":{"loc":{"start":{"line":18,"column":0},"end":{"line":20,"column":null}},"type":"if","locations":[{"start":{"line":18,"column":0},"end":{"line":20,"column":null}},{"start":{"line":18,"column":0},"end":{"line":20,"column":null}}]}},"s":{"0":6,"1":6,"2":6,"3":6,"4":0,"5":6},"f":{},"b":{"0":[0,6]}}
,"D:\\zop2\\freshers-june2021\\nityam_kumar\\PostgresAssignment\\src\\controller\\class.ts": {"path":"D:\\zop2\\freshers-june2021\\nityam_kumar\\PostgresAssignment\\src\\controller\\class.ts","statementMap":{"0":{"start":{"line":4,"column":0},"end":{"line":4,"column":52}},"1":{"start":{"line":6,"column":0},"end":{"line":6,"column":66}},"2":{"start":{"line":8,"column":26},"end":{"line":15,"column":1}},"3":{"start":{"line":9,"column":30},"end":{"line":9,"column":61}},"4":{"start":{"line":10,"column":2},"end":{"line":10,"column":19}},"5":{"start":{"line":11,"column":2},"end":{"line":14,"column":4}},"6":{"start":{"line":8,"column":13},"end":{"line":8,"column":26}},"7":{"start":{"line":17,"column":27},"end":{"line":24,"column":1}},"8":{"start":{"line":18,"column":15},"end":{"line":18,"column":47}},"9":{"start":{"line":19,"column":2},"end":{"line":19,"column":19}},"10":{"start":{"line":20,"column":2},"end":{"line":23,"column":4}},"11":{"start":{"line":17,"column":13},"end":{"line":17,"column":27}},"12":{"start":{"line":26,"column":32},"end":{"line":44,"column":1}},"13":{"start":{"line":27,"column":20},"end":{"line":27,"column":42}},"14":{"start":{"line":29,"column":20},"end":{"line":29,"column":59}},"15":{"start":{"line":31,"column":2},"end":{"line":35,"column":null}},"16":{"start":{"line":32,"column":4},"end":{"line":32,"column":21}},"17":{"start":{"line":33,"column":4},"end":{"line":33,"column":29}},"18":{"start":{"line":34,"column":4},"end":{"line":34,"column":11}},"19":{"start":{"line":37,"column":2},"end":{"line":37,"column":36}},"20":{"start":{"line":38,"column":15},"end":{"line":38,"column":63}},"21":{"start":{"line":39,"column":2},"end":{"line":39,"column":19}},"22":{"start":{"line":40,"column":2},"end":{"line":43,"column":4}},"23":{"start":{"line":26,"column":13},"end":{"line":26,"column":32}},"24":{"start":{"line":46,"column":38},"end":{"line":70,"column":1}},"25":{"start":{"line":47,"column":22},"end":{"line":47,"column":44}},"26":{"start":{"line":49,"column":20},"end":{"line":49,"column":59}},"27":{"start":{"line":50,"column":2},"end":{"line":54,"column":null}},"28":{"start":{"line":51,"column":4},"end":{"line":51,"column":21}},"29":{"start":{"line":52,"column":4},"end":{"line":52,"column":29}},"30":{"start":{"line":53,"column":4},"end":{"line":53,"column":11}},"31":{"start":{"line":56,"column":15},"end":{"line":56,"column":69}},"32":{"start":{"line":58,"column":2},"end":{"line":64,"column":null}},"33":{"start":{"line":59,"column":4},"end":{"line":59,"column":21}},"34":{"start":{"line":60,"column":4},"end":{"line":62,"column":6}},"35":{"start":{"line":63,"column":4},"end":{"line":63,"column":11}},"36":{"start":{"line":65,"column":2},"end":{"line":65,"column":19}},"37":{"start":{"line":66,"column":2},"end":{"line":69,"column":4}},"38":{"start":{"line":46,"column":13},"end":{"line":46,"column":38}}},"fnMap":{"0":{"name":"(anonymous_6)","decl":{"start":{"line":8,"column":26},"end":{"line":8,"column":31}},"loc":{"start":{"line":8,"column":49},"end":{"line":15,"column":1}}},"1":{"name":"(anonymous_7)","decl":{"start":{"line":17,"column":27},"end":{"line":17,"column":32}},"loc":{"start":{"line":17,"column":50},"end":{"line":24,"column":1}}},"2":{"name":"(anonymous_8)","decl":{"start":{"line":26,"column":32},"end":{"line":26,"column":37}},"loc":{"start":{"line":26,"column":55},"end":{"line":44,"column":1}}},"3":{"name":"(anonymous_9)","decl":{"start":{"line":46,"column":38},"end":{"line":46,"column":43}},"loc":{"start":{"line":46,"column":61},"end":{"line":70,"column":1}}}},"branchMap":{"0":{"loc":{"start":{"line":31,"column":2},"end":{"line":35,"column":null}},"type":"if","locations":[{"start":{"line":31,"column":2},"end":{"line":35,"column":null}},{"start":{"line":31,"column":2},"end":{"line":35,"column":null}}]},"1":{"loc":{"start":{"line":50,"column":2},"end":{"line":54,"column":null}},"type":"if","locations":[{"start":{"line":50,"column":2},"end":{"line":54,"column":null}},{"start":{"line":50,"column":2},"end":{"line":54,"column":null}}]},"2":{"loc":{"start":{"line":58,"column":2},"end":{"line":64,"column":null}},"type":"if","locations":[{"start":{"line":58,"column":2},"end":{"line":64,"column":null}},{"start":{"line":58,"column":2},"end":{"line":64,"column":null}}]}},"s":{"0":6,"1":6,"2":6,"3":1,"4":1,"5":1,"6":6,"7":6,"8":1,"9":1,"10":1,"11":6,"12":6,"13":2,"14":2,"15":2,"16":1,"17":1,"18":1,"19":1,"20":1,"21":1,"22":1,"23":6,"24":6,"25":3,"26":3,"27":3,"28":1,"29":1,"30":1,"31":2,"32":2,"33":1,"34":1,"35":1,"36":1,"37":1,"38":6},"f":{"0":1,"1":1,"2":2,"3":3},"b":{"0":[1,1],"1":[1,2],"2":[1,1]}}
,"D:\\zop2\\freshers-june2021\\nityam_kumar\\PostgresAssignment\\src\\controller\\mark.ts": {"path":"D:\\zop2\\freshers-june2021\\nityam_kumar\\PostgresAssignment\\src\\controller\\mark.ts","statementMap":{"0":{"start":{"line":3,"column":0},"end":{"line":3,"column":49}},"1":{"start":{"line":5,"column":0},"end":{"line":5,"column":57}},"2":{"start":{"line":7,"column":0},"end":{"line":7,"column":null}},"3":{"start":{"line":23,"column":27},"end":{"line":65,"column":1}},"4":{"start":{"line":24,"column":20},"end":{"line":24,"column":36}},"5":{"start":{"line":26,"column":20},"end":{"line":26,"column":43}},"6":{"start":{"line":28,"column":2},"end":{"line":32,"column":null}},"7":{"start":{"line":29,"column":4},"end":{"line":29,"column":21}},"8":{"start":{"line":30,"column":4},"end":{"line":30,"column":29}},"9":{"start":{"line":31,"column":4},"end":{"line":31,"column":11}},"10":{"start":{"line":34,"column":16},"end":{"line":38,"column":4}},"11":{"start":{"line":40,"column":2},"end":{"line":58,"column":null}},"12":{"start":{"line":41,"column":4},"end":{"line":41,"column":21}},"13":{"start":{"line":42,"column":4},"end":{"line":44,"column":6}},"14":{"start":{"line":45,"column":4},"end":{"line":45,"column":11}},"15":{"start":{"line":46,"column":9},"end":{"line":58,"column":null}},"16":{"start":{"line":47,"column":4},"end":{"line":47,"column":21}},"17":{"start":{"line":48,"column":4},"end":{"line":50,"column":6}},"18":{"start":{"line":51,"column":4},"end":{"line":51,"column":11}},"19":{"start":{"line":52,"column":9},"end":{"line":58,"column":null}},"20":{"start":{"line":53,"column":4},"end":{"line":53,"column":21}},"21":{"start":{"line":54,"column":4},"end":{"line":56,"column":6}},"22":{"start":{"line":57,"column":4},"end":{"line":57,"column":11}},"23":{"start":{"line":60,"column":2},"end":{"line":60,"column":33}},"24":{"start":{"line":61,"column":2},"end":{"line":61,"column":19}},"25":{"start":{"line":62,"column":2},"end":{"line":64,"column":4}},"26":{"start":{"line":23,"column":13},"end":{"line":23,"column":27}},"27":{"start":{"line":67,"column":27},"end":{"line":97,"column":1}},"28":{"start":{"line":68,"column":21},"end":{"line":68,"column":41}},"29":{"start":{"line":69,"column":21},"end":{"line":69,"column":41}},"30":{"start":{"line":70,"column":20},"end":{"line":70,"column":36}},"31":{"start":{"line":72,"column":20},"end":{"line":76,"column":4}},"32":{"start":{"line":78,"column":2},"end":{"line":82,"column":null}},"33":{"start":{"line":79,"column":4},"end":{"line":79,"column":21}},"34":{"start":{"line":80,"column":4},"end":{"line":80,"column":29}},"35":{"start":{"line":81,"column":4},"end":{"line":81,"column":11}},"36":{"start":{"line":84,"column":15},"end":{"line":84,"column":68}},"37":{"start":{"line":85,"column":2},"end":{"line":91,"column":null}},"38":{"start":{"line":86,"column":4},"end":{"line":86,"column":21}},"39":{"start":{"line":87,"column":4},"end":{"line":89,"column":6}},"40":{"start":{"line":90,"column":4},"end":{"line":90,"column":11}},"41":{"start":{"line":92,"column":2},"end":{"line":92,"column":64}},"42":{"start":{"line":93,"column":2},"end":{"line":93,"column":19}},"43":{"start":{"line":94,"column":2},"end":{"line":96,"column":4}},"44":{"start":{"line":67,"column":13},"end":{"line":67,"column":27}},"45":{"start":{"line":99,"column":26},"end":{"line":123,"column":1}},"46":{"start":{"line":100,"column":21},"end":{"line":100,"column":41}},"47":{"start":{"line":102,"column":20},"end":{"line":102,"column":60}},"48":{"start":{"line":104,"column":2},"end":{"line":108,"column":null}},"49":{"start":{"line":105,"column":4},"end":{"line":105,"column":21}},"50":{"start":{"line":106,"column":4},"end":{"line":106,"column":29}},"51":{"start":{"line":107,"column":4},"end":{"line":107,"column":11}},"52":{"start":{"line":110,"column":15},"end":{"line":110,"column":56}},"53":{"start":{"line":111,"column":2},"end":{"line":117,"column":null}},"54":{"start":{"line":112,"column":4},"end":{"line":112,"column":21}},"55":{"start":{"line":113,"column":4},"end":{"line":115,"column":6}},"56":{"start":{"line":116,"column":4},"end":{"line":116,"column":11}},"57":{"start":{"line":118,"column":2},"end":{"line":118,"column":19}},"58":{"start":{"line":119,"column":2},"end":{"line":122,"column":4}},"59":{"start":{"line":99,"column":13},"end":{"line":99,"column":26}},"60":{"start":{"line":125,"column":43},"end":{"line":132,"column":1}},"61":{"start":{"line":126,"column":15},"end":{"line":126,"column":63}},"62":{"start":{"line":127,"column":2},"end":{"line":127,"column":19}},"63":{"start":{"line":128,"column":2},"end":{"line":131,"column":4}},"64":{"start":{"line":125,"column":13},"end":{"line":125,"column":43}},"65":{"start":{"line":134,"column":56},"end":{"line":154,"column":1}},"66":{"start":{"line":137,"column":21},"end":{"line":137,"column":41}},"67":{"start":{"line":139,"column":20},"end":{"line":139,"column":60}},"68":{"start":{"line":140,"column":2},"end":{"line":144,"column":null}},"69":{"start":{"line":141,"column":4},"end":{"line":141,"column":21}},"70":{"start":{"line":142,"column":4},"end":{"line":142,"column":29}},"71":{"start":{"line":143,"column":4},"end":{"line":143,"column":11}},"72":{"start":{"line":146,"column":15},"end":{"line":147,"column":null}},"73":{"start":{"line":149,"column":2},"end":{"line":149,"column":19}},"74":{"start":{"line":150,"column":2},"end":{"line":153,"column":4}},"75":{"start":{"line":134,"column":13},"end":{"line":134,"column":56}},"76":{"start":{"line":156,"column":32},"end":{"line":174,"column":1}},"77":{"start":{"line":157,"column":15},"end":{"line":157,"column":32}},"78":{"start":{"line":159,"column":20},"end":{"line":159,"column":63}},"79":{"start":{"line":161,"column":2},"end":{"line":165,"column":null}},"80":{"start":{"line":162,"column":4},"end":{"line":162,"column":21}},"81":{"start":{"line":163,"column":4},"end":{"line":163,"column":29}},"82":{"start":{"line":164,"column":4},"end":{"line":164,"column":11}},"83":{"start":{"line":167,"column":2},"end":{"line":167,"column":26}},"84":{"start":{"line":168,"column":15},"end":{"line":168,"column":58}},"85":{"start":{"line":169,"column":2},"end":{"line":169,"column":19}},"86":{"start":{"line":170,"column":2},"end":{"line":173,"column":4}},"87":{"start":{"line":156,"column":13},"end":{"line":156,"column":32}},"88":{"start":{"line":176,"column":35},"end":{"line":183,"column":1}},"89":{"start":{"line":177,"column":15},"end":{"line":177,"column":55}},"90":{"start":{"line":178,"column":2},"end":{"line":178,"column":19}},"91":{"start":{"line":179,"column":2},"end":{"line":182,"column":4}},"92":{"start":{"line":176,"column":13},"end":{"line":176,"column":35}},"93":{"start":{"line":185,"column":50},"end":{"line":205,"column":1}},"94":{"start":{"line":186,"column":20},"end":{"line":186,"column":42}},"95":{"start":{"line":188,"column":20},"end":{"line":188,"column":59}},"96":{"start":{"line":190,"column":2},"end":{"line":194,"column":null}},"97":{"start":{"line":191,"column":4},"end":{"line":191,"column":21}},"98":{"start":{"line":192,"column":4},"end":{"line":192,"column":29}},"99":{"start":{"line":193,"column":4},"end":{"line":193,"column":11}},"100":{"start":{"line":196,"column":2},"end":{"line":196,"column":36}},"101":{"start":{"line":197,"column":15},"end":{"line":198,"column":null}},"102":{"start":{"line":200,"column":2},"end":{"line":200,"column":19}},"103":{"start":{"line":201,"column":2},"end":{"line":204,"column":4}},"104":{"start":{"line":185,"column":13},"end":{"line":185,"column":50}}},"fnMap":{"0":{"name":"(anonymous_7)","decl":{"start":{"line":23,"column":27},"end":{"line":23,"column":32}},"loc":{"start":{"line":23,"column":50},"end":{"line":65,"column":1}}},"1":{"name":"(anonymous_8)","decl":{"start":{"line":67,"column":27},"end":{"line":67,"column":32}},"loc":{"start":{"line":67,"column":50},"end":{"line":97,"column":1}}},"2":{"name":"(anonymous_9)","decl":{"start":{"line":99,"column":26},"end":{"line":99,"column":31}},"loc":{"start":{"line":99,"column":49},"end":{"line":123,"column":1}}},"3":{"name":"(anonymous_10)","decl":{"start":{"line":125,"column":43},"end":{"line":125,"column":48}},"loc":{"start":{"line":125,"column":66},"end":{"line":132,"column":1}}},"4":{"name":"(anonymous_11)","decl":{"start":{"line":134,"column":56},"end":{"line":134,"column":61}},"loc":{"start":{"line":136,"column":4},"end":{"line":154,"column":1}}},"5":{"name":"(anonymous_12)","decl":{"start":{"line":156,"column":32},"end":{"line":156,"column":37}},"loc":{"start":{"line":156,"column":55},"end":{"line":174,"column":1}}},"6":{"name":"(anonymous_13)","decl":{"start":{"line":176,"column":35},"end":{"line":176,"column":40}},"loc":{"start":{"line":176,"column":58},"end":{"line":183,"column":1}}},"7":{"name":"(anonymous_14)","decl":{"start":{"line":185,"column":50},"end":{"line":185,"column":55}},"loc":{"start":{"line":185,"column":73},"end":{"line":205,"column":1}}}},"branchMap":{"0":{"loc":{"start":{"line":28,"column":2},"end":{"line":32,"column":null}},"type":"if","locations":[{"start":{"line":28,"column":2},"end":{"line":32,"column":null}},{"start":{"line":28,"column":2},"end":{"line":32,"column":null}}]},"1":{"loc":{"start":{"line":40,"column":2},"end":{"line":58,"column":null}},"type":"if","locations":[{"start":{"line":40,"column":2},"end":{"line":58,"column":null}},{"start":{"line":40,"column":2},"end":{"line":58,"column":null}}]},"2":{"loc":{"start":{"line":46,"column":9},"end":{"line":58,"column":null}},"type":"if","locations":[{"start":{"line":46,"column":9},"end":{"line":58,"column":null}},{"start":{"line":46,"column":9},"end":{"line":58,"column":null}}]},"3":{"loc":{"start":{"line":52,"column":9},"end":{"line":58,"column":null}},"type":"if","locations":[{"start":{"line":52,"column":9},"end":{"line":58,"column":null}},{"start":{"line":52,"column":9},"end":{"line":58,"column":null}}]},"4":{"loc":{"start":{"line":78,"column":2},"end":{"line":82,"column":null}},"type":"if","locations":[{"start":{"line":78,"column":2},"end":{"line":82,"column":null}},{"start":{"line":78,"column":2},"end":{"line":82,"column":null}}]},"5":{"loc":{"start":{"line":85,"column":2},"end":{"line":91,"column":null}},"type":"if","locations":[{"start":{"line":85,"column":2},"end":{"line":91,"column":null}},{"start":{"line":85,"column":2},"end":{"line":91,"column":null}}]},"6":{"loc":{"start":{"line":104,"column":2},"end":{"line":108,"column":null}},"type":"if","locations":[{"start":{"line":104,"column":2},"end":{"line":108,"column":null}},{"start":{"line":104,"column":2},"end":{"line":108,"column":null}}]},"7":{"loc":{"start":{"line":111,"column":2},"end":{"line":117,"column":null}},"type":"if","locations":[{"start":{"line":111,"column":2},"end":{"line":117,"column":null}},{"start":{"line":111,"column":2},"end":{"line":117,"column":null}}]},"8":{"loc":{"start":{"line":140,"column":2},"end":{"line":144,"column":null}},"type":"if","locations":[{"start":{"line":140,"column":2},"end":{"line":144,"column":null}},{"start":{"line":140,"column":2},"end":{"line":144,"column":null}}]},"9":{"loc":{"start":{"line":161,"column":2},"end":{"line":165,"column":null}},"type":"if","locations":[{"start":{"line":161,"column":2},"end":{"line":165,"column":null}},{"start":{"line":161,"column":2},"end":{"line":165,"column":null}}]},"10":{"loc":{"start":{"line":190,"column":2},"end":{"line":194,"column":null}},"type":"if","locations":[{"start":{"line":190,"column":2},"end":{"line":194,"column":null}},{"start":{"line":190,"column":2},"end":{"line":194,"column":null}}]}},"s":{"0":6,"1":6,"2":6,"3":6,"4":5,"5":5,"6":5,"7":1,"8":1,"9":1,"10":4,"11":4,"12":1,"13":1,"14":1,"15":3,"16":1,"17":1,"18":1,"19":2,"20":1,"21":1,"22":1,"23":1,"24":1,"25":1,"26":6,"27":6,"28":3,"29":3,"30":3,"31":3,"32":3,"33":1,"34":1,"35":1,"36":2,"37":2,"38":1,"39":1,"40":1,"41":1,"42":1,"43":1,"44":6,"45":6,"46":3,"47":3,"48":3,"49":1,"50":1,"51":1,"52":2,"53":2,"54":1,"55":1,"56":1,"57":1,"58":1,"59":6,"60":6,"61":1,"62":1,"63":1,"64":6,"65":6,"66":2,"67":2,"68":2,"69":1,"70":1,"71":1,"72":1,"73":1,"74":1,"75":6,"76":6,"77":2,"78":2,"79":2,"80":1,"81":1,"82":1,"83":1,"84":1,"85":1,"86":1,"87":6,"88":6,"89":1,"90":1,"91":1,"92":6,"93":6,"94":2,"95":2,"96":2,"97":1,"98":1,"99":1,"100":1,"101":1,"102":1,"103":1,"104":6},"f":{"0":5,"1":3,"2":3,"3":1,"4":2,"5":2,"6":1,"7":2},"b":{"0":[1,4],"1":[1,3],"2":[1,2],"3":[1,1],"4":[1,2],"5":[1,1],"6":[1,2],"7":[1,1],"8":[1,1],"9":[1,1],"10":[1,1]}}
,"D:\\zop2\\freshers-june2021\\nityam_kumar\\PostgresAssignment\\src\\controller\\student.ts": {"path":"D:\\zop2\\freshers-june2021\\nityam_kumar\\PostgresAssignment\\src\\controller\\student.ts","statementMap":{"0":{"start":{"line":2,"column":0},"end":{"line":2,"column":26}},"1":{"start":{"line":4,"column":0},"end":{"line":4,"column":54}},"2":{"start":{"line":6,"column":0},"end":{"line":6,"column":63}},"3":{"start":{"line":7,"column":0},"end":{"line":7,"column":69}},"4":{"start":{"line":9,"column":0},"end":{"line":9,"column":null}},"5":{"start":{"line":24,"column":29},"end":{"line":42,"column":1}},"6":{"start":{"line":25,"column":23},"end":{"line":25,"column":39}},"7":{"start":{"line":27,"column":20},"end":{"line":27,"column":46}},"8":{"start":{"line":29,"column":2},"end":{"line":33,"column":null}},"9":{"start":{"line":30,"column":4},"end":{"line":30,"column":21}},"10":{"start":{"line":31,"column":4},"end":{"line":31,"column":29}},"11":{"start":{"line":32,"column":4},"end":{"line":32,"column":11}},"12":{"start":{"line":35,"column":2},"end":{"line":35,"column":25}},"13":{"start":{"line":36,"column":2},"end":{"line":36,"column":38}},"14":{"start":{"line":37,"column":2},"end":{"line":37,"column":19}},"15":{"start":{"line":38,"column":2},"end":{"line":41,"column":4}},"16":{"start":{"line":24,"column":13},"end":{"line":24,"column":29}},"17":{"start":{"line":44,"column":29},"end":{"line":84,"column":1}},"18":{"start":{"line":45,"column":21},"end":{"line":45,"column":41}},"19":{"start":{"line":46,"column":51},"end":{"line":46,"column":67}},"20":{"start":{"line":48,"column":20},"end":{"line":55,"column":4}},"21":{"start":{"line":57,"column":2},"end":{"line":61,"column":null}},"22":{"start":{"line":58,"column":4},"end":{"line":58,"column":21}},"23":{"start":{"line":59,"column":4},"end":{"line":59,"column":29}},"24":{"start":{"line":60,"column":4},"end":{"line":60,"column":11}},"25":{"start":{"line":63,"column":15},"end":{"line":63,"column":59}},"26":{"start":{"line":64,"column":2},"end":{"line":70,"column":null}},"27":{"start":{"line":65,"column":4},"end":{"line":65,"column":21}},"28":{"start":{"line":66,"column":4},"end":{"line":68,"column":6}},"29":{"start":{"line":69,"column":4},"end":{"line":69,"column":11}},"30":{"start":{"line":71,"column":2},"end":{"line":78,"column":4}},"31":{"start":{"line":80,"column":2},"end":{"line":80,"column":19}},"32":{"start":{"line":81,"column":2},"end":{"line":83,"column":4}},"33":{"start":{"line":44,"column":13},"end":{"line":44,"column":29}},"34":{"start":{"line":86,"column":27},"end":{"line":124,"column":1}},"35":{"start":{"line":87,"column":13},"end":{"line":87,"column":27}},"36":{"start":{"line":88,"column":13},"end":{"line":88,"column":27}},"37":{"start":{"line":90,"column":20},"end":{"line":90,"column":61}},"38":{"start":{"line":92,"column":2},"end":{"line":96,"column":null}},"39":{"start":{"line":93,"column":4},"end":{"line":93,"column":21}},"40":{"start":{"line":94,"column":4},"end":{"line":94,"column":29}},"41":{"start":{"line":95,"column":4},"end":{"line":95,"column":11}},"42":{"start":{"line":98,"column":2},"end":{"line":98,"column":22}},"43":{"start":{"line":99,"column":2},"end":{"line":99,"column":22}},"44":{"start":{"line":101,"column":37},"end":{"line":101,"column":73}},"45":{"start":{"line":102,"column":33},"end":{"line":102,"column":69}},"46":{"start":{"line":104,"column":2},"end":{"line":110,"column":null}},"47":{"start":{"line":105,"column":4},"end":{"line":105,"column":21}},"48":{"start":{"line":106,"column":4},"end":{"line":108,"column":6}},"49":{"start":{"line":109,"column":4},"end":{"line":109,"column":11}},"50":{"start":{"line":112,"column":22},"end":{"line":112,"column":39}},"51":{"start":{"line":113,"column":20},"end":{"line":113,"column":61}},"52":{"start":{"line":114,"column":19},"end":{"line":114,"column":42}},"53":{"start":{"line":116,"column":17},"end":{"line":116,"column":72}},"54":{"start":{"line":118,"column":2},"end":{"line":118,"column":19}},"55":{"start":{"line":119,"column":2},"end":{"line":123,"column":4}},"56":{"start":{"line":86,"column":13},"end":{"line":86,"column":27}},"57":{"start":{"line":126,"column":34},"end":{"line":151,"column":1}},"58":{"start":{"line":127,"column":21},"end":{"line":127,"column":41}},"59":{"start":{"line":129,"column":20},"end":{"line":131,"column":4}},"60":{"start":{"line":133,"column":2},"end":{"line":137,"column":null}},"61":{"start":{"line":134,"column":4},"end":{"line":134,"column":21}},"62":{"start":{"line":135,"column":4},"end":{"line":135,"column":29}},"63":{"start":{"line":136,"column":4},"end":{"line":136,"column":11}},"64":{"start":{"line":139,"column":17},"end":{"line":139,"column":68}},"65":{"start":{"line":140,"column":2},"end":{"line":144,"column":null}},"66":{"start":{"line":141,"column":4},"end":{"line":141,"column":21}},"67":{"start":{"line":142,"column":4},"end":{"line":142,"column":38}},"68":{"start":{"line":143,"column":4},"end":{"line":143,"column":11}},"69":{"start":{"line":146,"column":2},"end":{"line":146,"column":19}},"70":{"start":{"line":147,"column":2},"end":{"line":150,"column":4}},"71":{"start":{"line":126,"column":13},"end":{"line":126,"column":34}}},"fnMap":{"0":{"name":"(anonymous_7)","decl":{"start":{"line":24,"column":29},"end":{"line":24,"column":34}},"loc":{"start":{"line":24,"column":52},"end":{"line":42,"column":1}}},"1":{"name":"(anonymous_8)","decl":{"start":{"line":44,"column":29},"end":{"line":44,"column":34}},"loc":{"start":{"line":44,"column":52},"end":{"line":84,"column":1}}},"2":{"name":"(anonymous_9)","decl":{"start":{"line":86,"column":27},"end":{"line":86,"column":32}},"loc":{"start":{"line":86,"column":50},"end":{"line":124,"column":1}}},"3":{"name":"(anonymous_10)","decl":{"start":{"line":126,"column":34},"end":{"line":126,"column":39}},"loc":{"start":{"line":126,"column":57},"end":{"line":151,"column":1}}}},"branchMap":{"0":{"loc":{"start":{"line":29,"column":2},"end":{"line":33,"column":null}},"type":"if","locations":[{"start":{"line":29,"column":2},"end":{"line":33,"column":null}},{"start":{"line":29,"column":2},"end":{"line":33,"column":null}}]},"1":{"loc":{"start":{"line":57,"column":2},"end":{"line":61,"column":null}},"type":"if","locations":[{"start":{"line":57,"column":2},"end":{"line":61,"column":null}},{"start":{"line":57,"column":2},"end":{"line":61,"column":null}}]},"2":{"loc":{"start":{"line":64,"column":2},"end":{"line":70,"column":null}},"type":"if","locations":[{"start":{"line":64,"column":2},"end":{"line":70,"column":null}},{"start":{"line":64,"column":2},"end":{"line":70,"column":null}}]},"3":{"loc":{"start":{"line":92,"column":2},"end":{"line":96,"column":null}},"type":"if","locations":[{"start":{"line":92,"column":2},"end":{"line":96,"column":null}},{"start":{"line":92,"column":2},"end":{"line":96,"column":null}}]},"4":{"loc":{"start":{"line":104,"column":2},"end":{"line":110,"column":null}},"type":"if","locations":[{"start":{"line":104,"column":2},"end":{"line":110,"column":null}},{"start":{"line":104,"column":2},"end":{"line":110,"column":null}}]},"5":{"loc":{"start":{"line":133,"column":2},"end":{"line":137,"column":null}},"type":"if","locations":[{"start":{"line":133,"column":2},"end":{"line":137,"column":null}},{"start":{"line":133,"column":2},"end":{"line":137,"column":null}}]},"6":{"loc":{"start":{"line":140,"column":2},"end":{"line":144,"column":null}},"type":"if","locations":[{"start":{"line":140,"column":2},"end":{"line":144,"column":null}},{"start":{"line":140,"column":2},"end":{"line":144,"column":null}}]}},"s":{"0":6,"1":6,"2":6,"3":6,"4":6,"5":6,"6":2,"7":2,"8":2,"9":1,"10":1,"11":1,"12":1,"13":1,"14":1,"15":1,"16":6,"17":6,"18":3,"19":3,"20":3,"21":3,"22":1,"23":1,"24":1,"25":2,"26":2,"27":1,"28":1,"29":1,"30":1,"31":1,"32":1,"33":6,"34":6,"35":4,"36":4,"37":4,"38":4,"39":2,"40":2,"41":2,"42":2,"43":2,"44":2,"45":2,"46":2,"47":1,"48":1,"49":1,"50":1,"51":1,"52":1,"53":1,"54":1,"55":1,"56":6,"57":6,"58":3,"59":3,"60":3,"61":1,"62":1,"63":1,"64":2,"65":2,"66":1,"67":1,"68":1,"69":1,"70":1,"71":6},"f":{"0":2,"1":3,"2":4,"3":3},"b":{"0":[1,1],"1":[1,2],"2":[1,1],"3":[2,2],"4":[1,1],"5":[1,2],"6":[1,1]}}
,"D:\\zop2\\freshers-june2021\\nityam_kumar\\PostgresAssignment\\src\\controller\\subject.ts": {"path":"D:\\zop2\\freshers-june2021\\nityam_kumar\\PostgresAssignment\\src\\controller\\subject.ts","statementMap":{"0":{"start":{"line":2,"column":0},"end":{"line":2,"column":26}},"1":{"start":{"line":4,"column":0},"end":{"line":4,"column":54}},"2":{"start":{"line":5,"column":0},"end":{"line":5,"column":54}},"3":{"start":{"line":7,"column":0},"end":{"line":7,"column":68}},"4":{"start":{"line":9,"column":0},"end":{"line":9,"column":63}},"5":{"start":{"line":18,"column":29},"end":{"line":57,"column":1}},"6":{"start":{"line":19,"column":23},"end":{"line":19,"column":39}},"7":{"start":{"line":21,"column":20},"end":{"line":21,"column":46}},"8":{"start":{"line":22,"column":2},"end":{"line":26,"column":null}},"9":{"start":{"line":23,"column":4},"end":{"line":23,"column":21}},"10":{"start":{"line":24,"column":4},"end":{"line":24,"column":29}},"11":{"start":{"line":25,"column":4},"end":{"line":25,"column":11}},"12":{"start":{"line":28,"column":15},"end":{"line":31,"column":4}},"13":{"start":{"line":33,"column":2},"end":{"line":45,"column":null}},"14":{"start":{"line":34,"column":4},"end":{"line":34,"column":21}},"15":{"start":{"line":35,"column":4},"end":{"line":37,"column":6}},"16":{"start":{"line":38,"column":4},"end":{"line":38,"column":11}},"17":{"start":{"line":39,"column":9},"end":{"line":45,"column":null}},"18":{"start":{"line":40,"column":4},"end":{"line":40,"column":21}},"19":{"start":{"line":41,"column":4},"end":{"line":43,"column":6}},"20":{"start":{"line":44,"column":4},"end":{"line":44,"column":11}},"21":{"start":{"line":47,"column":2},"end":{"line":47,"column":25}},"22":{"start":{"line":48,"column":2},"end":{"line":48,"column":38}},"23":{"start":{"line":50,"column":2},"end":{"line":50,"column":38}},"24":{"start":{"line":52,"column":2},"end":{"line":52,"column":36}},"25":{"start":{"line":53,"column":2},"end":{"line":53,"column":19}},"26":{"start":{"line":54,"column":2},"end":{"line":56,"column":4}},"27":{"start":{"line":18,"column":13},"end":{"line":18,"column":29}},"28":{"start":{"line":59,"column":26},"end":{"line":66,"column":1}},"29":{"start":{"line":60,"column":15},"end":{"line":60,"column":48}},"30":{"start":{"line":61,"column":2},"end":{"line":61,"column":19}},"31":{"start":{"line":62,"column":2},"end":{"line":65,"column":4}},"32":{"start":{"line":59,"column":13},"end":{"line":59,"column":26}},"33":{"start":{"line":68,"column":36},"end":{"line":91,"column":1}},"34":{"start":{"line":69,"column":21},"end":{"line":69,"column":41}},"35":{"start":{"line":71,"column":20},"end":{"line":71,"column":60}},"36":{"start":{"line":72,"column":2},"end":{"line":76,"column":null}},"37":{"start":{"line":73,"column":4},"end":{"line":73,"column":21}},"38":{"start":{"line":74,"column":4},"end":{"line":74,"column":29}},"39":{"start":{"line":75,"column":4},"end":{"line":75,"column":11}},"40":{"start":{"line":78,"column":15},"end":{"line":78,"column":68}},"41":{"start":{"line":79,"column":2},"end":{"line":85,"column":null}},"42":{"start":{"line":80,"column":4},"end":{"line":80,"column":21}},"43":{"start":{"line":81,"column":4},"end":{"line":83,"column":6}},"44":{"start":{"line":84,"column":4},"end":{"line":84,"column":11}},"45":{"start":{"line":86,"column":2},"end":{"line":86,"column":19}},"46":{"start":{"line":87,"column":2},"end":{"line":90,"column":4}},"47":{"start":{"line":68,"column":13},"end":{"line":68,"column":36}}},"fnMap":{"0":{"name":"(anonymous_7)","decl":{"start":{"line":18,"column":29},"end":{"line":18,"column":34}},"loc":{"start":{"line":18,"column":52},"end":{"line":57,"column":1}}},"1":{"name":"(anonymous_8)","decl":{"start":{"line":59,"column":26},"end":{"line":59,"column":31}},"loc":{"start":{"line":59,"column":49},"end":{"line":66,"column":1}}},"2":{"name":"(anonymous_9)","decl":{"start":{"line":68,"column":36},"end":{"line":68,"column":41}},"loc":{"start":{"line":68,"column":59},"end":{"line":91,"column":1}}}},"branchMap":{"0":{"loc":{"start":{"line":22,"column":2},"end":{"line":26,"column":null}},"type":"if","locations":[{"start":{"line":22,"column":2},"end":{"line":26,"column":null}},{"start":{"line":22,"column":2},"end":{"line":26,"column":null}}]},"1":{"loc":{"start":{"line":33,"column":2},"end":{"line":45,"column":null}},"type":"if","locations":[{"start":{"line":33,"column":2},"end":{"line":45,"column":null}},{"start":{"line":33,"column":2},"end":{"line":45,"column":null}}]},"2":{"loc":{"start":{"line":39,"column":9},"end":{"line":45,"column":null}},"type":"if","locations":[{"start":{"line":39,"column":9},"end":{"line":45,"column":null}},{"start":{"line":39,"column":9},"end":{"line":45,"column":null}}]},"3":{"loc":{"start":{"line":72,"column":2},"end":{"line":76,"column":null}},"type":"if","locations":[{"start":{"line":72,"column":2},"end":{"line":76,"column":null}},{"start":{"line":72,"column":2},"end":{"line":76,"column":null}}]},"4":{"loc":{"start":{"line":79,"column":2},"end":{"line":85,"column":null}},"type":"if","locations":[{"start":{"line":79,"column":2},"end":{"line":85,"column":null}},{"start":{"line":79,"column":2},"end":{"line":85,"column":null}}]}},"s":{"0":6,"1":6,"2":6,"3":6,"4":6,"5":6,"6":4,"7":4,"8":4,"9":1,"10":1,"11":1,"12":3,"13":3,"14":1,"15":1,"16":1,"17":2,"18":1,"19":1,"20":1,"21":1,"22":1,"23":1,"24":1,"25":1,"26":1,"27":6,"28":6,"29":1,"30":1,"31":1,"32":6,"33":6,"34":3,"35":3,"36":3,"37":1,"38":1,"39":1,"40":2,"41":2,"42":1,"43":1,"44":1,"45":1,"46":1,"47":6},"f":{"0":4,"1":1,"2":3},"b":{"0":[1,3],"1":[1,2],"2":[1,1],"3":[1,2],"4":[1,1]}}
,"D:\\zop2\\freshers-june2021\\nityam_kumar\\PostgresAssignment\\src\\controller\\teacher.ts": {"path":"D:\\zop2\\freshers-june2021\\nityam_kumar\\PostgresAssignment\\src\\controller\\teacher.ts","statementMap":{"0":{"start":{"line":2,"column":0},"end":{"line":2,"column":26}},"1":{"start":{"line":4,"column":0},"end":{"line":4,"column":54}},"2":{"start":{"line":5,"column":0},"end":{"line":5,"column":null}},"3":{"start":{"line":9,"column":0},"end":{"line":9,"column":63}},"4":{"start":{"line":10,"column":0},"end":{"line":10,"column":69}},"5":{"start":{"line":21,"column":29},"end":{"line":38,"column":1}},"6":{"start":{"line":22,"column":23},"end":{"line":22,"column":39}},"7":{"start":{"line":24,"column":20},"end":{"line":24,"column":46}},"8":{"start":{"line":25,"column":2},"end":{"line":29,"column":null}},"9":{"start":{"line":26,"column":4},"end":{"line":26,"column":21}},"10":{"start":{"line":27,"column":4},"end":{"line":27,"column":29}},"11":{"start":{"line":28,"column":4},"end":{"line":28,"column":11}},"12":{"start":{"line":31,"column":2},"end":{"line":31,"column":25}},"13":{"start":{"line":32,"column":2},"end":{"line":32,"column":38}},"14":{"start":{"line":33,"column":2},"end":{"line":33,"column":19}},"15":{"start":{"line":34,"column":2},"end":{"line":37,"column":4}},"16":{"start":{"line":21,"column":13},"end":{"line":21,"column":29}},"17":{"start":{"line":40,"column":29},"end":{"line":71,"column":1}},"18":{"start":{"line":41,"column":21},"end":{"line":41,"column":41}},"19":{"start":{"line":42,"column":37},"end":{"line":42,"column":53}},"20":{"start":{"line":44,"column":20},"end":{"line":50,"column":4}},"21":{"start":{"line":51,"column":2},"end":{"line":55,"column":null}},"22":{"start":{"line":52,"column":4},"end":{"line":52,"column":21}},"23":{"start":{"line":53,"column":4},"end":{"line":53,"column":29}},"24":{"start":{"line":54,"column":4},"end":{"line":54,"column":11}},"25":{"start":{"line":57,"column":15},"end":{"line":57,"column":59}},"26":{"start":{"line":58,"column":2},"end":{"line":64,"column":null}},"27":{"start":{"line":59,"column":4},"end":{"line":59,"column":21}},"28":{"start":{"line":60,"column":4},"end":{"line":62,"column":6}},"29":{"start":{"line":63,"column":4},"end":{"line":63,"column":11}},"30":{"start":{"line":65,"column":2},"end":{"line":65,"column":73}},"31":{"start":{"line":67,"column":2},"end":{"line":67,"column":19}},"32":{"start":{"line":68,"column":2},"end":{"line":70,"column":4}},"33":{"start":{"line":40,"column":13},"end":{"line":40,"column":29}},"34":{"start":{"line":73,"column":27},"end":{"line":110,"column":1}},"35":{"start":{"line":74,"column":13},"end":{"line":74,"column":27}},"36":{"start":{"line":75,"column":13},"end":{"line":75,"column":27}},"37":{"start":{"line":77,"column":20},"end":{"line":77,"column":61}},"38":{"start":{"line":79,"column":2},"end":{"line":83,"column":null}},"39":{"start":{"line":80,"column":4},"end":{"line":80,"column":21}},"40":{"start":{"line":81,"column":4},"end":{"line":81,"column":29}},"41":{"start":{"line":82,"column":4},"end":{"line":82,"column":11}},"42":{"start":{"line":85,"column":2},"end":{"line":85,"column":22}},"43":{"start":{"line":86,"column":2},"end":{"line":86,"column":22}},"44":{"start":{"line":88,"column":37},"end":{"line":88,"column":73}},"45":{"start":{"line":89,"column":25},"end":{"line":89,"column":61}},"46":{"start":{"line":91,"column":2},"end":{"line":97,"column":null}},"47":{"start":{"line":92,"column":4},"end":{"line":92,"column":21}},"48":{"start":{"line":93,"column":4},"end":{"line":95,"column":6}},"49":{"start":{"line":96,"column":4},"end":{"line":96,"column":11}},"50":{"start":{"line":99,"column":22},"end":{"line":99,"column":39}},"51":{"start":{"line":100,"column":20},"end":{"line":100,"column":61}},"52":{"start":{"line":101,"column":19},"end":{"line":101,"column":42}},"53":{"start":{"line":102,"column":15},"end":{"line":102,"column":70}},"54":{"start":{"line":104,"column":2},"end":{"line":104,"column":19}},"55":{"start":{"line":105,"column":2},"end":{"line":109,"column":4}},"56":{"start":{"line":73,"column":13},"end":{"line":73,"column":27}},"57":{"start":{"line":112,"column":35},"end":{"line":151,"column":1}},"58":{"start":{"line":113,"column":13},"end":{"line":113,"column":27}},"59":{"start":{"line":114,"column":13},"end":{"line":114,"column":27}},"60":{"start":{"line":116,"column":20},"end":{"line":116,"column":61}},"61":{"start":{"line":117,"column":2},"end":{"line":121,"column":null}},"62":{"start":{"line":118,"column":4},"end":{"line":118,"column":21}},"63":{"start":{"line":119,"column":4},"end":{"line":119,"column":29}},"64":{"start":{"line":120,"column":4},"end":{"line":120,"column":11}},"65":{"start":{"line":123,"column":2},"end":{"line":123,"column":22}},"66":{"start":{"line":124,"column":2},"end":{"line":124,"column":22}},"67":{"start":{"line":127,"column":4},"end":{"line":127,"column":48}},"68":{"start":{"line":129,"column":25},"end":{"line":129,"column":61}},"69":{"start":{"line":131,"column":2},"end":{"line":137,"column":null}},"70":{"start":{"line":132,"column":4},"end":{"line":132,"column":21}},"71":{"start":{"line":133,"column":4},"end":{"line":135,"column":6}},"72":{"start":{"line":136,"column":4},"end":{"line":136,"column":11}},"73":{"start":{"line":139,"column":22},"end":{"line":139,"column":39}},"74":{"start":{"line":140,"column":20},"end":{"line":140,"column":61}},"75":{"start":{"line":141,"column":19},"end":{"line":141,"column":42}},"76":{"start":{"line":143,"column":15},"end":{"line":143,"column":78}},"77":{"start":{"line":145,"column":2},"end":{"line":145,"column":19}},"78":{"start":{"line":146,"column":2},"end":{"line":150,"column":4}},"79":{"start":{"line":112,"column":13},"end":{"line":112,"column":35}},"80":{"start":{"line":153,"column":40},"end":{"line":176,"column":1}},"81":{"start":{"line":154,"column":21},"end":{"line":154,"column":41}},"82":{"start":{"line":156,"column":20},"end":{"line":156,"column":60}},"83":{"start":{"line":157,"column":2},"end":{"line":161,"column":null}},"84":{"start":{"line":158,"column":4},"end":{"line":158,"column":21}},"85":{"start":{"line":159,"column":4},"end":{"line":159,"column":29}},"86":{"start":{"line":160,"column":4},"end":{"line":160,"column":11}},"87":{"start":{"line":163,"column":15},"end":{"line":163,"column":73}},"88":{"start":{"line":164,"column":2},"end":{"line":170,"column":null}},"89":{"start":{"line":165,"column":4},"end":{"line":165,"column":21}},"90":{"start":{"line":166,"column":4},"end":{"line":168,"column":6}},"91":{"start":{"line":169,"column":4},"end":{"line":169,"column":11}},"92":{"start":{"line":171,"column":2},"end":{"line":171,"column":19}},"93":{"start":{"line":172,"column":2},"end":{"line":175,"column":4}},"94":{"start":{"line":153,"column":13},"end":{"line":153,"column":40}}},"fnMap":{"0":{"name":"(anonymous_7)","decl":{"start":{"line":21,"column":29},"end":{"line":21,"column":34}},"loc":{"start":{"line":21,"column":52},"end":{"line":38,"column":1}}},"1":{"name":"(anonymous_8)","decl":{"start":{"line":40,"column":29},"end":{"line":40,"column":34}},"loc":{"start":{"line":40,"column":52},"end":{"line":71,"column":1}}},"2":{"name":"(anonymous_9)","decl":{"start":{"line":73,"column":27},"end":{"line":73,"column":32}},"loc":{"start":{"line":73,"column":50},"end":{"line":110,"column":1}}},"3":{"name":"(anonymous_10)","decl":{"start":{"line":112,"column":35},"end":{"line":112,"column":40}},"loc":{"start":{"line":112,"column":58},"end":{"line":151,"column":1}}},"4":{"name":"(anonymous_11)","decl":{"start":{"line":153,"column":40},"end":{"line":153,"column":45}},"loc":{"start":{"line":153,"column":63},"end":{"line":176,"column":1}}}},"branchMap":{"0":{"loc":{"start":{"line":25,"column":2},"end":{"line":29,"column":null}},"type":"if","locations":[{"start":{"line":25,"column":2},"end":{"line":29,"column":null}},{"start":{"line":25,"column":2},"end":{"line":29,"column":null}}]},"1":{"loc":{"start":{"line":51,"column":2},"end":{"line":55,"column":null}},"type":"if","locations":[{"start":{"line":51,"column":2},"end":{"line":55,"column":null}},{"start":{"line":51,"column":2},"end":{"line":55,"column":null}}]},"2":{"loc":{"start":{"line":58,"column":2},"end":{"line":64,"column":null}},"type":"if","locations":[{"start":{"line":58,"column":2},"end":{"line":64,"column":null}},{"start":{"line":58,"column":2},"end":{"line":64,"column":null}}]},"3":{"loc":{"start":{"line":79,"column":2},"end":{"line":83,"column":null}},"type":"if","locations":[{"start":{"line":79,"column":2},"end":{"line":83,"column":null}},{"start":{"line":79,"column":2},"end":{"line":83,"column":null}}]},"4":{"loc":{"start":{"line":91,"column":2},"end":{"line":97,"column":null}},"type":"if","locations":[{"start":{"line":91,"column":2},"end":{"line":97,"column":null}},{"start":{"line":91,"column":2},"end":{"line":97,"column":null}}]},"5":{"loc":{"start":{"line":117,"column":2},"end":{"line":121,"column":null}},"type":"if","locations":[{"start":{"line":117,"column":2},"end":{"line":121,"column":null}},{"start":{"line":117,"column":2},"end":{"line":121,"column":null}}]},"6":{"loc":{"start":{"line":131,"column":2},"end":{"line":137,"column":null}},"type":"if","locations":[{"start":{"line":131,"column":2},"end":{"line":137,"column":null}},{"start":{"line":131,"column":2},"end":{"line":137,"column":null}}]},"7":{"loc":{"start":{"line":157,"column":2},"end":{"line":161,"column":null}},"type":"if","locations":[{"start":{"line":157,"column":2},"end":{"line":161,"column":null}},{"start":{"line":157,"column":2},"end":{"line":161,"column":null}}]},"8":{"loc":{"start":{"line":164,"column":2},"end":{"line":170,"column":null}},"type":"if","locations":[{"start":{"line":164,"column":2},"end":{"line":170,"column":null}},{"start":{"line":164,"column":2},"end":{"line":170,"column":null}}]}},"s":{"0":6,"1":6,"2":6,"3":6,"4":6,"5":6,"6":2,"7":2,"8":2,"9":1,"10":1,"11":1,"12":1,"13":1,"14":1,"15":1,"16":6,"17":6,"18":3,"19":3,"20":3,"21":3,"22":1,"23":1,"24":1,"25":2,"26":2,"27":1,"28":1,"29":1,"30":1,"31":1,"32":1,"33":6,"34":6,"35":4,"36":4,"37":4,"38":4,"39":2,"40":2,"41":2,"42":2,"43":2,"44":2,"45":2,"46":2,"47":1,"48":1,"49":1,"50":1,"51":1,"52":1,"53":1,"54":1,"55":1,"56":6,"57":6,"58":4,"59":4,"60":4,"61":4,"62":2,"63":2,"64":2,"65":2,"66":2,"67":2,"68":2,"69":2,"70":1,"71":1,"72":1,"73":1,"74":1,"75":1,"76":1,"77":1,"78":1,"79":6,"80":6,"81":3,"82":3,"83":3,"84":1,"85":1,"86":1,"87":2,"88":2,"89":1,"90":1,"91":1,"92":1,"93":1,"94":6},"f":{"0":2,"1":3,"2":4,"3":4,"4":3},"b":{"0":[1,1],"1":[1,2],"2":[1,1],"3":[2,2],"4":[1,1],"5":[2,2],"6":[1,1],"7":[1,2],"8":[1,1]}}
,"D:\\zop2\\freshers-june2021\\nityam_kumar\\PostgresAssignment\\src\\db\\index.ts": {"path":"D:\\zop2\\freshers-june2021\\nityam_kumar\\PostgresAssignment\\src\\db\\index.ts","statementMap":{"0":{"start":{"line":1,"column":0},"end":{"line":1,"column":26}},"1":{"start":{"line":2,"column":0},"end":{"line":2,"column":42}},"2":{"start":{"line":7,"column":2},"end":{"line":27,"column":null}},"3":{"start":{"line":8,"column":4},"end":{"line":14,"column":7}},"4":{"start":{"line":16,"column":19},"end":{"line":16,"column":39}},"5":{"start":{"line":17,"column":4},"end":{"line":20,"column":null}},"6":{"start":{"line":18,"column":6},"end":{"line":18,"column":52}},"7":{"start":{"line":19,"column":6},"end":{"line":19,"column":23}},"8":{"start":{"line":21,"column":4},"end":{"line":24,"column":7}},"9":{"start":{"line":22,"column":6},"end":{"line":22,"column":60}},"10":{"start":{"line":23,"column":6},"end":{"line":23,"column":23}},"11":{"start":{"line":26,"column":4},"end":{"line":26,"column":66}},"12":{"start":{"line":6,"column":0},"end":{"line":6,"column":7}},"13":{"start":{"line":31,"column":2},"end":{"line":31,"column":27}},"14":{"start":{"line":30,"column":0},"end":{"line":30,"column":7}},"15":{"start":{"line":34,"column":0},"end":{"line":37,"column":2}},"16":{"start":{"line":36,"column":43},"end":{"line":36,"column":67}}},"fnMap":{"0":{"name":"pgConnect","decl":{"start":{"line":6,"column":22},"end":{"line":6,"column":31}},"loc":{"start":{"line":6,"column":31},"end":{"line":28,"column":1}}},"1":{"name":"(anonymous_1)","decl":{"start":{"line":21,"column":21},"end":{"line":21,"column":22}},"loc":{"start":{"line":21,"column":29},"end":{"line":24,"column":5}}},"2":{"name":"pgDisConnect","decl":{"start":{"line":30,"column":22},"end":{"line":30,"column":34}},"loc":{"start":{"line":30,"column":34},"end":{"line":32,"column":1}}},"3":{"name":"(anonymous_3)","decl":{"start":{"line":31,"column":17},"end":{"line":31,"column":20}},"loc":{"start":{"line":31,"column":22},"end":{"line":31,"column":25}}},"4":{"name":"(anonymous_4)","decl":{"start":{"line":36,"column":9},"end":{"line":36,"column":10}},"loc":{"start":{"line":36,"column":43},"end":{"line":36,"column":67}}}},"branchMap":{"0":{"loc":{"start":{"line":17,"column":4},"end":{"line":20,"column":null}},"type":"if","locations":[{"start":{"line":17,"column":4},"end":{"line":20,"column":null}},{"start":{"line":17,"column":4},"end":{"line":20,"column":null}}]}},"s":{"0":6,"1":6,"2":6,"3":6,"4":6,"5":6,"6":6,"7":6,"8":6,"9":0,"10":0,"11":0,"12":6,"13":6,"14":6,"15":6,"16":68},"f":{"0":6,"1":0,"2":6,"3":6,"4":68},"b":{"0":[6,0]}}
,"D:\\zop2\\freshers-june2021\\nityam_kumar\\PostgresAssignment\\src\\db\\validateSchema\\helperSchema.ts": {"path":"D:\\zop2\\freshers-june2021\\nityam_kumar\\PostgresAssignment\\src\\db\\validateSchema\\helperSchema.ts","statementMap":{"0":{"start":{"line":1,"column":0},"end":{"line":1,"column":22}},"1":{"start":{"line":3,"column":13},"end":{"line":5,"column":3}},"2":{"start":{"line":7,"column":13},"end":{"line":11,"column":3}},"3":{"start":{"line":13,"column":13},"end":{"line":15,"column":3}},"4":{"start":{"line":17,"column":13},"end":{"line":19,"column":3}},"5":{"start":{"line":21,"column":13},"end":{"line":23,"column":3}},"6":{"start":{"line":25,"column":13},"end":{"line":27,"column":3}},"7":{"start":{"line":29,"column":13},"end":{"line":31,"column":3}},"8":{"start":{"line":33,"column":13},"end":{"line":40,"column":3}},"9":{"start":{"line":42,"column":13},"end":{"line":48,"column":3}}},"fnMap":{},"branchMap":{},"s":{"0":6,"1":6,"2":6,"3":6,"4":6,"5":6,"6":6,"7":6,"8":6,"9":6},"f":{},"b":{}}
,"D:\\zop2\\freshers-june2021\\nityam_kumar\\PostgresAssignment\\src\\db\\validateSchema\\markSchema.ts": {"path":"D:\\zop2\\freshers-june2021\\nityam_kumar\\PostgresAssignment\\src\\db\\validateSchema\\markSchema.ts","statementMap":{"0":{"start":{"line":1,"column":0},"end":{"line":1,"column":22}},"1":{"start":{"line":3,"column":19},"end":{"line":9,"column":2}},"2":{"start":{"line":11,"column":0},"end":{"line":11,"column":26}}},"fnMap":{},"branchMap":{},"s":{"0":6,"1":6,"2":6},"f":{},"b":{}}
,"D:\\zop2\\freshers-june2021\\nityam_kumar\\PostgresAssignment\\src\\db\\validateSchema\\paginationSchema.ts": {"path":"D:\\zop2\\freshers-june2021\\nityam_kumar\\PostgresAssignment\\src\\db\\validateSchema\\paginationSchema.ts","statementMap":{"0":{"start":{"line":1,"column":0},"end":{"line":1,"column":22}},"1":{"start":{"line":3,"column":25},"end":{"line":6,"column":2}},"2":{"start":{"line":8,"column":0},"end":{"line":8,"column":32}}},"fnMap":{},"branchMap":{},"s":{"0":6,"1":6,"2":6},"f":{},"b":{}}
,"D:\\zop2\\freshers-june2021\\nityam_kumar\\PostgresAssignment\\src\\db\\validateSchema\\studentSchema.ts": {"path":"D:\\zop2\\freshers-june2021\\nityam_kumar\\PostgresAssignment\\src\\db\\validateSchema\\studentSchema.ts","statementMap":{"0":{"start":{"line":1,"column":0},"end":{"line":1,"column":22}},"1":{"start":{"line":3,"column":22},"end":{"line":10,"column":2}},"2":{"start":{"line":12,"column":0},"end":{"line":12,"column":29}}},"fnMap":{},"branchMap":{},"s":{"0":6,"1":6,"2":6},"f":{},"b":{}}
,"D:\\zop2\\freshers-june2021\\nityam_kumar\\PostgresAssignment\\src\\db\\validateSchema\\subjectSchema.ts": {"path":"D:\\zop2\\freshers-june2021\\nityam_kumar\\PostgresAssignment\\src\\db\\validateSchema\\subjectSchema.ts","statementMap":{"0":{"start":{"line":1,"column":0},"end":{"line":1,"column":22}},"1":{"start":{"line":3,"column":22},"end":{"line":7,"column":2}},"2":{"start":{"line":9,"column":0},"end":{"line":9,"column":29}}},"fnMap":{},"branchMap":{},"s":{"0":6,"1":6,"2":6},"f":{},"b":{}}
,"D:\\zop2\\freshers-june2021\\nityam_kumar\\PostgresAssignment\\src\\db\\validateSchema\\teacherSchema.ts": {"path":"D:\\zop2\\freshers-june2021\\nityam_kumar\\PostgresAssignment\\src\\db\\validateSchema\\teacherSchema.ts","statementMap":{"0":{"start":{"line":1,"column":0},"end":{"line":1,"column":22}},"1":{"start":{"line":3,"column":22},"end":{"line":9,"column":2}},"2":{"start":{"line":11,"column":0},"end":{"line":11,"column":29}}},"fnMap":{},"branchMap":{},"s":{"0":6,"1":6,"2":6},"f":{},"b":{}}
,"D:\\zop2\\freshers-june2021\\nityam_kumar\\PostgresAssignment\\src\\routes\\class.ts": {"path":"D:\\zop2\\freshers-june2021\\nityam_kumar\\PostgresAssignment\\src\\routes\\class.ts","statementMap":{"0":{"start":{"line":1,"column":0},"end":{"line":1,"column":35}},"1":{"start":{"line":3,"column":0},"end":{"line":3,"column":null}},"2":{"start":{"line":10,"column":15},"end":{"line":10,"column":50}},"3":{"start":{"line":12,"column":0},"end":{"line":12,"column":28}},"4":{"start":{"line":14,"column":0},"end":{"line":14,"column":43}},"5":{"start":{"line":15,"column":0},"end":{"line":15,"column":55}},"6":{"start":{"line":17,"column":0},"end":{"line":17,"column":60}},"7":{"start":{"line":19,"column":0},"end":{"line":19,"column":22}}},"fnMap":{},"branchMap":{},"s":{"0":6,"1":6,"2":6,"3":6,"4":6,"5":6,"6":6,"7":6},"f":{},"b":{}}
,"D:\\zop2\\freshers-june2021\\nityam_kumar\\PostgresAssignment\\src\\routes\\index.ts": {"path":"D:\\zop2\\freshers-june2021\\nityam_kumar\\PostgresAssignment\\src\\routes\\index.ts","statementMap":{"0":{"start":{"line":1,"column":0},"end":{"line":1,"column":49}},"1":{"start":{"line":3,"column":0},"end":{"line":3,"column":38}},"2":{"start":{"line":4,"column":0},"end":{"line":4,"column":38}},"3":{"start":{"line":5,"column":0},"end":{"line":5,"column":32}},"4":{"start":{"line":6,"column":0},"end":{"line":6,"column":38}},"5":{"start":{"line":7,"column":0},"end":{"line":7,"column":34}},"6":{"start":{"line":9,"column":15},"end":{"line":14,"column":null}},"7":{"start":{"line":17,"column":0},"end":{"line":17,"column":22}}},"fnMap":{},"branchMap":{},"s":{"0":6,"1":6,"2":6,"3":6,"4":6,"5":6,"6":6,"7":6},"f":{},"b":{}}
,"D:\\zop2\\freshers-june2021\\nityam_kumar\\PostgresAssignment\\src\\routes\\mark.ts": {"path":"D:\\zop2\\freshers-june2021\\nityam_kumar\\PostgresAssignment\\src\\routes\\mark.ts","statementMap":{"0":{"start":{"line":1,"column":0},"end":{"line":1,"column":35}},"1":{"start":{"line":3,"column":0},"end":{"line":3,"column":null}},"2":{"start":{"line":14,"column":15},"end":{"line":14,"column":50}},"3":{"start":{"line":16,"column":0},"end":{"line":16,"column":30}},"4":{"start":{"line":17,"column":0},"end":{"line":17,"column":52}},"5":{"start":{"line":19,"column":0},"end":{"line":19,"column":46}},"6":{"start":{"line":21,"column":0},"end":{"line":21,"column":61}},"7":{"start":{"line":22,"column":0},"end":{"line":25,"column":2}},"8":{"start":{"line":27,"column":0},"end":{"line":27,"column":56}},"9":{"start":{"line":29,"column":0},"end":{"line":29,"column":51}},"10":{"start":{"line":30,"column":0},"end":{"line":30,"column":79}},"11":{"start":{"line":32,"column":0},"end":{"line":32,"column":22}}},"fnMap":{},"branchMap":{},"s":{"0":6,"1":6,"2":6,"3":6,"4":6,"5":6,"6":6,"7":6,"8":6,"9":6,"10":6,"11":6},"f":{},"b":{}}
,"D:\\zop2\\freshers-june2021\\nityam_kumar\\PostgresAssignment\\src\\routes\\student.ts": {"path":"D:\\zop2\\freshers-june2021\\nityam_kumar\\PostgresAssignment\\src\\routes\\student.ts","statementMap":{"0":{"start":{"line":1,"column":0},"end":{"line":1,"column":35}},"1":{"start":{"line":3,"column":0},"end":{"line":3,"column":null}},"2":{"start":{"line":10,"column":15},"end":{"line":10,"column":52}},"3":{"start":{"line":12,"column":0},"end":{"line":12,"column":32}},"4":{"start":{"line":14,"column":0},"end":{"line":14,"column":43}},"5":{"start":{"line":16,"column":0},"end":{"line":16,"column":29}},"6":{"start":{"line":18,"column":0},"end":{"line":18,"column":55}},"7":{"start":{"line":20,"column":0},"end":{"line":20,"column":22}}},"fnMap":{},"branchMap":{},"s":{"0":6,"1":6,"2":6,"3":6,"4":6,"5":6,"6":6,"7":6},"f":{},"b":{}}
,"D:\\zop2\\freshers-june2021\\nityam_kumar\\PostgresAssignment\\src\\routes\\subject.ts": {"path":"D:\\zop2\\freshers-june2021\\nityam_kumar\\PostgresAssignment\\src\\routes\\subject.ts","statementMap":{"0":{"start":{"line":1,"column":0},"end":{"line":1,"column":35}},"1":{"start":{"line":3,"column":0},"end":{"line":3,"column":null}},"2":{"start":{"line":9,"column":15},"end":{"line":9,"column":52}},"3":{"start":{"line":11,"column":0},"end":{"line":11,"column":32}},"4":{"start":{"line":13,"column":0},"end":{"line":13,"column":28}},"5":{"start":{"line":15,"column":0},"end":{"line":15,"column":57}},"6":{"start":{"line":17,"column":0},"end":{"line":17,"column":22}}},"fnMap":{},"branchMap":{},"s":{"0":6,"1":6,"2":6,"3":6,"4":6,"5":6,"6":6},"f":{},"b":{}}
,"D:\\zop2\\freshers-june2021\\nityam_kumar\\PostgresAssignment\\src\\routes\\teacher.ts": {"path":"D:\\zop2\\freshers-june2021\\nityam_kumar\\PostgresAssignment\\src\\routes\\teacher.ts","statementMap":{"0":{"start":{"line":1,"column":0},"end":{"line":1,"column":35}},"1":{"start":{"line":3,"column":0},"end":{"line":3,"column":null}},"2":{"start":{"line":11,"column":15},"end":{"line":11,"column":52}},"3":{"start":{"line":13,"column":0},"end":{"line":13,"column":32}},"4":{"start":{"line":15,"column":0},"end":{"line":15,"column":29}},"5":{"start":{"line":17,"column":0},"end":{"line":17,"column":45}},"6":{"start":{"line":19,"column":0},"end":{"line":19,"column":43}},"7":{"start":{"line":21,"column":0},"end":{"line":21,"column":61}},"8":{"start":{"line":23,"column":0},"end":{"line":23,"column":22}}},"fnMap":{},"branchMap":{},"s":{"0":6,"1":6,"2":6,"3":6,"4":6,"5":6,"6":6,"7":6,"8":6},"f":{},"b":{}}
,"D:\\zop2\\freshers-june2021\\nityam_kumar\\PostgresAssignment\\src\\services\\classes.ts": {"path":"D:\\zop2\\freshers-june2021\\nityam_kumar\\PostgresAssignment\\src\\services\\classes.ts","statementMap":{"0":{"start":{"line":2,"column":0},"end":{"line":2,"column":23}},"1":{"start":{"line":4,"column":0},"end":{"line":4,"column":41}},"2":{"start":{"line":6,"column":26},"end":{"line":15,"column":1}},"3":{"start":{"line":7,"column":2},"end":{"line":14,"column":null}},"4":{"start":{"line":8,"column":17},"end":{"line":9,"column":null}},"5":{"start":{"line":11,"column":4},"end":{"line":11,"column":21}},"6":{"start":{"line":13,"column":4},"end":{"line":13,"column":53}},"7":{"start":{"line":6,"column":13},"end":{"line":6,"column":26}},"8":{"start":{"line":17,"column":27},"end":{"line":31,"column":1}},"9":{"start":{"line":18,"column":2},"end":{"line":30,"column":null}},"10":{"start":{"line":20,"column":6},"end":{"line":26,"column":25}},"11":{"start":{"line":27,"column":4},"end":{"line":27,"column":21}},"12":{"start":{"line":29,"column":4},"end":{"line":29,"column":53}},"13":{"start":{"line":17,"column":13},"end":{"line":17,"column":27}},"14":{"start":{"line":33,"column":32},"end":{"line":43,"column":1}},"15":{"start":{"line":34,"column":2},"end":{"line":42,"column":null}},"16":{"start":{"line":35,"column":17},"end":{"line":37,"column":null}},"17":{"start":{"line":39,"column":4},"end":{"line":39,"column":21}},"18":{"start":{"line":41,"column":4},"end":{"line":41,"column":53}},"19":{"start":{"line":33,"column":13},"end":{"line":33,"column":32}},"20":{"start":{"line":45,"column":38},"end":{"line":55,"column":1}},"21":{"start":{"line":46,"column":2},"end":{"line":54,"column":null}},"22":{"start":{"line":47,"column":17},"end":{"line":49,"column":null}},"23":{"start":{"line":51,"column":4},"end":{"line":51,"column":21}},"24":{"start":{"line":53,"column":4},"end":{"line":53,"column":53}},"25":{"start":{"line":45,"column":13},"end":{"line":45,"column":38}}},"fnMap":{"0":{"name":"(anonymous_1)","decl":{"start":{"line":6,"column":26},"end":{"line":6,"column":31}},"loc":{"start":{"line":6,"column":37},"end":{"line":15,"column":1}}},"1":{"name":"(anonymous_2)","decl":{"start":{"line":17,"column":27},"end":{"line":17,"column":32}},"loc":{"start":{"line":17,"column":38},"end":{"line":31,"column":1}}},"2":{"name":"(anonymous_3)","decl":{"start":{"line":33,"column":32},"end":{"line":33,"column":37}},"loc":{"start":{"line":33,"column":62},"end":{"line":43,"column":1}}},"3":{"name":"(anonymous_4)","decl":{"start":{"line":45,"column":38},"end":{"line":45,"column":43}},"loc":{"start":{"line":45,"column":69},"end":{"line":55,"column":1}}}},"branchMap":{},"s":{"0":6,"1":6,"2":6,"3":1,"4":1,"5":1,"6":0,"7":6,"8":6,"9":1,"10":1,"11":1,"12":0,"13":6,"14":6,"15":1,"16":1,"17":1,"18":0,"19":6,"20":6,"21":2,"22":2,"23":2,"24":0,"25":6},"f":{"0":1,"1":1,"2":1,"3":2},"b":{}}
,"D:\\zop2\\freshers-june2021\\nityam_kumar\\PostgresAssignment\\src\\services\\mark.ts": {"path":"D:\\zop2\\freshers-june2021\\nityam_kumar\\PostgresAssignment\\src\\services\\mark.ts","statementMap":{"0":{"start":{"line":2,"column":0},"end":{"line":2,"column":23}},"1":{"start":{"line":4,"column":0},"end":{"line":4,"column":41}},"2":{"start":{"line":14,"column":26},"end":{"line":24,"column":1}},"3":{"start":{"line":15,"column":2},"end":{"line":23,"column":null}},"4":{"start":{"line":16,"column":17},"end":{"line":18,"column":null}},"5":{"start":{"line":20,"column":4},"end":{"line":20,"column":21}},"6":{"start":{"line":22,"column":4},"end":{"line":22,"column":53}},"7":{"start":{"line":14,"column":13},"end":{"line":14,"column":26}},"8":{"start":{"line":26,"column":43},"end":{"line":35,"column":1}},"9":{"start":{"line":27,"column":2},"end":{"line":34,"column":null}},"10":{"start":{"line":28,"column":17},"end":{"line":29,"column":null}},"11":{"start":{"line":31,"column":4},"end":{"line":31,"column":21}},"12":{"start":{"line":33,"column":4},"end":{"line":33,"column":53}},"13":{"start":{"line":26,"column":13},"end":{"line":26,"column":43}},"14":{"start":{"line":37,"column":56},"end":{"line":55,"column":1}},"15":{"start":{"line":40,"column":2},"end":{"line":54,"column":null}},"16":{"start":{"line":41,"column":17},"end":{"line":49,"column":null}},"17":{"start":{"line":51,"column":4},"end":{"line":51,"column":21}},"18":{"start":{"line":53,"column":4},"end":{"line":53,"column":53}},"19":{"start":{"line":37,"column":13},"end":{"line":37,"column":56}},"20":{"start":{"line":57,"column":32},"end":{"line":67,"column":1}},"21":{"start":{"line":58,"column":2},"end":{"line":66,"column":null}},"22":{"start":{"line":59,"column":17},"end":{"line":61,"column":null}},"23":{"start":{"line":63,"column":4},"end":{"line":63,"column":21}},"24":{"start":{"line":65,"column":4},"end":{"line":65,"column":53}},"25":{"start":{"line":57,"column":13},"end":{"line":57,"column":32}},"26":{"start":{"line":69,"column":35},"end":{"line":92,"column":1}},"27":{"start":{"line":70,"column":2},"end":{"line":91,"column":null}},"28":{"start":{"line":72,"column":6},"end":{"line":87,"column":43}},"29":{"start":{"line":88,"column":4},"end":{"line":88,"column":21}},"30":{"start":{"line":90,"column":4},"end":{"line":90,"column":53}},"31":{"start":{"line":69,"column":13},"end":{"line":69,"column":35}},"32":{"start":{"line":94,"column":50},"end":{"line":124,"column":1}},"33":{"start":{"line":97,"column":2},"end":{"line":123,"column":null}},"34":{"start":{"line":98,"column":17},"end":{"line":118,"column":null}},"35":{"start":{"line":120,"column":4},"end":{"line":120,"column":21}},"36":{"start":{"line":122,"column":4},"end":{"line":122,"column":53}},"37":{"start":{"line":94,"column":13},"end":{"line":94,"column":50}},"38":{"start":{"line":126,"column":33},"end":{"line":135,"column":1}},"39":{"start":{"line":127,"column":2},"end":{"line":134,"column":null}},"40":{"start":{"line":128,"column":18},"end":{"line":128,"column":57}},"41":{"start":{"line":129,"column":20},"end":{"line":129,"column":42}},"42":{"start":{"line":130,"column":26},"end":{"line":130,"column":56}},"43":{"start":{"line":131,"column":4},"end":{"line":131,"column":37}},"44":{"start":{"line":133,"column":4},"end":{"line":133,"column":53}},"45":{"start":{"line":126,"column":13},"end":{"line":126,"column":33}},"46":{"start":{"line":137,"column":33},"end":{"line":151,"column":1}},"47":{"start":{"line":138,"column":2},"end":{"line":150,"column":null}},"48":{"start":{"line":140,"column":6},"end":{"line":140,"column":79}},"49":{"start":{"line":141,"column":20},"end":{"line":145,"column":6}},"50":{"start":{"line":146,"column":29},"end":{"line":146,"column":59}},"51":{"start":{"line":147,"column":4},"end":{"line":147,"column":40}},"52":{"start":{"line":149,"column":4},"end":{"line":149,"column":53}},"53":{"start":{"line":137,"column":13},"end":{"line":137,"column":33}},"54":{"start":{"line":153,"column":33},"end":{"line":168,"column":1}},"55":{"start":{"line":154,"column":2},"end":{"line":167,"column":null}},"56":{"start":{"line":156,"column":6},"end":{"line":156,"column":90}},"57":{"start":{"line":157,"column":20},"end":{"line":162,"column":6}},"58":{"start":{"line":163,"column":32},"end":{"line":163,"column":62}},"59":{"start":{"line":164,"column":4},"end":{"line":164,"column":43}},"60":{"start":{"line":166,"column":4},"end":{"line":166,"column":53}},"61":{"start":{"line":153,"column":13},"end":{"line":153,"column":33}},"62":{"start":{"line":170,"column":23},"end":{"line":184,"column":1}},"63":{"start":{"line":171,"column":2},"end":{"line":183,"column":null}},"64":{"start":{"line":172,"column":17},"end":{"line":172,"column":59}},"65":{"start":{"line":173,"column":19},"end":{"line":179,"column":6}},"66":{"start":{"line":180,"column":4},"end":{"line":180,"column":33}},"67":{"start":{"line":182,"column":4},"end":{"line":182,"column":53}},"68":{"start":{"line":170,"column":13},"end":{"line":170,"column":23}},"69":{"start":{"line":186,"column":26},"end":{"line":196,"column":1}},"70":{"start":{"line":187,"column":2},"end":{"line":195,"column":null}},"71":{"start":{"line":188,"column":16},"end":{"line":190,"column":null}},"72":{"start":{"line":192,"column":4},"end":{"line":192,"column":27}},"73":{"start":{"line":194,"column":4},"end":{"line":194,"column":53}},"74":{"start":{"line":186,"column":13},"end":{"line":186,"column":26}},"75":{"start":{"line":198,"column":27},"end":{"line":212,"column":1}},"76":{"start":{"line":203,"column":2},"end":{"line":211,"column":null}},"77":{"start":{"line":204,"column":4},"end":{"line":208,"column":7}},"78":{"start":{"line":210,"column":4},"end":{"line":210,"column":53}},"79":{"start":{"line":198,"column":13},"end":{"line":198,"column":27}}},"fnMap":{"0":{"name":"(anonymous_1)","decl":{"start":{"line":14,"column":26},"end":{"line":14,"column":31}},"loc":{"start":{"line":14,"column":55},"end":{"line":24,"column":1}}},"1":{"name":"(anonymous_2)","decl":{"start":{"line":26,"column":43},"end":{"line":26,"column":48}},"loc":{"start":{"line":26,"column":54},"end":{"line":35,"column":1}}},"2":{"name":"(anonymous_3)","decl":{"start":{"line":37,"column":56},"end":{"line":37,"column":61}},"loc":{"start":{"line":39,"column":4},"end":{"line":55,"column":1}}},"3":{"name":"(anonymous_4)","decl":{"start":{"line":57,"column":32},"end":{"line":57,"column":37}},"loc":{"start":{"line":57,"column":57},"end":{"line":67,"column":1}}},"4":{"name":"(anonymous_5)","decl":{"start":{"line":69,"column":35},"end":{"line":69,"column":40}},"loc":{"start":{"line":69,"column":46},"end":{"line":92,"column":1}}},"5":{"name":"(anonymous_6)","decl":{"start":{"line":94,"column":50},"end":{"line":94,"column":55}},"loc":{"start":{"line":96,"column":4},"end":{"line":124,"column":1}}},"6":{"name":"(anonymous_7)","decl":{"start":{"line":126,"column":33},"end":{"line":126,"column":38}},"loc":{"start":{"line":126,"column":53},"end":{"line":135,"column":1}}},"7":{"name":"(anonymous_8)","decl":{"start":{"line":137,"column":33},"end":{"line":137,"column":38}},"loc":{"start":{"line":137,"column":53},"end":{"line":151,"column":1}}},"8":{"name":"(anonymous_9)","decl":{"start":{"line":153,"column":33},"end":{"line":153,"column":38}},"loc":{"start":{"line":153,"column":53},"end":{"line":168,"column":1}}},"9":{"name":"(anonymous_10)","decl":{"start":{"line":170,"column":23},"end":{"line":170,"column":28}},"loc":{"start":{"line":170,"column":43},"end":{"line":184,"column":1}}},"10":{"name":"(anonymous_11)","decl":{"start":{"line":186,"column":26},"end":{"line":186,"column":31}},"loc":{"start":{"line":186,"column":75},"end":{"line":196,"column":1}}},"11":{"name":"(anonymous_12)","decl":{"start":{"line":198,"column":27},"end":{"line":198,"column":32}},"loc":{"start":{"line":202,"column":4},"end":{"line":212,"column":1}}}},"branchMap":{},"s":{"0":6,"1":6,"2":6,"3":2,"4":2,"5":2,"6":0,"7":6,"8":6,"9":1,"10":1,"11":1,"12":0,"13":6,"14":6,"15":1,"16":1,"17":1,"18":0,"19":6,"20":6,"21":1,"22":1,"23":1,"24":0,"25":6,"26":6,"27":1,"28":1,"29":1,"30":0,"31":6,"32":6,"33":1,"34":1,"35":1,"36":0,"37":6,"38":6,"39":4,"40":4,"41":4,"42":4,"43":4,"44":0,"45":6,"46":6,"47":4,"48":4,"49":4,"50":4,"51":4,"52":0,"53":6,"54":6,"55":4,"56":4,"57":4,"58":4,"59":4,"60":0,"61":6,"62":6,"63":1,"64":1,"65":1,"66":1,"67":0,"68":6,"69":6,"70":2,"71":2,"72":2,"73":0,"74":6,"75":6,"76":1,"77":1,"78":0,"79":6},"f":{"0":2,"1":1,"2":1,"3":1,"4":1,"5":1,"6":4,"7":4,"8":4,"9":1,"10":2,"11":1},"b":{}}
,"D:\\zop2\\freshers-june2021\\nityam_kumar\\PostgresAssignment\\src\\services\\student.ts": {"path":"D:\\zop2\\freshers-june2021\\nityam_kumar\\PostgresAssignment\\src\\services\\student.ts","statementMap":{"0":{"start":{"line":3,"column":0},"end":{"line":3,"column":23}},"1":{"start":{"line":5,"column":0},"end":{"line":5,"column":41}},"2":{"start":{"line":17,"column":26},"end":{"line":33,"column":1}},"3":{"start":{"line":18,"column":2},"end":{"line":32,"column":null}},"4":{"start":{"line":19,"column":17},"end":{"line":19,"column":67}},"5":{"start":{"line":20,"column":19},"end":{"line":28,"column":6}},"6":{"start":{"line":29,"column":4},"end":{"line":29,"column":33}},"7":{"start":{"line":31,"column":4},"end":{"line":31,"column":53}},"8":{"start":{"line":17,"column":13},"end":{"line":17,"column":26}},"9":{"start":{"line":35,"column":29},"end":{"line":81,"column":1}},"10":{"start":{"line":43,"column":2},"end":{"line":80,"column":null}},"11":{"start":{"line":44,"column":4},"end":{"line":49,"column":null}},"12":{"start":{"line":45,"column":6},"end":{"line":48,"column":9}},"13":{"start":{"line":51,"column":4},"end":{"line":56,"column":null}},"14":{"start":{"line":52,"column":6},"end":{"line":55,"column":9}},"15":{"start":{"line":58,"column":4},"end":{"line":63,"column":null}},"16":{"start":{"line":59,"column":6},"end":{"line":62,"column":9}},"17":{"start":{"line":65,"column":4},"end":{"line":70,"column":null}},"18":{"start":{"line":66,"column":6},"end":{"line":69,"column":9}},"19":{"start":{"line":72,"column":4},"end":{"line":77,"column":null}},"20":{"start":{"line":73,"column":6},"end":{"line":76,"column":9}},"21":{"start":{"line":79,"column":4},"end":{"line":79,"column":53}},"22":{"start":{"line":35,"column":13},"end":{"line":35,"column":29}},"23":{"start":{"line":83,"column":27},"end":{"line":92,"column":1}},"24":{"start":{"line":84,"column":2},"end":{"line":91,"column":null}},"25":{"start":{"line":85,"column":16},"end":{"line":87,"column":6}},"26":{"start":{"line":88,"column":4},"end":{"line":88,"column":27}},"27":{"start":{"line":90,"column":4},"end":{"line":90,"column":53}},"28":{"start":{"line":83,"column":13},"end":{"line":83,"column":27}},"29":{"start":{"line":94,"column":29},"end":{"line":101,"column":1}},"30":{"start":{"line":95,"column":2},"end":{"line":100,"column":null}},"31":{"start":{"line":96,"column":19},"end":{"line":96,"column":65}},"32":{"start":{"line":97,"column":4},"end":{"line":97,"column":32}},"33":{"start":{"line":99,"column":4},"end":{"line":99,"column":53}},"34":{"start":{"line":94,"column":13},"end":{"line":94,"column":29}},"35":{"start":{"line":103,"column":27},"end":{"line":113,"column":1}},"36":{"start":{"line":104,"column":2},"end":{"line":112,"column":null}},"37":{"start":{"line":105,"column":17},"end":{"line":107,"column":null}},"38":{"start":{"line":109,"column":4},"end":{"line":109,"column":21}},"39":{"start":{"line":111,"column":4},"end":{"line":111,"column":53}},"40":{"start":{"line":103,"column":13},"end":{"line":103,"column":27}},"41":{"start":{"line":115,"column":34},"end":{"line":125,"column":1}},"42":{"start":{"line":116,"column":2},"end":{"line":124,"column":null}},"43":{"start":{"line":117,"column":17},"end":{"line":119,"column":null}},"44":{"start":{"line":121,"column":4},"end":{"line":121,"column":21}},"45":{"start":{"line":123,"column":4},"end":{"line":123,"column":53}},"46":{"start":{"line":115,"column":13},"end":{"line":115,"column":34}}},"fnMap":{"0":{"name":"(anonymous_1)","decl":{"start":{"line":17,"column":26},"end":{"line":17,"column":31}},"loc":{"start":{"line":17,"column":49},"end":{"line":33,"column":1}}},"1":{"name":"(anonymous_2)","decl":{"start":{"line":35,"column":29},"end":{"line":35,"column":34}},"loc":{"start":{"line":42,"column":4},"end":{"line":81,"column":1}}},"2":{"name":"(anonymous_3)","decl":{"start":{"line":83,"column":27},"end":{"line":83,"column":32}},"loc":{"start":{"line":83,"column":56},"end":{"line":92,"column":1}}},"3":{"name":"(anonymous_4)","decl":{"start":{"line":94,"column":29},"end":{"line":94,"column":34}},"loc":{"start":{"line":94,"column":40},"end":{"line":101,"column":1}}},"4":{"name":"(anonymous_5)","decl":{"start":{"line":103,"column":27},"end":{"line":103,"column":32}},"loc":{"start":{"line":103,"column":75},"end":{"line":113,"column":1}}},"5":{"name":"(anonymous_6)","decl":{"start":{"line":115,"column":34},"end":{"line":115,"column":39}},"loc":{"start":{"line":115,"column":62},"end":{"line":125,"column":1}}}},"branchMap":{"0":{"loc":{"start":{"line":44,"column":4},"end":{"line":49,"column":null}},"type":"if","locations":[{"start":{"line":44,"column":4},"end":{"line":49,"column":null}},{"start":{"line":44,"column":4},"end":{"line":49,"column":null}}]},"1":{"loc":{"start":{"line":51,"column":4},"end":{"line":56,"column":null}},"type":"if","locations":[{"start":{"line":51,"column":4},"end":{"line":56,"column":null}},{"start":{"line":51,"column":4},"end":{"line":56,"column":null}}]},"2":{"loc":{"start":{"line":58,"column":4},"end":{"line":63,"column":null}},"type":"if","locations":[{"start":{"line":58,"column":4},"end":{"line":63,"column":null}},{"start":{"line":58,"column":4},"end":{"line":63,"column":null}}]},"3":{"loc":{"start":{"line":65,"column":4},"end":{"line":70,"column":null}},"type":"if","locations":[{"start":{"line":65,"column":4},"end":{"line":70,"column":null}},{"start":{"line":65,"column":4},"end":{"line":70,"column":null}}]},"4":{"loc":{"start":{"line":72,"column":4},"end":{"line":77,"column":null}},"type":"if","locations":[{"start":{"line":72,"column":4},"end":{"line":77,"column":null}},{"start":{"line":72,"column":4},"end":{"line":77,"column":null}}]}},"s":{"0":6,"1":6,"2":6,"3":1,"4":1,"5":1,"6":1,"7":0,"8":6,"9":6,"10":1,"11":1,"12":1,"13":1,"14":1,"15":1,"16":1,"17":1,"18":1,"19":1,"20":1,"21":0,"22":6,"23":6,"24":2,"25":2,"26":2,"27":0,"28":6,"29":6,"30":2,"31":2,"32":2,"33":0,"34":6,"35":6,"36":1,"37":1,"38":1,"39":0,"40":6,"41":6,"42":2,"43":2,"44":2,"45":0,"46":6},"f":{"0":1,"1":1,"2":2,"3":2,"4":1,"5":2},"b":{"0":[1,0],"1":[1,0],"2":[1,0],"3":[1,0],"4":[1,0]}}
,"D:\\zop2\\freshers-june2021\\nityam_kumar\\PostgresAssignment\\src\\services\\subject.ts": {"path":"D:\\zop2\\freshers-june2021\\nityam_kumar\\PostgresAssignment\\src\\services\\subject.ts","statementMap":{"0":{"start":{"line":3,"column":0},"end":{"line":3,"column":23}},"1":{"start":{"line":5,"column":0},"end":{"line":5,"column":41}},"2":{"start":{"line":14,"column":26},"end":{"line":21,"column":1}},"3":{"start":{"line":15,"column":2},"end":{"line":20,"column":null}},"4":{"start":{"line":16,"column":17},"end":{"line":16,"column":74}},"5":{"start":{"line":17,"column":4},"end":{"line":17,"column":21}},"6":{"start":{"line":19,"column":4},"end":{"line":19,"column":53}},"7":{"start":{"line":14,"column":13},"end":{"line":14,"column":26}},"8":{"start":{"line":23,"column":36},"end":{"line":33,"column":1}},"9":{"start":{"line":24,"column":2},"end":{"line":32,"column":null}},"10":{"start":{"line":25,"column":17},"end":{"line":27,"column":null}},"11":{"start":{"line":29,"column":4},"end":{"line":29,"column":21}},"12":{"start":{"line":31,"column":4},"end":{"line":31,"column":53}},"13":{"start":{"line":23,"column":13},"end":{"line":23,"column":36}},"14":{"start":{"line":35,"column":33},"end":{"line":44,"column":1}},"15":{"start":{"line":36,"column":2},"end":{"line":43,"column":null}},"16":{"start":{"line":37,"column":18},"end":{"line":37,"column":72}},"17":{"start":{"line":38,"column":20},"end":{"line":38,"column":61}},"18":{"start":{"line":39,"column":32},"end":{"line":39,"column":62}},"19":{"start":{"line":40,"column":4},"end":{"line":40,"column":43}},"20":{"start":{"line":42,"column":4},"end":{"line":42,"column":53}},"21":{"start":{"line":35,"column":13},"end":{"line":35,"column":33}},"22":{"start":{"line":46,"column":26},"end":{"line":59,"column":1}},"23":{"start":{"line":47,"column":2},"end":{"line":58,"column":null}},"24":{"start":{"line":48,"column":17},"end":{"line":48,"column":58}},"25":{"start":{"line":49,"column":19},"end":{"line":54,"column":6}},"26":{"start":{"line":55,"column":4},"end":{"line":55,"column":33}},"27":{"start":{"line":57,"column":4},"end":{"line":57,"column":53}},"28":{"start":{"line":46,"column":13},"end":{"line":46,"column":26}},"29":{"start":{"line":61,"column":26},"end":{"line":69,"column":1}},"30":{"start":{"line":62,"column":2},"end":{"line":68,"column":null}},"31":{"start":{"line":63,"column":18},"end":{"line":63,"column":53}},"32":{"start":{"line":64,"column":20},"end":{"line":64,"column":57}},"33":{"start":{"line":65,"column":4},"end":{"line":65,"column":35}},"34":{"start":{"line":67,"column":4},"end":{"line":67,"column":53}},"35":{"start":{"line":61,"column":13},"end":{"line":61,"column":26}},"36":{"start":{"line":71,"column":24},"end":{"line":79,"column":1}},"37":{"start":{"line":72,"column":2},"end":{"line":78,"column":null}},"38":{"start":{"line":73,"column":18},"end":{"line":73,"column":56}},"39":{"start":{"line":74,"column":20},"end":{"line":74,"column":74}},"40":{"start":{"line":75,"column":4},"end":{"line":75,"column":35}},"41":{"start":{"line":77,"column":4},"end":{"line":77,"column":53}},"42":{"start":{"line":71,"column":13},"end":{"line":71,"column":24}}},"fnMap":{"0":{"name":"(anonymous_1)","decl":{"start":{"line":14,"column":26},"end":{"line":14,"column":31}},"loc":{"start":{"line":14,"column":37},"end":{"line":21,"column":1}}},"1":{"name":"(anonymous_2)","decl":{"start":{"line":23,"column":36},"end":{"line":23,"column":41}},"loc":{"start":{"line":23,"column":65},"end":{"line":33,"column":1}}},"2":{"name":"(anonymous_3)","decl":{"start":{"line":35,"column":33},"end":{"line":35,"column":38}},"loc":{"start":{"line":35,"column":56},"end":{"line":44,"column":1}}},"3":{"name":"(anonymous_4)","decl":{"start":{"line":46,"column":26},"end":{"line":46,"column":31}},"loc":{"start":{"line":46,"column":49},"end":{"line":59,"column":1}}},"4":{"name":"(anonymous_5)","decl":{"start":{"line":61,"column":26},"end":{"line":61,"column":31}},"loc":{"start":{"line":61,"column":49},"end":{"line":69,"column":1}}},"5":{"name":"(anonymous_6)","decl":{"start":{"line":71,"column":24},"end":{"line":71,"column":29}},"loc":{"start":{"line":71,"column":47},"end":{"line":79,"column":1}}}},"branchMap":{},"s":{"0":6,"1":6,"2":6,"3":1,"4":1,"5":1,"6":0,"7":6,"8":6,"9":2,"10":2,"11":2,"12":0,"13":6,"14":6,"15":3,"16":3,"17":3,"18":3,"19":3,"20":0,"21":6,"22":6,"23":1,"24":1,"25":1,"26":1,"27":0,"28":6,"29":6,"30":1,"31":1,"32":1,"33":1,"34":0,"35":6,"36":6,"37":1,"38":1,"39":1,"40":1,"41":0,"42":6},"f":{"0":1,"1":2,"2":3,"3":1,"4":1,"5":1},"b":{}}
,"D:\\zop2\\freshers-june2021\\nityam_kumar\\PostgresAssignment\\src\\services\\teacher.ts": {"path":"D:\\zop2\\freshers-june2021\\nityam_kumar\\PostgresAssignment\\src\\services\\teacher.ts","statementMap":{"0":{"start":{"line":3,"column":0},"end":{"line":3,"column":23}},"1":{"start":{"line":5,"column":0},"end":{"line":5,"column":41}},"2":{"start":{"line":16,"column":26},"end":{"line":31,"column":1}},"3":{"start":{"line":17,"column":2},"end":{"line":30,"column":null}},"4":{"start":{"line":18,"column":17},"end":{"line":18,"column":64}},"5":{"start":{"line":19,"column":19},"end":{"line":26,"column":6}},"6":{"start":{"line":27,"column":4},"end":{"line":27,"column":33}},"7":{"start":{"line":29,"column":4},"end":{"line":29,"column":53}},"8":{"start":{"line":16,"column":13},"end":{"line":16,"column":26}},"9":{"start":{"line":33,"column":27},"end":{"line":42,"column":1}},"10":{"start":{"line":34,"column":2},"end":{"line":41,"column":null}},"11":{"start":{"line":35,"column":16},"end":{"line":37,"column":6}},"12":{"start":{"line":38,"column":4},"end":{"line":38,"column":27}},"13":{"start":{"line":40,"column":4},"end":{"line":40,"column":53}},"14":{"start":{"line":33,"column":13},"end":{"line":33,"column":27}},"15":{"start":{"line":44,"column":29},"end":{"line":81,"column":1}},"16":{"start":{"line":51,"column":2},"end":{"line":80,"column":null}},"17":{"start":{"line":52,"column":4},"end":{"line":57,"column":null}},"18":{"start":{"line":53,"column":6},"end":{"line":56,"column":9}},"19":{"start":{"line":59,"column":4},"end":{"line":64,"column":null}},"20":{"start":{"line":60,"column":6},"end":{"line":63,"column":9}},"21":{"start":{"line":66,"column":4},"end":{"line":71,"column":null}},"22":{"start":{"line":67,"column":6},"end":{"line":70,"column":9}},"23":{"start":{"line":72,"column":4},"end":{"line":77,"column":null}},"24":{"start":{"line":73,"column":6},"end":{"line":76,"column":9}},"25":{"start":{"line":79,"column":4},"end":{"line":79,"column":53}},"26":{"start":{"line":44,"column":13},"end":{"line":44,"column":29}},"27":{"start":{"line":83,"column":29},"end":{"line":90,"column":1}},"28":{"start":{"line":84,"column":2},"end":{"line":89,"column":null}},"29":{"start":{"line":85,"column":19},"end":{"line":85,"column":65}},"30":{"start":{"line":86,"column":4},"end":{"line":86,"column":32}},"31":{"start":{"line":88,"column":4},"end":{"line":88,"column":53}},"32":{"start":{"line":83,"column":13},"end":{"line":83,"column":29}},"33":{"start":{"line":92,"column":27},"end":{"line":102,"column":1}},"34":{"start":{"line":93,"column":2},"end":{"line":101,"column":null}},"35":{"start":{"line":94,"column":17},"end":{"line":96,"column":null}},"36":{"start":{"line":98,"column":4},"end":{"line":98,"column":21}},"37":{"start":{"line":100,"column":4},"end":{"line":100,"column":53}},"38":{"start":{"line":92,"column":13},"end":{"line":92,"column":27}},"39":{"start":{"line":104,"column":37},"end":{"line":113,"column":1}},"40":{"start":{"line":105,"column":2},"end":{"line":112,"column":null}},"41":{"start":{"line":106,"column":19},"end":{"line":107,"column":null}},"42":{"start":{"line":109,"column":4},"end":{"line":109,"column":32}},"43":{"start":{"line":111,"column":4},"end":{"line":111,"column":53}},"44":{"start":{"line":104,"column":13},"end":{"line":104,"column":37}},"45":{"start":{"line":115,"column":35},"end":{"line":128,"column":1}},"46":{"start":{"line":119,"column":2},"end":{"line":127,"column":null}},"47":{"start":{"line":120,"column":17},"end":{"line":122,"column":null}},"48":{"start":{"line":124,"column":4},"end":{"line":124,"column":21}},"49":{"start":{"line":126,"column":4},"end":{"line":126,"column":53}},"50":{"start":{"line":115,"column":13},"end":{"line":115,"column":35}},"51":{"start":{"line":130,"column":41},"end":{"line":140,"column":1}},"52":{"start":{"line":131,"column":2},"end":{"line":139,"column":null}},"53":{"start":{"line":132,"column":17},"end":{"line":134,"column":null}},"54":{"start":{"line":136,"column":4},"end":{"line":136,"column":21}},"55":{"start":{"line":138,"column":4},"end":{"line":138,"column":53}},"56":{"start":{"line":130,"column":13},"end":{"line":130,"column":41}}},"fnMap":{"0":{"name":"(anonymous_1)","decl":{"start":{"line":16,"column":26},"end":{"line":16,"column":31}},"loc":{"start":{"line":16,"column":49},"end":{"line":31,"column":1}}},"1":{"name":"(anonymous_2)","decl":{"start":{"line":33,"column":27},"end":{"line":33,"column":32}},"loc":{"start":{"line":33,"column":56},"end":{"line":42,"column":1}}},"2":{"name":"(anonymous_3)","decl":{"start":{"line":44,"column":29},"end":{"line":44,"column":34}},"loc":{"start":{"line":50,"column":4},"end":{"line":81,"column":1}}},"3":{"name":"(anonymous_4)","decl":{"start":{"line":83,"column":29},"end":{"line":83,"column":34}},"loc":{"start":{"line":83,"column":40},"end":{"line":90,"column":1}}},"4":{"name":"(anonymous_5)","decl":{"start":{"line":92,"column":27},"end":{"line":92,"column":32}},"loc":{"start":{"line":92,"column":75},"end":{"line":102,"column":1}}},"5":{"name":"(anonymous_6)","decl":{"start":{"line":104,"column":37},"end":{"line":104,"column":42}},"loc":{"start":{"line":104,"column":48},"end":{"line":113,"column":1}}},"6":{"name":"(anonymous_7)","decl":{"start":{"line":115,"column":35},"end":{"line":115,"column":40}},"loc":{"start":{"line":118,"column":4},"end":{"line":128,"column":1}}},"7":{"name":"(anonymous_8)","decl":{"start":{"line":130,"column":41},"end":{"line":130,"column":46}},"loc":{"start":{"line":130,"column":70},"end":{"line":140,"column":1}}}},"branchMap":{"0":{"loc":{"start":{"line":52,"column":4},"end":{"line":57,"column":null}},"type":"if","locations":[{"start":{"line":52,"column":4},"end":{"line":57,"column":null}},{"start":{"line":52,"column":4},"end":{"line":57,"column":null}}]},"1":{"loc":{"start":{"line":59,"column":4},"end":{"line":64,"column":null}},"type":"if","locations":[{"start":{"line":59,"column":4},"end":{"line":64,"column":null}},{"start":{"line":59,"column":4},"end":{"line":64,"column":null}}]},"2":{"loc":{"start":{"line":66,"column":4},"end":{"line":71,"column":null}},"type":"if","locations":[{"start":{"line":66,"column":4},"end":{"line":71,"column":null}},{"start":{"line":66,"column":4},"end":{"line":71,"column":null}}]},"3":{"loc":{"start":{"line":72,"column":4},"end":{"line":77,"column":null}},"type":"if","locations":[{"start":{"line":72,"column":4},"end":{"line":77,"column":null}},{"start":{"line":72,"column":4},"end":{"line":77,"column":null}}]}},"s":{"0":6,"1":6,"2":6,"3":1,"4":1,"5":1,"6":1,"7":0,"8":6,"9":6,"10":5,"11":5,"12":5,"13":0,"14":6,"15":6,"16":1,"17":1,"18":1,"19":1,"20":1,"21":1,"22":1,"23":1,"24":1,"25":0,"26":6,"27":6,"28":2,"29":2,"30":2,"31":0,"32":6,"33":6,"34":1,"35":1,"36":1,"37":0,"38":6,"39":6,"40":2,"41":2,"42":2,"43":0,"44":6,"45":6,"46":1,"47":1,"48":1,"49":0,"50":6,"51":6,"52":2,"53":2,"54":2,"55":0,"56":6},"f":{"0":1,"1":5,"2":1,"3":2,"4":1,"5":2,"6":1,"7":2},"b":{"0":[1,0],"1":[1,0],"2":[1,0],"3":[1,0]}}
,"D:\\zop2\\freshers-june2021\\nityam_kumar\\PostgresAssignment\\src\\utils\\appError.ts": {"path":"D:\\zop2\\freshers-june2021\\nityam_kumar\\PostgresAssignment\\src\\utils\\appError.ts","statementMap":{"0":{"start":{"line":5,"column":4},"end":{"line":5,"column":19}},"1":{"start":{"line":6,"column":4},"end":{"line":6,"column":29}},"2":{"start":{"line":7,"column":4},"end":{"line":7,"column":52}},"3":{"start":{"line":11,"column":0},"end":{"line":11,"column":24}}},"fnMap":{"0":{"name":"(anonymous_0)","decl":{"start":{"line":4,"column":2},"end":{"line":4,"column":14}},"loc":{"start":{"line":4,"column":50},"end":{"line":8,"column":3}}}},"branchMap":{},"s":{"0":5,"1":5,"2":5,"3":6},"f":{"0":5},"b":{}}
,"D:\\zop2\\freshers-june2021\\nityam_kumar\\PostgresAssignment\\src\\utils\\errorHandler.ts": {"path":"D:\\zop2\\freshers-june2021\\nityam_kumar\\PostgresAssignment\\src\\utils\\errorHandler.ts","statementMap":{"0":{"start":{"line":4,"column":32},"end":{"line":11,"column":1}},"1":{"start":{"line":5,"column":2},"end":{"line":10,"column":null}},"2":{"start":{"line":6,"column":4},"end":{"line":6,"column":17}},"3":{"start":{"line":8,"column":4},"end":{"line":8,"column":35}},"4":{"start":{"line":9,"column":4},"end":{"line":9,"column":27}},"5":{"start":{"line":4,"column":13},"end":{"line":4,"column":32}}},"fnMap":{"0":{"name":"(anonymous_0)","decl":{"start":{"line":4,"column":32},"end":{"line":4,"column":37}},"loc":{"start":{"line":4,"column":66},"end":{"line":11,"column":1}}}},"branchMap":{"0":{"loc":{"start":{"line":8,"column":17},"end":{"line":8,"column":27}},"type":"binary-expr","locations":[{"start":{"line":8,"column":17},"end":{"line":8,"column":27}},{"start":{"line":8,"column":31},"end":{"line":8,"column":34}}]}},"s":{"0":6,"1":63,"2":63,"3":1,"4":1,"5":6},"f":{"0":63},"b":{"0":[1,0]}}
}
