TN:
SF:src\app\app.ts
FN:24,(anonymous_1)
FNF:1
FNH:1
FNDA:1,(anonymous_1)
DA:2,6
DA:4,6
DA:6,6
DA:8,6
DA:10,6
DA:12,6
DA:14,6
DA:16,6
DA:18,6
DA:20,6
DA:22,6
DA:24,6
DA:25,1
DA:28,6
LF:14
LH:14
BRF:0
BRH:0
end_of_record
TN:
SF:src\config\config.ts
FNF:0
FNH:0
DA:1,6
DA:3,6
DA:16,6
DA:18,6
DA:19,0
DA:22,6
LF:6
LH:5
BRDA:18,0,0,0
BRDA:18,0,1,6
BRF:2
BRH:1
end_of_record
TN:
SF:src\controller\class.ts
FN:8,(anonymous_6)
FN:17,(anonymous_7)
FN:26,(anonymous_8)
FN:46,(anonymous_9)
FNF:4
FNH:4
FNDA:1,(anonymous_6)
FNDA:1,(anonymous_7)
FNDA:2,(anonymous_8)
FNDA:3,(anonymous_9)
DA:4,6
DA:6,6
DA:8,6
DA:9,1
DA:10,1
DA:11,1
DA:17,6
DA:18,1
DA:19,1
DA:20,1
DA:26,6
DA:27,2
DA:29,2
DA:31,2
DA:32,1
DA:33,1
DA:34,1
DA:37,1
DA:38,1
DA:39,1
DA:40,1
DA:46,6
DA:47,3
DA:49,3
DA:50,3
DA:51,1
DA:52,1
DA:53,1
DA:56,2
DA:58,2
DA:59,1
DA:60,1
DA:63,1
DA:65,1
DA:66,1
LF:35
LH:35
BRDA:31,0,0,1
BRDA:31,0,1,1
BRDA:50,1,0,1
BRDA:50,1,1,2
BRDA:58,2,0,1
BRDA:58,2,1,1
BRF:6
BRH:6
end_of_record
TN:
SF:src\controller\mark.ts
FN:23,(anonymous_7)
FN:67,(anonymous_8)
FN:99,(anonymous_9)
FN:125,(anonymous_10)
FN:134,(anonymous_11)
FN:156,(anonymous_12)
FN:176,(anonymous_13)
FN:185,(anonymous_14)
FNF:8
FNH:8
FNDA:5,(anonymous_7)
FNDA:3,(anonymous_8)
FNDA:3,(anonymous_9)
FNDA:1,(anonymous_10)
FNDA:2,(anonymous_11)
FNDA:2,(anonymous_12)
FNDA:1,(anonymous_13)
FNDA:2,(anonymous_14)
DA:3,6
DA:5,6
DA:7,6
DA:23,6
DA:24,5
DA:26,5
DA:28,5
DA:29,1
DA:30,1
DA:31,1
DA:34,4
DA:40,4
DA:41,1
DA:42,1
DA:45,1
DA:46,3
DA:47,1
DA:48,1
DA:51,1
DA:52,2
DA:53,1
DA:54,1
DA:57,1
DA:60,1
DA:61,1
DA:62,1
DA:67,6
DA:68,3
DA:69,3
DA:70,3
DA:72,3
DA:78,3
DA:79,1
DA:80,1
DA:81,1
DA:84,2
DA:85,2
DA:86,1
DA:87,1
DA:90,1
DA:92,1
DA:93,1
DA:94,1
DA:99,6
DA:100,3
DA:102,3
DA:104,3
DA:105,1
DA:106,1
DA:107,1
DA:110,2
DA:111,2
DA:112,1
DA:113,1
DA:116,1
DA:118,1
DA:119,1
DA:125,6
DA:126,1
DA:127,1
DA:128,1
DA:134,6
DA:137,2
DA:139,2
DA:140,2
DA:141,1
DA:142,1
DA:143,1
DA:146,1
DA:149,1
DA:150,1
DA:156,6
DA:157,2
DA:159,2
DA:161,2
DA:162,1
DA:163,1
DA:164,1
DA:167,1
DA:168,1
DA:169,1
DA:170,1
DA:176,6
DA:177,1
DA:178,1
DA:179,1
DA:185,6
DA:186,2
DA:188,2
DA:190,2
DA:191,1
DA:192,1
DA:193,1
DA:196,1
DA:197,1
DA:200,1
DA:201,1
LF:97
LH:97
BRDA:28,0,0,1
BRDA:28,0,1,4
BRDA:40,1,0,1
BRDA:40,1,1,3
BRDA:46,2,0,1
BRDA:46,2,1,2
BRDA:52,3,0,1
BRDA:52,3,1,1
BRDA:78,4,0,1
BRDA:78,4,1,2
BRDA:85,5,0,1
BRDA:85,5,1,1
BRDA:104,6,0,1
BRDA:104,6,1,2
BRDA:111,7,0,1
BRDA:111,7,1,1
BRDA:140,8,0,1
BRDA:140,8,1,1
BRDA:161,9,0,1
BRDA:161,9,1,1
BRDA:190,10,0,1
BRDA:190,10,1,1
BRF:22
BRH:22
end_of_record
TN:
SF:src\controller\student.ts
FN:24,(anonymous_7)
FN:44,(anonymous_8)
FN:86,(anonymous_9)
FN:126,(anonymous_10)
FNF:4
FNH:4
FNDA:2,(anonymous_7)
FNDA:3,(anonymous_8)
FNDA:4,(anonymous_9)
FNDA:3,(anonymous_10)
DA:2,6
DA:4,6
DA:6,6
DA:7,6
DA:9,6
DA:24,6
DA:25,2
DA:27,2
DA:29,2
DA:30,1
DA:31,1
DA:32,1
DA:35,1
DA:36,1
DA:37,1
DA:38,1
DA:44,6
DA:45,3
DA:46,3
DA:48,3
DA:57,3
DA:58,1
DA:59,1
DA:60,1
DA:63,2
DA:64,2
DA:65,1
DA:66,1
DA:69,1
DA:71,1
DA:80,1
DA:81,1
DA:86,6
DA:87,4
DA:88,4
DA:90,4
DA:92,4
DA:93,2
DA:94,2
DA:95,2
DA:98,2
DA:99,2
DA:101,2
DA:102,2
DA:104,2
DA:105,1
DA:106,1
DA:109,1
DA:112,1
DA:113,1
DA:114,1
DA:116,1
DA:118,1
DA:119,1
DA:126,6
DA:127,3
DA:129,3
DA:133,3
DA:134,1
DA:135,1
DA:136,1
DA:139,2
DA:140,2
DA:141,1
DA:142,1
DA:143,1
DA:146,1
DA:147,1
LF:68
LH:68
BRDA:29,0,0,1
BRDA:29,0,1,1
BRDA:57,1,0,1
BRDA:57,1,1,2
BRDA:64,2,0,1
BRDA:64,2,1,1
BRDA:92,3,0,2
BRDA:92,3,1,2
BRDA:104,4,0,1
BRDA:104,4,1,1
BRDA:133,5,0,1
BRDA:133,5,1,2
BRDA:140,6,0,1
BRDA:140,6,1,1
BRF:14
BRH:14
end_of_record
TN:
SF:src\controller\subject.ts
FN:18,(anonymous_7)
FN:59,(anonymous_8)
FN:68,(anonymous_9)
FNF:3
FNH:3
FNDA:4,(anonymous_7)
FNDA:1,(anonymous_8)
FNDA:3,(anonymous_9)
DA:2,6
DA:4,6
DA:5,6
DA:7,6
DA:9,6
DA:18,6
DA:19,4
DA:21,4
DA:22,4
DA:23,1
DA:24,1
DA:25,1
DA:28,3
DA:33,3
DA:34,1
DA:35,1
DA:38,1
DA:39,2
DA:40,1
DA:41,1
DA:44,1
DA:47,1
DA:48,1
DA:50,1
DA:52,1
DA:53,1
DA:54,1
DA:59,6
DA:60,1
DA:61,1
DA:62,1
DA:68,6
DA:69,3
DA:71,3
DA:72,3
DA:73,1
DA:74,1
DA:75,1
DA:78,2
DA:79,2
DA:80,1
DA:81,1
DA:84,1
DA:86,1
DA:87,1
LF:45
LH:45
BRDA:22,0,0,1
BRDA:22,0,1,3
BRDA:33,1,0,1
BRDA:33,1,1,2
BRDA:39,2,0,1
BRDA:39,2,1,1
BRDA:72,3,0,1
BRDA:72,3,1,2
BRDA:79,4,0,1
BRDA:79,4,1,1
BRF:10
BRH:10
end_of_record
TN:
SF:src\controller\teacher.ts
FN:21,(anonymous_7)
FN:40,(anonymous_8)
FN:73,(anonymous_9)
FN:112,(anonymous_10)
FN:153,(anonymous_11)
FNF:5
FNH:5
FNDA:2,(anonymous_7)
FNDA:3,(anonymous_8)
FNDA:4,(anonymous_9)
FNDA:4,(anonymous_10)
FNDA:3,(anonymous_11)
DA:2,6
DA:4,6
DA:5,6
DA:9,6
DA:10,6
DA:21,6
DA:22,2
DA:24,2
DA:25,2
DA:26,1
DA:27,1
DA:28,1
DA:31,1
DA:32,1
DA:33,1
DA:34,1
DA:40,6
DA:41,3
DA:42,3
DA:44,3
DA:51,3
DA:52,1
DA:53,1
DA:54,1
DA:57,2
DA:58,2
DA:59,1
DA:60,1
DA:63,1
DA:65,1
DA:67,1
DA:68,1
DA:73,6
DA:74,4
DA:75,4
DA:77,4
DA:79,4
DA:80,2
DA:81,2
DA:82,2
DA:85,2
DA:86,2
DA:88,2
DA:89,2
DA:91,2
DA:92,1
DA:93,1
DA:96,1
DA:99,1
DA:100,1
DA:101,1
DA:102,1
DA:104,1
DA:105,1
DA:112,6
DA:113,4
DA:114,4
DA:116,4
DA:117,4
DA:118,2
DA:119,2
DA:120,2
DA:123,2
DA:124,2
DA:127,2
DA:129,2
DA:131,2
DA:132,1
DA:133,1
DA:136,1
DA:139,1
DA:140,1
DA:141,1
DA:143,1
DA:145,1
DA:146,1
DA:153,6
DA:154,3
DA:156,3
DA:157,3
DA:158,1
DA:159,1
DA:160,1
DA:163,2
DA:164,2
DA:165,1
DA:166,1
DA:169,1
DA:171,1
DA:172,1
LF:90
LH:90
BRDA:25,0,0,1
BRDA:25,0,1,1
BRDA:51,1,0,1
BRDA:51,1,1,2
BRDA:58,2,0,1
BRDA:58,2,1,1
BRDA:79,3,0,2
BRDA:79,3,1,2
BRDA:91,4,0,1
BRDA:91,4,1,1
BRDA:117,5,0,2
BRDA:117,5,1,2
BRDA:131,6,0,1
BRDA:131,6,1,1
BRDA:157,7,0,1
BRDA:157,7,1,2
BRDA:164,8,0,1
BRDA:164,8,1,1
BRF:18
BRH:18
end_of_record
TN:
SF:src\db\index.ts
FN:6,pgConnect
FN:21,(anonymous_1)
FN:30,pgDisConnect
FN:31,(anonymous_3)
FN:36,(anonymous_4)
FNF:5
FNH:4
FNDA:6,pgConnect
FNDA:0,(anonymous_1)
FNDA:6,pgDisConnect
FNDA:6,(anonymous_3)
FNDA:68,(anonymous_4)
DA:1,6
DA:2,6
DA:6,6
DA:7,6
DA:8,6
DA:16,6
DA:17,6
DA:18,6
DA:19,6
DA:21,6
DA:22,0
DA:23,0
DA:26,0
DA:30,6
DA:31,6
DA:34,6
DA:36,68
LF:17
LH:14
BRDA:17,0,0,6
BRDA:17,0,1,0
BRF:2
BRH:1
end_of_record
TN:
SF:src\db\validateSchema\helperSchema.ts
FNF:0
FNH:0
DA:1,6
DA:3,6
DA:7,6
DA:13,6
DA:17,6
DA:21,6
DA:25,6
DA:29,6
DA:33,6
DA:42,6
LF:10
LH:10
BRF:0
BRH:0
end_of_record
TN:
SF:src\db\validateSchema\markSchema.ts
FNF:0
FNH:0
DA:1,6
DA:3,6
DA:11,6
LF:3
LH:3
BRF:0
BRH:0
end_of_record
TN:
SF:src\db\validateSchema\paginationSchema.ts
FNF:0
FNH:0
DA:1,6
DA:3,6
DA:8,6
LF:3
LH:3
BRF:0
BRH:0
end_of_record
TN:
SF:src\db\validateSchema\studentSchema.ts
FNF:0
FNH:0
DA:1,6
DA:3,6
DA:12,6
LF:3
LH:3
BRF:0
BRH:0
end_of_record
TN:
SF:src\db\validateSchema\subjectSchema.ts
FNF:0
FNH:0
DA:1,6
DA:3,6
DA:9,6
LF:3
LH:3
BRF:0
BRH:0
end_of_record
TN:
SF:src\db\validateSchema\teacherSchema.ts
FNF:0
FNH:0
DA:1,6
DA:3,6
DA:11,6
LF:3
LH:3
BRF:0
BRH:0
end_of_record
TN:
SF:src\routes\class.ts
FNF:0
FNH:0
DA:1,6
DA:3,6
DA:10,6
DA:12,6
DA:14,6
DA:15,6
DA:17,6
DA:19,6
LF:8
LH:8
BRF:0
BRH:0
end_of_record
TN:
SF:src\routes\index.ts
FNF:0
FNH:0
DA:1,6
DA:3,6
DA:4,6
DA:5,6
DA:6,6
DA:7,6
DA:9,6
DA:17,6
LF:8
LH:8
BRF:0
BRH:0
end_of_record
TN:
SF:src\routes\mark.ts
FNF:0
FNH:0
DA:1,6
DA:3,6
DA:14,6
DA:16,6
DA:17,6
DA:19,6
DA:21,6
DA:22,6
DA:27,6
DA:29,6
DA:30,6
DA:32,6
LF:12
LH:12
BRF:0
BRH:0
end_of_record
TN:
SF:src\routes\student.ts
FNF:0
FNH:0
DA:1,6
DA:3,6
DA:10,6
DA:12,6
DA:14,6
DA:16,6
DA:18,6
DA:20,6
LF:8
LH:8
BRF:0
BRH:0
end_of_record
TN:
SF:src\routes\subject.ts
FNF:0
FNH:0
DA:1,6
DA:3,6
DA:9,6
DA:11,6
DA:13,6
DA:15,6
DA:17,6
LF:7
LH:7
BRF:0
BRH:0
end_of_record
TN:
SF:src\routes\teacher.ts
FNF:0
FNH:0
DA:1,6
DA:3,6
DA:11,6
DA:13,6
DA:15,6
DA:17,6
DA:19,6
DA:21,6
DA:23,6
LF:9
LH:9
BRF:0
BRH:0
end_of_record
TN:
SF:src\services\classes.ts
FN:6,(anonymous_1)
FN:17,(anonymous_2)
FN:33,(anonymous_3)
FN:45,(anonymous_4)
FNF:4
FNH:4
FNDA:1,(anonymous_1)
FNDA:1,(anonymous_2)
FNDA:1,(anonymous_3)
FNDA:2,(anonymous_4)
DA:2,6
DA:4,6
DA:6,6
DA:7,1
DA:8,1
DA:11,1
DA:13,0
DA:17,6
DA:18,1
DA:20,1
DA:27,1
DA:29,0
DA:33,6
DA:34,1
DA:35,1
DA:39,1
DA:41,0
DA:45,6
DA:46,2
DA:47,2
DA:51,2
DA:53,0
LF:22
LH:18
BRF:0
BRH:0
end_of_record
TN:
SF:src\services\mark.ts
FN:14,(anonymous_1)
FN:26,(anonymous_2)
FN:37,(anonymous_3)
FN:57,(anonymous_4)
FN:69,(anonymous_5)
FN:94,(anonymous_6)
FN:126,(anonymous_7)
FN:137,(anonymous_8)
FN:153,(anonymous_9)
FN:170,(anonymous_10)
FN:186,(anonymous_11)
FN:198,(anonymous_12)
FNF:12
FNH:12
FNDA:2,(anonymous_1)
FNDA:1,(anonymous_2)
FNDA:1,(anonymous_3)
FNDA:1,(anonymous_4)
FNDA:1,(anonymous_5)
FNDA:1,(anonymous_6)
FNDA:4,(anonymous_7)
FNDA:4,(anonymous_8)
FNDA:4,(anonymous_9)
FNDA:1,(anonymous_10)
FNDA:2,(anonymous_11)
FNDA:1,(anonymous_12)
DA:2,6
DA:4,6
DA:14,6
DA:15,2
DA:16,2
DA:20,2
DA:22,0
DA:26,6
DA:27,1
DA:28,1
DA:31,1
DA:33,0
DA:37,6
DA:40,1
DA:41,1
DA:51,1
DA:53,0
DA:57,6
DA:58,1
DA:59,1
DA:63,1
DA:65,0
DA:69,6
DA:70,1
DA:72,1
DA:88,1
DA:90,0
DA:94,6
DA:97,1
DA:98,1
DA:120,1
DA:122,0
DA:126,6
DA:127,4
DA:128,4
DA:129,4
DA:130,4
DA:131,4
DA:133,0
DA:137,6
DA:138,4
DA:140,4
DA:141,4
DA:146,4
DA:147,4
DA:149,0
DA:153,6
DA:154,4
DA:156,4
DA:157,4
DA:163,4
DA:164,4
DA:166,0
DA:170,6
DA:171,1
DA:172,1
DA:173,1
DA:180,1
DA:182,0
DA:186,6
DA:187,2
DA:188,2
DA:192,2
DA:194,0
DA:198,6
DA:203,1
DA:204,1
DA:210,0
LF:68
LH:56
BRF:0
BRH:0
end_of_record
TN:
SF:src\services\student.ts
FN:17,(anonymous_1)
FN:35,(anonymous_2)
FN:83,(anonymous_3)
FN:94,(anonymous_4)
FN:103,(anonymous_5)
FN:115,(anonymous_6)
FNF:6
FNH:6
FNDA:1,(anonymous_1)
FNDA:1,(anonymous_2)
FNDA:2,(anonymous_3)
FNDA:2,(anonymous_4)
FNDA:1,(anonymous_5)
FNDA:2,(anonymous_6)
DA:3,6
DA:5,6
DA:17,6
DA:18,1
DA:19,1
DA:20,1
DA:29,1
DA:31,0
DA:35,6
DA:43,1
DA:44,1
DA:45,1
DA:51,1
DA:52,1
DA:58,1
DA:59,1
DA:65,1
DA:66,1
DA:72,1
DA:73,1
DA:79,0
DA:83,6
DA:84,2
DA:85,2
DA:88,2
DA:90,0
DA:94,6
DA:95,2
DA:96,2
DA:97,2
DA:99,0
DA:103,6
DA:104,1
DA:105,1
DA:109,1
DA:111,0
DA:115,6
DA:116,2
DA:117,2
DA:121,2
DA:123,0
LF:41
LH:35
BRDA:44,0,0,1
BRDA:44,0,1,0
BRDA:51,1,0,1
BRDA:51,1,1,0
BRDA:58,2,0,1
BRDA:58,2,1,0
BRDA:65,3,0,1
BRDA:65,3,1,0
BRDA:72,4,0,1
BRDA:72,4,1,0
BRF:10
BRH:5
end_of_record
TN:
SF:src\services\subject.ts
FN:14,(anonymous_1)
FN:23,(anonymous_2)
FN:35,(anonymous_3)
FN:46,(anonymous_4)
FN:61,(anonymous_5)
FN:71,(anonymous_6)
FNF:6
FNH:6
FNDA:1,(anonymous_1)
FNDA:2,(anonymous_2)
FNDA:3,(anonymous_3)
FNDA:1,(anonymous_4)
FNDA:1,(anonymous_5)
FNDA:1,(anonymous_6)
DA:3,6
DA:5,6
DA:14,6
DA:15,1
DA:16,1
DA:17,1
DA:19,0
DA:23,6
DA:24,2
DA:25,2
DA:29,2
DA:31,0
DA:35,6
DA:36,3
DA:37,3
DA:38,3
DA:39,3
DA:40,3
DA:42,0
DA:46,6
DA:47,1
DA:48,1
DA:49,1
DA:55,1
DA:57,0
DA:61,6
DA:62,1
DA:63,1
DA:64,1
DA:65,1
DA:67,0
DA:71,6
DA:72,1
DA:73,1
DA:74,1
DA:75,1
DA:77,0
LF:37
LH:31
BRF:0
BRH:0
end_of_record
TN:
SF:src\services\teacher.ts
FN:16,(anonymous_1)
FN:33,(anonymous_2)
FN:44,(anonymous_3)
FN:83,(anonymous_4)
FN:92,(anonymous_5)
FN:104,(anonymous_6)
FN:115,(anonymous_7)
FN:130,(anonymous_8)
FNF:8
FNH:8
FNDA:1,(anonymous_1)
FNDA:5,(anonymous_2)
FNDA:1,(anonymous_3)
FNDA:2,(anonymous_4)
FNDA:1,(anonymous_5)
FNDA:2,(anonymous_6)
FNDA:1,(anonymous_7)
FNDA:2,(anonymous_8)
DA:3,6
DA:5,6
DA:16,6
DA:17,1
DA:18,1
DA:19,1
DA:27,1
DA:29,0
DA:33,6
DA:34,5
DA:35,5
DA:38,5
DA:40,0
DA:44,6
DA:51,1
DA:52,1
DA:53,1
DA:59,1
DA:60,1
DA:66,1
DA:67,1
DA:72,1
DA:73,1
DA:79,0
DA:83,6
DA:84,2
DA:85,2
DA:86,2
DA:88,0
DA:92,6
DA:93,1
DA:94,1
DA:98,1
DA:100,0
DA:104,6
DA:105,2
DA:106,2
DA:109,2
DA:111,0
DA:115,6
DA:119,1
DA:120,1
DA:124,1
DA:126,0
DA:130,6
DA:131,2
DA:132,2
DA:136,2
DA:138,0
LF:49
LH:41
BRDA:52,0,0,1
BRDA:52,0,1,0
BRDA:59,1,0,1
BRDA:59,1,1,0
BRDA:66,2,0,1
BRDA:66,2,1,0
BRDA:72,3,0,1
BRDA:72,3,1,0
BRF:8
BRH:4
end_of_record
TN:
SF:src\utils\appError.ts
FN:4,(anonymous_0)
FNF:1
FNH:1
FNDA:5,(anonymous_0)
DA:5,5
DA:6,5
DA:7,5
DA:11,6
LF:4
LH:4
BRF:0
BRH:0
end_of_record
TN:
SF:src\utils\errorHandler.ts
FN:4,(anonymous_0)
FNF:1
FNH:1
FNDA:63,(anonymous_0)
DA:4,6
DA:5,63
DA:6,63
DA:8,1
DA:9,1
LF:5
LH:5
BRDA:8,0,0,1
BRDA:8,0,1,0
BRF:2
BRH:1
end_of_record
