<?xml version="1.0" encoding="UTF-8"?>
<coverage generated="1628652791194" clover="3.2.0">
  <project timestamp="1628652791195" name="All files">
    <metrics statements="399" coveredstatements="390" conditionals="41" coveredconditionals="39" methods="40" coveredmethods="40" elements="480" coveredelements="469" complexity="0" loc="399" ncloc="399" packages="7" files="27" classes="27"/>
    <package name="app">
      <metrics statements="14" coveredstatements="14" conditionals="0" coveredconditionals="0" methods="0" coveredmethods="0"/>
      <file name="app.ts" path="C:\Users\teeka\Desktop\zop - Copy\freshers-june2021\teekam_singh_kalyanwat\school\src\app\app.ts">
        <metrics statements="14" coveredstatements="14" conditionals="0" coveredconditionals="0" methods="0" coveredmethods="0"/>
        <line num="1" count="12" type="stmt"/>
        <line num="2" count="12" type="stmt"/>
        <line num="3" count="12" type="stmt"/>
        <line num="10" count="12" type="stmt"/>
        <line num="12" count="12" type="stmt"/>
        <line num="13" count="12" type="stmt"/>
        <line num="14" count="12" type="stmt"/>
        <line num="15" count="12" type="stmt"/>
        <line num="16" count="12" type="stmt"/>
        <line num="17" count="12" type="stmt"/>
        <line num="20" count="12" type="stmt"/>
        <line num="22" count="12" type="stmt"/>
        <line num="23" count="12" type="stmt"/>
        <line num="25" count="12" type="stmt"/>
      </file>
    </package>
    <package name="config">
      <metrics statements="9" coveredstatements="8" conditionals="2" coveredconditionals="1" methods="0" coveredmethods="0"/>
      <file name="config.ts" path="C:\Users\teeka\Desktop\zop - Copy\freshers-june2021\teekam_singh_kalyanwat\school\src\config\config.ts">
        <metrics statements="9" coveredstatements="8" conditionals="2" coveredconditionals="1" methods="0" coveredmethods="0"/>
        <line num="1" count="12" type="stmt"/>
        <line num="2" count="12" type="stmt"/>
        <line num="3" count="12" type="stmt"/>
        <line num="5" count="12" type="stmt"/>
        <line num="7" count="12" type="stmt"/>
        <line num="16" count="12" type="stmt"/>
        <line num="18" count="12" type="cond" truecount="1" falsecount="1"/>
        <line num="20" count="0" type="stmt"/>
        <line num="23" count="12" type="stmt"/>
      </file>
    </package>
    <package name="controller">
      <metrics statements="250" coveredstatements="245" conditionals="38" coveredconditionals="37" methods="18" coveredmethods="18"/>
      <file name="class.ts" path="C:\Users\teeka\Desktop\zop - Copy\freshers-june2021\teekam_singh_kalyanwat\school\src\controller\class.ts">
        <metrics statements="40" coveredstatements="40" conditionals="6" coveredconditionals="6" methods="3" coveredmethods="3"/>
        <line num="2" count="12" type="stmt"/>
        <line num="3" count="12" type="stmt"/>
        <line num="4" count="12" type="stmt"/>
        <line num="7" count="12" type="stmt"/>
        <line num="8" count="3" type="stmt"/>
        <line num="9" count="3" type="stmt"/>
        <line num="10" count="3" type="cond" truecount="2" falsecount="0"/>
        <line num="11" count="1" type="stmt"/>
        <line num="12" count="1" type="stmt"/>
        <line num="13" count="1" type="stmt"/>
        <line num="15" count="2" type="stmt"/>
        <line num="16" count="2" type="stmt"/>
        <line num="17" count="2" type="stmt"/>
        <line num="18" count="1" type="stmt"/>
        <line num="19" count="1" type="stmt"/>
        <line num="22" count="1" type="stmt"/>
        <line num="24" count="1" type="stmt"/>
        <line num="28" count="12" type="stmt"/>
        <line num="29" count="2" type="stmt"/>
        <line num="30" count="2" type="stmt"/>
        <line num="31" count="1" type="stmt"/>
        <line num="32" count="1" type="stmt"/>
        <line num="36" count="1" type="stmt"/>
        <line num="37" count="1" type="stmt"/>
        <line num="41" count="12" type="stmt"/>
        <line num="42" count="4" type="stmt"/>
        <line num="43" count="4" type="stmt"/>
        <line num="44" count="4" type="cond" truecount="2" falsecount="0"/>
        <line num="45" count="1" type="stmt"/>
        <line num="46" count="1" type="stmt"/>
        <line num="47" count="1" type="stmt"/>
        <line num="49" count="3" type="stmt"/>
        <line num="50" count="3" type="stmt"/>
        <line num="51" count="2" type="cond" truecount="2" falsecount="0"/>
        <line num="52" count="1" type="stmt"/>
        <line num="53" count="1" type="stmt"/>
        <line num="56" count="1" type="stmt"/>
        <line num="57" count="1" type="stmt"/>
        <line num="61" count="1" type="stmt"/>
        <line num="62" count="1" type="stmt"/>
      </file>
      <file name="result.ts" path="C:\Users\teeka\Desktop\zop - Copy\freshers-june2021\teekam_singh_kalyanwat\school\src\controller\result.ts">
        <metrics statements="74" coveredstatements="72" conditionals="14" coveredconditionals="14" methods="5" coveredmethods="5"/>
        <line num="2" count="12" type="stmt"/>
        <line num="3" count="12" type="stmt"/>
        <line num="12" count="12" type="stmt"/>
        <line num="13" count="3" type="stmt"/>
        <line num="14" count="3" type="stmt"/>
        <line num="15" count="3" type="cond" truecount="2" falsecount="0"/>
        <line num="16" count="1" type="stmt"/>
        <line num="17" count="1" type="stmt"/>
        <line num="18" count="1" type="stmt"/>
        <line num="20" count="2" type="stmt"/>
        <line num="21" count="2" type="stmt"/>
        <line num="22" count="1" type="stmt"/>
        <line num="23" count="1" type="stmt"/>
        <line num="26" count="1" type="stmt"/>
        <line num="28" count="1" type="stmt"/>
        <line num="33" count="12" type="stmt"/>
        <line num="34" count="2" type="stmt"/>
        <line num="35" count="2" type="stmt"/>
        <line num="36" count="2" type="cond" truecount="2" falsecount="0"/>
        <line num="37" count="1" type="stmt"/>
        <line num="38" count="1" type="stmt"/>
        <line num="39" count="1" type="stmt"/>
        <line num="41" count="1" type="stmt"/>
        <line num="42" count="1" type="stmt"/>
        <line num="43" count="1" type="stmt"/>
        <line num="44" count="1" type="stmt"/>
        <line num="47" count="0" type="stmt"/>
        <line num="49" count="0" type="stmt"/>
        <line num="53" count="12" type="stmt"/>
        <line num="54" count="4" type="stmt"/>
        <line num="55" count="4" type="stmt"/>
        <line num="56" count="4" type="cond" truecount="2" falsecount="0"/>
        <line num="57" count="1" type="stmt"/>
        <line num="58" count="1" type="stmt"/>
        <line num="59" count="1" type="stmt"/>
        <line num="61" count="3" type="stmt"/>
        <line num="62" count="3" type="stmt"/>
        <line num="63" count="2" type="cond" truecount="2" falsecount="0"/>
        <line num="64" count="1" type="stmt"/>
        <line num="65" count="1" type="stmt"/>
        <line num="68" count="1" type="stmt"/>
        <line num="69" count="1" type="stmt"/>
        <line num="73" count="1" type="stmt"/>
        <line num="74" count="1" type="stmt"/>
        <line num="79" count="12" type="stmt"/>
        <line num="80" count="4" type="stmt"/>
        <line num="81" count="4" type="stmt"/>
        <line num="82" count="4" type="stmt"/>
        <line num="83" count="4" type="cond" truecount="2" falsecount="0"/>
        <line num="84" count="1" type="stmt"/>
        <line num="85" count="1" type="stmt"/>
        <line num="86" count="1" type="stmt"/>
        <line num="88" count="3" type="stmt"/>
        <line num="89" count="3" type="stmt"/>
        <line num="90" count="2" type="cond" truecount="2" falsecount="0"/>
        <line num="91" count="1" type="stmt"/>
        <line num="92" count="1" type="stmt"/>
        <line num="95" count="1" type="stmt"/>
        <line num="96" count="1" type="stmt"/>
        <line num="100" count="1" type="stmt"/>
        <line num="101" count="1" type="stmt"/>
        <line num="106" count="12" type="stmt"/>
        <line num="107" count="3" type="stmt"/>
        <line num="108" count="3" type="stmt"/>
        <line num="109" count="3" type="cond" truecount="2" falsecount="0"/>
        <line num="110" count="1" type="stmt"/>
        <line num="111" count="1" type="stmt"/>
        <line num="112" count="1" type="stmt"/>
        <line num="114" count="2" type="stmt"/>
        <line num="115" count="2" type="stmt"/>
        <line num="116" count="1" type="stmt"/>
        <line num="117" count="1" type="stmt"/>
        <line num="120" count="1" type="stmt"/>
        <line num="121" count="1" type="stmt"/>
      </file>
      <file name="schedule.ts" path="C:\Users\teeka\Desktop\zop - Copy\freshers-june2021\teekam_singh_kalyanwat\school\src\controller\schedule.ts">
        <metrics statements="15" coveredstatements="15" conditionals="2" coveredconditionals="2" methods="1" coveredmethods="1"/>
        <line num="2" count="12" type="stmt"/>
        <line num="3" count="12" type="stmt"/>
        <line num="11" count="12" type="stmt"/>
        <line num="12" count="4" type="stmt"/>
        <line num="13" count="4" type="stmt"/>
        <line num="14" count="4" type="cond" truecount="2" falsecount="0"/>
        <line num="15" count="2" type="stmt"/>
        <line num="16" count="2" type="stmt"/>
        <line num="17" count="2" type="stmt"/>
        <line num="19" count="2" type="stmt"/>
        <line num="20" count="2" type="stmt"/>
        <line num="21" count="1" type="stmt"/>
        <line num="22" count="1" type="stmt"/>
        <line num="25" count="1" type="stmt"/>
        <line num="27" count="1" type="stmt"/>
      </file>
      <file name="student.ts" path="C:\Users\teeka\Desktop\zop - Copy\freshers-june2021\teekam_singh_kalyanwat\school\src\controller\student.ts">
        <metrics statements="44" coveredstatements="44" conditionals="6" coveredconditionals="6" methods="3" coveredmethods="3"/>
        <line num="2" count="12" type="stmt"/>
        <line num="3" count="12" type="stmt"/>
        <line num="4" count="12" type="stmt"/>
        <line num="6" count="12" type="stmt"/>
        <line num="7" count="4" type="stmt"/>
        <line num="8" count="4" type="stmt"/>
        <line num="9" count="4" type="cond" truecount="2" falsecount="0"/>
        <line num="10" count="2" type="stmt"/>
        <line num="11" count="2" type="stmt"/>
        <line num="12" count="2" type="stmt"/>
        <line num="14" count="2" type="stmt"/>
        <line num="15" count="2" type="stmt"/>
        <line num="16" count="2" type="stmt"/>
        <line num="17" count="1" type="stmt"/>
        <line num="18" count="1" type="stmt"/>
        <line num="21" count="1" type="stmt"/>
        <line num="23" count="1" type="stmt"/>
        <line num="28" count="12" type="stmt"/>
        <line num="29" count="3" type="stmt"/>
        <line num="30" count="3" type="stmt"/>
        <line num="31" count="3" type="cond" truecount="2" falsecount="0"/>
        <line num="32" count="1" type="stmt"/>
        <line num="33" count="1" type="stmt"/>
        <line num="34" count="1" type="stmt"/>
        <line num="36" count="2" type="stmt"/>
        <line num="37" count="2" type="stmt"/>
        <line num="38" count="1" type="stmt"/>
        <line num="39" count="1" type="stmt"/>
        <line num="42" count="1" type="stmt"/>
        <line num="44" count="1" type="stmt"/>
        <line num="49" count="12" type="stmt"/>
        <line num="50" count="3" type="stmt"/>
        <line num="51" count="3" type="stmt"/>
        <line num="52" count="3" type="stmt"/>
        <line num="53" count="3" type="cond" truecount="2" falsecount="0"/>
        <line num="54" count="1" type="stmt"/>
        <line num="55" count="1" type="stmt"/>
        <line num="56" count="1" type="stmt"/>
        <line num="58" count="2" type="stmt"/>
        <line num="59" count="2" type="stmt"/>
        <line num="60" count="1" type="stmt"/>
        <line num="61" count="1" type="stmt"/>
        <line num="64" count="1" type="stmt"/>
        <line num="66" count="1" type="stmt"/>
      </file>
      <file name="subject.ts" path="C:\Users\teeka\Desktop\zop - Copy\freshers-june2021\teekam_singh_kalyanwat\school\src\controller\subject.ts">
        <metrics statements="37" coveredstatements="37" conditionals="4" coveredconditionals="4" methods="3" coveredmethods="3"/>
        <line num="2" count="12" type="stmt"/>
        <line num="3" count="12" type="stmt"/>
        <line num="4" count="12" type="stmt"/>
        <line num="6" count="12" type="stmt"/>
        <line num="7" count="3" type="stmt"/>
        <line num="8" count="3" type="stmt"/>
        <line num="9" count="3" type="cond" truecount="2" falsecount="0"/>
        <line num="10" count="1" type="stmt"/>
        <line num="11" count="1" type="stmt"/>
        <line num="12" count="1" type="stmt"/>
        <line num="14" count="2" type="stmt"/>
        <line num="15" count="2" type="stmt"/>
        <line num="16" count="2" type="stmt"/>
        <line num="17" count="1" type="stmt"/>
        <line num="18" count="1" type="stmt"/>
        <line num="21" count="1" type="stmt"/>
        <line num="23" count="1" type="stmt"/>
        <line num="27" count="12" type="stmt"/>
        <line num="28" count="2" type="stmt"/>
        <line num="29" count="2" type="stmt"/>
        <line num="30" count="1" type="stmt"/>
        <line num="31" count="1" type="stmt"/>
        <line num="34" count="1" type="stmt"/>
        <line num="36" count="1" type="stmt"/>
        <line num="40" count="12" type="stmt"/>
        <line num="41" count="3" type="stmt"/>
        <line num="42" count="3" type="stmt"/>
        <line num="43" count="3" type="cond" truecount="2" falsecount="0"/>
        <line num="44" count="1" type="stmt"/>
        <line num="45" count="1" type="stmt"/>
        <line num="46" count="1" type="stmt"/>
        <line num="48" count="2" type="stmt"/>
        <line num="49" count="2" type="stmt"/>
        <line num="50" count="1" type="stmt"/>
        <line num="51" count="1" type="stmt"/>
        <line num="54" count="1" type="stmt"/>
        <line num="56" count="1" type="stmt"/>
      </file>
      <file name="teacher.ts" path="C:\Users\teeka\Desktop\zop - Copy\freshers-june2021\teekam_singh_kalyanwat\school\src\controller\teacher.ts">
        <metrics statements="40" coveredstatements="37" conditionals="6" coveredconditionals="5" methods="3" coveredmethods="3"/>
        <line num="2" count="12" type="stmt"/>
        <line num="3" count="12" type="stmt"/>
        <line num="4" count="12" type="stmt"/>
        <line num="11" count="12" type="stmt"/>
        <line num="12" count="3" type="stmt"/>
        <line num="13" count="3" type="stmt"/>
        <line num="14" count="3" type="cond" truecount="2" falsecount="0"/>
        <line num="15" count="1" type="stmt"/>
        <line num="16" count="1" type="stmt"/>
        <line num="17" count="1" type="stmt"/>
        <line num="19" count="2" type="stmt"/>
        <line num="20" count="2" type="stmt"/>
        <line num="21" count="2" type="stmt"/>
        <line num="22" count="1" type="stmt"/>
        <line num="23" count="1" type="stmt"/>
        <line num="26" count="1" type="stmt"/>
        <line num="28" count="1" type="stmt"/>
        <line num="32" count="12" type="stmt"/>
        <line num="33" count="2" type="stmt"/>
        <line num="34" count="2" type="stmt"/>
        <line num="35" count="1" type="stmt"/>
        <line num="36" count="1" type="stmt"/>
        <line num="39" count="1" type="stmt"/>
        <line num="41" count="1" type="stmt"/>
        <line num="45" count="12" type="stmt"/>
        <line num="46" count="3" type="stmt"/>
        <line num="47" count="3" type="stmt"/>
        <line num="48" count="3" type="cond" truecount="1" falsecount="1"/>
        <line num="49" count="0" type="stmt"/>
        <line num="50" count="0" type="stmt"/>
        <line num="51" count="0" type="stmt"/>
        <line num="53" count="3" type="stmt"/>
        <line num="54" count="3" type="stmt"/>
        <line num="55" count="2" type="cond" truecount="2" falsecount="0"/>
        <line num="56" count="1" type="stmt"/>
        <line num="57" count="1" type="stmt"/>
        <line num="60" count="1" type="stmt"/>
        <line num="61" count="1" type="stmt"/>
        <line num="65" count="1" type="stmt"/>
        <line num="67" count="1" type="stmt"/>
      </file>
    </package>
    <package name="db">
      <metrics statements="17" coveredstatements="14" conditionals="1" coveredconditionals="1" methods="4" coveredmethods="4"/>
      <file name="database.ts" path="C:\Users\teeka\Desktop\zop - Copy\freshers-june2021\teekam_singh_kalyanwat\school\src\db\database.ts">
        <metrics statements="17" coveredstatements="14" conditionals="1" coveredconditionals="1" methods="4" coveredmethods="4"/>
        <line num="1" count="12" type="stmt"/>
        <line num="3" count="12" type="stmt"/>
        <line num="7" count="12" type="stmt"/>
        <line num="15" count="12" type="stmt"/>
        <line num="16" count="12" type="stmt"/>
        <line num="17" count="12" type="stmt"/>
        <line num="19" count="0" type="stmt"/>
        <line num="23" count="12" type="stmt"/>
        <line num="24" count="12" type="stmt"/>
        <line num="25" count="12" type="stmt"/>
        <line num="27" count="0" type="stmt"/>
        <line num="31" count="12" type="stmt"/>
        <line num="32" count="12" type="stmt"/>
        <line num="33" count="12" type="stmt"/>
        <line num="35" count="0" type="stmt"/>
        <line num="39" count="12" type="cond" truecount="1" falsecount="0"/>
        <line num="40" count="39" type="stmt"/>
      </file>
    </package>
    <package name="helper">
      <metrics statements="20" coveredstatements="20" conditionals="0" coveredconditionals="0" methods="0" coveredmethods="0"/>
      <file name="classJoi.ts" path="C:\Users\teeka\Desktop\zop - Copy\freshers-june2021\teekam_singh_kalyanwat\school\src\helper\classJoi.ts">
        <metrics statements="3" coveredstatements="3" conditionals="0" coveredconditionals="0" methods="0" coveredmethods="0"/>
        <line num="1" count="12" type="stmt"/>
        <line num="3" count="12" type="stmt"/>
        <line num="7" count="12" type="stmt"/>
      </file>
      <file name="resultJoi.ts" path="C:\Users\teeka\Desktop\zop - Copy\freshers-june2021\teekam_singh_kalyanwat\school\src\helper\resultJoi.ts">
        <metrics statements="5" coveredstatements="5" conditionals="0" coveredconditionals="0" methods="0" coveredmethods="0"/>
        <line num="1" count="12" type="stmt"/>
        <line num="3" count="12" type="stmt"/>
        <line num="10" count="12" type="stmt"/>
        <line num="14" count="12" type="stmt"/>
        <line num="19" count="12" type="stmt"/>
      </file>
      <file name="scheduleJoi.ts" path="C:\Users\teeka\Desktop\zop - Copy\freshers-june2021\teekam_singh_kalyanwat\school\src\helper\scheduleJoi.ts">
        <metrics statements="2" coveredstatements="2" conditionals="0" coveredconditionals="0" methods="0" coveredmethods="0"/>
        <line num="1" count="12" type="stmt"/>
        <line num="3" count="12" type="stmt"/>
      </file>
      <file name="studentJoi.ts" path="C:\Users\teeka\Desktop\zop - Copy\freshers-june2021\teekam_singh_kalyanwat\school\src\helper\studentJoi.ts">
        <metrics statements="4" coveredstatements="4" conditionals="0" coveredconditionals="0" methods="0" coveredmethods="0"/>
        <line num="1" count="12" type="stmt"/>
        <line num="3" count="12" type="stmt"/>
        <line num="7" count="12" type="stmt"/>
        <line num="12" count="12" type="stmt"/>
      </file>
      <file name="subjectJoi.ts" path="C:\Users\teeka\Desktop\zop - Copy\freshers-june2021\teekam_singh_kalyanwat\school\src\helper\subjectJoi.ts">
        <metrics statements="3" coveredstatements="3" conditionals="0" coveredconditionals="0" methods="0" coveredmethods="0"/>
        <line num="1" count="12" type="stmt"/>
        <line num="3" count="12" type="stmt"/>
        <line num="7" count="12" type="stmt"/>
      </file>
      <file name="teacherJoi.ts" path="C:\Users\teeka\Desktop\zop - Copy\freshers-june2021\teekam_singh_kalyanwat\school\src\helper\teacherJoi.ts">
        <metrics statements="3" coveredstatements="3" conditionals="0" coveredconditionals="0" methods="0" coveredmethods="0"/>
        <line num="1" count="12" type="stmt"/>
        <line num="3" count="12" type="stmt"/>
        <line num="8" count="12" type="stmt"/>
      </file>
    </package>
    <package name="routes">
      <metrics statements="42" coveredstatements="42" conditionals="0" coveredconditionals="0" methods="0" coveredmethods="0"/>
      <file name="class.ts" path="C:\Users\teeka\Desktop\zop - Copy\freshers-june2021\teekam_singh_kalyanwat\school\src\routes\class.ts">
        <metrics statements="7" coveredstatements="7" conditionals="0" coveredconditionals="0" methods="0" coveredmethods="0"/>
        <line num="1" count="12" type="stmt"/>
        <line num="2" count="12" type="stmt"/>
        <line num="4" count="12" type="stmt"/>
        <line num="6" count="12" type="stmt"/>
        <line num="7" count="12" type="stmt"/>
        <line num="8" count="12" type="stmt"/>
        <line num="10" count="12" type="stmt"/>
      </file>
      <file name="result.ts" path="C:\Users\teeka\Desktop\zop - Copy\freshers-june2021\teekam_singh_kalyanwat\school\src\routes\result.ts">
        <metrics statements="9" coveredstatements="9" conditionals="0" coveredconditionals="0" methods="0" coveredmethods="0"/>
        <line num="1" count="12" type="stmt"/>
        <line num="2" count="12" type="stmt"/>
        <line num="4" count="12" type="stmt"/>
        <line num="6" count="12" type="stmt"/>
        <line num="7" count="12" type="stmt"/>
        <line num="8" count="12" type="stmt"/>
        <line num="9" count="12" type="stmt"/>
        <line num="10" count="12" type="stmt"/>
        <line num="12" count="12" type="stmt"/>
      </file>
      <file name="schedule.ts" path="C:\Users\teeka\Desktop\zop - Copy\freshers-june2021\teekam_singh_kalyanwat\school\src\routes\schedule.ts">
        <metrics statements="5" coveredstatements="5" conditionals="0" coveredconditionals="0" methods="0" coveredmethods="0"/>
        <line num="1" count="12" type="stmt"/>
        <line num="2" count="12" type="stmt"/>
        <line num="4" count="12" type="stmt"/>
        <line num="6" count="12" type="stmt"/>
        <line num="8" count="12" type="stmt"/>
      </file>
      <file name="student.ts" path="C:\Users\teeka\Desktop\zop - Copy\freshers-june2021\teekam_singh_kalyanwat\school\src\routes\student.ts">
        <metrics statements="7" coveredstatements="7" conditionals="0" coveredconditionals="0" methods="0" coveredmethods="0"/>
        <line num="1" count="12" type="stmt"/>
        <line num="2" count="12" type="stmt"/>
        <line num="4" count="12" type="stmt"/>
        <line num="6" count="12" type="stmt"/>
        <line num="7" count="12" type="stmt"/>
        <line num="8" count="12" type="stmt"/>
        <line num="10" count="12" type="stmt"/>
      </file>
      <file name="subject.ts" path="C:\Users\teeka\Desktop\zop - Copy\freshers-june2021\teekam_singh_kalyanwat\school\src\routes\subject.ts">
        <metrics statements="7" coveredstatements="7" conditionals="0" coveredconditionals="0" methods="0" coveredmethods="0"/>
        <line num="1" count="12" type="stmt"/>
        <line num="2" count="12" type="stmt"/>
        <line num="4" count="12" type="stmt"/>
        <line num="6" count="12" type="stmt"/>
        <line num="7" count="12" type="stmt"/>
        <line num="8" count="12" type="stmt"/>
        <line num="10" count="12" type="stmt"/>
      </file>
      <file name="teacher.ts" path="C:\Users\teeka\Desktop\zop - Copy\freshers-june2021\teekam_singh_kalyanwat\school\src\routes\teacher.ts">
        <metrics statements="7" coveredstatements="7" conditionals="0" coveredconditionals="0" methods="0" coveredmethods="0"/>
        <line num="1" count="12" type="stmt"/>
        <line num="2" count="12" type="stmt"/>
        <line num="4" count="12" type="stmt"/>
        <line num="6" count="12" type="stmt"/>
        <line num="7" count="12" type="stmt"/>
        <line num="8" count="12" type="stmt"/>
        <line num="10" count="12" type="stmt"/>
      </file>
    </package>
    <package name="services">
      <metrics statements="47" coveredstatements="47" conditionals="0" coveredconditionals="0" methods="18" coveredmethods="18"/>
      <file name="class.ts" path="C:\Users\teeka\Desktop\zop - Copy\freshers-june2021\teekam_singh_kalyanwat\school\src\services\class.ts">
        <metrics statements="8" coveredstatements="8" conditionals="0" coveredconditionals="0" methods="3" coveredmethods="3"/>
        <line num="2" count="12" type="stmt"/>
        <line num="4" count="12" type="stmt"/>
        <line num="5" count="2" type="stmt"/>
        <line num="8" count="12" type="stmt"/>
        <line num="9" count="2" type="stmt"/>
        <line num="12" count="12" type="stmt"/>
        <line num="13" count="3" type="stmt"/>
        <line num="14" count="3" type="stmt"/>
      </file>
      <file name="result.ts" path="C:\Users\teeka\Desktop\zop - Copy\freshers-june2021\teekam_singh_kalyanwat\school\src\services\result.ts">
        <metrics statements="13" coveredstatements="13" conditionals="0" coveredconditionals="0" methods="5" coveredmethods="5"/>
        <line num="2" count="12" type="stmt"/>
        <line num="11" count="12" type="stmt"/>
        <line num="12" count="2" type="stmt"/>
        <line num="15" count="12" type="stmt"/>
        <line num="16" count="1" type="stmt"/>
        <line num="19" count="12" type="stmt"/>
        <line num="20" count="3" type="stmt"/>
        <line num="23" count="12" type="stmt"/>
        <line num="24" count="3" type="stmt"/>
        <line num="25" count="3" type="stmt"/>
        <line num="28" count="12" type="stmt"/>
        <line num="29" count="2" type="stmt"/>
        <line num="39" count="2" type="stmt"/>
      </file>
      <file name="schedule.ts" path="C:\Users\teeka\Desktop\zop - Copy\freshers-june2021\teekam_singh_kalyanwat\school\src\services\schedule.ts">
        <metrics statements="3" coveredstatements="3" conditionals="0" coveredconditionals="0" methods="1" coveredmethods="1"/>
        <line num="1" count="12" type="stmt"/>
        <line num="9" count="12" type="stmt"/>
        <line num="10" count="2" type="stmt"/>
      </file>
      <file name="student.ts" path="C:\Users\teeka\Desktop\zop - Copy\freshers-june2021\teekam_singh_kalyanwat\school\src\services\student.ts">
        <metrics statements="7" coveredstatements="7" conditionals="0" coveredconditionals="0" methods="3" coveredmethods="3"/>
        <line num="2" count="12" type="stmt"/>
        <line num="4" count="12" type="stmt"/>
        <line num="5" count="2" type="stmt"/>
        <line num="8" count="12" type="stmt"/>
        <line num="9" count="2" type="stmt"/>
        <line num="12" count="12" type="stmt"/>
        <line num="13" count="2" type="stmt"/>
      </file>
      <file name="subject.ts" path="C:\Users\teeka\Desktop\zop - Copy\freshers-june2021\teekam_singh_kalyanwat\school\src\services\subject.ts">
        <metrics statements="8" coveredstatements="8" conditionals="0" coveredconditionals="0" methods="3" coveredmethods="3"/>
        <line num="2" count="12" type="stmt"/>
        <line num="4" count="12" type="stmt"/>
        <line num="5" count="2" type="stmt"/>
        <line num="9" count="12" type="stmt"/>
        <line num="10" count="2" type="stmt"/>
        <line num="13" count="12" type="stmt"/>
        <line num="14" count="2" type="stmt"/>
        <line num="15" count="2" type="stmt"/>
      </file>
      <file name="teacher.ts" path="C:\Users\teeka\Desktop\zop - Copy\freshers-june2021\teekam_singh_kalyanwat\school\src\services\teacher.ts">
        <metrics statements="8" coveredstatements="8" conditionals="0" coveredconditionals="0" methods="3" coveredmethods="3"/>
        <line num="2" count="12" type="stmt"/>
        <line num="5" count="12" type="stmt"/>
        <line num="6" count="2" type="stmt"/>
        <line num="9" count="12" type="stmt"/>
        <line num="10" count="2" type="stmt"/>
        <line num="13" count="12" type="stmt"/>
        <line num="14" count="3" type="stmt"/>
        <line num="15" count="3" type="stmt"/>
      </file>
    </package>
  </project>
</coverage>
