{"C:\\Users\\teeka\\Desktop\\zop - Copy\\freshers-june2021\\teekam_singh_kalyanwat\\school\\public\\app\\app.js": {"path":"C:\\Users\\teeka\\Desktop\\zop - Copy\\freshers-june2021\\teekam_singh_kalyanwat\\school\\public\\app\\app.js","statementMap":{"0":{"start":{"line":2,"column":22},"end":{"line":4,"column":1}},"1":{"start":{"line":3,"column":4},"end":{"line":3,"column":62}},"2":{"start":{"line":5,"column":0},"end":{"line":5,"column":62}},"3":{"start":{"line":6,"column":14},"end":{"line":6,"column":45}},"4":{"start":{"line":7,"column":19},"end":{"line":7,"column":55}},"5":{"start":{"line":8,"column":30},"end":{"line":8,"column":77}},"6":{"start":{"line":9,"column":19},"end":{"line":9,"column":44}},"7":{"start":{"line":10,"column":13},"end":{"line":13,"column":1}},"8":{"start":{"line":11,"column":4},"end":{"line":11,"column":23}},"9":{"start":{"line":12,"column":4},"end":{"line":12,"column":25}},"10":{"start":{"line":14,"column":0},"end":{"line":14,"column":7}},"11":{"start":{"line":15,"column":12},"end":{"line":15,"column":31}},"12":{"start":{"line":16,"column":16},"end":{"line":16,"column":59}},"13":{"start":{"line":17,"column":17},"end":{"line":17,"column":61}},"14":{"start":{"line":18,"column":19},"end":{"line":18,"column":65}},"15":{"start":{"line":19,"column":18},"end":{"line":19,"column":63}},"16":{"start":{"line":20,"column":18},"end":{"line":20,"column":63}},"17":{"start":{"line":21,"column":18},"end":{"line":21,"column":63}},"18":{"start":{"line":22,"column":15},"end":{"line":22,"column":156}},"19":{"start":{"line":23,"column":0},"end":{"line":23,"column":30}},"20":{"start":{"line":24,"column":0},"end":{"line":24,"column":18}},"21":{"start":{"line":25,"column":0},"end":{"line":25,"column":22}}},"fnMap":{"0":{"name":"(anonymous_0)","decl":{"start":{"line":2,"column":56},"end":{"line":2,"column":57}},"loc":{"start":{"line":2,"column":71},"end":{"line":4,"column":1}},"line":2},"1":{"name":"(anonymous_1)","decl":{"start":{"line":10,"column":13},"end":{"line":10,"column":14}},"loc":{"start":{"line":10,"column":19},"end":{"line":13,"column":1}},"line":10}},"branchMap":{"0":{"loc":{"start":{"line":2,"column":22},"end":{"line":4,"column":1}},"type":"binary-expr","locations":[{"start":{"line":2,"column":23},"end":{"line":2,"column":27}},{"start":{"line":2,"column":31},"end":{"line":2,"column":51}},{"start":{"line":2,"column":56},"end":{"line":4,"column":1}}],"line":2},"1":{"loc":{"start":{"line":3,"column":11},"end":{"line":3,"column":61}},"type":"cond-expr","locations":[{"start":{"line":3,"column":37},"end":{"line":3,"column":40}},{"start":{"line":3,"column":43},"end":{"line":3,"column":61}}],"line":3},"2":{"loc":{"start":{"line":3,"column":12},"end":{"line":3,"column":33}},"type":"binary-expr","locations":[{"start":{"line":3,"column":12},"end":{"line":3,"column":15}},{"start":{"line":3,"column":19},"end":{"line":3,"column":33}}],"line":3}},"s":{"0":6,"1":54,"2":6,"3":6,"4":6,"5":6,"6":6,"7":6,"8":6,"9":6,"10":6,"11":6,"12":6,"13":6,"14":6,"15":6,"16":6,"17":6,"18":6,"19":6,"20":6,"21":6},"f":{"0":54,"1":6},"b":{"0":[6,6,6],"1":[36,18],"2":[54,54]},"_coverageSchema":"1a1c01bbd47fc00a2c39e90264f33305004495a9","hash":"d18a2e4df7c306d9ba2f8c1c453e8ed7901b8653"}
,"C:\\Users\\teeka\\Desktop\\zop - Copy\\freshers-june2021\\teekam_singh_kalyanwat\\school\\public\\config\\config.js": {"path":"C:\\Users\\teeka\\Desktop\\zop - Copy\\freshers-june2021\\teekam_singh_kalyanwat\\school\\public\\config\\config.js","statementMap":{"0":{"start":{"line":2,"column":22},"end":{"line":4,"column":1}},"1":{"start":{"line":3,"column":4},"end":{"line":3,"column":62}},"2":{"start":{"line":5,"column":0},"end":{"line":5,"column":62}},"3":{"start":{"line":6,"column":17},"end":{"line":6,"column":51}},"4":{"start":{"line":7,"column":14},"end":{"line":7,"column":45}},"5":{"start":{"line":8,"column":15},"end":{"line":8,"column":47}},"6":{"start":{"line":9,"column":0},"end":{"line":9,"column":80}},"7":{"start":{"line":10,"column":22},"end":{"line":17,"column":14}},"8":{"start":{"line":18,"column":34},"end":{"line":18,"column":69}},"9":{"start":{"line":19,"column":0},"end":{"line":21,"column":1}},"10":{"start":{"line":20,"column":4},"end":{"line":20,"column":47}},"11":{"start":{"line":23,"column":0},"end":{"line":29,"column":2}}},"fnMap":{"0":{"name":"(anonymous_0)","decl":{"start":{"line":2,"column":56},"end":{"line":2,"column":57}},"loc":{"start":{"line":2,"column":71},"end":{"line":4,"column":1}},"line":2}},"branchMap":{"0":{"loc":{"start":{"line":2,"column":22},"end":{"line":4,"column":1}},"type":"binary-expr","locations":[{"start":{"line":2,"column":23},"end":{"line":2,"column":27}},{"start":{"line":2,"column":31},"end":{"line":2,"column":51}},{"start":{"line":2,"column":56},"end":{"line":4,"column":1}}],"line":2},"1":{"loc":{"start":{"line":3,"column":11},"end":{"line":3,"column":61}},"type":"cond-expr","locations":[{"start":{"line":3,"column":37},"end":{"line":3,"column":40}},{"start":{"line":3,"column":43},"end":{"line":3,"column":61}}],"line":3},"2":{"loc":{"start":{"line":3,"column":12},"end":{"line":3,"column":33}},"type":"binary-expr","locations":[{"start":{"line":3,"column":12},"end":{"line":3,"column":15}},{"start":{"line":3,"column":19},"end":{"line":3,"column":33}}],"line":3},"3":{"loc":{"start":{"line":19,"column":0},"end":{"line":21,"column":1}},"type":"if","locations":[{"start":{"line":19,"column":0},"end":{"line":21,"column":1}},{"start":{"line":19,"column":0},"end":{"line":21,"column":1}}],"line":19}},"s":{"0":6,"1":18,"2":6,"3":6,"4":6,"5":6,"6":6,"7":6,"8":6,"9":6,"10":0,"11":6},"f":{"0":18},"b":{"0":[6,6,6],"1":[0,18],"2":[18,18],"3":[0,6]},"_coverageSchema":"1a1c01bbd47fc00a2c39e90264f33305004495a9","hash":"ae7ed8015942646b054faecf58852b75c16f28fb"}
,"C:\\Users\\teeka\\Desktop\\zop - Copy\\freshers-june2021\\teekam_singh_kalyanwat\\school\\public\\controller\\class.js": {"path":"C:\\Users\\teeka\\Desktop\\zop - Copy\\freshers-june2021\\teekam_singh_kalyanwat\\school\\public\\controller\\class.js","statementMap":{"0":{"start":{"line":2,"column":22},"end":{"line":8,"column":3}},"1":{"start":{"line":3,"column":4},"end":{"line":3,"column":33}},"2":{"start":{"line":3,"column":26},"end":{"line":3,"column":33}},"3":{"start":{"line":4,"column":4},"end":{"line":4,"column":89}},"4":{"start":{"line":4,"column":71},"end":{"line":4,"column":83}},"5":{"start":{"line":6,"column":4},"end":{"line":6,"column":33}},"6":{"start":{"line":6,"column":26},"end":{"line":6,"column":33}},"7":{"start":{"line":7,"column":4},"end":{"line":7,"column":17}},"8":{"start":{"line":9,"column":25},"end":{"line":13,"column":2}},"9":{"start":{"line":10,"column":4},"end":{"line":10,"column":72}},"10":{"start":{"line":12,"column":4},"end":{"line":12,"column":21}},"11":{"start":{"line":14,"column":19},"end":{"line":20,"column":1}},"12":{"start":{"line":15,"column":4},"end":{"line":15,"column":42}},"13":{"start":{"line":15,"column":31},"end":{"line":15,"column":42}},"14":{"start":{"line":16,"column":17},"end":{"line":16,"column":19}},"15":{"start":{"line":17,"column":4},"end":{"line":17,"column":141}},"16":{"start":{"line":17,"column":21},"end":{"line":17,"column":141}},"17":{"start":{"line":17,"column":40},"end":{"line":17,"column":141}},"18":{"start":{"line":17,"column":109},"end":{"line":17,"column":141}},"19":{"start":{"line":18,"column":4},"end":{"line":18,"column":36}},"20":{"start":{"line":19,"column":4},"end":{"line":19,"column":18}},"21":{"start":{"line":21,"column":22},"end":{"line":23,"column":1}},"22":{"start":{"line":22,"column":4},"end":{"line":22,"column":62}},"23":{"start":{"line":24,"column":0},"end":{"line":24,"column":62}},"24":{"start":{"line":25,"column":0},"end":{"line":25,"column":82}},"25":{"start":{"line":26,"column":17},"end":{"line":26,"column":59}},"26":{"start":{"line":27,"column":12},"end":{"line":27,"column":55}},"27":{"start":{"line":28,"column":17},"end":{"line":28,"column":51}},"28":{"start":{"line":29,"column":20},"end":{"line":50,"column":1}},"29":{"start":{"line":30,"column":24},"end":{"line":30,"column":40}},"30":{"start":{"line":31,"column":19},"end":{"line":31,"column":56}},"31":{"start":{"line":32,"column":4},"end":{"line":36,"column":5}},"32":{"start":{"line":33,"column":8},"end":{"line":33,"column":25}},"33":{"start":{"line":34,"column":8},"end":{"line":34,"column":51}},"34":{"start":{"line":35,"column":8},"end":{"line":35,"column":15}},"35":{"start":{"line":37,"column":15},"end":{"line":37,"column":33}},"36":{"start":{"line":38,"column":4},"end":{"line":49,"column":5}},"37":{"start":{"line":39,"column":8},"end":{"line":39,"column":57}},"38":{"start":{"line":40,"column":8},"end":{"line":40,"column":25}},"39":{"start":{"line":41,"column":8},"end":{"line":41,"column":36}},"40":{"start":{"line":44,"column":8},"end":{"line":44,"column":25}},"41":{"start":{"line":45,"column":8},"end":{"line":47,"column":9}},"42":{"start":{"line":46,"column":12},"end":{"line":46,"column":38}},"43":{"start":{"line":48,"column":8},"end":{"line":48,"column":33}},"44":{"start":{"line":51,"column":0},"end":{"line":51,"column":34}},"45":{"start":{"line":52,"column":18},"end":{"line":71,"column":1}},"46":{"start":{"line":53,"column":4},"end":{"line":70,"column":5}},"47":{"start":{"line":54,"column":20},"end":{"line":54,"column":46}},"48":{"start":{"line":55,"column":8},"end":{"line":62,"column":9}},"49":{"start":{"line":56,"column":12},"end":{"line":56,"column":29}},"50":{"start":{"line":57,"column":12},"end":{"line":57,"column":42}},"51":{"start":{"line":60,"column":12},"end":{"line":60,"column":29}},"52":{"start":{"line":61,"column":12},"end":{"line":61,"column":32}},"53":{"start":{"line":65,"column":8},"end":{"line":65,"column":25}},"54":{"start":{"line":66,"column":8},"end":{"line":68,"column":9}},"55":{"start":{"line":67,"column":12},"end":{"line":67,"column":38}},"56":{"start":{"line":69,"column":8},"end":{"line":69,"column":33}},"57":{"start":{"line":72,"column":0},"end":{"line":72,"column":30}},"58":{"start":{"line":73,"column":31},"end":{"line":99,"column":1}},"59":{"start":{"line":74,"column":20},"end":{"line":74,"column":38}},"60":{"start":{"line":75,"column":19},"end":{"line":75,"column":58}},"61":{"start":{"line":76,"column":4},"end":{"line":80,"column":5}},"62":{"start":{"line":77,"column":8},"end":{"line":77,"column":25}},"63":{"start":{"line":78,"column":8},"end":{"line":78,"column":51}},"64":{"start":{"line":79,"column":8},"end":{"line":79,"column":15}},"65":{"start":{"line":81,"column":4},"end":{"line":98,"column":5}},"66":{"start":{"line":82,"column":20},"end":{"line":82,"column":66}},"67":{"start":{"line":83,"column":8},"end":{"line":90,"column":9}},"68":{"start":{"line":84,"column":12},"end":{"line":84,"column":29}},"69":{"start":{"line":85,"column":12},"end":{"line":85,"column":58}},"70":{"start":{"line":88,"column":12},"end":{"line":88,"column":29}},"71":{"start":{"line":89,"column":12},"end":{"line":89,"column":32}},"72":{"start":{"line":93,"column":8},"end":{"line":93,"column":25}},"73":{"start":{"line":94,"column":8},"end":{"line":96,"column":9}},"74":{"start":{"line":95,"column":12},"end":{"line":95,"column":38}},"75":{"start":{"line":97,"column":8},"end":{"line":97,"column":33}},"76":{"start":{"line":100,"column":0},"end":{"line":100,"column":56}}},"fnMap":{"0":{"name":"(anonymous_0)","decl":{"start":{"line":2,"column":74},"end":{"line":2,"column":75}},"loc":{"start":{"line":2,"column":96},"end":{"line":5,"column":1}},"line":2},"1":{"name":"(anonymous_1)","decl":{"start":{"line":4,"column":58},"end":{"line":4,"column":59}},"loc":{"start":{"line":4,"column":69},"end":{"line":4,"column":85}},"line":4},"2":{"name":"(anonymous_2)","decl":{"start":{"line":5,"column":6},"end":{"line":5,"column":7}},"loc":{"start":{"line":5,"column":28},"end":{"line":8,"column":1}},"line":5},"3":{"name":"(anonymous_3)","decl":{"start":{"line":9,"column":80},"end":{"line":9,"column":81}},"loc":{"start":{"line":9,"column":95},"end":{"line":11,"column":1}},"line":9},"4":{"name":"(anonymous_4)","decl":{"start":{"line":11,"column":5},"end":{"line":11,"column":6}},"loc":{"start":{"line":11,"column":20},"end":{"line":13,"column":1}},"line":11},"5":{"name":"(anonymous_5)","decl":{"start":{"line":14,"column":50},"end":{"line":14,"column":51}},"loc":{"start":{"line":14,"column":65},"end":{"line":20,"column":1}},"line":14},"6":{"name":"(anonymous_6)","decl":{"start":{"line":21,"column":56},"end":{"line":21,"column":57}},"loc":{"start":{"line":21,"column":71},"end":{"line":23,"column":1}},"line":21},"7":{"name":"(anonymous_7)","decl":{"start":{"line":29,"column":20},"end":{"line":29,"column":21}},"loc":{"start":{"line":29,"column":35},"end":{"line":50,"column":1}},"line":29},"8":{"name":"(anonymous_8)","decl":{"start":{"line":52,"column":18},"end":{"line":52,"column":19}},"loc":{"start":{"line":52,"column":33},"end":{"line":71,"column":1}},"line":52},"9":{"name":"(anonymous_9)","decl":{"start":{"line":73,"column":31},"end":{"line":73,"column":32}},"loc":{"start":{"line":73,"column":46},"end":{"line":99,"column":1}},"line":73}},"branchMap":{"0":{"loc":{"start":{"line":2,"column":22},"end":{"line":8,"column":3}},"type":"binary-expr","locations":[{"start":{"line":2,"column":23},"end":{"line":2,"column":27}},{"start":{"line":2,"column":31},"end":{"line":2,"column":51}},{"start":{"line":2,"column":57},"end":{"line":8,"column":2}}],"line":2},"1":{"loc":{"start":{"line":2,"column":57},"end":{"line":8,"column":2}},"type":"cond-expr","locations":[{"start":{"line":2,"column":74},"end":{"line":5,"column":1}},{"start":{"line":5,"column":6},"end":{"line":8,"column":1}}],"line":2},"2":{"loc":{"start":{"line":3,"column":4},"end":{"line":3,"column":33}},"type":"if","locations":[{"start":{"line":3,"column":4},"end":{"line":3,"column":33}},{"start":{"line":3,"column":4},"end":{"line":3,"column":33}}],"line":3},"3":{"loc":{"start":{"line":6,"column":4},"end":{"line":6,"column":33}},"type":"if","locations":[{"start":{"line":6,"column":4},"end":{"line":6,"column":33}},{"start":{"line":6,"column":4},"end":{"line":6,"column":33}}],"line":6},"4":{"loc":{"start":{"line":9,"column":25},"end":{"line":13,"column":2}},"type":"binary-expr","locations":[{"start":{"line":9,"column":26},"end":{"line":9,"column":30}},{"start":{"line":9,"column":34},"end":{"line":9,"column":57}},{"start":{"line":9,"column":63},"end":{"line":13,"column":1}}],"line":9},"5":{"loc":{"start":{"line":9,"column":63},"end":{"line":13,"column":1}},"type":"cond-expr","locations":[{"start":{"line":9,"column":80},"end":{"line":11,"column":1}},{"start":{"line":11,"column":5},"end":{"line":13,"column":1}}],"line":9},"6":{"loc":{"start":{"line":14,"column":19},"end":{"line":20,"column":1}},"type":"binary-expr","locations":[{"start":{"line":14,"column":20},"end":{"line":14,"column":24}},{"start":{"line":14,"column":28},"end":{"line":14,"column":45}},{"start":{"line":14,"column":50},"end":{"line":20,"column":1}}],"line":14},"7":{"loc":{"start":{"line":15,"column":4},"end":{"line":15,"column":42}},"type":"if","locations":[{"start":{"line":15,"column":4},"end":{"line":15,"column":42}},{"start":{"line":15,"column":4},"end":{"line":15,"column":42}}],"line":15},"8":{"loc":{"start":{"line":15,"column":8},"end":{"line":15,"column":29}},"type":"binary-expr","locations":[{"start":{"line":15,"column":8},"end":{"line":15,"column":11}},{"start":{"line":15,"column":15},"end":{"line":15,"column":29}}],"line":15},"9":{"loc":{"start":{"line":17,"column":4},"end":{"line":17,"column":141}},"type":"if","locations":[{"start":{"line":17,"column":4},"end":{"line":17,"column":141}},{"start":{"line":17,"column":4},"end":{"line":17,"column":141}}],"line":17},"10":{"loc":{"start":{"line":17,"column":40},"end":{"line":17,"column":141}},"type":"if","locations":[{"start":{"line":17,"column":40},"end":{"line":17,"column":141}},{"start":{"line":17,"column":40},"end":{"line":17,"column":141}}],"line":17},"11":{"loc":{"start":{"line":17,"column":44},"end":{"line":17,"column":107}},"type":"binary-expr","locations":[{"start":{"line":17,"column":44},"end":{"line":17,"column":59}},{"start":{"line":17,"column":63},"end":{"line":17,"column":107}}],"line":17},"12":{"loc":{"start":{"line":21,"column":22},"end":{"line":23,"column":1}},"type":"binary-expr","locations":[{"start":{"line":21,"column":23},"end":{"line":21,"column":27}},{"start":{"line":21,"column":31},"end":{"line":21,"column":51}},{"start":{"line":21,"column":56},"end":{"line":23,"column":1}}],"line":21},"13":{"loc":{"start":{"line":22,"column":11},"end":{"line":22,"column":61}},"type":"cond-expr","locations":[{"start":{"line":22,"column":37},"end":{"line":22,"column":40}},{"start":{"line":22,"column":43},"end":{"line":22,"column":61}}],"line":22},"14":{"loc":{"start":{"line":22,"column":12},"end":{"line":22,"column":33}},"type":"binary-expr","locations":[{"start":{"line":22,"column":12},"end":{"line":22,"column":15}},{"start":{"line":22,"column":19},"end":{"line":22,"column":33}}],"line":22},"15":{"loc":{"start":{"line":32,"column":4},"end":{"line":36,"column":5}},"type":"if","locations":[{"start":{"line":32,"column":4},"end":{"line":36,"column":5}},{"start":{"line":32,"column":4},"end":{"line":36,"column":5}}],"line":32},"16":{"loc":{"start":{"line":45,"column":8},"end":{"line":47,"column":9}},"type":"if","locations":[{"start":{"line":45,"column":8},"end":{"line":47,"column":9}},{"start":{"line":45,"column":8},"end":{"line":47,"column":9}}],"line":45},"17":{"loc":{"start":{"line":55,"column":8},"end":{"line":62,"column":9}},"type":"if","locations":[{"start":{"line":55,"column":8},"end":{"line":62,"column":9}},{"start":{"line":55,"column":8},"end":{"line":62,"column":9}}],"line":55},"18":{"loc":{"start":{"line":66,"column":8},"end":{"line":68,"column":9}},"type":"if","locations":[{"start":{"line":66,"column":8},"end":{"line":68,"column":9}},{"start":{"line":66,"column":8},"end":{"line":68,"column":9}}],"line":66},"19":{"loc":{"start":{"line":76,"column":4},"end":{"line":80,"column":5}},"type":"if","locations":[{"start":{"line":76,"column":4},"end":{"line":80,"column":5}},{"start":{"line":76,"column":4},"end":{"line":80,"column":5}}],"line":76},"20":{"loc":{"start":{"line":83,"column":8},"end":{"line":90,"column":9}},"type":"if","locations":[{"start":{"line":83,"column":8},"end":{"line":90,"column":9}},{"start":{"line":83,"column":8},"end":{"line":90,"column":9}}],"line":83},"21":{"loc":{"start":{"line":94,"column":8},"end":{"line":96,"column":9}},"type":"if","locations":[{"start":{"line":94,"column":8},"end":{"line":96,"column":9}},{"start":{"line":94,"column":8},"end":{"line":96,"column":9}}],"line":94}},"s":{"0":6,"1":0,"2":0,"3":0,"4":0,"5":0,"6":0,"7":0,"8":6,"9":0,"10":0,"11":6,"12":12,"13":12,"14":0,"15":0,"16":0,"17":0,"18":0,"19":0,"20":0,"21":6,"22":6,"23":6,"24":6,"25":6,"26":6,"27":6,"28":6,"29":2,"30":2,"31":2,"32":1,"33":1,"34":1,"35":1,"36":1,"37":1,"38":1,"39":1,"40":0,"41":0,"42":0,"43":0,"44":6,"45":6,"46":1,"47":1,"48":1,"49":0,"50":0,"51":1,"52":1,"53":0,"54":0,"55":0,"56":0,"57":6,"58":6,"59":2,"60":2,"61":2,"62":0,"63":0,"64":0,"65":2,"66":2,"67":2,"68":1,"69":1,"70":1,"71":1,"72":0,"73":0,"74":0,"75":0,"76":6},"f":{"0":0,"1":0,"2":0,"3":0,"4":0,"5":12,"6":6,"7":2,"8":1,"9":2},"b":{"0":[6,6,6],"1":[6,0],"2":[0,0],"3":[0,0],"4":[6,6,6],"5":[6,0],"6":[6,6,6],"7":[12,0],"8":[12,12],"9":[0,0],"10":[0,0],"11":[0,0],"12":[6,6,6],"13":[0,6],"14":[6,6],"15":[1,1],"16":[0,0],"17":[0,1],"18":[0,0],"19":[0,2],"20":[1,1],"21":[0,0]},"_coverageSchema":"1a1c01bbd47fc00a2c39e90264f33305004495a9","hash":"10948a4e41d8ff1c22faff1f93d742a1304bf496"}
,"C:\\Users\\teeka\\Desktop\\zop - Copy\\freshers-june2021\\teekam_singh_kalyanwat\\school\\public\\controller\\result.js": {"path":"C:\\Users\\teeka\\Desktop\\zop - Copy\\freshers-june2021\\teekam_singh_kalyanwat\\school\\public\\controller\\result.js","statementMap":{"0":{"start":{"line":2,"column":22},"end":{"line":8,"column":3}},"1":{"start":{"line":3,"column":4},"end":{"line":3,"column":33}},"2":{"start":{"line":3,"column":26},"end":{"line":3,"column":33}},"3":{"start":{"line":4,"column":4},"end":{"line":4,"column":89}},"4":{"start":{"line":4,"column":71},"end":{"line":4,"column":83}},"5":{"start":{"line":6,"column":4},"end":{"line":6,"column":33}},"6":{"start":{"line":6,"column":26},"end":{"line":6,"column":33}},"7":{"start":{"line":7,"column":4},"end":{"line":7,"column":17}},"8":{"start":{"line":9,"column":25},"end":{"line":13,"column":2}},"9":{"start":{"line":10,"column":4},"end":{"line":10,"column":72}},"10":{"start":{"line":12,"column":4},"end":{"line":12,"column":21}},"11":{"start":{"line":14,"column":19},"end":{"line":20,"column":1}},"12":{"start":{"line":15,"column":4},"end":{"line":15,"column":42}},"13":{"start":{"line":15,"column":31},"end":{"line":15,"column":42}},"14":{"start":{"line":16,"column":17},"end":{"line":16,"column":19}},"15":{"start":{"line":17,"column":4},"end":{"line":17,"column":141}},"16":{"start":{"line":17,"column":21},"end":{"line":17,"column":141}},"17":{"start":{"line":17,"column":40},"end":{"line":17,"column":141}},"18":{"start":{"line":17,"column":109},"end":{"line":17,"column":141}},"19":{"start":{"line":18,"column":4},"end":{"line":18,"column":36}},"20":{"start":{"line":19,"column":4},"end":{"line":19,"column":18}},"21":{"start":{"line":21,"column":0},"end":{"line":21,"column":62}},"22":{"start":{"line":22,"column":0},"end":{"line":22,"column":126}},"23":{"start":{"line":23,"column":17},"end":{"line":23,"column":60}},"24":{"start":{"line":24,"column":12},"end":{"line":24,"column":56}},"25":{"start":{"line":25,"column":21},"end":{"line":45,"column":1}},"26":{"start":{"line":26,"column":24},"end":{"line":26,"column":40}},"27":{"start":{"line":27,"column":19},"end":{"line":27,"column":57}},"28":{"start":{"line":28,"column":4},"end":{"line":32,"column":5}},"29":{"start":{"line":29,"column":8},"end":{"line":29,"column":25}},"30":{"start":{"line":30,"column":8},"end":{"line":30,"column":51}},"31":{"start":{"line":31,"column":8},"end":{"line":31,"column":15}},"32":{"start":{"line":33,"column":4},"end":{"line":44,"column":5}},"33":{"start":{"line":34,"column":8},"end":{"line":34,"column":49}},"34":{"start":{"line":35,"column":8},"end":{"line":35,"column":25}},"35":{"start":{"line":36,"column":8},"end":{"line":36,"column":37}},"36":{"start":{"line":39,"column":8},"end":{"line":39,"column":25}},"37":{"start":{"line":40,"column":8},"end":{"line":42,"column":9}},"38":{"start":{"line":41,"column":12},"end":{"line":41,"column":38}},"39":{"start":{"line":43,"column":8},"end":{"line":43,"column":33}},"40":{"start":{"line":46,"column":0},"end":{"line":46,"column":36}},"41":{"start":{"line":47,"column":21},"end":{"line":67,"column":1}},"42":{"start":{"line":48,"column":24},"end":{"line":48,"column":40}},"43":{"start":{"line":49,"column":19},"end":{"line":49,"column":57}},"44":{"start":{"line":50,"column":4},"end":{"line":54,"column":5}},"45":{"start":{"line":51,"column":8},"end":{"line":51,"column":25}},"46":{"start":{"line":52,"column":8},"end":{"line":52,"column":51}},"47":{"start":{"line":53,"column":8},"end":{"line":53,"column":15}},"48":{"start":{"line":55,"column":4},"end":{"line":66,"column":5}},"49":{"start":{"line":56,"column":8},"end":{"line":56,"column":49}},"50":{"start":{"line":57,"column":8},"end":{"line":57,"column":25}},"51":{"start":{"line":58,"column":8},"end":{"line":58,"column":37}},"52":{"start":{"line":61,"column":8},"end":{"line":61,"column":25}},"53":{"start":{"line":62,"column":8},"end":{"line":64,"column":9}},"54":{"start":{"line":63,"column":12},"end":{"line":63,"column":38}},"55":{"start":{"line":65,"column":8},"end":{"line":65,"column":33}},"56":{"start":{"line":68,"column":0},"end":{"line":68,"column":36}},"57":{"start":{"line":69,"column":25},"end":{"line":95,"column":1}},"58":{"start":{"line":70,"column":22},"end":{"line":70,"column":42}},"59":{"start":{"line":71,"column":19},"end":{"line":71,"column":69}},"60":{"start":{"line":72,"column":4},"end":{"line":76,"column":5}},"61":{"start":{"line":73,"column":8},"end":{"line":73,"column":25}},"62":{"start":{"line":74,"column":8},"end":{"line":74,"column":51}},"63":{"start":{"line":75,"column":8},"end":{"line":75,"column":15}},"64":{"start":{"line":77,"column":4},"end":{"line":94,"column":5}},"65":{"start":{"line":78,"column":20},"end":{"line":78,"column":62}},"66":{"start":{"line":79,"column":8},"end":{"line":86,"column":9}},"67":{"start":{"line":80,"column":12},"end":{"line":80,"column":29}},"68":{"start":{"line":81,"column":12},"end":{"line":81,"column":64}},"69":{"start":{"line":84,"column":12},"end":{"line":84,"column":29}},"70":{"start":{"line":85,"column":12},"end":{"line":85,"column":32}},"71":{"start":{"line":89,"column":8},"end":{"line":89,"column":25}},"72":{"start":{"line":90,"column":8},"end":{"line":92,"column":9}},"73":{"start":{"line":91,"column":12},"end":{"line":91,"column":38}},"74":{"start":{"line":93,"column":8},"end":{"line":93,"column":33}},"75":{"start":{"line":96,"column":0},"end":{"line":96,"column":44}},"76":{"start":{"line":97,"column":21},"end":{"line":124,"column":1}},"77":{"start":{"line":98,"column":20},"end":{"line":98,"column":38}},"78":{"start":{"line":99,"column":22},"end":{"line":99,"column":42}},"79":{"start":{"line":100,"column":19},"end":{"line":100,"column":74}},"80":{"start":{"line":101,"column":4},"end":{"line":105,"column":5}},"81":{"start":{"line":102,"column":8},"end":{"line":102,"column":25}},"82":{"start":{"line":103,"column":8},"end":{"line":103,"column":51}},"83":{"start":{"line":104,"column":8},"end":{"line":104,"column":15}},"84":{"start":{"line":106,"column":4},"end":{"line":123,"column":5}},"85":{"start":{"line":107,"column":20},"end":{"line":107,"column":67}},"86":{"start":{"line":108,"column":8},"end":{"line":115,"column":9}},"87":{"start":{"line":109,"column":12},"end":{"line":109,"column":29}},"88":{"start":{"line":110,"column":12},"end":{"line":110,"column":73}},"89":{"start":{"line":113,"column":12},"end":{"line":113,"column":29}},"90":{"start":{"line":114,"column":12},"end":{"line":114,"column":32}},"91":{"start":{"line":118,"column":8},"end":{"line":118,"column":25}},"92":{"start":{"line":119,"column":8},"end":{"line":121,"column":9}},"93":{"start":{"line":120,"column":12},"end":{"line":120,"column":38}},"94":{"start":{"line":122,"column":8},"end":{"line":122,"column":33}},"95":{"start":{"line":125,"column":0},"end":{"line":125,"column":36}},"96":{"start":{"line":126,"column":21},"end":{"line":146,"column":1}},"97":{"start":{"line":127,"column":18},"end":{"line":127,"column":42}},"98":{"start":{"line":128,"column":19},"end":{"line":128,"column":61}},"99":{"start":{"line":129,"column":4},"end":{"line":133,"column":5}},"100":{"start":{"line":130,"column":8},"end":{"line":130,"column":25}},"101":{"start":{"line":131,"column":8},"end":{"line":131,"column":51}},"102":{"start":{"line":132,"column":8},"end":{"line":132,"column":15}},"103":{"start":{"line":134,"column":4},"end":{"line":145,"column":5}},"104":{"start":{"line":135,"column":20},"end":{"line":135,"column":54}},"105":{"start":{"line":136,"column":8},"end":{"line":136,"column":25}},"106":{"start":{"line":137,"column":8},"end":{"line":137,"column":28}},"107":{"start":{"line":140,"column":8},"end":{"line":140,"column":25}},"108":{"start":{"line":141,"column":8},"end":{"line":143,"column":9}},"109":{"start":{"line":142,"column":12},"end":{"line":142,"column":38}},"110":{"start":{"line":144,"column":8},"end":{"line":144,"column":33}},"111":{"start":{"line":147,"column":0},"end":{"line":147,"column":36}}},"fnMap":{"0":{"name":"(anonymous_0)","decl":{"start":{"line":2,"column":74},"end":{"line":2,"column":75}},"loc":{"start":{"line":2,"column":96},"end":{"line":5,"column":1}},"line":2},"1":{"name":"(anonymous_1)","decl":{"start":{"line":4,"column":58},"end":{"line":4,"column":59}},"loc":{"start":{"line":4,"column":69},"end":{"line":4,"column":85}},"line":4},"2":{"name":"(anonymous_2)","decl":{"start":{"line":5,"column":6},"end":{"line":5,"column":7}},"loc":{"start":{"line":5,"column":28},"end":{"line":8,"column":1}},"line":5},"3":{"name":"(anonymous_3)","decl":{"start":{"line":9,"column":80},"end":{"line":9,"column":81}},"loc":{"start":{"line":9,"column":95},"end":{"line":11,"column":1}},"line":9},"4":{"name":"(anonymous_4)","decl":{"start":{"line":11,"column":5},"end":{"line":11,"column":6}},"loc":{"start":{"line":11,"column":20},"end":{"line":13,"column":1}},"line":11},"5":{"name":"(anonymous_5)","decl":{"start":{"line":14,"column":50},"end":{"line":14,"column":51}},"loc":{"start":{"line":14,"column":65},"end":{"line":20,"column":1}},"line":14},"6":{"name":"(anonymous_6)","decl":{"start":{"line":25,"column":21},"end":{"line":25,"column":22}},"loc":{"start":{"line":25,"column":36},"end":{"line":45,"column":1}},"line":25},"7":{"name":"(anonymous_7)","decl":{"start":{"line":47,"column":21},"end":{"line":47,"column":22}},"loc":{"start":{"line":47,"column":36},"end":{"line":67,"column":1}},"line":47},"8":{"name":"(anonymous_8)","decl":{"start":{"line":69,"column":25},"end":{"line":69,"column":26}},"loc":{"start":{"line":69,"column":40},"end":{"line":95,"column":1}},"line":69},"9":{"name":"(anonymous_9)","decl":{"start":{"line":97,"column":21},"end":{"line":97,"column":22}},"loc":{"start":{"line":97,"column":36},"end":{"line":124,"column":1}},"line":97},"10":{"name":"(anonymous_10)","decl":{"start":{"line":126,"column":21},"end":{"line":126,"column":22}},"loc":{"start":{"line":126,"column":36},"end":{"line":146,"column":1}},"line":126}},"branchMap":{"0":{"loc":{"start":{"line":2,"column":22},"end":{"line":8,"column":3}},"type":"binary-expr","locations":[{"start":{"line":2,"column":23},"end":{"line":2,"column":27}},{"start":{"line":2,"column":31},"end":{"line":2,"column":51}},{"start":{"line":2,"column":57},"end":{"line":8,"column":2}}],"line":2},"1":{"loc":{"start":{"line":2,"column":57},"end":{"line":8,"column":2}},"type":"cond-expr","locations":[{"start":{"line":2,"column":74},"end":{"line":5,"column":1}},{"start":{"line":5,"column":6},"end":{"line":8,"column":1}}],"line":2},"2":{"loc":{"start":{"line":3,"column":4},"end":{"line":3,"column":33}},"type":"if","locations":[{"start":{"line":3,"column":4},"end":{"line":3,"column":33}},{"start":{"line":3,"column":4},"end":{"line":3,"column":33}}],"line":3},"3":{"loc":{"start":{"line":6,"column":4},"end":{"line":6,"column":33}},"type":"if","locations":[{"start":{"line":6,"column":4},"end":{"line":6,"column":33}},{"start":{"line":6,"column":4},"end":{"line":6,"column":33}}],"line":6},"4":{"loc":{"start":{"line":9,"column":25},"end":{"line":13,"column":2}},"type":"binary-expr","locations":[{"start":{"line":9,"column":26},"end":{"line":9,"column":30}},{"start":{"line":9,"column":34},"end":{"line":9,"column":57}},{"start":{"line":9,"column":63},"end":{"line":13,"column":1}}],"line":9},"5":{"loc":{"start":{"line":9,"column":63},"end":{"line":13,"column":1}},"type":"cond-expr","locations":[{"start":{"line":9,"column":80},"end":{"line":11,"column":1}},{"start":{"line":11,"column":5},"end":{"line":13,"column":1}}],"line":9},"6":{"loc":{"start":{"line":14,"column":19},"end":{"line":20,"column":1}},"type":"binary-expr","locations":[{"start":{"line":14,"column":20},"end":{"line":14,"column":24}},{"start":{"line":14,"column":28},"end":{"line":14,"column":45}},{"start":{"line":14,"column":50},"end":{"line":20,"column":1}}],"line":14},"7":{"loc":{"start":{"line":15,"column":4},"end":{"line":15,"column":42}},"type":"if","locations":[{"start":{"line":15,"column":4},"end":{"line":15,"column":42}},{"start":{"line":15,"column":4},"end":{"line":15,"column":42}}],"line":15},"8":{"loc":{"start":{"line":15,"column":8},"end":{"line":15,"column":29}},"type":"binary-expr","locations":[{"start":{"line":15,"column":8},"end":{"line":15,"column":11}},{"start":{"line":15,"column":15},"end":{"line":15,"column":29}}],"line":15},"9":{"loc":{"start":{"line":17,"column":4},"end":{"line":17,"column":141}},"type":"if","locations":[{"start":{"line":17,"column":4},"end":{"line":17,"column":141}},{"start":{"line":17,"column":4},"end":{"line":17,"column":141}}],"line":17},"10":{"loc":{"start":{"line":17,"column":40},"end":{"line":17,"column":141}},"type":"if","locations":[{"start":{"line":17,"column":40},"end":{"line":17,"column":141}},{"start":{"line":17,"column":40},"end":{"line":17,"column":141}}],"line":17},"11":{"loc":{"start":{"line":17,"column":44},"end":{"line":17,"column":107}},"type":"binary-expr","locations":[{"start":{"line":17,"column":44},"end":{"line":17,"column":59}},{"start":{"line":17,"column":63},"end":{"line":17,"column":107}}],"line":17},"12":{"loc":{"start":{"line":28,"column":4},"end":{"line":32,"column":5}},"type":"if","locations":[{"start":{"line":28,"column":4},"end":{"line":32,"column":5}},{"start":{"line":28,"column":4},"end":{"line":32,"column":5}}],"line":28},"13":{"loc":{"start":{"line":40,"column":8},"end":{"line":42,"column":9}},"type":"if","locations":[{"start":{"line":40,"column":8},"end":{"line":42,"column":9}},{"start":{"line":40,"column":8},"end":{"line":42,"column":9}}],"line":40},"14":{"loc":{"start":{"line":50,"column":4},"end":{"line":54,"column":5}},"type":"if","locations":[{"start":{"line":50,"column":4},"end":{"line":54,"column":5}},{"start":{"line":50,"column":4},"end":{"line":54,"column":5}}],"line":50},"15":{"loc":{"start":{"line":62,"column":8},"end":{"line":64,"column":9}},"type":"if","locations":[{"start":{"line":62,"column":8},"end":{"line":64,"column":9}},{"start":{"line":62,"column":8},"end":{"line":64,"column":9}}],"line":62},"16":{"loc":{"start":{"line":72,"column":4},"end":{"line":76,"column":5}},"type":"if","locations":[{"start":{"line":72,"column":4},"end":{"line":76,"column":5}},{"start":{"line":72,"column":4},"end":{"line":76,"column":5}}],"line":72},"17":{"loc":{"start":{"line":79,"column":8},"end":{"line":86,"column":9}},"type":"if","locations":[{"start":{"line":79,"column":8},"end":{"line":86,"column":9}},{"start":{"line":79,"column":8},"end":{"line":86,"column":9}}],"line":79},"18":{"loc":{"start":{"line":90,"column":8},"end":{"line":92,"column":9}},"type":"if","locations":[{"start":{"line":90,"column":8},"end":{"line":92,"column":9}},{"start":{"line":90,"column":8},"end":{"line":92,"column":9}}],"line":90},"19":{"loc":{"start":{"line":101,"column":4},"end":{"line":105,"column":5}},"type":"if","locations":[{"start":{"line":101,"column":4},"end":{"line":105,"column":5}},{"start":{"line":101,"column":4},"end":{"line":105,"column":5}}],"line":101},"20":{"loc":{"start":{"line":108,"column":8},"end":{"line":115,"column":9}},"type":"if","locations":[{"start":{"line":108,"column":8},"end":{"line":115,"column":9}},{"start":{"line":108,"column":8},"end":{"line":115,"column":9}}],"line":108},"21":{"loc":{"start":{"line":119,"column":8},"end":{"line":121,"column":9}},"type":"if","locations":[{"start":{"line":119,"column":8},"end":{"line":121,"column":9}},{"start":{"line":119,"column":8},"end":{"line":121,"column":9}}],"line":119},"22":{"loc":{"start":{"line":129,"column":4},"end":{"line":133,"column":5}},"type":"if","locations":[{"start":{"line":129,"column":4},"end":{"line":133,"column":5}},{"start":{"line":129,"column":4},"end":{"line":133,"column":5}}],"line":129},"23":{"loc":{"start":{"line":141,"column":8},"end":{"line":143,"column":9}},"type":"if","locations":[{"start":{"line":141,"column":8},"end":{"line":143,"column":9}},{"start":{"line":141,"column":8},"end":{"line":143,"column":9}}],"line":141}},"s":{"0":6,"1":0,"2":0,"3":0,"4":0,"5":0,"6":0,"7":0,"8":6,"9":0,"10":0,"11":6,"12":12,"13":12,"14":0,"15":0,"16":0,"17":0,"18":0,"19":0,"20":0,"21":6,"22":6,"23":6,"24":6,"25":6,"26":2,"27":2,"28":2,"29":1,"30":1,"31":1,"32":1,"33":1,"34":1,"35":1,"36":0,"37":0,"38":0,"39":0,"40":6,"41":6,"42":1,"43":1,"44":1,"45":0,"46":0,"47":0,"48":1,"49":1,"50":1,"51":1,"52":0,"53":0,"54":0,"55":0,"56":6,"57":6,"58":2,"59":2,"60":2,"61":0,"62":0,"63":0,"64":2,"65":2,"66":2,"67":1,"68":1,"69":1,"70":1,"71":0,"72":0,"73":0,"74":0,"75":6,"76":6,"77":2,"78":2,"79":2,"80":2,"81":0,"82":0,"83":0,"84":2,"85":2,"86":2,"87":1,"88":1,"89":1,"90":1,"91":0,"92":0,"93":0,"94":0,"95":6,"96":6,"97":1,"98":1,"99":1,"100":0,"101":0,"102":0,"103":1,"104":1,"105":1,"106":1,"107":0,"108":0,"109":0,"110":0,"111":6},"f":{"0":0,"1":0,"2":0,"3":0,"4":0,"5":12,"6":2,"7":1,"8":2,"9":2,"10":1},"b":{"0":[6,6,6],"1":[6,0],"2":[0,0],"3":[0,0],"4":[6,6,6],"5":[6,0],"6":[6,6,6],"7":[12,0],"8":[12,12],"9":[0,0],"10":[0,0],"11":[0,0],"12":[1,1],"13":[0,0],"14":[0,1],"15":[0,0],"16":[0,2],"17":[1,1],"18":[0,0],"19":[0,2],"20":[1,1],"21":[0,0],"22":[0,1],"23":[0,0]},"_coverageSchema":"1a1c01bbd47fc00a2c39e90264f33305004495a9","hash":"d83f114e60a101539edb54bf269514f8d413d20b"}
,"C:\\Users\\teeka\\Desktop\\zop - Copy\\freshers-june2021\\teekam_singh_kalyanwat\\school\\public\\controller\\schedule.js": {"path":"C:\\Users\\teeka\\Desktop\\zop - Copy\\freshers-june2021\\teekam_singh_kalyanwat\\school\\public\\controller\\schedule.js","statementMap":{"0":{"start":{"line":2,"column":22},"end":{"line":8,"column":3}},"1":{"start":{"line":3,"column":4},"end":{"line":3,"column":33}},"2":{"start":{"line":3,"column":26},"end":{"line":3,"column":33}},"3":{"start":{"line":4,"column":4},"end":{"line":4,"column":89}},"4":{"start":{"line":4,"column":71},"end":{"line":4,"column":83}},"5":{"start":{"line":6,"column":4},"end":{"line":6,"column":33}},"6":{"start":{"line":6,"column":26},"end":{"line":6,"column":33}},"7":{"start":{"line":7,"column":4},"end":{"line":7,"column":17}},"8":{"start":{"line":9,"column":25},"end":{"line":13,"column":2}},"9":{"start":{"line":10,"column":4},"end":{"line":10,"column":72}},"10":{"start":{"line":12,"column":4},"end":{"line":12,"column":21}},"11":{"start":{"line":14,"column":19},"end":{"line":20,"column":1}},"12":{"start":{"line":15,"column":4},"end":{"line":15,"column":42}},"13":{"start":{"line":15,"column":31},"end":{"line":15,"column":42}},"14":{"start":{"line":16,"column":17},"end":{"line":16,"column":19}},"15":{"start":{"line":17,"column":4},"end":{"line":17,"column":141}},"16":{"start":{"line":17,"column":21},"end":{"line":17,"column":141}},"17":{"start":{"line":17,"column":40},"end":{"line":17,"column":141}},"18":{"start":{"line":17,"column":109},"end":{"line":17,"column":141}},"19":{"start":{"line":18,"column":4},"end":{"line":18,"column":36}},"20":{"start":{"line":19,"column":4},"end":{"line":19,"column":18}},"21":{"start":{"line":21,"column":0},"end":{"line":21,"column":62}},"22":{"start":{"line":22,"column":0},"end":{"line":22,"column":32}},"23":{"start":{"line":23,"column":17},"end":{"line":23,"column":62}},"24":{"start":{"line":24,"column":12},"end":{"line":24,"column":58}},"25":{"start":{"line":25,"column":23},"end":{"line":45,"column":1}},"26":{"start":{"line":26,"column":24},"end":{"line":26,"column":40}},"27":{"start":{"line":27,"column":19},"end":{"line":27,"column":59}},"28":{"start":{"line":28,"column":4},"end":{"line":32,"column":5}},"29":{"start":{"line":29,"column":8},"end":{"line":29,"column":25}},"30":{"start":{"line":30,"column":8},"end":{"line":30,"column":51}},"31":{"start":{"line":31,"column":8},"end":{"line":31,"column":15}},"32":{"start":{"line":33,"column":4},"end":{"line":44,"column":5}},"33":{"start":{"line":34,"column":8},"end":{"line":34,"column":51}},"34":{"start":{"line":35,"column":8},"end":{"line":35,"column":25}},"35":{"start":{"line":36,"column":8},"end":{"line":36,"column":39}},"36":{"start":{"line":39,"column":8},"end":{"line":39,"column":25}},"37":{"start":{"line":40,"column":8},"end":{"line":42,"column":9}},"38":{"start":{"line":41,"column":12},"end":{"line":41,"column":38}},"39":{"start":{"line":43,"column":8},"end":{"line":43,"column":33}},"40":{"start":{"line":46,"column":0},"end":{"line":46,"column":40}}},"fnMap":{"0":{"name":"(anonymous_0)","decl":{"start":{"line":2,"column":74},"end":{"line":2,"column":75}},"loc":{"start":{"line":2,"column":96},"end":{"line":5,"column":1}},"line":2},"1":{"name":"(anonymous_1)","decl":{"start":{"line":4,"column":58},"end":{"line":4,"column":59}},"loc":{"start":{"line":4,"column":69},"end":{"line":4,"column":85}},"line":4},"2":{"name":"(anonymous_2)","decl":{"start":{"line":5,"column":6},"end":{"line":5,"column":7}},"loc":{"start":{"line":5,"column":28},"end":{"line":8,"column":1}},"line":5},"3":{"name":"(anonymous_3)","decl":{"start":{"line":9,"column":80},"end":{"line":9,"column":81}},"loc":{"start":{"line":9,"column":95},"end":{"line":11,"column":1}},"line":9},"4":{"name":"(anonymous_4)","decl":{"start":{"line":11,"column":5},"end":{"line":11,"column":6}},"loc":{"start":{"line":11,"column":20},"end":{"line":13,"column":1}},"line":11},"5":{"name":"(anonymous_5)","decl":{"start":{"line":14,"column":50},"end":{"line":14,"column":51}},"loc":{"start":{"line":14,"column":65},"end":{"line":20,"column":1}},"line":14},"6":{"name":"(anonymous_6)","decl":{"start":{"line":25,"column":23},"end":{"line":25,"column":24}},"loc":{"start":{"line":25,"column":38},"end":{"line":45,"column":1}},"line":25}},"branchMap":{"0":{"loc":{"start":{"line":2,"column":22},"end":{"line":8,"column":3}},"type":"binary-expr","locations":[{"start":{"line":2,"column":23},"end":{"line":2,"column":27}},{"start":{"line":2,"column":31},"end":{"line":2,"column":51}},{"start":{"line":2,"column":57},"end":{"line":8,"column":2}}],"line":2},"1":{"loc":{"start":{"line":2,"column":57},"end":{"line":8,"column":2}},"type":"cond-expr","locations":[{"start":{"line":2,"column":74},"end":{"line":5,"column":1}},{"start":{"line":5,"column":6},"end":{"line":8,"column":1}}],"line":2},"2":{"loc":{"start":{"line":3,"column":4},"end":{"line":3,"column":33}},"type":"if","locations":[{"start":{"line":3,"column":4},"end":{"line":3,"column":33}},{"start":{"line":3,"column":4},"end":{"line":3,"column":33}}],"line":3},"3":{"loc":{"start":{"line":6,"column":4},"end":{"line":6,"column":33}},"type":"if","locations":[{"start":{"line":6,"column":4},"end":{"line":6,"column":33}},{"start":{"line":6,"column":4},"end":{"line":6,"column":33}}],"line":6},"4":{"loc":{"start":{"line":9,"column":25},"end":{"line":13,"column":2}},"type":"binary-expr","locations":[{"start":{"line":9,"column":26},"end":{"line":9,"column":30}},{"start":{"line":9,"column":34},"end":{"line":9,"column":57}},{"start":{"line":9,"column":63},"end":{"line":13,"column":1}}],"line":9},"5":{"loc":{"start":{"line":9,"column":63},"end":{"line":13,"column":1}},"type":"cond-expr","locations":[{"start":{"line":9,"column":80},"end":{"line":11,"column":1}},{"start":{"line":11,"column":5},"end":{"line":13,"column":1}}],"line":9},"6":{"loc":{"start":{"line":14,"column":19},"end":{"line":20,"column":1}},"type":"binary-expr","locations":[{"start":{"line":14,"column":20},"end":{"line":14,"column":24}},{"start":{"line":14,"column":28},"end":{"line":14,"column":45}},{"start":{"line":14,"column":50},"end":{"line":20,"column":1}}],"line":14},"7":{"loc":{"start":{"line":15,"column":4},"end":{"line":15,"column":42}},"type":"if","locations":[{"start":{"line":15,"column":4},"end":{"line":15,"column":42}},{"start":{"line":15,"column":4},"end":{"line":15,"column":42}}],"line":15},"8":{"loc":{"start":{"line":15,"column":8},"end":{"line":15,"column":29}},"type":"binary-expr","locations":[{"start":{"line":15,"column":8},"end":{"line":15,"column":11}},{"start":{"line":15,"column":15},"end":{"line":15,"column":29}}],"line":15},"9":{"loc":{"start":{"line":17,"column":4},"end":{"line":17,"column":141}},"type":"if","locations":[{"start":{"line":17,"column":4},"end":{"line":17,"column":141}},{"start":{"line":17,"column":4},"end":{"line":17,"column":141}}],"line":17},"10":{"loc":{"start":{"line":17,"column":40},"end":{"line":17,"column":141}},"type":"if","locations":[{"start":{"line":17,"column":40},"end":{"line":17,"column":141}},{"start":{"line":17,"column":40},"end":{"line":17,"column":141}}],"line":17},"11":{"loc":{"start":{"line":17,"column":44},"end":{"line":17,"column":107}},"type":"binary-expr","locations":[{"start":{"line":17,"column":44},"end":{"line":17,"column":59}},{"start":{"line":17,"column":63},"end":{"line":17,"column":107}}],"line":17},"12":{"loc":{"start":{"line":28,"column":4},"end":{"line":32,"column":5}},"type":"if","locations":[{"start":{"line":28,"column":4},"end":{"line":32,"column":5}},{"start":{"line":28,"column":4},"end":{"line":32,"column":5}}],"line":28},"13":{"loc":{"start":{"line":40,"column":8},"end":{"line":42,"column":9}},"type":"if","locations":[{"start":{"line":40,"column":8},"end":{"line":42,"column":9}},{"start":{"line":40,"column":8},"end":{"line":42,"column":9}}],"line":40}},"s":{"0":6,"1":0,"2":0,"3":0,"4":0,"5":0,"6":0,"7":0,"8":6,"9":0,"10":0,"11":6,"12":12,"13":12,"14":0,"15":0,"16":0,"17":0,"18":0,"19":0,"20":0,"21":6,"22":6,"23":6,"24":6,"25":6,"26":3,"27":3,"28":3,"29":2,"30":2,"31":2,"32":1,"33":1,"34":1,"35":1,"36":0,"37":0,"38":0,"39":0,"40":6},"f":{"0":0,"1":0,"2":0,"3":0,"4":0,"5":12,"6":3},"b":{"0":[6,6,6],"1":[6,0],"2":[0,0],"3":[0,0],"4":[6,6,6],"5":[6,0],"6":[6,6,6],"7":[12,0],"8":[12,12],"9":[0,0],"10":[0,0],"11":[0,0],"12":[2,1],"13":[0,0]},"_coverageSchema":"1a1c01bbd47fc00a2c39e90264f33305004495a9","hash":"f7c3acceea633a905263802146b02763682c4494"}
,"C:\\Users\\teeka\\Desktop\\zop - Copy\\freshers-june2021\\teekam_singh_kalyanwat\\school\\public\\controller\\student.js": {"path":"C:\\Users\\teeka\\Desktop\\zop - Copy\\freshers-june2021\\teekam_singh_kalyanwat\\school\\public\\controller\\student.js","statementMap":{"0":{"start":{"line":2,"column":22},"end":{"line":8,"column":3}},"1":{"start":{"line":3,"column":4},"end":{"line":3,"column":33}},"2":{"start":{"line":3,"column":26},"end":{"line":3,"column":33}},"3":{"start":{"line":4,"column":4},"end":{"line":4,"column":89}},"4":{"start":{"line":4,"column":71},"end":{"line":4,"column":83}},"5":{"start":{"line":6,"column":4},"end":{"line":6,"column":33}},"6":{"start":{"line":6,"column":26},"end":{"line":6,"column":33}},"7":{"start":{"line":7,"column":4},"end":{"line":7,"column":17}},"8":{"start":{"line":9,"column":25},"end":{"line":13,"column":2}},"9":{"start":{"line":10,"column":4},"end":{"line":10,"column":72}},"10":{"start":{"line":12,"column":4},"end":{"line":12,"column":21}},"11":{"start":{"line":14,"column":19},"end":{"line":20,"column":1}},"12":{"start":{"line":15,"column":4},"end":{"line":15,"column":42}},"13":{"start":{"line":15,"column":31},"end":{"line":15,"column":42}},"14":{"start":{"line":16,"column":17},"end":{"line":16,"column":19}},"15":{"start":{"line":17,"column":4},"end":{"line":17,"column":141}},"16":{"start":{"line":17,"column":21},"end":{"line":17,"column":141}},"17":{"start":{"line":17,"column":40},"end":{"line":17,"column":141}},"18":{"start":{"line":17,"column":109},"end":{"line":17,"column":141}},"19":{"start":{"line":18,"column":4},"end":{"line":18,"column":36}},"20":{"start":{"line":19,"column":4},"end":{"line":19,"column":18}},"21":{"start":{"line":21,"column":22},"end":{"line":23,"column":1}},"22":{"start":{"line":22,"column":4},"end":{"line":22,"column":62}},"23":{"start":{"line":24,"column":0},"end":{"line":24,"column":62}},"24":{"start":{"line":25,"column":0},"end":{"line":25,"column":81}},"25":{"start":{"line":26,"column":17},"end":{"line":26,"column":61}},"26":{"start":{"line":27,"column":12},"end":{"line":27,"column":57}},"27":{"start":{"line":28,"column":17},"end":{"line":28,"column":51}},"28":{"start":{"line":29,"column":22},"end":{"line":50,"column":1}},"29":{"start":{"line":30,"column":24},"end":{"line":30,"column":40}},"30":{"start":{"line":31,"column":19},"end":{"line":31,"column":58}},"31":{"start":{"line":32,"column":4},"end":{"line":36,"column":5}},"32":{"start":{"line":33,"column":8},"end":{"line":33,"column":25}},"33":{"start":{"line":34,"column":8},"end":{"line":34,"column":51}},"34":{"start":{"line":35,"column":8},"end":{"line":35,"column":15}},"35":{"start":{"line":37,"column":15},"end":{"line":37,"column":33}},"36":{"start":{"line":38,"column":4},"end":{"line":49,"column":5}},"37":{"start":{"line":39,"column":8},"end":{"line":39,"column":59}},"38":{"start":{"line":40,"column":8},"end":{"line":40,"column":25}},"39":{"start":{"line":41,"column":8},"end":{"line":41,"column":52}},"40":{"start":{"line":44,"column":8},"end":{"line":44,"column":25}},"41":{"start":{"line":45,"column":8},"end":{"line":47,"column":9}},"42":{"start":{"line":46,"column":12},"end":{"line":46,"column":38}},"43":{"start":{"line":48,"column":8},"end":{"line":48,"column":33}},"44":{"start":{"line":51,"column":0},"end":{"line":51,"column":38}},"45":{"start":{"line":52,"column":26},"end":{"line":72,"column":1}},"46":{"start":{"line":53,"column":24},"end":{"line":53,"column":40}},"47":{"start":{"line":54,"column":19},"end":{"line":54,"column":65}},"48":{"start":{"line":55,"column":4},"end":{"line":59,"column":5}},"49":{"start":{"line":56,"column":8},"end":{"line":56,"column":25}},"50":{"start":{"line":57,"column":8},"end":{"line":57,"column":51}},"51":{"start":{"line":58,"column":8},"end":{"line":58,"column":15}},"52":{"start":{"line":60,"column":4},"end":{"line":71,"column":5}},"53":{"start":{"line":61,"column":8},"end":{"line":61,"column":85}},"54":{"start":{"line":62,"column":8},"end":{"line":62,"column":25}},"55":{"start":{"line":63,"column":8},"end":{"line":63,"column":54}},"56":{"start":{"line":66,"column":8},"end":{"line":66,"column":25}},"57":{"start":{"line":67,"column":8},"end":{"line":69,"column":9}},"58":{"start":{"line":68,"column":12},"end":{"line":68,"column":38}},"59":{"start":{"line":70,"column":8},"end":{"line":70,"column":33}},"60":{"start":{"line":73,"column":0},"end":{"line":73,"column":46}},"61":{"start":{"line":74,"column":20},"end":{"line":95,"column":1}},"62":{"start":{"line":75,"column":17},"end":{"line":75,"column":39}},"63":{"start":{"line":76,"column":17},"end":{"line":76,"column":39}},"64":{"start":{"line":77,"column":19},"end":{"line":77,"column":65}},"65":{"start":{"line":78,"column":4},"end":{"line":82,"column":5}},"66":{"start":{"line":79,"column":8},"end":{"line":79,"column":25}},"67":{"start":{"line":80,"column":8},"end":{"line":80,"column":51}},"68":{"start":{"line":81,"column":8},"end":{"line":81,"column":15}},"69":{"start":{"line":83,"column":4},"end":{"line":94,"column":5}},"70":{"start":{"line":84,"column":20},"end":{"line":84,"column":58}},"71":{"start":{"line":85,"column":8},"end":{"line":85,"column":25}},"72":{"start":{"line":86,"column":8},"end":{"line":86,"column":28}},"73":{"start":{"line":89,"column":8},"end":{"line":89,"column":25}},"74":{"start":{"line":90,"column":8},"end":{"line":92,"column":9}},"75":{"start":{"line":91,"column":12},"end":{"line":91,"column":38}},"76":{"start":{"line":93,"column":8},"end":{"line":93,"column":33}},"77":{"start":{"line":96,"column":0},"end":{"line":96,"column":34}}},"fnMap":{"0":{"name":"(anonymous_0)","decl":{"start":{"line":2,"column":74},"end":{"line":2,"column":75}},"loc":{"start":{"line":2,"column":96},"end":{"line":5,"column":1}},"line":2},"1":{"name":"(anonymous_1)","decl":{"start":{"line":4,"column":58},"end":{"line":4,"column":59}},"loc":{"start":{"line":4,"column":69},"end":{"line":4,"column":85}},"line":4},"2":{"name":"(anonymous_2)","decl":{"start":{"line":5,"column":6},"end":{"line":5,"column":7}},"loc":{"start":{"line":5,"column":28},"end":{"line":8,"column":1}},"line":5},"3":{"name":"(anonymous_3)","decl":{"start":{"line":9,"column":80},"end":{"line":9,"column":81}},"loc":{"start":{"line":9,"column":95},"end":{"line":11,"column":1}},"line":9},"4":{"name":"(anonymous_4)","decl":{"start":{"line":11,"column":5},"end":{"line":11,"column":6}},"loc":{"start":{"line":11,"column":20},"end":{"line":13,"column":1}},"line":11},"5":{"name":"(anonymous_5)","decl":{"start":{"line":14,"column":50},"end":{"line":14,"column":51}},"loc":{"start":{"line":14,"column":65},"end":{"line":20,"column":1}},"line":14},"6":{"name":"(anonymous_6)","decl":{"start":{"line":21,"column":56},"end":{"line":21,"column":57}},"loc":{"start":{"line":21,"column":71},"end":{"line":23,"column":1}},"line":21},"7":{"name":"(anonymous_7)","decl":{"start":{"line":29,"column":22},"end":{"line":29,"column":23}},"loc":{"start":{"line":29,"column":37},"end":{"line":50,"column":1}},"line":29},"8":{"name":"(anonymous_8)","decl":{"start":{"line":52,"column":26},"end":{"line":52,"column":27}},"loc":{"start":{"line":52,"column":41},"end":{"line":72,"column":1}},"line":52},"9":{"name":"(anonymous_9)","decl":{"start":{"line":74,"column":20},"end":{"line":74,"column":21}},"loc":{"start":{"line":74,"column":35},"end":{"line":95,"column":1}},"line":74}},"branchMap":{"0":{"loc":{"start":{"line":2,"column":22},"end":{"line":8,"column":3}},"type":"binary-expr","locations":[{"start":{"line":2,"column":23},"end":{"line":2,"column":27}},{"start":{"line":2,"column":31},"end":{"line":2,"column":51}},{"start":{"line":2,"column":57},"end":{"line":8,"column":2}}],"line":2},"1":{"loc":{"start":{"line":2,"column":57},"end":{"line":8,"column":2}},"type":"cond-expr","locations":[{"start":{"line":2,"column":74},"end":{"line":5,"column":1}},{"start":{"line":5,"column":6},"end":{"line":8,"column":1}}],"line":2},"2":{"loc":{"start":{"line":3,"column":4},"end":{"line":3,"column":33}},"type":"if","locations":[{"start":{"line":3,"column":4},"end":{"line":3,"column":33}},{"start":{"line":3,"column":4},"end":{"line":3,"column":33}}],"line":3},"3":{"loc":{"start":{"line":6,"column":4},"end":{"line":6,"column":33}},"type":"if","locations":[{"start":{"line":6,"column":4},"end":{"line":6,"column":33}},{"start":{"line":6,"column":4},"end":{"line":6,"column":33}}],"line":6},"4":{"loc":{"start":{"line":9,"column":25},"end":{"line":13,"column":2}},"type":"binary-expr","locations":[{"start":{"line":9,"column":26},"end":{"line":9,"column":30}},{"start":{"line":9,"column":34},"end":{"line":9,"column":57}},{"start":{"line":9,"column":63},"end":{"line":13,"column":1}}],"line":9},"5":{"loc":{"start":{"line":9,"column":63},"end":{"line":13,"column":1}},"type":"cond-expr","locations":[{"start":{"line":9,"column":80},"end":{"line":11,"column":1}},{"start":{"line":11,"column":5},"end":{"line":13,"column":1}}],"line":9},"6":{"loc":{"start":{"line":14,"column":19},"end":{"line":20,"column":1}},"type":"binary-expr","locations":[{"start":{"line":14,"column":20},"end":{"line":14,"column":24}},{"start":{"line":14,"column":28},"end":{"line":14,"column":45}},{"start":{"line":14,"column":50},"end":{"line":20,"column":1}}],"line":14},"7":{"loc":{"start":{"line":15,"column":4},"end":{"line":15,"column":42}},"type":"if","locations":[{"start":{"line":15,"column":4},"end":{"line":15,"column":42}},{"start":{"line":15,"column":4},"end":{"line":15,"column":42}}],"line":15},"8":{"loc":{"start":{"line":15,"column":8},"end":{"line":15,"column":29}},"type":"binary-expr","locations":[{"start":{"line":15,"column":8},"end":{"line":15,"column":11}},{"start":{"line":15,"column":15},"end":{"line":15,"column":29}}],"line":15},"9":{"loc":{"start":{"line":17,"column":4},"end":{"line":17,"column":141}},"type":"if","locations":[{"start":{"line":17,"column":4},"end":{"line":17,"column":141}},{"start":{"line":17,"column":4},"end":{"line":17,"column":141}}],"line":17},"10":{"loc":{"start":{"line":17,"column":40},"end":{"line":17,"column":141}},"type":"if","locations":[{"start":{"line":17,"column":40},"end":{"line":17,"column":141}},{"start":{"line":17,"column":40},"end":{"line":17,"column":141}}],"line":17},"11":{"loc":{"start":{"line":17,"column":44},"end":{"line":17,"column":107}},"type":"binary-expr","locations":[{"start":{"line":17,"column":44},"end":{"line":17,"column":59}},{"start":{"line":17,"column":63},"end":{"line":17,"column":107}}],"line":17},"12":{"loc":{"start":{"line":21,"column":22},"end":{"line":23,"column":1}},"type":"binary-expr","locations":[{"start":{"line":21,"column":23},"end":{"line":21,"column":27}},{"start":{"line":21,"column":31},"end":{"line":21,"column":51}},{"start":{"line":21,"column":56},"end":{"line":23,"column":1}}],"line":21},"13":{"loc":{"start":{"line":22,"column":11},"end":{"line":22,"column":61}},"type":"cond-expr","locations":[{"start":{"line":22,"column":37},"end":{"line":22,"column":40}},{"start":{"line":22,"column":43},"end":{"line":22,"column":61}}],"line":22},"14":{"loc":{"start":{"line":22,"column":12},"end":{"line":22,"column":33}},"type":"binary-expr","locations":[{"start":{"line":22,"column":12},"end":{"line":22,"column":15}},{"start":{"line":22,"column":19},"end":{"line":22,"column":33}}],"line":22},"15":{"loc":{"start":{"line":32,"column":4},"end":{"line":36,"column":5}},"type":"if","locations":[{"start":{"line":32,"column":4},"end":{"line":36,"column":5}},{"start":{"line":32,"column":4},"end":{"line":36,"column":5}}],"line":32},"16":{"loc":{"start":{"line":45,"column":8},"end":{"line":47,"column":9}},"type":"if","locations":[{"start":{"line":45,"column":8},"end":{"line":47,"column":9}},{"start":{"line":45,"column":8},"end":{"line":47,"column":9}}],"line":45},"17":{"loc":{"start":{"line":55,"column":4},"end":{"line":59,"column":5}},"type":"if","locations":[{"start":{"line":55,"column":4},"end":{"line":59,"column":5}},{"start":{"line":55,"column":4},"end":{"line":59,"column":5}}],"line":55},"18":{"loc":{"start":{"line":67,"column":8},"end":{"line":69,"column":9}},"type":"if","locations":[{"start":{"line":67,"column":8},"end":{"line":69,"column":9}},{"start":{"line":67,"column":8},"end":{"line":69,"column":9}}],"line":67},"19":{"loc":{"start":{"line":78,"column":4},"end":{"line":82,"column":5}},"type":"if","locations":[{"start":{"line":78,"column":4},"end":{"line":82,"column":5}},{"start":{"line":78,"column":4},"end":{"line":82,"column":5}}],"line":78},"20":{"loc":{"start":{"line":90,"column":8},"end":{"line":92,"column":9}},"type":"if","locations":[{"start":{"line":90,"column":8},"end":{"line":92,"column":9}},{"start":{"line":90,"column":8},"end":{"line":92,"column":9}}],"line":90}},"s":{"0":6,"1":0,"2":0,"3":0,"4":0,"5":0,"6":0,"7":0,"8":6,"9":0,"10":0,"11":6,"12":12,"13":12,"14":0,"15":0,"16":0,"17":0,"18":0,"19":0,"20":0,"21":6,"22":6,"23":6,"24":6,"25":6,"26":6,"27":6,"28":6,"29":3,"30":3,"31":3,"32":2,"33":2,"34":2,"35":1,"36":1,"37":1,"38":1,"39":1,"40":0,"41":0,"42":0,"43":0,"44":6,"45":6,"46":2,"47":2,"48":2,"49":1,"50":1,"51":1,"52":1,"53":1,"54":1,"55":1,"56":0,"57":0,"58":0,"59":0,"60":6,"61":6,"62":1,"63":1,"64":1,"65":1,"66":0,"67":0,"68":0,"69":1,"70":1,"71":1,"72":1,"73":0,"74":0,"75":0,"76":0,"77":6},"f":{"0":0,"1":0,"2":0,"3":0,"4":0,"5":12,"6":6,"7":3,"8":2,"9":1},"b":{"0":[6,6,6],"1":[6,0],"2":[0,0],"3":[0,0],"4":[6,6,6],"5":[6,0],"6":[6,6,6],"7":[12,0],"8":[12,12],"9":[0,0],"10":[0,0],"11":[0,0],"12":[6,6,6],"13":[0,6],"14":[6,6],"15":[2,1],"16":[0,0],"17":[1,1],"18":[0,0],"19":[0,1],"20":[0,0]},"_coverageSchema":"1a1c01bbd47fc00a2c39e90264f33305004495a9","hash":"3a80608f26aaba4fd368c09f2ba52fd185399876"}
,"C:\\Users\\teeka\\Desktop\\zop - Copy\\freshers-june2021\\teekam_singh_kalyanwat\\school\\public\\controller\\subject.js": {"path":"C:\\Users\\teeka\\Desktop\\zop - Copy\\freshers-june2021\\teekam_singh_kalyanwat\\school\\public\\controller\\subject.js","statementMap":{"0":{"start":{"line":2,"column":22},"end":{"line":8,"column":3}},"1":{"start":{"line":3,"column":4},"end":{"line":3,"column":33}},"2":{"start":{"line":3,"column":26},"end":{"line":3,"column":33}},"3":{"start":{"line":4,"column":4},"end":{"line":4,"column":89}},"4":{"start":{"line":4,"column":71},"end":{"line":4,"column":83}},"5":{"start":{"line":6,"column":4},"end":{"line":6,"column":33}},"6":{"start":{"line":6,"column":26},"end":{"line":6,"column":33}},"7":{"start":{"line":7,"column":4},"end":{"line":7,"column":17}},"8":{"start":{"line":9,"column":25},"end":{"line":13,"column":2}},"9":{"start":{"line":10,"column":4},"end":{"line":10,"column":72}},"10":{"start":{"line":12,"column":4},"end":{"line":12,"column":21}},"11":{"start":{"line":14,"column":19},"end":{"line":20,"column":1}},"12":{"start":{"line":15,"column":4},"end":{"line":15,"column":42}},"13":{"start":{"line":15,"column":31},"end":{"line":15,"column":42}},"14":{"start":{"line":16,"column":17},"end":{"line":16,"column":19}},"15":{"start":{"line":17,"column":4},"end":{"line":17,"column":141}},"16":{"start":{"line":17,"column":21},"end":{"line":17,"column":141}},"17":{"start":{"line":17,"column":40},"end":{"line":17,"column":141}},"18":{"start":{"line":17,"column":109},"end":{"line":17,"column":141}},"19":{"start":{"line":18,"column":4},"end":{"line":18,"column":36}},"20":{"start":{"line":19,"column":4},"end":{"line":19,"column":18}},"21":{"start":{"line":21,"column":22},"end":{"line":23,"column":1}},"22":{"start":{"line":22,"column":4},"end":{"line":22,"column":62}},"23":{"start":{"line":24,"column":0},"end":{"line":24,"column":62}},"24":{"start":{"line":25,"column":0},"end":{"line":25,"column":86}},"25":{"start":{"line":26,"column":17},"end":{"line":26,"column":61}},"26":{"start":{"line":27,"column":12},"end":{"line":27,"column":57}},"27":{"start":{"line":28,"column":17},"end":{"line":28,"column":51}},"28":{"start":{"line":29,"column":22},"end":{"line":50,"column":1}},"29":{"start":{"line":30,"column":24},"end":{"line":30,"column":40}},"30":{"start":{"line":31,"column":19},"end":{"line":31,"column":58}},"31":{"start":{"line":32,"column":4},"end":{"line":36,"column":5}},"32":{"start":{"line":33,"column":8},"end":{"line":33,"column":25}},"33":{"start":{"line":34,"column":8},"end":{"line":34,"column":51}},"34":{"start":{"line":35,"column":8},"end":{"line":35,"column":15}},"35":{"start":{"line":37,"column":15},"end":{"line":37,"column":33}},"36":{"start":{"line":38,"column":4},"end":{"line":49,"column":5}},"37":{"start":{"line":39,"column":8},"end":{"line":39,"column":59}},"38":{"start":{"line":40,"column":8},"end":{"line":40,"column":25}},"39":{"start":{"line":41,"column":8},"end":{"line":41,"column":38}},"40":{"start":{"line":44,"column":8},"end":{"line":44,"column":25}},"41":{"start":{"line":45,"column":8},"end":{"line":47,"column":9}},"42":{"start":{"line":46,"column":12},"end":{"line":46,"column":38}},"43":{"start":{"line":48,"column":8},"end":{"line":48,"column":33}},"44":{"start":{"line":51,"column":0},"end":{"line":51,"column":38}},"45":{"start":{"line":52,"column":20},"end":{"line":71,"column":1}},"46":{"start":{"line":53,"column":4},"end":{"line":70,"column":5}},"47":{"start":{"line":54,"column":20},"end":{"line":54,"column":48}},"48":{"start":{"line":55,"column":8},"end":{"line":62,"column":9}},"49":{"start":{"line":56,"column":12},"end":{"line":56,"column":29}},"50":{"start":{"line":57,"column":12},"end":{"line":57,"column":44}},"51":{"start":{"line":60,"column":12},"end":{"line":60,"column":29}},"52":{"start":{"line":61,"column":12},"end":{"line":61,"column":32}},"53":{"start":{"line":65,"column":8},"end":{"line":65,"column":25}},"54":{"start":{"line":66,"column":8},"end":{"line":68,"column":9}},"55":{"start":{"line":67,"column":12},"end":{"line":67,"column":38}},"56":{"start":{"line":69,"column":8},"end":{"line":69,"column":33}},"57":{"start":{"line":72,"column":0},"end":{"line":72,"column":34}},"58":{"start":{"line":73,"column":31},"end":{"line":99,"column":1}},"59":{"start":{"line":74,"column":22},"end":{"line":74,"column":35}},"60":{"start":{"line":75,"column":19},"end":{"line":75,"column":62}},"61":{"start":{"line":76,"column":4},"end":{"line":80,"column":5}},"62":{"start":{"line":77,"column":8},"end":{"line":77,"column":25}},"63":{"start":{"line":78,"column":8},"end":{"line":78,"column":51}},"64":{"start":{"line":79,"column":8},"end":{"line":79,"column":15}},"65":{"start":{"line":81,"column":4},"end":{"line":98,"column":5}},"66":{"start":{"line":82,"column":20},"end":{"line":82,"column":68}},"67":{"start":{"line":83,"column":8},"end":{"line":90,"column":9}},"68":{"start":{"line":84,"column":12},"end":{"line":84,"column":29}},"69":{"start":{"line":85,"column":12},"end":{"line":85,"column":60}},"70":{"start":{"line":88,"column":12},"end":{"line":88,"column":29}},"71":{"start":{"line":89,"column":12},"end":{"line":89,"column":32}},"72":{"start":{"line":93,"column":8},"end":{"line":93,"column":25}},"73":{"start":{"line":94,"column":8},"end":{"line":96,"column":9}},"74":{"start":{"line":95,"column":12},"end":{"line":95,"column":38}},"75":{"start":{"line":97,"column":8},"end":{"line":97,"column":33}},"76":{"start":{"line":100,"column":0},"end":{"line":100,"column":56}}},"fnMap":{"0":{"name":"(anonymous_0)","decl":{"start":{"line":2,"column":74},"end":{"line":2,"column":75}},"loc":{"start":{"line":2,"column":96},"end":{"line":5,"column":1}},"line":2},"1":{"name":"(anonymous_1)","decl":{"start":{"line":4,"column":58},"end":{"line":4,"column":59}},"loc":{"start":{"line":4,"column":69},"end":{"line":4,"column":85}},"line":4},"2":{"name":"(anonymous_2)","decl":{"start":{"line":5,"column":6},"end":{"line":5,"column":7}},"loc":{"start":{"line":5,"column":28},"end":{"line":8,"column":1}},"line":5},"3":{"name":"(anonymous_3)","decl":{"start":{"line":9,"column":80},"end":{"line":9,"column":81}},"loc":{"start":{"line":9,"column":95},"end":{"line":11,"column":1}},"line":9},"4":{"name":"(anonymous_4)","decl":{"start":{"line":11,"column":5},"end":{"line":11,"column":6}},"loc":{"start":{"line":11,"column":20},"end":{"line":13,"column":1}},"line":11},"5":{"name":"(anonymous_5)","decl":{"start":{"line":14,"column":50},"end":{"line":14,"column":51}},"loc":{"start":{"line":14,"column":65},"end":{"line":20,"column":1}},"line":14},"6":{"name":"(anonymous_6)","decl":{"start":{"line":21,"column":56},"end":{"line":21,"column":57}},"loc":{"start":{"line":21,"column":71},"end":{"line":23,"column":1}},"line":21},"7":{"name":"(anonymous_7)","decl":{"start":{"line":29,"column":22},"end":{"line":29,"column":23}},"loc":{"start":{"line":29,"column":37},"end":{"line":50,"column":1}},"line":29},"8":{"name":"(anonymous_8)","decl":{"start":{"line":52,"column":20},"end":{"line":52,"column":21}},"loc":{"start":{"line":52,"column":35},"end":{"line":71,"column":1}},"line":52},"9":{"name":"(anonymous_9)","decl":{"start":{"line":73,"column":31},"end":{"line":73,"column":32}},"loc":{"start":{"line":73,"column":46},"end":{"line":99,"column":1}},"line":73}},"branchMap":{"0":{"loc":{"start":{"line":2,"column":22},"end":{"line":8,"column":3}},"type":"binary-expr","locations":[{"start":{"line":2,"column":23},"end":{"line":2,"column":27}},{"start":{"line":2,"column":31},"end":{"line":2,"column":51}},{"start":{"line":2,"column":57},"end":{"line":8,"column":2}}],"line":2},"1":{"loc":{"start":{"line":2,"column":57},"end":{"line":8,"column":2}},"type":"cond-expr","locations":[{"start":{"line":2,"column":74},"end":{"line":5,"column":1}},{"start":{"line":5,"column":6},"end":{"line":8,"column":1}}],"line":2},"2":{"loc":{"start":{"line":3,"column":4},"end":{"line":3,"column":33}},"type":"if","locations":[{"start":{"line":3,"column":4},"end":{"line":3,"column":33}},{"start":{"line":3,"column":4},"end":{"line":3,"column":33}}],"line":3},"3":{"loc":{"start":{"line":6,"column":4},"end":{"line":6,"column":33}},"type":"if","locations":[{"start":{"line":6,"column":4},"end":{"line":6,"column":33}},{"start":{"line":6,"column":4},"end":{"line":6,"column":33}}],"line":6},"4":{"loc":{"start":{"line":9,"column":25},"end":{"line":13,"column":2}},"type":"binary-expr","locations":[{"start":{"line":9,"column":26},"end":{"line":9,"column":30}},{"start":{"line":9,"column":34},"end":{"line":9,"column":57}},{"start":{"line":9,"column":63},"end":{"line":13,"column":1}}],"line":9},"5":{"loc":{"start":{"line":9,"column":63},"end":{"line":13,"column":1}},"type":"cond-expr","locations":[{"start":{"line":9,"column":80},"end":{"line":11,"column":1}},{"start":{"line":11,"column":5},"end":{"line":13,"column":1}}],"line":9},"6":{"loc":{"start":{"line":14,"column":19},"end":{"line":20,"column":1}},"type":"binary-expr","locations":[{"start":{"line":14,"column":20},"end":{"line":14,"column":24}},{"start":{"line":14,"column":28},"end":{"line":14,"column":45}},{"start":{"line":14,"column":50},"end":{"line":20,"column":1}}],"line":14},"7":{"loc":{"start":{"line":15,"column":4},"end":{"line":15,"column":42}},"type":"if","locations":[{"start":{"line":15,"column":4},"end":{"line":15,"column":42}},{"start":{"line":15,"column":4},"end":{"line":15,"column":42}}],"line":15},"8":{"loc":{"start":{"line":15,"column":8},"end":{"line":15,"column":29}},"type":"binary-expr","locations":[{"start":{"line":15,"column":8},"end":{"line":15,"column":11}},{"start":{"line":15,"column":15},"end":{"line":15,"column":29}}],"line":15},"9":{"loc":{"start":{"line":17,"column":4},"end":{"line":17,"column":141}},"type":"if","locations":[{"start":{"line":17,"column":4},"end":{"line":17,"column":141}},{"start":{"line":17,"column":4},"end":{"line":17,"column":141}}],"line":17},"10":{"loc":{"start":{"line":17,"column":40},"end":{"line":17,"column":141}},"type":"if","locations":[{"start":{"line":17,"column":40},"end":{"line":17,"column":141}},{"start":{"line":17,"column":40},"end":{"line":17,"column":141}}],"line":17},"11":{"loc":{"start":{"line":17,"column":44},"end":{"line":17,"column":107}},"type":"binary-expr","locations":[{"start":{"line":17,"column":44},"end":{"line":17,"column":59}},{"start":{"line":17,"column":63},"end":{"line":17,"column":107}}],"line":17},"12":{"loc":{"start":{"line":21,"column":22},"end":{"line":23,"column":1}},"type":"binary-expr","locations":[{"start":{"line":21,"column":23},"end":{"line":21,"column":27}},{"start":{"line":21,"column":31},"end":{"line":21,"column":51}},{"start":{"line":21,"column":56},"end":{"line":23,"column":1}}],"line":21},"13":{"loc":{"start":{"line":22,"column":11},"end":{"line":22,"column":61}},"type":"cond-expr","locations":[{"start":{"line":22,"column":37},"end":{"line":22,"column":40}},{"start":{"line":22,"column":43},"end":{"line":22,"column":61}}],"line":22},"14":{"loc":{"start":{"line":22,"column":12},"end":{"line":22,"column":33}},"type":"binary-expr","locations":[{"start":{"line":22,"column":12},"end":{"line":22,"column":15}},{"start":{"line":22,"column":19},"end":{"line":22,"column":33}}],"line":22},"15":{"loc":{"start":{"line":32,"column":4},"end":{"line":36,"column":5}},"type":"if","locations":[{"start":{"line":32,"column":4},"end":{"line":36,"column":5}},{"start":{"line":32,"column":4},"end":{"line":36,"column":5}}],"line":32},"16":{"loc":{"start":{"line":45,"column":8},"end":{"line":47,"column":9}},"type":"if","locations":[{"start":{"line":45,"column":8},"end":{"line":47,"column":9}},{"start":{"line":45,"column":8},"end":{"line":47,"column":9}}],"line":45},"17":{"loc":{"start":{"line":55,"column":8},"end":{"line":62,"column":9}},"type":"if","locations":[{"start":{"line":55,"column":8},"end":{"line":62,"column":9}},{"start":{"line":55,"column":8},"end":{"line":62,"column":9}}],"line":55},"18":{"loc":{"start":{"line":66,"column":8},"end":{"line":68,"column":9}},"type":"if","locations":[{"start":{"line":66,"column":8},"end":{"line":68,"column":9}},{"start":{"line":66,"column":8},"end":{"line":68,"column":9}}],"line":66},"19":{"loc":{"start":{"line":76,"column":4},"end":{"line":80,"column":5}},"type":"if","locations":[{"start":{"line":76,"column":4},"end":{"line":80,"column":5}},{"start":{"line":76,"column":4},"end":{"line":80,"column":5}}],"line":76},"20":{"loc":{"start":{"line":83,"column":8},"end":{"line":90,"column":9}},"type":"if","locations":[{"start":{"line":83,"column":8},"end":{"line":90,"column":9}},{"start":{"line":83,"column":8},"end":{"line":90,"column":9}}],"line":83},"21":{"loc":{"start":{"line":94,"column":8},"end":{"line":96,"column":9}},"type":"if","locations":[{"start":{"line":94,"column":8},"end":{"line":96,"column":9}},{"start":{"line":94,"column":8},"end":{"line":96,"column":9}}],"line":94}},"s":{"0":6,"1":0,"2":0,"3":0,"4":0,"5":0,"6":0,"7":0,"8":6,"9":0,"10":0,"11":6,"12":12,"13":12,"14":0,"15":0,"16":0,"17":0,"18":0,"19":0,"20":0,"21":6,"22":6,"23":6,"24":6,"25":6,"26":6,"27":6,"28":6,"29":2,"30":2,"31":2,"32":1,"33":1,"34":1,"35":1,"36":1,"37":1,"38":1,"39":1,"40":0,"41":0,"42":0,"43":0,"44":6,"45":6,"46":1,"47":1,"48":1,"49":0,"50":0,"51":1,"52":1,"53":0,"54":0,"55":0,"56":0,"57":6,"58":6,"59":2,"60":2,"61":2,"62":0,"63":0,"64":0,"65":2,"66":2,"67":2,"68":1,"69":1,"70":1,"71":1,"72":0,"73":0,"74":0,"75":0,"76":6},"f":{"0":0,"1":0,"2":0,"3":0,"4":0,"5":12,"6":6,"7":2,"8":1,"9":2},"b":{"0":[6,6,6],"1":[6,0],"2":[0,0],"3":[0,0],"4":[6,6,6],"5":[6,0],"6":[6,6,6],"7":[12,0],"8":[12,12],"9":[0,0],"10":[0,0],"11":[0,0],"12":[6,6,6],"13":[0,6],"14":[6,6],"15":[1,1],"16":[0,0],"17":[0,1],"18":[0,0],"19":[0,2],"20":[1,1],"21":[0,0]},"_coverageSchema":"1a1c01bbd47fc00a2c39e90264f33305004495a9","hash":"0b808270b23ecff6c61afe8fcacd196838eef58f"}
,"C:\\Users\\teeka\\Desktop\\zop - Copy\\freshers-june2021\\teekam_singh_kalyanwat\\school\\public\\controller\\teacher.js": {"path":"C:\\Users\\teeka\\Desktop\\zop - Copy\\freshers-june2021\\teekam_singh_kalyanwat\\school\\public\\controller\\teacher.js","statementMap":{"0":{"start":{"line":2,"column":22},"end":{"line":8,"column":3}},"1":{"start":{"line":3,"column":4},"end":{"line":3,"column":33}},"2":{"start":{"line":3,"column":26},"end":{"line":3,"column":33}},"3":{"start":{"line":4,"column":4},"end":{"line":4,"column":89}},"4":{"start":{"line":4,"column":71},"end":{"line":4,"column":83}},"5":{"start":{"line":6,"column":4},"end":{"line":6,"column":33}},"6":{"start":{"line":6,"column":26},"end":{"line":6,"column":33}},"7":{"start":{"line":7,"column":4},"end":{"line":7,"column":17}},"8":{"start":{"line":9,"column":25},"end":{"line":13,"column":2}},"9":{"start":{"line":10,"column":4},"end":{"line":10,"column":72}},"10":{"start":{"line":12,"column":4},"end":{"line":12,"column":21}},"11":{"start":{"line":14,"column":19},"end":{"line":20,"column":1}},"12":{"start":{"line":15,"column":4},"end":{"line":15,"column":42}},"13":{"start":{"line":15,"column":31},"end":{"line":15,"column":42}},"14":{"start":{"line":16,"column":17},"end":{"line":16,"column":19}},"15":{"start":{"line":17,"column":4},"end":{"line":17,"column":141}},"16":{"start":{"line":17,"column":21},"end":{"line":17,"column":141}},"17":{"start":{"line":17,"column":40},"end":{"line":17,"column":141}},"18":{"start":{"line":17,"column":109},"end":{"line":17,"column":141}},"19":{"start":{"line":18,"column":4},"end":{"line":18,"column":36}},"20":{"start":{"line":19,"column":4},"end":{"line":19,"column":18}},"21":{"start":{"line":21,"column":22},"end":{"line":23,"column":1}},"22":{"start":{"line":22,"column":4},"end":{"line":22,"column":62}},"23":{"start":{"line":24,"column":0},"end":{"line":24,"column":62}},"24":{"start":{"line":25,"column":0},"end":{"line":25,"column":86}},"25":{"start":{"line":26,"column":17},"end":{"line":26,"column":61}},"26":{"start":{"line":27,"column":12},"end":{"line":27,"column":57}},"27":{"start":{"line":28,"column":17},"end":{"line":28,"column":51}},"28":{"start":{"line":29,"column":22},"end":{"line":50,"column":1}},"29":{"start":{"line":30,"column":24},"end":{"line":30,"column":40}},"30":{"start":{"line":31,"column":19},"end":{"line":31,"column":58}},"31":{"start":{"line":32,"column":4},"end":{"line":36,"column":5}},"32":{"start":{"line":33,"column":8},"end":{"line":33,"column":25}},"33":{"start":{"line":34,"column":8},"end":{"line":34,"column":51}},"34":{"start":{"line":35,"column":8},"end":{"line":35,"column":15}},"35":{"start":{"line":37,"column":15},"end":{"line":37,"column":33}},"36":{"start":{"line":38,"column":4},"end":{"line":49,"column":5}},"37":{"start":{"line":39,"column":8},"end":{"line":39,"column":82}},"38":{"start":{"line":40,"column":8},"end":{"line":40,"column":25}},"39":{"start":{"line":41,"column":8},"end":{"line":41,"column":38}},"40":{"start":{"line":44,"column":8},"end":{"line":44,"column":25}},"41":{"start":{"line":45,"column":8},"end":{"line":47,"column":9}},"42":{"start":{"line":46,"column":12},"end":{"line":46,"column":38}},"43":{"start":{"line":48,"column":8},"end":{"line":48,"column":33}},"44":{"start":{"line":51,"column":0},"end":{"line":51,"column":38}},"45":{"start":{"line":52,"column":20},"end":{"line":71,"column":1}},"46":{"start":{"line":53,"column":4},"end":{"line":70,"column":5}},"47":{"start":{"line":54,"column":20},"end":{"line":54,"column":48}},"48":{"start":{"line":55,"column":8},"end":{"line":62,"column":9}},"49":{"start":{"line":56,"column":12},"end":{"line":56,"column":29}},"50":{"start":{"line":57,"column":12},"end":{"line":57,"column":44}},"51":{"start":{"line":60,"column":12},"end":{"line":60,"column":29}},"52":{"start":{"line":61,"column":12},"end":{"line":61,"column":32}},"53":{"start":{"line":65,"column":8},"end":{"line":65,"column":25}},"54":{"start":{"line":66,"column":8},"end":{"line":68,"column":9}},"55":{"start":{"line":67,"column":12},"end":{"line":67,"column":38}},"56":{"start":{"line":69,"column":8},"end":{"line":69,"column":33}},"57":{"start":{"line":72,"column":0},"end":{"line":72,"column":34}},"58":{"start":{"line":73,"column":31},"end":{"line":99,"column":1}},"59":{"start":{"line":74,"column":22},"end":{"line":74,"column":35}},"60":{"start":{"line":75,"column":19},"end":{"line":75,"column":62}},"61":{"start":{"line":76,"column":4},"end":{"line":80,"column":5}},"62":{"start":{"line":77,"column":8},"end":{"line":77,"column":25}},"63":{"start":{"line":78,"column":8},"end":{"line":78,"column":51}},"64":{"start":{"line":79,"column":8},"end":{"line":79,"column":15}},"65":{"start":{"line":81,"column":4},"end":{"line":98,"column":5}},"66":{"start":{"line":82,"column":20},"end":{"line":82,"column":68}},"67":{"start":{"line":83,"column":8},"end":{"line":90,"column":9}},"68":{"start":{"line":84,"column":12},"end":{"line":84,"column":29}},"69":{"start":{"line":85,"column":12},"end":{"line":85,"column":65}},"70":{"start":{"line":88,"column":12},"end":{"line":88,"column":29}},"71":{"start":{"line":89,"column":12},"end":{"line":89,"column":32}},"72":{"start":{"line":93,"column":8},"end":{"line":93,"column":25}},"73":{"start":{"line":94,"column":8},"end":{"line":96,"column":9}},"74":{"start":{"line":95,"column":12},"end":{"line":95,"column":38}},"75":{"start":{"line":97,"column":8},"end":{"line":97,"column":33}},"76":{"start":{"line":100,"column":0},"end":{"line":100,"column":56}}},"fnMap":{"0":{"name":"(anonymous_0)","decl":{"start":{"line":2,"column":74},"end":{"line":2,"column":75}},"loc":{"start":{"line":2,"column":96},"end":{"line":5,"column":1}},"line":2},"1":{"name":"(anonymous_1)","decl":{"start":{"line":4,"column":58},"end":{"line":4,"column":59}},"loc":{"start":{"line":4,"column":69},"end":{"line":4,"column":85}},"line":4},"2":{"name":"(anonymous_2)","decl":{"start":{"line":5,"column":6},"end":{"line":5,"column":7}},"loc":{"start":{"line":5,"column":28},"end":{"line":8,"column":1}},"line":5},"3":{"name":"(anonymous_3)","decl":{"start":{"line":9,"column":80},"end":{"line":9,"column":81}},"loc":{"start":{"line":9,"column":95},"end":{"line":11,"column":1}},"line":9},"4":{"name":"(anonymous_4)","decl":{"start":{"line":11,"column":5},"end":{"line":11,"column":6}},"loc":{"start":{"line":11,"column":20},"end":{"line":13,"column":1}},"line":11},"5":{"name":"(anonymous_5)","decl":{"start":{"line":14,"column":50},"end":{"line":14,"column":51}},"loc":{"start":{"line":14,"column":65},"end":{"line":20,"column":1}},"line":14},"6":{"name":"(anonymous_6)","decl":{"start":{"line":21,"column":56},"end":{"line":21,"column":57}},"loc":{"start":{"line":21,"column":71},"end":{"line":23,"column":1}},"line":21},"7":{"name":"(anonymous_7)","decl":{"start":{"line":29,"column":22},"end":{"line":29,"column":23}},"loc":{"start":{"line":29,"column":37},"end":{"line":50,"column":1}},"line":29},"8":{"name":"(anonymous_8)","decl":{"start":{"line":52,"column":20},"end":{"line":52,"column":21}},"loc":{"start":{"line":52,"column":35},"end":{"line":71,"column":1}},"line":52},"9":{"name":"(anonymous_9)","decl":{"start":{"line":73,"column":31},"end":{"line":73,"column":32}},"loc":{"start":{"line":73,"column":46},"end":{"line":99,"column":1}},"line":73}},"branchMap":{"0":{"loc":{"start":{"line":2,"column":22},"end":{"line":8,"column":3}},"type":"binary-expr","locations":[{"start":{"line":2,"column":23},"end":{"line":2,"column":27}},{"start":{
[...]
,"C:\\Users\\teeka\\Desktop\\zop - Copy\\freshers-june2021\\teekam_singh_kalyanwat\\school\\public\\routes\\teacher.js": {"path":"C:\\Users\\teeka\\Desktop\\zop - Copy\\freshers-june2021\\teekam_singh_kalyanwat\\school\\public\\routes\\teacher.js","statementMap":{"0":{"start":{"line":2,"column":22},"end":{"line":8,"column":3}},"1":{"start":{"line":3,"column":4},"end":{"line":3,"column":33}},"2":{"start":{"line":3,"column":26},"end":{"line":3,"column":33}},"3":{"start":{"line":4,"column":4},"end":{"line":4,"column":89}},"4":{"start":{"line":4,"column":71},"end":{"line":4,"column":83}},"5":{"start":{"line":6,"column":4},"end":{"line":6,"column":33}},"6":{"start":{"line":6,"column":26},"end":{"line":6,"column":33}},"7":{"start":{"line":7,"column":4},"end":{"line":7,"column":17}},"8":{"start":{"line":9,"column":25},"end":{"line":13,"column":2}},"9":{"start":{"line":10,"column":4},"end":{"line":10,"column":72}},"10":{"start":{"line":12,"column":4},"end":{"line":12,"column":21}},"11":{"start":{"line":14,"column":19},"end":{"line":20,"column":1}},"12":{"start":{"line":15,"column":4},"end":{"line":15,"column":42}},"13":{"start":{"line":15,"column":31},"end":{"line":15,"column":42}},"14":{"start":{"line":16,"column":17},"end":{"line":16,"column":19}},"15":{"start":{"line":17,"column":4},"end":{"line":17,"column":141}},"16":{"start":{"line":17,"column":21},"end":{"line":17,"column":141}},"17":{"start":{"line":17,"column":40},"end":{"line":17,"column":141}},"18":{"start":{"line":17,"column":109},"end":{"line":17,"column":141}},"19":{"start":{"line":18,"column":4},"end":{"line":18,"column":36}},"20":{"start":{"line":19,"column":4},"end":{"line":19,"column":18}},"21":{"start":{"line":21,"column":22},"end":{"line":23,"column":1}},"22":{"start":{"line":22,"column":4},"end":{"line":22,"column":62}},"23":{"start":{"line":24,"column":0},"end":{"line":24,"column":62}},"24":{"start":{"line":25,"column":17},"end":{"line":25,"column":56}},"25":{"start":{"line":26,"column":15},"end":{"line":26,"column":37}},"26":{"start":{"line":27,"column":16},"end":{"line":27,"column":62}},"27":{"start":{"line":28,"column":0},"end":{"line":28,"column":47}},"28":{"start":{"line":29,"column":0},"end":{"line":29,"column":44}},"29":{"start":{"line":30,"column":0},"end":{"line":30,"column":68}},"30":{"start":{"line":31,"column":0},"end":{"line":31,"column":25}}},"fnMap":{"0":{"name":"(anonymous_0)","decl":{"start":{"line":2,"column":74},"end":{"line":2,"column":75}},"loc":{"start":{"line":2,"column":96},"end":{"line":5,"column":1}},"line":2},"1":{"name":"(anonymous_1)","decl":{"start":{"line":4,"column":58},"end":{"line":4,"column":59}},"loc":{"start":{"line":4,"column":69},"end":{"line":4,"column":85}},"line":4},"2":{"name":"(anonymous_2)","decl":{"start":{"line":5,"column":6},"end":{"line":5,"column":7}},"loc":{"start":{"line":5,"column":28},"end":{"line":8,"column":1}},"line":5},"3":{"name":"(anonymous_3)","decl":{"start":{"line":9,"column":80},"end":{"line":9,"column":81}},"loc":{"start":{"line":9,"column":95},"end":{"line":11,"column":1}},"line":9},"4":{"name":"(anonymous_4)","decl":{"start":{"line":11,"column":5},"end":{"line":11,"column":6}},"loc":{"start":{"line":11,"column":20},"end":{"line":13,"column":1}},"line":11},"5":{"name":"(anonymous_5)","decl":{"start":{"line":14,"column":50},"end":{"line":14,"column":51}},"loc":{"start":{"line":14,"column":65},"end":{"line":20,"column":1}},"line":14},"6":{"name":"(anonymous_6)","decl":{"start":{"line":21,"column":56},"end":{"line":21,"column":57}},"loc":{"start":{"line":21,"column":71},"end":{"line":23,"column":1}},"line":21}},"branchMap":{"0":{"loc":{"start":{"line":2,"column":22},"end":{"line":8,"column":3}},"type":"binary-expr","locations":[{"start":{"line":2,"column":23},"end":{"line":2,"column":27}},{"start":{"line":2,"column":31},"end":{"line":2,"column":51}},{"start":{"line":2,"column":57},"end":{"line":8,"column":2}}],"line":2},"1":{"loc":{"start":{"line":2,"column":57},"end":{"line":8,"column":2}},"type":"cond-expr","locations":[{"start":{"line":2,"column":74},"end":{"line":5,"column":1}},{"start":{"line":5,"column":6},"end":{"line":8,"column":1}}],"line":2},"2":{"loc":{"start":{"line":3,"column":4},"end":{"line":3,"column":33}},"type":"if","locations":[{"start":{"line":3,"column":4},"end":{"line":3,"column":33}},{"start":{"line":3,"column":4},"end":{"line":3,"column":33}}],"line":3},"3":{"loc":{"start":{"line":6,"column":4},"end":{"line":6,"column":33}},"type":"if","locations":[{"start":{"line":6,"column":4},"end":{"line":6,"column":33}},{"start":{"line":6,"column":4},"end":{"line":6,"column":33}}],"line":6},"4":{"loc":{"start":{"line":9,"column":25},"end":{"line":13,"column":2}},"type":"binary-expr","locations":[{"start":{"line":9,"column":26},"end":{"line":9,"column":30}},{"start":{"line":9,"column":34},"end":{"line":9,"column":57}},{"start":{"line":9,"column":63},"end":{"line":13,"column":1}}],"line":9},"5":{"loc":{"start":{"line":9,"column":63},"end":{"line":13,"column":1}},"type":"cond-expr","locations":[{"start":{"line":9,"column":80},"end":{"line":11,"column":1}},{"start":{"line":11,"column":5},"end":{"line":13,"column":1}}],"line":9},"6":{"loc":{"start":{"line":14,"column":19},"end":{"line":20,"column":1}},"type":"binary-expr","locations":[{"start":{"line":14,"column":20},"end":{"line":14,"column":24}},{"start":{"line":14,"column":28},"end":{"line":14,"column":45}},{"start":{"line":14,"column":50},"end":{"line":20,"column":1}}],"line":14},"7":{"loc":{"start":{"line":15,"column":4},"end":{"line":15,"column":42}},"type":"if","locations":[{"start":{"line":15,"column":4},"end":{"line":15,"column":42}},{"start":{"line":15,"column":4},"end":{"line":15,"column":42}}],"line":15},"8":{"loc":{"start":{"line":15,"column":8},"end":{"line":15,"column":29}},"type":"binary-expr","locations":[{"start":{"line":15,"column":8},"end":{"line":15,"column":11}},{"start":{"line":15,"column":15},"end":{"line":15,"column":29}}],"line":15},"9":{"loc":{"start":{"line":17,"column":4},"end":{"line":17,"column":141}},"type":"if","locations":[{"start":{"line":17,"column":4},"end":{"line":17,"column":141}},{"start":{"line":17,"column":4},"end":{"line":17,"column":141}}],"line":17},"10":{"loc":{"start":{"line":17,"column":40},"end":{"line":17,"column":141}},"type":"if","locations":[{"start":{"line":17,"column":40},"end":{"line":17,"column":141}},{"start":{"line":17,"column":40},"end":{"line":17,"column":141}}],"line":17},"11":{"loc":{"start":{"line":17,"column":44},"end":{"line":17,"column":107}},"type":"binary-expr","locations":[{"start":{"line":17,"column":44},"end":{"line":17,"column":59}},{"start":{"line":17,"column":63},"end":{"line":17,"column":107}}],"line":17},"12":{"loc":{"start":{"line":21,"column":22},"end":{"line":23,"column":1}},"type":"binary-expr","locations":[{"start":{"line":21,"column":23},"end":{"line":21,"column":27}},{"start":{"line":21,"column":31},"end":{"line":21,"column":51}},{"start":{"line":21,"column":56},"end":{"line":23,"column":1}}],"line":21},"13":{"loc":{"start":{"line":22,"column":11},"end":{"line":22,"column":61}},"type":"cond-expr","locations":[{"start":{"line":22,"column":37},"end":{"line":22,"column":40}},{"start":{"line":22,"column":43},"end":{"line":22,"column":61}}],"line":22},"14":{"loc":{"start":{"line":22,"column":12},"end":{"line":22,"column":33}},"type":"binary-expr","locations":[{"start":{"line":22,"column":12},"end":{"line":22,"column":15}},{"start":{"line":22,"column":19},"end":{"line":22,"column":33}}],"line":22}},"s":{"0":6,"1":0,"2":0,"3":0,"4":0,"5":0,"6":0,"7":0,"8":6,"9":0,"10":0,"11":6,"12":6,"13":6,"14":0,"15":0,"16":0,"17":0,"18":0,"19":0,"20":0,"21":6,"22":6,"23":6,"24":6,"25":6,"26":6,"27":6,"28":6,"29":6,"30":6},"f":{"0":0,"1":0,"2":0,"3":0,"4":0,"5":6,"6":6},"b":{"0":[6,6,6],"1":[6,0],"2":[0,0],"3":[0,0],"4":[6,6,6],"5":[6,0],"6":[6,6,6],"7":[6,0],"8":[6,6],"9":[0,0],"10":[0,0],"11":[0,0],"12":[6,6,6],"13":[0,6],"14":[6,6]},"_coverageSchema":"1a1c01bbd47fc00a2c39e90264f33305004495a9","hash":"612fbd9ca5460ac6594f6ac457fa62409f13c8ef"}
,"C:\\Users\\teeka\\Desktop\\zop - Copy\\freshers-june2021\\teekam_singh_kalyanwat\\school\\public\\services\\class.js": {"path":"C:\\Users\\teeka\\Desktop\\zop - Copy\\freshers-june2021\\teekam_singh_kalyanwat\\school\\public\\services\\class.js","statementMap":{"0":{"start":{"line":2,"column":0},"end":{"line":2,"column":62}},"1":{"start":{"line":3,"column":0},"end":{"line":3,"column":82}},"2":{"start":{"line":4,"column":19},"end":{"line":4,"column":44}},"3":{"start":{"line":6,"column":4},"end":{"line":6,"column":77}},"4":{"start":{"line":8,"column":0},"end":{"line":8,"column":34}},"5":{"start":{"line":10,"column":4},"end":{"line":10,"column":79}},"6":{"start":{"line":12,"column":0},"end":{"line":12,"column":30}},"7":{"start":{"line":14,"column":16},"end":{"line":14,"column":192}},"8":{"start":{"line":15,"column":4},"end":{"line":15,"column":50}},"9":{"start":{"line":17,"column":0},"end":{"line":17,"column":56}}},"fnMap":{"0":{"name":"createClass","decl":{"start":{"line":5,"column":15},"end":{"line":5,"column":26}},"loc":{"start":{"line":5,"column":37},"end":{"line":7,"column":1}},"line":5},"1":{"name":"classList","decl":{"start":{"line":9,"column":15},"end":{"line":9,"column":24}},"loc":{"start":{"line":9,"column":27},"end":{"line":11,"column":1}},"line":9},"2":{"name":"studentListFromClassid","decl":{"start":{"line":13,"column":15},"end":{"line":13,"column":37}},"loc":{"start":{"line":13,"column":47},"end":{"line":16,"column":1}},"line":13}},"branchMap":{},"s":{"0":6,"1":6,"2":6,"3":1,"4":6,"5":1,"6":6,"7":2,"8":2,"9":6},"f":{"0":1,"1":1,"2":2},"b":{},"_coverageSchema":"1a1c01bbd47fc00a2c39e90264f33305004495a9","hash":"370d6b481db53f30862be10c2c6ff2710c8ebe0e"}
,"C:\\Users\\teeka\\Desktop\\zop - Copy\\freshers-june2021\\teekam_singh_kalyanwat\\school\\public\\services\\result.js": {"path":"C:\\Users\\teeka\\Desktop\\zop - Copy\\freshers-june2021\\teekam_singh_kalyanwat\\school\\public\\services\\result.js","statementMap":{"0":{"start":{"line":2,"column":0},"end":{"line":2,"column":62}},"1":{"start":{"line":3,"column":0},"end":{"line":3,"column":126}},"2":{"start":{"line":4,"column":19},"end":{"line":4,"column":44}},"3":{"start":{"line":6,"column":4},"end":{"line":6,"column":159}},"4":{"start":{"line":8,"column":0},"end":{"line":8,"column":36}},"5":{"start":{"line":10,"column":4},"end":{"line":10,"column":169}},"6":{"start":{"line":12,"column":0},"end":{"line":12,"column":36}},"7":{"start":{"line":14,"column":4},"end":{"line":14,"column":129}},"8":{"start":{"line":16,"column":0},"end":{"line":16,"column":44}},"9":{"start":{"line":18,"column":16},"end":{"line":18,"column":254}},"10":{"start":{"line":19,"column":4},"end":{"line":19,"column":61}},"11":{"start":{"line":21,"column":0},"end":{"line":21,"column":36}},"12":{"start":{"line":23,"column":16},"end":{"line":32,"column":26}},"13":{"start":{"line":33,"column":4},"end":{"line":33,"column":48}},"14":{"start":{"line":35,"column":0},"end":{"line":35,"column":36}}},"fnMap":{"0":{"name":"createResult","decl":{"start":{"line":5,"column":15},"end":{"line":5,"column":27}},"loc":{"start":{"line":5,"column":41},"end":{"line":7,"column":1}},"line":5},"1":{"name":"updateResult","decl":{"start":{"line":9,"column":15},"end":{"line":9,"column":27}},"loc":{"start":{"line":9,"column":41},"end":{"line":11,"column":1}},"line":9},"2":{"name":"marksByStudentId","decl":{"start":{"line":13,"column":15},"end":{"line":13,"column":31}},"loc":{"start":{"line":13,"column":43},"end":{"line":15,"column":1}},"line":13},"3":{"name":"highestMarks","decl":{"start":{"line":17,"column":15},"end":{"line":17,"column":27}},"loc":{"start":{"line":17,"column":48},"end":{"line":20,"column":1}},"line":17},"4":{"name":"topNstudents","decl":{"start":{"line":22,"column":15},"end":{"line":22,"column":27}},"loc":{"start":{"line":22,"column":35},"end":{"line":34,"column":1}},"line":22}},"branchMap":{},"s":{"0":6,"1":6,"2":6,"3":1,"4":6,"5":1,"6":6,"7":2,"8":6,"9":2,"10":2,"11":6,"12":1,"13":1,"14":6},"f":{"0":1,"1":1,"2":2,"3":2,"4":1},"b":{},"_coverageSchema":"1a1c01bbd47fc00a2c39e90264f33305004495a9","hash":"8fdc524fdfe37c10ca648ba42fa9b2695d34cb32"}
,"C:\\Users\\teeka\\Desktop\\zop - Copy\\freshers-june2021\\teekam_singh_kalyanwat\\school\\public\\services\\schedule.js": {"path":"C:\\Users\\teeka\\Desktop\\zop - Copy\\freshers-june2021\\teekam_singh_kalyanwat\\school\\public\\services\\schedule.js","statementMap":{"0":{"start":{"line":2,"column":0},"end":{"line":2,"column":62}},"1":{"start":{"line":3,"column":0},"end":{"line":3,"column":32}},"2":{"start":{"line":4,"column":19},"end":{"line":4,"column":44}},"3":{"start":{"line":6,"column":4},"end":{"line":6,"column":140}},"4":{"start":{"line":8,"column":0},"end":{"line":8,"column":40}}},"fnMap":{"0":{"name":"createSchedule","decl":{"start":{"line":5,"column":15},"end":{"line":5,"column":29}},"loc":{"start":{"line":5,"column":43},"end":{"line":7,"column":1}},"line":5}},"branchMap":{},"s":{"0":6,"1":6,"2":6,"3":1,"4":6},"f":{"0":1},"b":{},"_coverageSchema":"1a1c01bbd47fc00a2c39e90264f33305004495a9","hash":"be86597423a317f06ed852854c1931b1378188fc"}
,"C:\\Users\\teeka\\Desktop\\zop - Copy\\freshers-june2021\\teekam_singh_kalyanwat\\school\\public\\services\\student.js": {"path":"C:\\Users\\teeka\\Desktop\\zop - Copy\\freshers-june2021\\teekam_singh_kalyanwat\\school\\public\\services\\student.js","statementMap":{"0":{"start":{"line":2,"column":0},"end":{"line":2,"column":62}},"1":{"start":{"line":3,"column":0},"end":{"line":3,"column":81}},"2":{"start":{"line":4,"column":19},"end":{"line":4,"column":44}},"3":{"start":{"line":6,"column":4},"end":{"line":6,"column":78}},"4":{"start":{"line":8,"column":0},"end":{"line":8,"column":38}},"5":{"start":{"line":10,"column":4},"end":{"line":10,"column":93}},"6":{"start":{"line":12,"column":0},"end":{"line":12,"column":46}},"7":{"start":{"line":14,"column":4},"end":{"line":14,"column":137}},"8":{"start":{"line":16,"column":0},"end":{"line":16,"column":34}}},"fnMap":{"0":{"name":"createStudent","decl":{"start":{"line":5,"column":15},"end":{"line":5,"column":28}},"loc":{"start":{"line":5,"column":39},"end":{"line":7,"column":1}},"line":5},"1":{"name":"AddStudentToClass","decl":{"start":{"line":9,"column":15},"end":{"line":9,"column":32}},"loc":{"start":{"line":9,"column":53},"end":{"line":11,"column":1}},"line":9},"2":{"name":"studentList","decl":{"start":{"line":13,"column":15},"end":{"line":13,"column":26}},"loc":{"start":{"line":13,"column":39},"end":{"line":15,"column":1}},"line":13}},"branchMap":{},"s":{"0":6,"1":6,"2":6,"3":1,"4":6,"5":1,"6":6,"7":1,"8":6},"f":{"0":1,"1":1,"2":1},"b":{},"_coverageSchema":"1a1c01bbd47fc00a2c39e90264f33305004495a9","hash":"360049727a1c9bc6d5c188e0b56aa68057d120c3"}
,"C:\\Users\\teeka\\Desktop\\zop - Copy\\freshers-june2021\\teekam_singh_kalyanwat\\school\\public\\services\\subject.js": {"path":"C:\\Users\\teeka\\Desktop\\zop - Copy\\freshers-june2021\\teekam_singh_kalyanwat\\school\\public\\services\\subject.js","statementMap":{"0":{"start":{"line":2,"column":0},"end":{"line":2,"column":62}},"1":{"start":{"line":3,"column":0},"end":{"line":3,"column":86}},"2":{"start":{"line":4,"column":19},"end":{"line":4,"column":44}},"3":{"start":{"line":6,"column":4},"end":{"line":6,"column":78}},"4":{"start":{"line":8,"column":0},"end":{"line":8,"column":38}},"5":{"start":{"line":10,"column":4},"end":{"line":10,"column":82}},"6":{"start":{"line":12,"column":0},"end":{"line":12,"column":34}},"7":{"start":{"line":14,"column":16},"end":{"line":14,"column":332}},"8":{"start":{"line":15,"column":4},"end":{"line":15,"column":52}},"9":{"start":{"line":17,"column":0},"end":{"line":17,"column":56}}},"fnMap":{"0":{"name":"createSubject","decl":{"start":{"line":5,"column":15},"end":{"line":5,"column":28}},"loc":{"start":{"line":5,"column":39},"end":{"line":7,"column":1}},"line":5},"1":{"name":"subjectList","decl":{"start":{"line":9,"column":15},"end":{"line":9,"column":26}},"loc":{"start":{"line":9,"column":29},"end":{"line":11,"column":1}},"line":9},"2":{"name":"studentListBySubjectId","decl":{"start":{"line":13,"column":15},"end":{"line":13,"column":37}},"loc":{"start":{"line":13,"column":49},"end":{"line":16,"column":1}},"line":13}},"branchMap":{},"s":{"0":6,"1":6,"2":6,"3":1,"4":6,"5":1,"6":6,"7":2,"8":2,"9":6},"f":{"0":1,"1":1,"2":2},"b":{},"_coverageSchema":"1a1c01bbd47fc00a2c39e90264f33305004495a9","hash":"3837d7533d3a07b11533d5b8196a84b98da2f7c4"}
,"C:\\Users\\teeka\\Desktop\\zop - Copy\\freshers-june2021\\teekam_singh_kalyanwat\\school\\public\\services\\teacher.js": {"path":"C:\\Users\\teeka\\Desktop\\zop - Copy\\freshers-june2021\\teekam_singh_kalyanwat\\school\\public\\services\\teacher.js","statementMap":{"0":{"start":{"line":2,"column":0},"end":{"line":2,"column":62}},"1":{"start":{"line":3,"column":0},"end":{"line":3,"column":86}},"2":{"start":{"line":4,"column":19},"end":{"line":4,"column":44}},"3":{"start":{"line":6,"column":4},"end":{"line":6,"column":92}},"4":{"start":{"line":8,"column":0},"end":{"line":8,"column":38}},"5":{"start":{"line":10,"column":4},"end":{"line":10,"column":82}},"6":{"start":{"line":12,"column":0},"end":{"line":12,"column":34}},"7":{"start":{"line":14,"column":16},"end":{"line":14,"column":446}},"8":{"start":{"line":15,"column":4},"end":{"line":15,"column":52}},"9":{"start":{"line":17,"column":0},"end":{"line":17,"column":56}}},"fnMap":{"0":{"name":"createTeacher","decl":{"start":{"line":5,"column":15},"end":{"line":5,"column":28}},"loc":{"start":{"line":5,"column":50},"end":{"line":7,"column":1}},"line":5},"1":{"name":"teacherList","decl":{"start":{"line":9,"column":15},"end":{"line":9,"column":26}},"loc":{"start":{"line":9,"column":29},"end":{"line":11,"column":1}},"line":9},"2":{"name":"studentListByTeacherid","decl":{"start":{"line":13,"column":15},"end":{"line":13,"column":37}},"loc":{"start":{"line":13,"column":49},"end":{"line":16,"column":1}},"line":13}},"branchMap":{},"s":{"0":6,"1":6,"2":6,"3":1,"4":6,"5":1,"6":6,"7":2,"8":2,"9":6},"f":{"0":1,"1":1,"2":2},"b":{},"_coverageSchema":"1a1c01bbd47fc00a2c39e90264f33305004495a9","hash":"25b2ce3d126b22c25e00e8832852673a98fc1d5c"}
}
