{"C:\\Users\\teeka\\Desktop\\zop - Copy\\freshers-june2021\\teekam_singh_kalyanwat\\school\\src\\app\\app.ts": {"path":"C:\\Users\\teeka\\Desktop\\zop - Copy\\freshers-june2021\\teekam_singh_kalyanwat\\school\\src\\app\\app.ts","statementMap":{"0":{"start":{"line":1,"column":0},"end":{"line":1,"column":22}},"1":{"start":{"line":2,"column":0},"end":{"line":2,"column":31}},"2":{"start":{"line":3,"column":0},"end":{"line":3,"column":49}},"3":{"start":{"line":10,"column":12},"end":{"line":10,"column":21}},"4":{"start":{"line":12,"column":0},"end":{"line":12,"column":43}},"5":{"start":{"line":13,"column":0},"end":{"line":13,"column":45}},"6":{"start":{"line":14,"column":0},"end":{"line":14,"column":49}},"7":{"start":{"line":15,"column":0},"end":{"line":15,"column":47}},"8":{"start":{"line":16,"column":0},"end":{"line":16,"column":47}},"9":{"start":{"line":17,"column":0},"end":{"line":17,"column":47}},"10":{"start":{"line":20,"column":15},"end":{"line":20,"column":123}},"11":{"start":{"line":22,"column":0},"end":{"line":22,"column":19}},"12":{"start":{"line":23,"column":0},"end":{"line":23,"column":18}},"13":{"start":{"line":25,"column":0},"end":{"line":25,"column":19}}},"fnMap":{},"branchMap":{},"s":{"0":12,"1":12,"2":12,"3":12,"4":12,"5":12,"6":12,"7":12,"8":12,"9":12,"10":12,"11":12,"12":12,"13":12},"f":{},"b":{}}
,"C:\\Users\\teeka\\Desktop\\zop - Copy\\freshers-june2021\\teekam_singh_kalyanwat\\school\\src\\config\\config.ts": {"path":"C:\\Users\\teeka\\Desktop\\zop - Copy\\freshers-june2021\\teekam_singh_kalyanwat\\school\\src\\config\\config.ts","statementMap":{"0":{"start":{"line":1,"column":0},"end":{"line":1,"column":28}},"1":{"start":{"line":2,"column":0},"end":{"line":2,"column":22}},"2":{"start":{"line":3,"column":0},"end":{"line":3,"column":24}},"3":{"start":{"line":5,"column":0},"end":{"line":5,"column":60}},"4":{"start":{"line":7,"column":22},"end":{"line":14,"column":12}},"5":{"start":{"line":16,"column":36},"end":{"line":16,"column":71}},"6":{"start":{"line":18,"column":2},"end":{"line":21,"column":4}},"7":{"start":{"line":20,"column":4},"end":{"line":20,"column":47}},"8":{"start":{"line":23,"column":2},"end":{"line":29,"column":4}}},"fnMap":{},"branchMap":{"0":{"loc":{"start":{"line":18,"column":2},"end":{"line":21,"column":4}},"type":"if","locations":[{"start":{"line":18,"column":2},"end":{"line":21,"column":4}},{"start":{"line":18,"column":2},"end":{"line":21,"column":4}}]}},"s":{"0":12,"1":12,"2":12,"3":12,"4":12,"5":12,"6":12,"7":0,"8":12},"f":{},"b":{"0":[0,12]}}
,"C:\\Users\\teeka\\Desktop\\zop - Copy\\freshers-june2021\\teekam_singh_kalyanwat\\school\\src\\controller\\class.ts": {"path":"C:\\Users\\teeka\\Desktop\\zop - Copy\\freshers-june2021\\teekam_singh_kalyanwat\\school\\src\\controller\\class.ts","statementMap":{"0":{"start":{"line":2,"column":0},"end":{"line":2,"column":46}},"1":{"start":{"line":3,"column":0},"end":{"line":3,"column":42}},"2":{"start":{"line":4,"column":0},"end":{"line":4,"column":26}},"3":{"start":{"line":7,"column":27},"end":{"line":26,"column":1}},"4":{"start":{"line":8,"column":29},"end":{"line":8,"column":45}},"5":{"start":{"line":9,"column":19},"end":{"line":9,"column":56}},"6":{"start":{"line":10,"column":4},"end":{"line":14,"column":null}},"7":{"start":{"line":11,"column":8},"end":{"line":11,"column":25}},"8":{"start":{"line":12,"column":8},"end":{"line":12,"column":51}},"9":{"start":{"line":13,"column":8},"end":{"line":13,"column":15}},"10":{"start":{"line":15,"column":23},"end":{"line":15,"column":29}},"11":{"start":{"line":16,"column":4},"end":{"line":25,"column":null}},"12":{"start":{"line":17,"column":8},"end":{"line":17,"column":57}},"13":{"start":{"line":18,"column":8},"end":{"line":18,"column":25}},"14":{"start":{"line":19,"column":8},"end":{"line":19,"column":null}},"15":{"start":{"line":22,"column":8},"end":{"line":22,"column":25}},"16":{"start":{"line":24,"column":8},"end":{"line":24,"column":33}},"17":{"start":{"line":7,"column":13},"end":{"line":7,"column":27}},"18":{"start":{"line":28,"column":25},"end":{"line":39,"column":1}},"19":{"start":{"line":29,"column":4},"end":{"line":38,"column":null}},"20":{"start":{"line":30,"column":25},"end":{"line":30,"column":51}},"21":{"start":{"line":31,"column":8},"end":{"line":31,"column":25}},"22":{"start":{"line":32,"column":8},"end":{"line":32,"column":28}},"23":{"start":{"line":36,"column":8},"end":{"line":36,"column":25}},"24":{"start":{"line":37,"column":8},"end":{"line":37,"column":33}},"25":{"start":{"line":28,"column":13},"end":{"line":28,"column":25}},"26":{"start":{"line":41,"column":38},"end":{"line":64,"column":1}},"27":{"start":{"line":42,"column":28},"end":{"line":42,"column":46}},"28":{"start":{"line":43,"column":19},"end":{"line":43,"column":58}},"29":{"start":{"line":44,"column":4},"end":{"line":48,"column":null}},"30":{"start":{"line":45,"column":8},"end":{"line":45,"column":25}},"31":{"start":{"line":46,"column":8},"end":{"line":46,"column":51}},"32":{"start":{"line":47,"column":8},"end":{"line":47,"column":15}},"33":{"start":{"line":49,"column":4},"end":{"line":63,"column":null}},"34":{"start":{"line":50,"column":25},"end":{"line":50,"column":71}},"35":{"start":{"line":51,"column":8},"end":{"line":58,"column":null}},"36":{"start":{"line":52,"column":12},"end":{"line":52,"column":29}},"37":{"start":{"line":53,"column":12},"end":{"line":53,"column":58}},"38":{"start":{"line":56,"column":12},"end":{"line":56,"column":29}},"39":{"start":{"line":57,"column":12},"end":{"line":57,"column":32}},"40":{"start":{"line":61,"column":8},"end":{"line":61,"column":25}},"41":{"start":{"line":62,"column":8},"end":{"line":62,"column":33}},"42":{"start":{"line":41,"column":13},"end":{"line":41,"column":38}}},"fnMap":{"0":{"name":"(anonymous_7)","decl":{"start":{"line":7,"column":27},"end":{"line":7,"column":32}},"loc":{"start":{"line":7,"column":65},"end":{"line":26,"column":1}}},"1":{"name":"(anonymous_8)","decl":{"start":{"line":28,"column":25},"end":{"line":28,"column":30}},"loc":{"start":{"line":28,"column":63},"end":{"line":39,"column":1}}},"2":{"name":"(anonymous_9)","decl":{"start":{"line":41,"column":38},"end":{"line":41,"column":43}},"loc":{"start":{"line":41,"column":76},"end":{"line":64,"column":1}}}},"branchMap":{"0":{"loc":{"start":{"line":10,"column":4},"end":{"line":14,"column":null}},"type":"if","locations":[{"start":{"line":10,"column":4},"end":{"line":14,"column":null}},{"start":{"line":10,"column":4},"end":{"line":14,"column":null}}]},"1":{"loc":{"start":{"line":44,"column":4},"end":{"line":48,"column":null}},"type":"if","locations":[{"start":{"line":44,"column":4},"end":{"line":48,"column":null}},{"start":{"line":44,"column":4},"end":{"line":48,"column":null}}]},"2":{"loc":{"start":{"line":51,"column":8},"end":{"line":58,"column":null}},"type":"if","locations":[{"start":{"line":51,"column":8},"end":{"line":58,"column":null}},{"start":{"line":51,"column":8},"end":{"line":58,"column":null}}]}},"s":{"0":12,"1":12,"2":12,"3":12,"4":3,"5":3,"6":3,"7":1,"8":1,"9":1,"10":2,"11":2,"12":2,"13":1,"14":1,"15":1,"16":1,"17":12,"18":12,"19":2,"20":2,"21":1,"22":1,"23":1,"24":1,"25":12,"26":12,"27":4,"28":4,"29":4,"30":1,"31":1,"32":1,"33":3,"34":3,"35":2,"36":1,"37":1,"38":1,"39":1,"40":1,"41":1,"42":12},"f":{"0":3,"1":2,"2":4},"b":{"0":[1,2],"1":[1,3],"2":[1,1]}}
,"C:\\Users\\teeka\\Desktop\\zop - Copy\\freshers-june2021\\teekam_singh_kalyanwat\\school\\src\\controller\\result.ts": {"path":"C:\\Users\\teeka\\Desktop\\zop - Copy\\freshers-june2021\\teekam_singh_kalyanwat\\school\\src\\controller\\result.ts","statementMap":{"0":{"start":{"line":2,"column":0},"end":{"line":2,"column":47}},"1":{"start":{"line":3,"column":0},"end":{"line":3,"column":43}},"2":{"start":{"line":12,"column":28},"end":{"line":31,"column":1}},"3":{"start":{"line":13,"column":39},"end":{"line":13,"column":55}},"4":{"start":{"line":14,"column":19},"end":{"line":14,"column":57}},"5":{"start":{"line":15,"column":4},"end":{"line":19,"column":null}},"6":{"start":{"line":16,"column":8},"end":{"line":16,"column":25}},"7":{"start":{"line":17,"column":8},"end":{"line":17,"column":51}},"8":{"start":{"line":18,"column":8},"end":{"line":18,"column":15}},"9":{"start":{"line":20,"column":4},"end":{"line":29,"column":null}},"10":{"start":{"line":21,"column":8},"end":{"line":21,"column":49}},"11":{"start":{"line":22,"column":8},"end":{"line":22,"column":25}},"12":{"start":{"line":23,"column":8},"end":{"line":23,"column":37}},"13":{"start":{"line":26,"column":8},"end":{"line":26,"column":25}},"14":{"start":{"line":28,"column":8},"end":{"line":28,"column":33}},"15":{"start":{"line":12,"column":13},"end":{"line":12,"column":28}},"16":{"start":{"line":33,"column":28},"end":{"line":51,"column":1}},"17":{"start":{"line":34,"column":39},"end":{"line":34,"column":55}},"18":{"start":{"line":35,"column":19},"end":{"line":35,"column":57}},"19":{"start":{"line":36,"column":4},"end":{"line":40,"column":null}},"20":{"start":{"line":37,"column":8},"end":{"line":37,"column":25}},"21":{"start":{"line":38,"column":8},"end":{"line":38,"column":51}},"22":{"start":{"line":39,"column":8},"end":{"line":39,"column":15}},"23":{"start":{"line":41,"column":4},"end":{"line":50,"column":null}},"24":{"start":{"line":42,"column":8},"end":{"line":42,"column":49}},"25":{"start":{"line":43,"column":8},"end":{"line":43,"column":25}},"26":{"start":{"line":44,"column":8},"end":{"line":44,"column":37}},"27":{"start":{"line":47,"column":8},"end":{"line":47,"column":25}},"28":{"start":{"line":49,"column":8},"end":{"line":49,"column":33}},"29":{"start":{"line":33,"column":13},"end":{"line":33,"column":28}},"30":{"start":{"line":53,"column":32},"end":{"line":77,"column":1}},"31":{"start":{"line":54,"column":30},"end":{"line":54,"column":50}},"32":{"start":{"line":55,"column":19},"end":{"line":55,"column":69}},"33":{"start":{"line":56,"column":4},"end":{"line":60,"column":null}},"34":{"start":{"line":57,"column":8},"end":{"line":57,"column":25}},"35":{"start":{"line":58,"column":8},"end":{"line":58,"column":51}},"36":{"start":{"line":59,"column":8},"end":{"line":59,"column":15}},"37":{"start":{"line":61,"column":4},"end":{"line":75,"column":null}},"38":{"start":{"line":62,"column":25},"end":{"line":62,"column":67}},"39":{"start":{"line":63,"column":8},"end":{"line":70,"column":null}},"40":{"start":{"line":64,"column":12},"end":{"line":64,"column":29}},"41":{"start":{"line":65,"column":12},"end":{"line":65,"column":64}},"42":{"start":{"line":68,"column":12},"end":{"line":68,"column":29}},"43":{"start":{"line":69,"column":12},"end":{"line":69,"column":32}},"44":{"start":{"line":73,"column":8},"end":{"line":73,"column":25}},"45":{"start":{"line":74,"column":8},"end":{"line":74,"column":33}},"46":{"start":{"line":53,"column":13},"end":{"line":53,"column":32}},"47":{"start":{"line":79,"column":28},"end":{"line":104,"column":1}},"48":{"start":{"line":80,"column":28},"end":{"line":80,"column":46}},"49":{"start":{"line":81,"column":30},"end":{"line":81,"column":50}},"50":{"start":{"line":82,"column":19},"end":{"line":82,"column":74}},"51":{"start":{"line":83,"column":4},"end":{"line":87,"column":null}},"52":{"start":{"line":84,"column":8},"end":{"line":84,"column":25}},"53":{"start":{"line":85,"column":8},"end":{"line":85,"column":51}},"54":{"start":{"line":86,"column":8},"end":{"line":86,"column":15}},"55":{"start":{"line":88,"column":4},"end":{"line":102,"column":null}},"56":{"start":{"line":89,"column":25},"end":{"line":89,"column":72}},"57":{"start":{"line":90,"column":8},"end":{"line":97,"column":null}},"58":{"start":{"line":91,"column":12},"end":{"line":91,"column":29}},"59":{"start":{"line":92,"column":12},"end":{"line":92,"column":73}},"60":{"start":{"line":95,"column":12},"end":{"line":95,"column":29}},"61":{"start":{"line":96,"column":12},"end":{"line":96,"column":32}},"62":{"start":{"line":100,"column":8},"end":{"line":100,"column":25}},"63":{"start":{"line":101,"column":8},"end":{"line":101,"column":33}},"64":{"start":{"line":79,"column":13},"end":{"line":79,"column":28}},"65":{"start":{"line":106,"column":28},"end":{"line":123,"column":1}},"66":{"start":{"line":107,"column":26},"end":{"line":107,"column":50}},"67":{"start":{"line":108,"column":19},"end":{"line":108,"column":61}},"68":{"start":{"line":109,"column":4},"end":{"line":113,"column":null}},"69":{"start":{"line":110,"column":8},"end":{"line":110,"column":25}},"70":{"start":{"line":111,"column":8},"end":{"line":111,"column":51}},"71":{"start":{"line":112,"column":8},"end":{"line":112,"column":15}},"72":{"start":{"line":114,"column":4},"end":{"line":122,"column":null}},"73":{"start":{"line":115,"column":25},"end":{"line":115,"column":59}},"74":{"start":{"line":116,"column":8},"end":{"line":116,"column":25}},"75":{"start":{"line":117,"column":8},"end":{"line":117,"column":28}},"76":{"start":{"line":120,"column":8},"end":{"line":120,"column":25}},"77":{"start":{"line":121,"column":8},"end":{"line":121,"column":33}},"78":{"start":{"line":106,"column":13},"end":{"line":106,"column":28}}},"fnMap":{"0":{"name":"(anonymous_6)","decl":{"start":{"line":12,"column":28},"end":{"line":12,"column":33}},"loc":{"start":{"line":12,"column":66},"end":{"line":31,"column":1}}},"1":{"name":"(anonymous_7)","decl":{"start":{"line":33,"column":28},"end":{"line":33,"column":33}},"loc":{"start":{"line":33,"column":66},"end":{"line":51,"column":1}}},"2":{"name":"(anonymous_8)","decl":{"start":{"line":53,"column":32},"end":{"line":53,"column":37}},"loc":{"start":{"line":53,"column":70},"end":{"line":77,"column":1}}},"3":{"name":"(anonymous_9)","decl":{"start":{"line":79,"column":28},"end":{"line":79,"column":33}},"loc":{"start":{"line":79,"column":66},"end":{"line":104,"column":1}}},"4":{"name":"(anonymous_10)","decl":{"start":{"line":106,"column":28},"end":{"line":106,"column":33}},"loc":{"start":{"line":106,"column":66},"end":{"line":123,"column":1}}}},"branchMap":{"0":{"loc":{"start":{"line":15,"column":4},"end":{"line":19,"column":null}},"type":"if","locations":[{"start":{"line":15,"column":4},"end":{"line":19,"column":null}},{"start":{"line":15,"column":4},"end":{"line":19,"column":null}}]},"1":{"loc":{"start":{"line":36,"column":4},"end":{"line":40,"column":null}},"type":"if","locations":[{"start":{"line":36,"column":4},"end":{"line":40,"column":null}},{"start":{"line":36,"column":4},"end":{"line":40,"column":null}}]},"2":{"loc":{"start":{"line":56,"column":4},"end":{"line":60,"column":null}},"type":"if","locations":[{"start":{"line":56,"column":4},"end":{"line":60,"column":null}},{"start":{"line":56,"column":4},"end":{"line":60,"column":null}}]},"3":{"loc":{"start":{"line":63,"column":8},"end":{"line":70,"column":null}},"type":"if","locations":[{"start":{"line":63,"column":8},"end":{"line":70,"column":null}},{"start":{"line":63,"column":8},"end":{"line":70,"column":null}}]},"4":{"loc":{"start":{"line":83,"column":4},"end":{"line":87,"column":null}},"type":"if","locations":[{"start":{"line":83,"column":4},"end":{"line":87,"column":null}},{"start":{"line":83,"column":4},"end":{"line":87,"column":null}}]},"5":{"loc":{"start":{"line":90,"column":8},"end":{"line":97,"column":null}},"type":"if","locations":[{"start":{"line":90,"column":8},"end":{"line":97,"column":null}},{"start":{"line":90,"column":8},"end":{"line":97,"column":null}}]},"6":{"loc":{"start":{"line":109,"column":4},"end":{"line":113,"column":null}},"type":"if","locations":[{"start":{"line":109,"column":4},"end":{"line":113,"column":null}},{"start":{"line":109,"column":4},"end":{"line":113,"column":null}}]}},"s":{"0":12,"1":12,"2":12,"3":3,"4":3,"5":3,"6":1,"7":1,"8":1,"9":2,"10":2,"11":1,"12":1,"13":1,"14":1,"15":12,"16":12,"17":2,"18":2,"19":2,"20":1,"21":1,"22":1,"23":1,"24":1,"25":1,"26":1,"27":0,"28":0,"29":12,"30":12,"31":4,"32":4,"33":4,"34":1,"35":1,"36":1,"37":3,"38":3,"39":2,"40":1,"41":1,"42":1,"43":1,"44":1,"45":1,"46":12,"47":12,"48":4,"49":4,"50":4,"51":4,"52":1,"53":1,"54":1,"55":3,"56":3,"57":2,"58":1,"59":1,"60":1,"61":1,"62":1,"63":1,"64":12,"65":12,"66":3,"67":3,"68":3,"69":1,"70":1,"71":1,"72":2,"73":2,"74":1,"75":1,"76":1,"77":1,"78":12},"f":{"0":3,"1":2,"2":4,"3":4,"4":3},"b":{"0":[1,2],"1":[1,1],"2":[1,3],"3":[1,1],"4":[1,3],"5":[1,1],"6":[1,2]}}
,"C:\\Users\\teeka\\Desktop\\zop - Copy\\freshers-june2021\\teekam_singh_kalyanwat\\school\\src\\controller\\schedule.ts": {"path":"C:\\Users\\teeka\\Desktop\\zop - Copy\\freshers-june2021\\teekam_singh_kalyanwat\\school\\src\\controller\\schedule.ts","statementMap":{"0":{"start":{"line":2,"column":0},"end":{"line":2,"column":49}},"1":{"start":{"line":3,"column":0},"end":{"line":3,"column":45}},"2":{"start":{"line":11,"column":30},"end":{"line":30,"column":1}},"3":{"start":{"line":12,"column":41},"end":{"line":12,"column":57}},"4":{"start":{"line":13,"column":19},"end":{"line":13,"column":59}},"5":{"start":{"line":14,"column":4},"end":{"line":18,"column":null}},"6":{"start":{"line":15,"column":8},"end":{"line":15,"column":25}},"7":{"start":{"line":16,"column":8},"end":{"line":16,"column":51}},"8":{"start":{"line":17,"column":8},"end":{"line":17,"column":15}},"9":{"start":{"line":19,"column":4},"end":{"line":28,"column":null}},"10":{"start":{"line":20,"column":8},"end":{"line":20,"column":51}},"11":{"start":{"line":21,"column":8},"end":{"line":21,"column":25}},"12":{"start":{"line":22,"column":8},"end":{"line":22,"column":39}},"13":{"start":{"line":25,"column":8},"end":{"line":25,"column":25}},"14":{"start":{"line":27,"column":8},"end":{"line":27,"column":33}},"15":{"start":{"line":11,"column":13},"end":{"line":11,"column":30}}},"fnMap":{"0":{"name":"(anonymous_6)","decl":{"start":{"line":11,"column":30},"end":{"line":11,"column":35}},"loc":{"start":{"line":11,"column":68},"end":{"line":30,"column":1}}}},"branchMap":{"0":{"loc":{"start":{"line":14,"column":4},"end":{"line":18,"column":null}},"type":"if","locations":[{"start":{"line":14,"column":4},"end":{"line":18,"column":null}},{"start":{"line":14,"column":4},"end":{"line":18,"column":null}}]}},"s":{"0":12,"1":12,"2":12,"3":4,"4":4,"5":4,"6":2,"7":2,"8":2,"9":2,"10":2,"11":1,"12":1,"13":1,"14":1,"15":12},"f":{"0":4},"b":{"0":[2,2]}}
,"C:\\Users\\teeka\\Desktop\\zop - Copy\\freshers-june2021\\teekam_singh_kalyanwat\\school\\src\\controller\\student.ts": {"path":"C:\\Users\\teeka\\Desktop\\zop - Copy\\freshers-june2021\\teekam_singh_kalyanwat\\school\\src\\controller\\student.ts","statementMap":{"0":{"start":{"line":2,"column":0},"end":{"line":2,"column":48}},"1":{"start":{"line":3,"column":0},"end":{"line":3,"column":44}},"2":{"start":{"line":4,"column":0},"end":{"line":4,"column":26}},"3":{"start":{"line":6,"column":29},"end":{"line":26,"column":1}},"4":{"start":{"line":7,"column":29},"end":{"line":7,"column":45}},"5":{"start":{"line":8,"column":19},"end":{"line":8,"column":58}},"6":{"start":{"line":9,"column":4},"end":{"line":13,"column":null}},"7":{"start":{"line":10,"column":8},"end":{"line":10,"column":25}},"8":{"start":{"line":11,"column":8},"end":{"line":11,"column":51}},"9":{"start":{"line":12,"column":8},"end":{"line":12,"column":15}},"10":{"start":{"line":14,"column":23},"end":{"line":14,"column":29}},"11":{"start":{"line":15,"column":4},"end":{"line":24,"column":null}},"12":{"start":{"line":16,"column":8},"end":{"line":16,"column":59}},"13":{"start":{"line":17,"column":8},"end":{"line":17,"column":25}},"14":{"start":{"line":18,"column":8},"end":{"line":18,"column":52}},"15":{"start":{"line":21,"column":8},"end":{"line":21,"column":25}},"16":{"start":{"line":23,"column":8},"end":{"line":23,"column":33}},"17":{"start":{"line":6,"column":13},"end":{"line":6,"column":29}},"18":{"start":{"line":28,"column":33},"end":{"line":46,"column":1}},"19":{"start":{"line":29,"column":29},"end":{"line":29,"column":45}},"20":{"start":{"line":30,"column":19},"end":{"line":30,"column":65}},"21":{"start":{"line":31,"column":4},"end":{"line":35,"column":null}},"22":{"start":{"line":32,"column":8},"end":{"line":32,"column":25}},"23":{"start":{"line":33,"column":8},"end":{"line":33,"column":51}},"24":{"start":{"line":34,"column":8},"end":{"line":34,"column":15}},"25":{"start":{"line":36,"column":4},"end":{"line":45,"column":null}},"26":{"start":{"line":37,"column":8},"end":{"line":37,"column":85}},"27":{"start":{"line":38,"column":8},"end":{"line":38,"column":25}},"28":{"start":{"line":39,"column":8},"end":{"line":39,"column":54}},"29":{"start":{"line":42,"column":8},"end":{"line":42,"column":25}},"30":{"start":{"line":44,"column":8},"end":{"line":44,"column":33}},"31":{"start":{"line":28,"column":13},"end":{"line":28,"column":33}},"32":{"start":{"line":49,"column":27},"end":{"line":68,"column":1}},"33":{"start":{"line":50,"column":25},"end":{"line":50,"column":47}},"34":{"start":{"line":51,"column":25},"end":{"line":51,"column":47}},"35":{"start":{"line":52,"column":19},"end":{"line":52,"column":63}},"36":{"start":{"line":53,"column":4},"end":{"line":57,"column":null}},"37":{"start":{"line":54,"column":8},"end":{"line":54,"column":25}},"38":{"start":{"line":55,"column":8},"end":{"line":55,"column":51}},"39":{"start":{"line":56,"column":8},"end":{"line":56,"column":15}},"40":{"start":{"line":58,"column":4},"end":{"line":67,"column":null}},"41":{"start":{"line":59,"column":25},"end":{"line":59,"column":63}},"42":{"start":{"line":60,"column":8},"end":{"line":60,"column":25}},"43":{"start":{"line":61,"column":8},"end":{"line":61,"column":28}},"44":{"start":{"line":64,"column":8},"end":{"line":64,"column":25}},"45":{"start":{"line":66,"column":8},"end":{"line":66,"column":33}},"46":{"start":{"line":49,"column":13},"end":{"line":49,"column":27}}},"fnMap":{"0":{"name":"(anonymous_7)","decl":{"start":{"line":6,"column":29},"end":{"line":6,"column":34}},"loc":{"start":{"line":6,"column":67},"end":{"line":26,"column":1}}},"1":{"name":"(anonymous_8)","decl":{"start":{"line":28,"column":33},"end":{"line":28,"column":38}},"loc":{"start":{"line":28,"column":71},"end":{"line":46,"column":1}}},"2":{"name":"(anonymous_9)","decl":{"start":{"line":49,"column":27},"end":{"line":49,"column":32}},"loc":{"start":{"line":49,"column":65},"end":{"line":68,"column":1}}}},"branchMap":{"0":{"loc":{"start":{"line":9,"column":4},"end":{"line":13,"column":null}},"type":"if","locations":[{"start":{"line":9,"column":4},"end":{"line":13,"column":null}},{"start":{"line":9,"column":4},"end":{"line":13,"column":null}}]},"1":{"loc":{"start":{"line":31,"column":4},"end":{"line":35,"column":null}},"type":"if","locations":[{"start":{"line":31,"column":4},"end":{"line":35,"column":null}},{"start":{"line":31,"column":4},"end":{"line":35,"column":null}}]},"2":{"loc":{"start":{"line":53,"column":4},"end":{"line":57,"column":null}},"type":"if","locations":[{"start":{"line":53,"column":4},"end":{"line":57,"column":null}},{"start":{"line":53,"column":4},"end":{"line":57,"column":null}}]}},"s":{"0":12,"1":12,"2":12,"3":12,"4":4,"5":4,"6":4,"7":2,"8":2,"9":2,"10":2,"11":2,"12":2,"13":1,"14":1,"15":1,"16":1,"17":12,"18":12,"19":3,"20":3,"21":3,"22":1,"23":1,"24":1,"25":2,"26":2,"27":1,"28":1,"29":1,"30":1,"31":12,"32":12,"33":3,"34":3,"35":3,"36":3,"37":1,"38":1,"39":1,"40":2,"41":2,"42":1,"43":1,"44":1,"45":1,"46":12},"f":{"0":4,"1":3,"2":3},"b":{"0":[2,2],"1":[1,2],"2":[1,2]}}
,"C:\\Users\\teeka\\Desktop\\zop - Copy\\freshers-june2021\\teekam_singh_kalyanwat\\school\\src\\controller\\subject.ts": {"path":"C:\\Users\\teeka\\Desktop\\zop - Copy\\freshers-june2021\\teekam_singh_kalyanwat\\school\\src\\controller\\subject.ts","statementMap":{"0":{"start":{"line":2,"column":0},"end":{"line":2,"column":48}},"1":{"start":{"line":3,"column":0},"end":{"line":3,"column":43}},"2":{"start":{"line":4,"column":0},"end":{"line":4,"column":26}},"3":{"start":{"line":6,"column":29},"end":{"line":25,"column":1}},"4":{"start":{"line":7,"column":29},"end":{"line":7,"column":45}},"5":{"start":{"line":8,"column":19},"end":{"line":8,"column":58}},"6":{"start":{"line":9,"column":4},"end":{"line":13,"column":null}},"7":{"start":{"line":10,"column":8},"end":{"line":10,"column":25}},"8":{"start":{"line":11,"column":8},"end":{"line":11,"column":51}},"9":{"start":{"line":12,"column":8},"end":{"line":12,"column":15}},"10":{"start":{"line":14,"column":23},"end":{"line":14,"column":29}},"11":{"start":{"line":15,"column":4},"end":{"line":24,"column":null}},"12":{"start":{"line":16,"column":8},"end":{"line":16,"column":59}},"13":{"start":{"line":17,"column":8},"end":{"line":17,"column":25}},"14":{"start":{"line":18,"column":8},"end":{"line":18,"column":38}},"15":{"start":{"line":21,"column":8},"end":{"line":21,"column":25}},"16":{"start":{"line":23,"column":8},"end":{"line":23,"column":33}},"17":{"start":{"line":6,"column":13},"end":{"line":6,"column":29}},"18":{"start":{"line":27,"column":27},"end":{"line":38,"column":1}},"19":{"start":{"line":28,"column":4},"end":{"line":37,"column":null}},"20":{"start":{"line":29,"column":25},"end":{"line":29,"column":53}},"21":{"start":{"line":30,"column":8},"end":{"line":30,"column":25}},"22":{"start":{"line":31,"column":8},"end":{"line":31,"column":28}},"23":{"start":{"line":34,"column":8},"end":{"line":34,"column":25}},"24":{"start":{"line":36,"column":8},"end":{"line":36,"column":33}},"25":{"start":{"line":27,"column":13},"end":{"line":27,"column":27}},"26":{"start":{"line":40,"column":38},"end":{"line":58,"column":1}},"27":{"start":{"line":41,"column":30},"end":{"line":41,"column":43}},"28":{"start":{"line":42,"column":19},"end":{"line":42,"column":62}},"29":{"start":{"line":43,"column":4},"end":{"line":47,"column":null}},"30":{"start":{"line":44,"column":8},"end":{"line":44,"column":25}},"31":{"start":{"line":45,"column":8},"end":{"line":45,"column":51}},"32":{"start":{"line":46,"column":8},"end":{"line":46,"column":15}},"33":{"start":{"line":48,"column":4},"end":{"line":57,"column":null}},"34":{"start":{"line":49,"column":25},"end":{"line":49,"column":73}},"35":{"start":{"line":50,"column":8},"end":{"line":50,"column":25}},"36":{"start":{"line":51,"column":8},"end":{"line":51,"column":28}},"37":{"start":{"line":54,"column":8},"end":{"line":54,"column":25}},"38":{"start":{"line":56,"column":8},"end":{"line":56,"column":33}},"39":{"start":{"line":40,"column":13},"end":{"line":40,"column":38}}},"fnMap":{"0":{"name":"(anonymous_7)","decl":{"start":{"line":6,"column":29},"end":{"line":6,"column":34}},"loc":{"start":{"line":6,"column":67},"end":{"line":25,"column":1}}},"1":{"name":"(anonymous_8)","decl":{"start":{"line":27,"column":27},"end":{"line":27,"column":32}},"loc":{"start":{"line":27,"column":65},"end":{"line":38,"column":1}}},"2":{"name":"(anonymous_9)","decl":{"start":{"line":40,"column":38},"end":{"line":40,"column":43}},"loc":{"start":{"line":40,"column":76},"end":{"line":58,"column":1}}}},"branchMap":{"0":{"loc":{"start":{"line":9,"column":4},"end":{"line":13,"column":null}},"type":"if","locations":[{"start":{"line":9,"column":4},"end":{"line":13,"column":null}},{"start":{"line":9,"column":4},"end":{"line":13,"column":null}}]},"1":{"loc":{"start":{"line":43,"column":4},"end":{"line":47,"column":null}},"type":"if","locations":[{"start":{"line":43,"column":4},"end":{"line":47,"column":null}},{"start":{"line":43,"column":4},"end":{"line":47,"column":null}}]}},"s":{"0":12,"1":12,"2":12,"3":12,"4":3,"5":3,"6":3,"7":1,"8":1,"9":1,"10":2,"11":2,"12":2,"13":1,"14":1,"15":1,"16":1,"17":12,"18":12,"19":2,"20":2,"21":1,"22":1,"23":1,"24":1,"25":12,"26":12,"27":3,"28":3,"29":3,"30":1,"31":1,"32":1,"33":2,"34":2,"35":1,"36":1,"37":1,"38":1,"39":12},"f":{"0":3,"1":2,"2":3},"b":{"0":[1,2],"1":[1,2]}}
,"C:\\Users\\teeka\\Desktop\\zop - Copy\\freshers-june2021\\teekam_singh_kalyanwat\\school\\src\\controller\\teacher.ts": {"path":"C:\\Users\\teeka\\Desktop\\zop - Copy\\freshers-june2021\\teekam_singh_kalyanwat\\school\\src\\controller\\teacher.ts","statementMap":{"0":{"start":{"line":2,"column":0},"end":{"line":2,"column":48}},"1":{"start":{"line":3,"column":0},"end":{"line":3,"column":43}},"2":{"start":{"line":4,"column":0},"end":{"line":4,"column":26}},"3":{"start":{"line":11,"column":29},"end":{"line":30,"column":1}},"4":{"start":{"line":12,"column":40},"end":{"line":12,"column":56}},"5":{"start":{"line":13,"column":19},"end":{"line":13,"column":58}},"6":{"start":{"line":14,"column":4},"end":{"line":18,"column":null}},"7":{"start":{"line":15,"column":8},"end":{"line":15,"column":25}},"8":{"start":{"line":16,"column":8},"end":{"line":16,"column":51}},"9":{"start":{"line":17,"column":8},"end":{"line":17,"column":15}},"10":{"start":{"line":19,"column":15},"end":{"line":19,"column":21}},"11":{"start":{"line":20,"column":4},"end":{"line":29,"column":null}},"12":{"start":{"line":21,"column":8},"end":{"line":21,"column":82}},"13":{"start":{"line":22,"column":8},"end":{"line":22,"column":25}},"14":{"start":{"line":23,"column":8},"end":{"line":23,"column":38}},"15":{"start":{"line":26,"column":8},"end":{"line":26,"column":25}},"16":{"start":{"line":28,"column":8},"end":{"line":28,"column":33}},"17":{"start":{"line":11,"column":13},"end":{"line":11,"column":29}},"18":{"start":{"line":32,"column":27},"end":{"line":43,"column":1}},"19":{"start":{"line":33,"column":4},"end":{"line":42,"column":null}},"20":{"start":{"line":34,"column":25},"end":{"line":34,"column":53}},"21":{"start":{"line":35,"column":8},"end":{"line":35,"column":25}},"22":{"start":{"line":36,"column":8},"end":{"line":36,"column":28}},"23":{"start":{"line":39,"column":8},"end":{"line":39,"column":25}},"24":{"start":{"line":41,"column":8},"end":{"line":41,"column":33}},"25":{"start":{"line":32,"column":13},"end":{"line":32,"column":27}},"26":{"start":{"line":45,"column":38},"end":{"line":69,"column":1}},"27":{"start":{"line":46,"column":30},"end":{"line":46,"column":43}},"28":{"start":{"line":47,"column":19},"end":{"line":47,"column":62}},"29":{"start":{"line":48,"column":4},"end":{"line":52,"column":null}},"30":{"start":{"line":49,"column":8},"end":{"line":49,"column":25}},"31":{"start":{"line":50,"column":8},"end":{"line":50,"column":51}},"32":{"start":{"line":51,"column":8},"end":{"line":51,"column":15}},"33":{"start":{"line":53,"column":4},"end":{"line":68,"column":null}},"34":{"start":{"line":54,"column":25},"end":{"line":54,"column":73}},"35":{"start":{"line":55,"column":8},"end":{"line":62,"column":null}},"36":{"start":{"line":56,"column":12},"end":{"line":56,"column":29}},"37":{"start":{"line":57,"column":12},"end":{"line":57,"column":65}},"38":{"start":{"line":60,"column":12},"end":{"line":60,"column":29}},"39":{"start":{"line":61,"column":12},"end":{"line":61,"column":32}},"40":{"start":{"line":65,"column":8},"end":{"line":65,"column":25}},"41":{"start":{"line":67,"column":8},"end":{"line":67,"column":33}},"42":{"start":{"line":45,"column":13},"end":{"line":45,"column":38}}},"fnMap":{"0":{"name":"(anonymous_7)","decl":{"start":{"line":11,"column":29},"end":{"line":11,"column":34}},"loc":{"start":{"line":11,"column":67},"end":{"line":30,"column":1}}},"1":{"name":"(anonymous_8)","decl":{"start":{"line":32,"column":27},"end":{"line":32,"column":32}},"loc":{"start":{"line":32,"column":65},"end":{"line":43,"column":1}}},"2":{"name":"(anonymous_9)","decl":{"start":{"line":45,"column":38},"end":{"line":45,"column":43}},"loc":{"start":{"line":45,"column":76},"end":{"line":69,"column":1}}}},"branchMap":{"0":{"loc":{"start":{"line":14,"column":4},"end":{"line":18,"column":null}},"type":"if","locations":[{"start":{"line":14,"column":4},"end":{"line":18,"column":null}},{"start":{"line":14,"column":4},"end":{"line":18,"column":null}}]},"1":{"loc":{"start":{"line":48,"column":4},"end":{"line":52,"column":null}},"type":"if","locations":[{"start":{"line":48,"column":4},"end":{"line":52,"column":null}},{"start":{"line":48,"column":4},"end":{"line":52,"column":null}}]},"2":{"loc":{"start":{"line":55,"column":8},"end":{"line":62,"column":null}},"type":"if","locations":[{"start":{"line":55,"column":8},"end":{"line":62,"column":null}},{"start":{"line":55,"column":8},"end":{"line":62,"column":null}}]}},"s":{"0":12,"1":12,"2":12,"3":12,"4":3,"5":3,"6":3,"7":1,"8":1,"9":1,"10":2,"11":2,"12":2,"13":1,"14":1,"15":1,"16":1,"17":12,"18":12,"19":2,"20":2,"21":1,"22":1,"23":1,"24":1,"25":12,"26":12,"27":3,"28":3,"29":3,"30":0,"31":0,"32":0,"33":3,"34":3,"35":2,"36":1,"37":1,"38":1,"39":1,"40":1,"41":1,"42":12},"f":{"0":3,"1":2,"2":3},"b":{"0":[1,2],"1":[0,3],"2":[1,1]}}
,"C:\\Users\\teeka\\Desktop\\zop - Copy\\freshers-june2021\\teekam_singh_kalyanwat\\school\\src\\db\\database.ts": {"path":"C:\\Users\\teeka\\Desktop\\zop - Copy\\freshers-june2021\\teekam_singh_kalyanwat\\school\\src\\db\\database.ts","statementMap":{"0":{"start":{"line":1,"column":0},"end":{"line":1,"column":28}},"1":{"start":{"line":3,"column":15},"end":{"line":3,"column":42}},"2":{"start":{"line":7,"column":16},"end":{"line":13,"column":4}},"3":{"start":{"line":16,"column":4},"end":{"line":20,"column":null}},"4":{"start":{"line":17,"column":8},"end":{"line":17,"column":25}},"5":{"start":{"line":19,"column":8},"end":{"line":19,"column":null}},"6":{"start":{"line":15,"column":0},"end":{"line":15,"column":16}},"7":{"start":{"line":24,"column":4},"end":{"line":28,"column":null}},"8":{"start":{"line":25,"column":8},"end":{"line":25,"column":null}},"9":{"start":{"line":27,"column":8},"end":{"line":27,"column":null}},"10":{"start":{"line":23,"column":0},"end":{"line":23,"column":16}},"11":{"start":{"line":32,"column":4},"end":{"line":36,"column":null}},"12":{"start":{"line":33,"column":8},"end":{"line":33,"column":21}},"13":{"start":{"line":35,"column":8},"end":{"line":35,"column":28}},"14":{"start":{"line":31,"column":0},"end":{"line":31,"column":16}},"15":{"start":{"line":40,"column":4},"end":{"line":40,"column":null}},"16":{"start":{"line":39,"column":0},"end":{"line":39,"column":7}}},"fnMap":{"0":{"name":"start","decl":{"start":{"line":15,"column":16},"end":{"line":15,"column":21}},"loc":{"start":{"line":15,"column":21},"end":{"line":21,"column":1}}},"1":{"name":"setpath","decl":{"start":{"line":23,"column":16},"end":{"line":23,"column":23}},"loc":{"start":{"line":23,"column":23},"end":{"line":29,"column":1}}},"2":{"name":"disconnect","decl":{"start":{"line":31,"column":16},"end":{"line":31,"column":26}},"loc":{"start":{"line":31,"column":26},"end":{"line":37,"column":1}}},"3":{"name":"query","decl":{"start":{"line":39,"column":22},"end":{"line":39,"column":27}},"loc":{"start":{"line":39,"column":67},"end":{"line":41,"column":1}}}},"branchMap":{"0":{"loc":{"start":{"line":39,"column":65},"end":{"line":39,"column":67}},"type":"default-arg","locations":[{"start":{"line":39,"column":65},"end":{"line":39,"column":67}}]}},"s":{"0":12,"1":12,"2":12,"3":12,"4":12,"5":0,"6":12,"7":12,"8":12,"9":0,"10":12,"11":12,"12":12,"13":0,"14":12,"15":39,"16":12},"f":{"0":12,"1":12,"2":12,"3":39},"b":{"0":[6]}}
,"C:\\Users\\teeka\\Desktop\\zop - Copy\\freshers-june2021\\teekam_singh_kalyanwat\\school\\src\\helper\\classJoi.ts": {"path":"C:\\Users\\teeka\\Desktop\\zop - Copy\\freshers-june2021\\teekam_singh_kalyanwat\\school\\src\\helper\\classJoi.ts","statementMap":{"0":{"start":{"line":1,"column":0},"end":{"line":1,"column":27}},"1":{"start":{"line":3,"column":13},"end":{"line":5,"column":null}},"2":{"start":{"line":7,"column":13},"end":{"line":9,"column":null}}},"fnMap":{},"branchMap":{},"s":{"0":12,"1":12,"2":12},"f":{},"b":{}}
,"C:\\Users\\teeka\\Desktop\\zop - Copy\\freshers-june2021\\teekam_singh_kalyanwat\\school\\src\\helper\\resultJoi.ts": {"path":"C:\\Users\\teeka\\Desktop\\zop - Copy\\freshers-june2021\\teekam_singh_kalyanwat\\school\\src\\helper\\resultJoi.ts","statementMap":{"0":{"start":{"line":1,"column":0},"end":{"line":1,"column":27}},"1":{"start":{"line":3,"column":13},"end":{"line":8,"column":null}},"2":{"start":{"line":10,"column":13},"end":{"line":12,"column":null}},"3":{"start":{"line":14,"column":13},"end":{"line":17,"column":null}},"4":{"start":{"line":19,"column":13},"end":{"line":21,"column":null}}},"fnMap":{},"branchMap":{},"s":{"0":12,"1":12,"2":12,"3":12,"4":12},"f":{},"b":{}}
,"C:\\Users\\teeka\\Desktop\\zop - Copy\\freshers-june2021\\teekam_singh_kalyanwat\\school\\src\\helper\\scheduleJoi.ts": {"path":"C:\\Users\\teeka\\Desktop\\zop - Copy\\freshers-june2021\\teekam_singh_kalyanwat\\school\\src\\helper\\scheduleJoi.ts","statementMap":{"0":{"start":{"line":1,"column":0},"end":{"line":1,"column":27}},"1":{"start":{"line":3,"column":13},"end":{"line":7,"column":null}}},"fnMap":{},"branchMap":{},"s":{"0":12,"1":12},"f":{},"b":{}}
,"C:\\Users\\teeka\\Desktop\\zop - Copy\\freshers-june2021\\teekam_singh_kalyanwat\\school\\src\\helper\\studentJoi.ts": {"path":"C:\\Users\\teeka\\Desktop\\zop - Copy\\freshers-june2021\\teekam_singh_kalyanwat\\school\\src\\helper\\studentJoi.ts","statementMap":{"0":{"start":{"line":1,"column":0},"end":{"line":1,"column":27}},"1":{"start":{"line":3,"column":13},"end":{"line":5,"column":null}},"2":{"start":{"line":7,"column":13},"end":{"line":10,"column":null}},"3":{"start":{"line":12,"column":13},"end":{"line":15,"column":null}}},"fnMap":{},"branchMap":{},"s":{"0":12,"1":12,"2":12,"3":12},"f":{},"b":{}}
,"C:\\Users\\teeka\\Desktop\\zop - Copy\\freshers-june2021\\teekam_singh_kalyanwat\\school\\src\\helper\\subjectJoi.ts": {"path":"C:\\Users\\teeka\\Desktop\\zop - Copy\\freshers-june2021\\teekam_singh_kalyanwat\\school\\src\\helper\\subjectJoi.ts","statementMap":{"0":{"start":{"line":1,"column":0},"end":{"line":1,"column":27}},"1":{"start":{"line":3,"column":13},"end":{"line":5,"column":null}},"2":{"start":{"line":7,"column":13},"end":{"line":9,"column":null}}},"fnMap":{},"branchMap":{},"s":{"0":12,"1":12,"2":12},"f":{},"b":{}}
,"C:\\Users\\teeka\\Desktop\\zop - Copy\\freshers-june2021\\teekam_singh_kalyanwat\\school\\src\\helper\\teacherJoi.ts": {"path":"C:\\Users\\teeka\\Desktop\\zop - Copy\\freshers-june2021\\teekam_singh_kalyanwat\\school\\src\\helper\\teacherJoi.ts","statementMap":{"0":{"start":{"line":1,"column":0},"end":{"line":1,"column":27}},"1":{"start":{"line":3,"column":13},"end":{"line":6,"column":null}},"2":{"start":{"line":8,"column":13},"end":{"line":10,"column":null}}},"fnMap":{},"branchMap":{},"s":{"0":12,"1":12,"2":12},"f":{},"b":{}}
,"C:\\Users\\teeka\\Desktop\\zop - Copy\\freshers-june2021\\teekam_singh_kalyanwat\\school\\src\\routes\\class.ts": {"path":"C:\\Users\\teeka\\Desktop\\zop - Copy\\freshers-june2021\\teekam_singh_kalyanwat\\school\\src\\routes\\class.ts","statementMap":{"0":{"start":{"line":1,"column":0},"end":{"line":1,"column":33}},"1":{"start":{"line":2,"column":15},"end":{"line":2,"column":27}},"2":{"start":{"line":4,"column":0},"end":{"line":4,"column":46}},"3":{"start":{"line":6,"column":0},"end":{"line":6,"column":42}},"4":{"start":{"line":7,"column":0},"end":{"line":7,"column":39}},"5":{"start":{"line":8,"column":0},"end":{"line":8,"column":70}},"6":{"start":{"line":10,"column":0},"end":{"line":10,"column":22}}},"fnMap":{},"branchMap":{},"s":{"0":12,"1":12,"2":12,"3":12,"4":12,"5":12,"6":12},"f":{},"b":{}}
,"C:\\Users\\teeka\\Desktop\\zop - Copy\\freshers-june2021\\teekam_singh_kalyanwat\\school\\src\\routes\\result.ts": {"path":"C:\\Users\\teeka\\Desktop\\zop - Copy\\freshers-june2021\\teekam_singh_kalyanwat\\school\\src\\routes\\result.ts","statementMap":{"0":{"start":{"line":1,"column":0},"end":{"line":1,"column":33}},"1":{"start":{"line":2,"column":0},"end":{"line":2,"column":47}},"2":{"start":{"line":4,"column":15},"end":{"line":4,"column":27}},"3":{"start":{"line":6,"column":0},"end":{"line":6,"column":44}},"4":{"start":{"line":7,"column":0},"end":{"line":7,"column":43}},"5":{"start":{"line":8,"column":0},"end":{"line":8,"column":57}},"6":{"start":{"line":9,"column":0},"end":{"line":9,"column":78}},"7":{"start":{"line":10,"column":0},"end":{"line":10,"column":56}},"8":{"start":{"line":12,"column":0},"end":{"line":12,"column":22}}},"fnMap":{},"branchMap":{},"s":{"0":12,"1":12,"2":12,"3":12,"4":12,"5":12,"6":12,"7":12,"8":12},"f":{},"b":{}}
,"C:\\Users\\teeka\\Desktop\\zop - Copy\\freshers-june2021\\teekam_singh_kalyanwat\\school\\src\\routes\\schedule.ts": {"path":"C:\\Users\\teeka\\Desktop\\zop - Copy\\freshers-june2021\\teekam_singh_kalyanwat\\school\\src\\routes\\schedule.ts","statementMap":{"0":{"start":{"line":1,"column":0},"end":{"line":1,"column":33}},"1":{"start":{"line":2,"column":15},"end":{"line":2,"column":27}},"2":{"start":{"line":4,"column":0},"end":{"line":4,"column":51}},"3":{"start":{"line":6,"column":0},"end":{"line":6,"column":50}},"4":{"start":{"line":8,"column":0},"end":{"line":8,"column":22}}},"fnMap":{},"branchMap":{},"s":{"0":12,"1":12,"2":12,"3":12,"4":12},"f":{},"b":{}}
,"C:\\Users\\teeka\\Desktop\\zop - Copy\\freshers-june2021\\teekam_singh_kalyanwat\\school\\src\\routes\\student.ts": {"path":"C:\\Users\\teeka\\Desktop\\zop - Copy\\freshers-june2021\\teekam_singh_kalyanwat\\school\\src\\routes\\student.ts","statementMap":{"0":{"start":{"line":1,"column":0},"end":{"line":1,"column":33}},"1":{"start":{"line":2,"column":15},"end":{"line":2,"column":27}},"2":{"start":{"line":4,"column":0},"end":{"line":4,"column":49}},"3":{"start":{"line":6,"column":0},"end":{"line":6,"column":47}},"4":{"start":{"line":7,"column":0},"end":{"line":7,"column":57}},"5":{"start":{"line":8,"column":0},"end":{"line":8,"column":44}},"6":{"start":{"line":10,"column":0},"end":{"line":10,"column":22}}},"fnMap":{},"branchMap":{},"s":{"0":12,"1":12,"2":12,"3":12,"4":12,"5":12,"6":12},"f":{},"b":{}}
,"C:\\Users\\teeka\\Desktop\\zop - Copy\\freshers-june2021\\teekam_singh_kalyanwat\\school\\src\\routes\\subject.ts": {"path":"C:\\Users\\teeka\\Desktop\\zop - Copy\\freshers-june2021\\teekam_singh_kalyanwat\\school\\src\\routes\\subject.ts","statementMap":{"0":{"start":{"line":1,"column":0},"end":{"line":1,"column":33}},"1":{"start":{"line":2,"column":15},"end":{"line":2,"column":27}},"2":{"start":{"line":4,"column":0},"end":{"line":4,"column":49}},"3":{"start":{"line":6,"column":0},"end":{"line":6,"column":47}},"4":{"start":{"line":7,"column":0},"end":{"line":7,"column":44}},"5":{"start":{"line":8,"column":0},"end":{"line":8,"column":68}},"6":{"start":{"line":10,"column":0},"end":{"line":10,"column":22}}},"fnMap":{},"branchMap":{},"s":{"0":12,"1":12,"2":12,"3":12,"4":12,"5":12,"6":12},"f":{},"b":{}}
,"C:\\Users\\teeka\\Desktop\\zop - Copy\\freshers-june2021\\teekam_singh_kalyanwat\\school\\src\\routes\\teacher.ts": {"path":"C:\\Users\\teeka\\Desktop\\zop - Copy\\freshers-june2021\\teekam_singh_kalyanwat\\school\\src\\routes\\teacher.ts","statementMap":{"0":{"start":{"line":1,"column":0},"end":{"line":1,"column":33}},"1":{"start":{"line":2,"column":15},"end":{"line":2,"column":27}},"2":{"start":{"line":4,"column":0},"end":{"line":4,"column":49}},"3":{"start":{"line":6,"column":0},"end":{"line":6,"column":47}},"4":{"start":{"line":7,"column":0},"end":{"line":7,"column":44}},"5":{"start":{"line":8,"column":0},"end":{"line":8,"column":68}},"6":{"start":{"line":10,"column":0},"end":{"line":10,"column":22}}},"fnMap":{},"branchMap":{},"s":{"0":12,"1":12,"2":12,"3":12,"4":12,"5":12,"6":12},"f":{},"b":{}}
,"C:\\Users\\teeka\\Desktop\\zop - Copy\\freshers-june2021\\teekam_singh_kalyanwat\\school\\src\\services\\class.ts": {"path":"C:\\Users\\teeka\\Desktop\\zop - Copy\\freshers-june2021\\teekam_singh_kalyanwat\\school\\src\\services\\class.ts","statementMap":{"0":{"start":{"line":2,"column":0},"end":{"line":2,"column":39}},"1":{"start":{"line":5,"column":4},"end":{"line":5,"column":66}},"2":{"start":{"line":4,"column":0},"end":{"line":4,"column":7}},"3":{"start":{"line":9,"column":4},"end":{"line":9,"column":68}},"4":{"start":{"line":8,"column":0},"end":{"line":8,"column":7}},"5":{"start":{"line":13,"column":24},"end":{"line":13,"column":200}},"6":{"start":{"line":14,"column":4},"end":{"line":14,"column":39}},"7":{"start":{"line":12,"column":0},"end":{"line":12,"column":7}}},"fnMap":{"0":{"name":"createClass","decl":{"start":{"line":4,"column":22},"end":{"line":4,"column":33}},"loc":{"start":{"line":4,"column":58},"end":{"line":6,"column":1}}},"1":{"name":"classList","decl":{"start":{"line":8,"column":22},"end":{"line":8,"column":31}},"loc":{"start":{"line":8,"column":31},"end":{"line":10,"column":1}}},"2":{"name":"studentListFromClassid","decl":{"start":{"line":12,"column":22},"end":{"line":12,"column":44}},"loc":{"start":{"line":12,"column":60},"end":{"line":15,"column":1}}}},"branchMap":{},"s":{"0":12,"1":2,"2":12,"3":2,"4":12,"5":3,"6":3,"7":12},"f":{"0":2,"1":2,"2":3},"b":{}}
,"C:\\Users\\teeka\\Desktop\\zop - Copy\\freshers-june2021\\teekam_singh_kalyanwat\\school\\src\\services\\result.ts": {"path":"C:\\Users\\teeka\\Desktop\\zop - Copy\\freshers-june2021\\teekam_singh_kalyanwat\\school\\src\\services\\result.ts","statementMap":{"0":{"start":{"line":2,"column":0},"end":{"line":2,"column":39}},"1":{"start":{"line":12,"column":4},"end":{"line":12,"column":148}},"2":{"start":{"line":11,"column":0},"end":{"line":11,"column":7}},"3":{"start":{"line":16,"column":4},"end":{"line":16,"column":158}},"4":{"start":{"line":15,"column":0},"end":{"line":15,"column":7}},"5":{"start":{"line":20,"column":4},"end":{"line":20,"column":118}},"6":{"start":{"line":19,"column":0},"end":{"line":19,"column":7}},"7":{"start":{"line":24,"column":24},"end":{"line":24,"column":262}},"8":{"start":{"line":25,"column":4},"end":{"line":25,"column":50}},"9":{"start":{"line":23,"column":0},"end":{"line":23,"column":7}},"10":{"start":{"line":29,"column":24},"end":{"line":38,"column":27}},"11":{"start":{"line":39,"column":4},"end":{"line":39,"column":37}},"12":{"start":{"line":28,"column":0},"end":{"line":28,"column":7}}},"fnMap":{"0":{"name":"createResult","decl":{"start":{"line":11,"column":22},"end":{"line":11,"column":34}},"loc":{"start":{"line":11,"column":61},"end":{"line":13,"column":1}}},"1":{"name":"updateResult","decl":{"start":{"line":15,"column":22},"end":{"line":15,"column":34}},"loc":{"start":{"line":15,"column":61},"end":{"line":17,"column":1}}},"2":{"name":"marksByStudentId","decl":{"start":{"line":19,"column":22},"end":{"line":19,"column":38}},"loc":{"start":{"line":19,"column":56},"end":{"line":21,"column":1}}},"3":{"name":"highestMarks","decl":{"start":{"line":23,"column":22},"end":{"line":23,"column":34}},"loc":{"start":{"line":23,"column":69},"end":{"line":26,"column":1}}},"4":{"name":"topNstudents","decl":{"start":{"line":28,"column":22},"end":{"line":28,"column":34}},"loc":{"start":{"line":28,"column":48},"end":{"line":40,"column":1}}}},"branchMap":{},"s":{"0":12,"1":2,"2":12,"3":1,"4":12,"5":3,"6":12,"7":3,"8":3,"9":12,"10":2,"11":2,"12":12},"f":{"0":2,"1":1,"2":3,"3":3,"4":2},"b":{}}
,"C:\\Users\\teeka\\Desktop\\zop - Copy\\freshers-june2021\\teekam_singh_kalyanwat\\school\\src\\services\\schedule.ts": {"path":"C:\\Users\\teeka\\Desktop\\zop - Copy\\freshers-june2021\\teekam_singh_kalyanwat\\school\\src\\services\\schedule.ts","statementMap":{"0":{"start":{"line":1,"column":0},"end":{"line":1,"column":39}},"1":{"start":{"line":10,"column":4},"end":{"line":10,"column":129}},"2":{"start":{"line":9,"column":0},"end":{"line":9,"column":7}}},"fnMap":{"0":{"name":"createSchedule","decl":{"start":{"line":9,"column":22},"end":{"line":9,"column":36}},"loc":{"start":{"line":9,"column":65},"end":{"line":11,"column":1}}}},"branchMap":{},"s":{"0":12,"1":2,"2":12},"f":{"0":2},"b":{}}
,"C:\\Users\\teeka\\Desktop\\zop - Copy\\freshers-june2021\\teekam_singh_kalyanwat\\school\\src\\services\\student.ts": {"path":"C:\\Users\\teeka\\Desktop\\zop - Copy\\freshers-june2021\\teekam_singh_kalyanwat\\school\\src\\services\\student.ts","statementMap":{"0":{"start":{"line":2,"column":0},"end":{"line":2,"column":39}},"1":{"start":{"line":5,"column":4},"end":{"line":5,"column":67}},"2":{"start":{"line":4,"column":0},"end":{"line":4,"column":7}},"3":{"start":{"line":9,"column":4},"end":{"line":9,"column":82}},"4":{"start":{"line":8,"column":0},"end":{"line":8,"column":7}},"5":{"start":{"line":13,"column":4},"end":{"line":13,"column":126}},"6":{"start":{"line":12,"column":0},"end":{"line":12,"column":7}}},"fnMap":{"0":{"name":"createStudent","decl":{"start":{"line":4,"column":22},"end":{"line":4,"column":35}},"loc":{"start":{"line":4,"column":60},"end":{"line":6,"column":1}}},"1":{"name":"AddStudentToClass","decl":{"start":{"line":8,"column":22},"end":{"line":8,"column":39}},"loc":{"start":{"line":8,"column":74},"end":{"line":10,"column":1}}},"2":{"name":"studentList","decl":{"start":{"line":12,"column":22},"end":{"line":12,"column":33}},"loc":{"start":{"line":12,"column":60},"end":{"line":14,"column":1}}}},"branchMap":{},"s":{"0":12,"1":2,"2":12,"3":2,"4":12,"5":2,"6":12},"f":{"0":2,"1":2,"2":2},"b":{}}
,"C:\\Users\\teeka\\Desktop\\zop - Copy\\freshers-june2021\\teekam_singh_kalyanwat\\school\\src\\services\\subject.ts": {"path":"C:\\Users\\teeka\\Desktop\\zop - Copy\\freshers-june2021\\teekam_singh_kalyanwat\\school\\src\\services\\subject.ts","statementMap":{"0":{"start":{"line":2,"column":0},"end":{"line":2,"column":39}},"1":{"start":{"line":5,"column":4},"end":{"line":5,"column":67}},"2":{"start":{"line":4,"column":0},"end":{"line":4,"column":7}},"3":{"start":{"line":10,"column":4},"end":{"line":10,"column":71}},"4":{"start":{"line":9,"column":0},"end":{"line":9,"column":7}},"5":{"start":{"line":14,"column":24},"end":{"line":14,"column":340}},"6":{"start":{"line":15,"column":4},"end":{"line":15,"column":41}},"7":{"start":{"line":13,"column":0},"end":{"line":13,"column":7}}},"fnMap":{"0":{"name":"createSubject","decl":{"start":{"line":4,"column":22},"end":{"line":4,"column":35}},"loc":{"start":{"line":4,"column":60},"end":{"line":7,"column":1}}},"1":{"name":"subjectList","decl":{"start":{"line":9,"column":22},"end":{"line":9,"column":33}},"loc":{"start":{"line":9,"column":33},"end":{"line":11,"column":1}}},"2":{"name":"studentListBySubjectId","decl":{"start":{"line":13,"column":22},"end":{"line":13,"column":44}},"loc":{"start":{"line":13,"column":62},"end":{"line":16,"column":1}}}},"branchMap":{},"s":{"0":12,"1":2,"2":12,"3":2,"4":12,"5":2,"6":2,"7":12},"f":{"0":2,"1":2,"2":2},"b":{}}
,"C:\\Users\\teeka\\Desktop\\zop - Copy\\freshers-june2021\\teekam_singh_kalyanwat\\school\\src\\services\\teacher.ts": {"path":"C:\\Users\\teeka\\Desktop\\zop - Copy\\freshers-june2021\\teekam_singh_kalyanwat\\school\\src\\services\\teacher.ts","statementMap":{"0":{"start":{"line":2,"column":0},"end":{"line":2,"column":39}},"1":{"start":{"line":6,"column":4},"end":{"line":6,"column":81}},"2":{"start":{"line":5,"column":0},"end":{"line":5,"column":7}},"3":{"start":{"line":10,"column":4},"end":{"line":10,"column":71}},"4":{"start":{"line":9,"column":0},"end":{"line":9,"column":7}},"5":{"start":{"line":14,"column":24},"end":{"line":14,"column":454}},"6":{"start":{"line":15,"column":4},"end":{"line":15,"column":41}},"7":{"start":{"line":13,"column":0},"end":{"line":13,"column":7}}},"fnMap":{"0":{"name":"createTeacher","decl":{"start":{"line":5,"column":22},"end":{"line":5,"column":35}},"loc":{"start":{"line":5,"column":79},"end":{"line":7,"column":1}}},"1":{"name":"teacherList","decl":{"start":{"line":9,"column":22},"end":{"line":9,"column":33}},"loc":{"start":{"line":9,"column":33},"end":{"line":11,"column":1}}},"2":{"name":"studentListByTeacherid","decl":{"start":{"line":13,"column":22},"end":{"line":13,"column":44}},"loc":{"start":{"line":13,"column":62},"end":{"line":16,"column":1}}}},"branchMap":{},"s":{"0":12,"1":2,"2":12,"3":2,"4":12,"5":3,"6":3,"7":12},"f":{"0":2,"1":2,"2":3},"b":{}}
}
