TN:
SF:public\app\app.js
FN:2,(anonymous_0)
FN:10,(anonymous_1)
FNF:2
FNH:2
FNDA:54,(anonymous_0)
FNDA:6,(anonymous_1)
DA:2,6
DA:3,54
DA:5,6
DA:6,6
DA:7,6
DA:8,6
DA:9,6
DA:10,6
DA:11,6
DA:12,6
DA:14,6
DA:15,6
DA:16,6
DA:17,6
DA:18,6
DA:19,6
DA:20,6
DA:21,6
DA:22,6
DA:23,6
DA:24,6
DA:25,6
LF:22
LH:22
BRDA:2,0,0,6
BRDA:2,0,1,6
BRDA:2,0,2,6
BRDA:3,1,0,36
BRDA:3,1,1,18
BRDA:3,2,0,54
BRDA:3,2,1,54
BRF:7
BRH:7
end_of_record
TN:
SF:public\config\config.js
FN:2,(anonymous_0)
FNF:1
FNH:1
FNDA:18,(anonymous_0)
DA:2,6
DA:3,18
DA:5,6
DA:6,6
DA:7,6
DA:8,6
DA:9,6
DA:10,6
DA:18,6
DA:19,6
DA:20,0
DA:23,6
LF:12
LH:11
BRDA:2,0,0,6
BRDA:2,0,1,6
BRDA:2,0,2,6
BRDA:3,1,0,0
BRDA:3,1,1,18
BRDA:3,2,0,18
BRDA:3,2,1,18
BRDA:19,3,0,0
BRDA:19,3,1,6
BRF:9
BRH:7
end_of_record
TN:
SF:public\controller\class.js
FN:2,(anonymous_0)
FN:4,(anonymous_1)
FN:5,(anonymous_2)
FN:9,(anonymous_3)
FN:11,(anonymous_4)
FN:14,(anonymous_5)
FN:21,(anonymous_6)
FN:29,(anonymous_7)
FN:52,(anonymous_8)
FN:73,(anonymous_9)
FNF:10
FNH:5
FNDA:0,(anonymous_0)
FNDA:0,(anonymous_1)
FNDA:0,(anonymous_2)
FNDA:0,(anonymous_3)
FNDA:0,(anonymous_4)
FNDA:12,(anonymous_5)
FNDA:6,(anonymous_6)
FNDA:2,(anonymous_7)
FNDA:1,(anonymous_8)
FNDA:2,(anonymous_9)
DA:2,6
DA:3,0
DA:4,0
DA:6,0
DA:7,0
DA:9,6
DA:10,0
DA:12,0
DA:14,6
DA:15,12
DA:16,0
DA:17,0
DA:18,0
DA:19,0
DA:21,6
DA:22,6
DA:24,6
DA:25,6
DA:26,6
DA:27,6
DA:28,6
DA:29,6
DA:30,2
DA:31,2
DA:32,2
DA:33,1
DA:34,1
DA:35,1
DA:37,1
DA:38,1
DA:39,1
DA:40,1
DA:41,1
DA:44,0
DA:45,0
DA:46,0
DA:48,0
DA:51,6
DA:52,6
DA:53,1
DA:54,1
DA:55,1
DA:56,0
DA:57,0
DA:60,1
DA:61,1
DA:65,0
DA:66,0
DA:67,0
DA:69,0
DA:72,6
DA:73,6
DA:74,2
DA:75,2
DA:76,2
DA:77,0
DA:78,0
DA:79,0
DA:81,2
DA:82,2
DA:83,2
DA:84,1
DA:85,1
DA:88,1
DA:89,1
DA:93,0
DA:94,0
DA:95,0
DA:97,0
DA:100,6
LF:70
LH:43
BRDA:2,0,0,6
BRDA:2,0,1,6
BRDA:2,0,2,6
BRDA:2,1,0,6
BRDA:2,1,1,0
BRDA:3,2,0,0
BRDA:3,2,1,0
BRDA:6,3,0,0
BRDA:6,3,1,0
BRDA:9,4,0,6
BRDA:9,4,1,6
BRDA:9,4,2,6
BRDA:9,5,0,6
BRDA:9,5,1,0
BRDA:14,6,0,6
BRDA:14,6,1,6
BRDA:14,6,2,6
BRDA:15,7,0,12
BRDA:15,7,1,0
BRDA:15,8,0,12
BRDA:15,8,1,12
BRDA:17,9,0,0
BRDA:17,9,1,0
BRDA:17,10,0,0
BRDA:17,10,1,0
BRDA:17,11,0,0
BRDA:17,11,1,0
BRDA:21,12,0,6
BRDA:21,12,1,6
BRDA:21,12,2,6
BRDA:22,13,0,0
BRDA:22,13,1,6
BRDA:22,14,0,6
BRDA:22,14,1,6
BRDA:32,15,0,1
BRDA:32,15,1,1
BRDA:45,16,0,0
BRDA:45,16,1,0
BRDA:55,17,0,0
BRDA:55,17,1,1
BRDA:66,18,0,0
BRDA:66,18,1,0
BRDA:76,19,0,0
BRDA:76,19,1,2
BRDA:83,20,0,1
BRDA:83,20,1,1
BRDA:94,21,0,0
BRDA:94,21,1,0
BRF:48
BRH:26
end_of_record
TN:
SF:public\controller\result.js
FN:2,(anonymous_0)
FN:4,(anonymous_1)
FN:5,(anonymous_2)
FN:9,(anonymous_3)
FN:11,(anonymous_4)
FN:14,(anonymous_5)
FN:25,(anonymous_6)
FN:47,(anonymous_7)
FN:69,(anonymous_8)
FN:97,(anonymous_9)
FN:126,(anonymous_10)
FNF:11
FNH:6
FNDA:0,(anonymous_0)
FNDA:0,(anonymous_1)
FNDA:0,(anonymous_2)
FNDA:0,(anonymous_3)
FNDA:0,(anonymous_4)
FNDA:12,(anonymous_5)
FNDA:2,(anonymous_6)
FNDA:1,(anonymous_7)
FNDA:2,(anonymous_8)
FNDA:2,(anonymous_9)
FNDA:1,(anonymous_10)
DA:2,6
DA:3,0
DA:4,0
DA:6,0
DA:7,0
DA:9,6
DA:10,0
DA:12,0
DA:14,6
DA:15,12
DA:16,0
DA:17,0
DA:18,0
DA:19,0
DA:21,6
DA:22,6
DA:23,6
DA:24,6
DA:25,6
DA:26,2
DA:27,2
DA:28,2
DA:29,1
DA:30,1
DA:31,1
DA:33,1
DA:34,1
DA:35,1
DA:36,1
DA:39,0
DA:40,0
DA:41,0
DA:43,0
DA:46,6
DA:47,6
DA:48,1
DA:49,1
DA:50,1
DA:51,0
DA:52,0
DA:53,0
DA:55,1
DA:56,1
DA:57,1
DA:58,1
DA:61,0
DA:62,0
DA:63,0
DA:65,0
DA:68,6
DA:69,6
DA:70,2
DA:71,2
DA:72,2
DA:73,0
DA:74,0
DA:75,0
DA:77,2
DA:78,2
DA:79,2
DA:80,1
DA:81,1
DA:84,1
DA:85,1
DA:89,0
DA:90,0
DA:91,0
DA:93,0
DA:96,6
DA:97,6
DA:98,2
DA:99,2
DA:100,2
DA:101,2
DA:102,0
DA:103,0
DA:104,0
DA:106,2
DA:107,2
DA:108,2
DA:109,1
DA:110,1
DA:113,1
DA:114,1
DA:118,0
DA:119,0
DA:120,0
DA:122,0
DA:125,6
DA:126,6
DA:127,1
DA:128,1
DA:129,1
DA:130,0
DA:131,0
DA:132,0
DA:134,1
DA:135,1
DA:136,1
DA:137,1
DA:140,0
DA:141,0
DA:142,0
DA:144,0
DA:147,6
LF:105
LH:63
BRDA:2,0,0,6
BRDA:2,0,1,6
BRDA:2,0,2,6
BRDA:2,1,0,6
BRDA:2,1,1,0
BRDA:3,2,0,0
BRDA:3,2,1,0
BRDA:6,3,0,0
BRDA:6,3,1,0
BRDA:9,4,0,6
BRDA:9,4,1,6
BRDA:9,4,2,6
BRDA:9,5,0,6
BRDA:9,5,1,0
BRDA:14,6,0,6
BRDA:14,6,1,6
BRDA:14,6,2,6
BRDA:15,7,0,12
BRDA:15,7,1,0
BRDA:15,8,0,12
BRDA:15,8,1,12
BRDA:17,9,0,0
BRDA:17,9,1,0
BRDA:17,10,0,0
BRDA:17,10,1,0
BRDA:17,11,0,0
BRDA:17,11,1,0
BRDA:28,12,0,1
BRDA:28,12,1,1
BRDA:40,13,0,0
BRDA:40,13,1,0
BRDA:50,14,0,0
BRDA:50,14,1,1
BRDA:62,15,0,0
BRDA:62,15,1,0
BRDA:72,16,0,0
BRDA:72,16,1,2
BRDA:79,17,0,1
BRDA:79,17,1,1
BRDA:90,18,0,0
BRDA:90,18,1,0
BRDA:101,19,0,0
BRDA:101,19,1,2
BRDA:108,20,0,1
BRDA:108,20,1,1
BRDA:119,21,0,0
BRDA:119,21,1,0
BRDA:129,22,0,0
BRDA:129,22,1,1
BRDA:141,23,0,0
BRDA:141,23,1,0
BRF:51
BRH:24
end_of_record
TN:
SF:public\controller\schedule.js
FN:2,(anonymous_0)
FN:4,(anonymous_1)
FN:5,(anonymous_2)
FN:9,(anonymous_3)
FN:11,(anonymous_4)
FN:14,(anonymous_5)
FN:25,(anonymous_6)
FNF:7
FNH:2
FNDA:0,(anonymous_0)
FNDA:0,(anonymous_1)
FNDA:0,(anonymous_2)
FNDA:0,(anonymous_3)
FNDA:0,(anonymous_4)
FNDA:12,(anonymous_5)
FNDA:3,(anonymous_6)
DA:2,6
DA:3,0
DA:4,0
DA:6,0
DA:7,0
DA:9,6
DA:10,0
DA:12,0
DA:14,6
DA:15,12
DA:16,0
DA:17,0
DA:18,0
DA:19,0
DA:21,6
DA:22,6
DA:23,6
DA:24,6
DA:25,6
DA:26,3
DA:27,3
DA:28,3
DA:29,2
DA:30,2
DA:31,2
DA:33,1
DA:34,1
DA:35,1
DA:36,1
DA:39,0
DA:40,0
DA:41,0
DA:43,0
DA:46,6
LF:34
LH:20
BRDA:2,0,0,6
BRDA:2,0,1,6
BRDA:2,0,2,6
BRDA:2,1,0,6
BRDA:2,1,1,0
BRDA:3,2,0,0
BRDA:3,2,1,0
BRDA:6,3,0,0
BRDA:6,3,1,0
BRDA:9,4,0,6
BRDA:9,4,1,6
BRDA:9,4,2,6
BRDA:9,5,0,6
BRDA:9,5,1,0
BRDA:14,6,0,6
BRDA:14,6,1,6
BRDA:14,6,2,6
BRDA:15,7,0,12
BRDA:15,7,1,0
BRDA:15,8,0,12
BRDA:15,8,1,12
BRDA:17,9,0,0
BRDA:17,9,1,0
BRDA:17,10,0,0
BRDA:17,10,1,0
BRDA:17,11,0,0
BRDA:17,11,1,0
BRDA:28,12,0,2
BRDA:28,12,1,1
BRDA:40,13,0,0
BRDA:40,13,1,0
BRF:31
BRH:16
end_of_record
TN:
SF:public\controller\student.js
FN:2,(anonymous_0)
FN:4,(anonymous_1)
FN:5,(anonymous_2)
FN:9,(anonymous_3)
FN:11,(anonymous_4)
FN:14,(anonymous_5)
FN:21,(anonymous_6)
FN:29,(anonymous_7)
FN:52,(anonymous_8)
FN:74,(anonymous_9)
FNF:10
FNH:5
FNDA:0,(anonymous_0)
FNDA:0,(anonymous_1)
FNDA:0,(anonymous_2)
FNDA:0,(anonymous_3)
FNDA:0,(anonymous_4)
FNDA:12,(anonymous_5)
FNDA:6,(anonymous_6)
FNDA:3,(anonymous_7)
FNDA:2,(anonymous_8)
FNDA:1,(anonymous_9)
DA:2,6
DA:3,0
DA:4,0
DA:6,0
DA:7,0
DA:9,6
DA:10,0
DA:12,0
DA:14,6
DA:15,12
DA:16,0
DA:17,0
DA:18,0
DA:19,0
DA:21,6
DA:22,6
DA:24,6
DA:25,6
DA:26,6
DA:27,6
DA:28,6
DA:29,6
DA:30,3
DA:31,3
DA:32,3
DA:33,2
DA:34,2
DA:35,2
DA:37,1
DA:38,1
DA:39,1
DA:40,1
DA:41,1
DA:44,0
DA:45,0
DA:46,0
DA:48,0
DA:51,6
DA:52,6
DA:53,2
DA:54,2
DA:55,2
DA:56,1
DA:57,1
DA:58,1
DA:60,1
DA:61,1
DA:62,1
DA:63,1
DA:66,0
DA:67,0
DA:68,0
DA:70,0
DA:73,6
DA:74,6
DA:75,1
DA:76,1
DA:77,1
DA:78,1
DA:79,0
DA:80,0
DA:81,0
DA:83,1
DA:84,1
DA:85,1
DA:86,1
DA:89,0
DA:90,0
DA:91,0
DA:93,0
DA:96,6
LF:71
LH:46
BRDA:2,0,0,6
BRDA:2,0,1,6
BRDA:2,0,2,6
BRDA:2,1,0,6
BRDA:2,1,1,0
BRDA:3,2,0,0
BRDA:3,2,1,0
BRDA:6,3,0,0
BRDA:6,3,1,0
BRDA:9,4,0,6
BRDA:9,4,1,6
BRDA:9,4,2,6
BRDA:9,5,0,6
BRDA:9,5,1,0
BRDA:14,6,0,6
BRDA:14,6,1,6
BRDA:14,6,2,6
BRDA:15,7,0,12
BRDA:15,7,1,0
BRDA:15,8,0,12
BRDA:15,8,1,12
BRDA:17,9,0,0
BRDA:17,9,1,0
BRDA:17,10,0,0
BRDA:17,10,1,0
BRDA:17,11,0,0
BRDA:17,11,1,0
BRDA:21,12,0,6
BRDA:21,12,1,6
BRDA:21,12,2,6
BRDA:22,13,0,0
BRDA:22,13,1,6
BRDA:22,14,0,6
BRDA:22,14,1,6
BRDA:32,15,0,2
BRDA:32,15,1,1
BRDA:45,16,0,0
BRDA:45,16,1,0
BRDA:55,17,0,1
BRDA:55,17,1,1
BRDA:67,18,0,0
BRDA:67,18,1,0
BRDA:78,19,0,0
BRDA:78,19,1,1
BRDA:90,20,0,0
BRDA:90,20,1,0
BRF:46
BRH:25
end_of_record
TN:
SF:public\controller\subject.js
FN:2,(anonymous_0)
FN:4,(anonymous_1)
FN:5,(anonymous_2)
FN:9,(anonymous_3)
FN:11,(anonymous_4)
FN:14,(anonymous_5)
FN:21,(anonymous_6)
FN:29,(anonymous_7)
FN:52,(anonymous_8)
FN:73,(anonymous_9)
FNF:10
FNH:5
FNDA:0,(anonymous_0)
FNDA:0,(anonymous_1)
FNDA:0,(anonymous_2)
FNDA:0,(anonymous_3)
FNDA:0,(anonymous_4)
FNDA:12,(anonymous_5)
FNDA:6,(anonymous_6)
FNDA:2,(anonymous_7)
FNDA:1,(anonymous_8)
FNDA:2,(anonymous_9)
DA:2,6
DA:3,0
DA:4,0
DA:6,0
DA:7,0
DA:9,6
DA:10,0
DA:12,0
DA:14,6
DA:15,12
DA:16,0
DA:17,0
DA:18,0
DA:19,0
DA:21,6
DA:22,6
DA:24,6
DA:25,6
DA:26,6
DA:27,6
DA:28,6
DA:29,6
DA:30,2
DA:31,2
DA:32,2
DA:33,1
DA:34,1
DA:35,1
DA:37,1
DA:38,1
DA:39,1
DA:40,1
DA:41,1
DA:44,0
DA:45,0
DA:46,0
DA:48,0
DA:51,6
DA:52,6
DA:53,1
DA:54,1
DA:55,1
DA:56,0
DA:57,0
DA:60,1
DA:61,1
DA:65,0
DA:66,0
DA:67,0
DA:69,0
DA:72,6
DA:73,6
DA:74,2
DA:75,2
DA:76,2
DA:77,0
DA:78,0
DA:79,0
DA:81,2
DA:82,2
DA:83,2
DA:84,1
DA:85,1
DA:88,1
DA:89,1
DA:93,0
DA:94,0
DA:95,0
DA:97,0
DA:100,6
LF:70
LH:43
BRDA:2,0,0,6
BRDA:2,0,1,6
BRDA:2,0,2,6
BRDA:2,1,0,6
BRDA:2,1,1,0
BRDA:3,2,0,0
BRDA:3,2,1,0
BRDA:6,3,0,0
BRDA:6,3,1,0
BRDA:9,4,0,6
BRDA:9,4,1,6
BRDA:9,4,2,6
BRDA:9,5,0,6
BRDA:9,5,1,0
BRDA:14,6,0,6
BRDA:14,6,1,6
BRDA:14,6,2,6
BRDA:15,7,0,12
BRDA:15,7,1,0
BRDA:15,8,0,12
BRDA:15,8,1,12
BRDA:17,9,0,0
BRDA:17,9,1,0
BRDA:17,10,0,0
BRDA:17,10,1,0
BRDA:17,11,0,0
BRDA:17,11,1,0
BRDA:21,12,0,6
BRDA:21,12,1,6
BRDA:21,12,2,6
BRDA:22,13,0,0
BRDA:22,13,1,6
BRDA:22,14,0,6
BRDA:22,14,1,6
BRDA:32,15,0,1
BRDA:32,15,1,1
BRDA:45,16,0,0
BRDA:45,16,1,0
BRDA:55,17,0,0
BRDA:55,17,1,1
BRDA:66,18,0,0
BRDA:66,18,1,0
BRDA:76,19,0,0
BRDA:76,19,1,2
BRDA:83,20,0,1
BRDA:83,20,1,1
BRDA:94,21,0,0
BRDA:94,21,1,0
BRF:48
BRH:26
end_of_record
TN:
SF:public\controller\teacher.js
FN:2,(anonymous_0)
FN:4,(anonymous_1)
FN:5,(anonymous_2)
FN:9,(anonymous_3)
FN:11,(anonymous_4)
FN:14,(anonymous_5)
FN:21,(anonymous_6)
FN:29,(anonymous_7)
FN:52,(anonymous_8)
FN:73,(anonymous_9)
FNF:10
FNH:5
FNDA:0,(anonymous_0)
FNDA:0,(anonymous_1)
FNDA:0,(anonymous_2)
FNDA:0,(anonymous_3)
FNDA:0,(anonymous_4)
FNDA:12,(anonymous_5)
FNDA:6,(anonymous_6)
FNDA:2,(anonymous_7)
FNDA:1,(anonymous_8)
FNDA:2,(anonymous_9)
DA:2,6
DA:3,0
DA:4,0
DA:6,0
DA:7,0
DA:9,6
DA:10,0
DA:12,0
DA:14,6
DA:15,12
DA:16,0
DA:17,0
DA:18,0
DA:19,0
DA:21,6
DA:22,6
DA:24,6
DA:25,6
DA:26,6
DA:27,6
DA:28,6
DA:29,6
DA:30,2
DA:31,2
DA:32,2
DA:33,1
DA:34,1
DA:35,1
DA:37,1
DA:38,1
DA:39,1
DA:40,1
DA:41,1
DA:44,0
DA:45,0
DA:46,0
DA:48,0
DA:51,6
DA:52,6
DA:53,1
DA:54,1
DA:55,1
DA:56,0
DA:57,0
DA:60,1
DA:61,1
DA:65,0
DA:66,0
DA:67,0
DA:69,0
DA:72,6
DA:73,6
DA:74,2
DA:75,2
DA:76,2
DA:77,0
DA:78,0
DA:79,0
DA:81,2
DA:82,2
DA:83,2
DA:84,1
DA:85,1
DA:88,1
DA:89,1
DA:93,0
DA:94,0
DA:95,0
DA:97,0
DA:100,6
LF:70
LH:43
BRDA:2,0,0,6
BRDA:2,0,1,6
BRDA:2,0,2,6
BRDA:2,1,0,6
BRDA:2,1,1,0
BRDA:3,2,0,0
BRDA:3,2,1,0
BRDA:6,3,0,0
BRDA:6,3,1,0
BRDA:9,4,0,6
BRDA:9,4,1,6
BRDA:9,4,2,6
BRDA:9,5,0,6
BRDA:9,5,1,0
BRDA:14,6,0,6
BRDA:14,6,1,6
BRDA:14,6,2,6
BRDA:15,7,0,12
BRDA:15,7,1,0
BRDA:15,8,0,12
BRDA:15,8,1,12
BRDA:17,9,0,0
BRDA:17,9,1,0
BRDA:17,10,0,0
BRDA:17,10,1,0
BRDA:17,11,0,0
BRDA:17,11,1,0
BRDA:21,12,0,6
BRDA:21,12,1,6
BRDA:21,12,2,6
BRDA:22,13,0,0
BRDA:22,13,1,6
BRDA:22,14,0,6
BRDA:22,14,1,6
BRDA:32,15,0,1
BRDA:32,15,1,1
BRDA:45,16,0,0
BRDA:45,16,1,0
BRDA:55,17,0,0
BRDA:55,17,1,1
BRDA:66,18,0,0
BRDA:66,18,1,0
BRDA:76,19,0,0
BRDA:76,19,1,2
BRDA:83,20,0,1
BRDA:83,20,1,1
BRDA:94,21,0,0
BRDA:94,21,1,0
BRF:48
BRH:26
end_of_record
TN:
SF:public\db\database.js
FN:15,start
FN:24,setpath
FN:33,query
FNF:3
FNH:3
FNDA:6,start
FNDA:6,setpath
FNDA:23,query
DA:2,6
DA:3,6
DA:4,6
DA:6,6
DA:8,6
DA:16,6
DA:17,6
DA:20,0
DA:23,6
DA:25,6
DA:26,6
DA:29,0
DA:32,6
DA:34,23
DA:36,6
LF:15
LH:13
BRDA:33,0,0,3
BRF:1
BRH:1
end_of_record
TN:
SF:public\helper\classJoi.js
FN:2,(anonymous_0)
FN:4,(anonymous_1)
FN:5,(anonymous_2)
FN:9,(anonymous_3)
FN:11,(anonymous_4)
FN:14,(anonymous_5)
FNF:6
FNH:4
FNDA:330,(anonymous_0)
FNDA:24,(anonymous_1)
FNDA:0,(anonymous_2)
FNDA:6,(anonymous_3)
FNDA:0,(anonymous_4)
FNDA:6,(anonymous_5)
DA:2,6
DA:3,330
DA:4,330
DA:6,0
DA:7,0
DA:9,6
DA:10,6
DA:12,0
DA:14,6
DA:15,6
DA:16,6
DA:17,330
DA:18,6
DA:19,6
DA:21,6
DA:22,6
DA:23,6
DA:24,6
DA:27,6
LF:19
LH:16
BRDA:2,0,0,6
BRDA:2,0,1,6
BRDA:2,0,2,6
BRDA:2,1,0,6
BRDA:2,1,1,0
BRDA:3,2,0,330
BRDA:3,2,1,0
BRDA:6,3,0,0
BRDA:6,3,1,0
BRDA:9,4,0,6
BRDA:9,4,1,6
BRDA:9,4,2,6
BRDA:9,5,0,6
BRDA:9,5,1,0
BRDA:14,6,0,6
BRDA:14,6,1,6
BRDA:14,6,2,6
BRDA:15,7,0,0
BRDA:15,7,1,6
BRDA:15,8,0,6
BRDA:15,8,1,6
BRDA:17,9,0,6
BRDA:17,9,1,0
BRDA:17,10,0,330
BRDA:17,10,1,0
BRDA:17,11,0,330
BRDA:17,11,1,330
BRF:27
BRH:19
end_of_record
TN:
SF:public\helper\resultJoi.js
FN:2,(anonymous_0)
FN:4,(anonymous_1)
FN:5,(anonymous_2)
FN:9,(anonymous_3)
FN:11,(anonymous_4)
FN:14,(anonymous_5)
FNF:6
FNH:4
FNDA:330,(anonymous_0)
FNDA:72,(anonymous_1)
FNDA:0,(anonymous_2)
FNDA:6,(anonymous_3)
FNDA:0,(anonymous_4)
FNDA:6,(anonymous_5)
DA:2,6
DA:3,330
DA:4,330
DA:6,0
DA:7,0
DA:9,6
DA:10,6
DA:12,0
DA:14,6
DA:15,6
DA:16,6
DA:17,330
DA:18,6
DA:19,6
DA:21,6
DA:22,6
DA:23,6
DA:24,6
DA:30,6
DA:33,6
DA:37,6
LF:21
LH:18
BRDA:2,0,0,6
BRDA:2,0,1,6
BRDA:2,0,2,6
BRDA:2,1,0,6
BRDA:2,1,1,0
BRDA:3,2,0,330
BRDA:3,2,1,0
BRDA:6,3,0,0
BRDA:6,3,1,0
BRDA:9,4,0,6
BRDA:9,4,1,6
BRDA:9,4,2,6
BRDA:9,5,0,6
BRDA:9,5,1,0
BRDA:14,6,0,6
BRDA:14,6,1,6
BRDA:14,6,2,6
BRDA:15,7,0,0
BRDA:15,7,1,6
BRDA:15,8,0,6
BRDA:15,8,1,6
BRDA:17,9,0,6
BRDA:17,9,1,0
BRDA:17,10,0,330
BRDA:17,10,1,0
BRDA:17,11,0,330
BRDA:17,11,1,330
BRF:27
BRH:19
end_of_record
TN:
SF:public\helper\scheduleJoi.js
FN:2,(anonymous_0)
FN:4,(anonymous_1)
FN:5,(anonymous_2)
FN:9,(anonymous_3)
FN:11,(anonymous_4)
FN:14,(anonymous_5)
FNF:6
FNH:4
FNDA:330,(anonymous_0)
FNDA:24,(anonymous_1)
FNDA:0,(anonymous_2)
FNDA:6,(anonymous_3)
FNDA:0,(anonymous_4)
FNDA:6,(anonymous_5)
DA:2,6
DA:3,330
DA:4,330
DA:6,0
DA:7,0
DA:9,6
DA:10,6
DA:12,0
DA:14,6
DA:15,6
DA:16,6
DA:17,330
DA:18,6
DA:19,6
DA:21,6
DA:22,6
DA:23,6
DA:24,6
LF:18
LH:15
BRDA:2,0,0,6
BRDA:2,0,1,6
BRDA:2,0,2,6
BRDA:2,1,0,6
BRDA:2,1,1,0
BRDA:3,2,0,330
BRDA:3,2,1,0
BRDA:6,3,0,0
BRDA:6,3,1,0
BRDA:9,4,0,6
BRDA:9,4,1,6
BRDA:9,4,2,6
BRDA:9,5,0,6
BRDA:9,5,1,0
BRDA:14,6,0,6
BRDA:14,6,1,6
BRDA:14,6,2,6
BRDA:15,7,0,0
BRDA:15,7,1,6
BRDA:15,8,0,6
BRDA:15,8,1,6
BRDA:17,9,0,6
BRDA:17,9,1,0
BRDA:17,10,0,330
BRDA:17,10,1,0
BRDA:17,11,0,330
BRDA:17,11,1,330
BRF:27
BRH:19
end_of_record
TN:
SF:public\helper\studentJoi.js
FN:2,(anonymous_0)
FN:4,(anonymous_1)
FN:5,(anonymous_2)
FN:9,(anonymous_3)
FN:11,(anonymous_4)
FN:14,(anonymous_5)
FNF:6
FNH:4
FNDA:330,(anonymous_0)
FNDA:48,(anonymous_1)
FNDA:0,(anonymous_2)
FNDA:6,(anonymous_3)
FNDA:0,(anonymous_4)
FNDA:6,(anonymous_5)
DA:2,6
DA:3,330
DA:4,330
DA:6,0
DA:7,0
DA:9,6
DA:10,6
DA:12,0
DA:14,6
DA:15,6
DA:16,6
DA:17,330
DA:18,6
DA:19,6
DA:21,6
DA:22,6
DA:23,6
DA:24,6
DA:27,6
DA:31,6
LF:20
LH:17
BRDA:2,0,0,6
BRDA:2,0,1,6
BRDA:2,0,2,6
BRDA:2,1,0,6
BRDA:2,1,1,0
BRDA:3,2,0,330
BRDA:3,2,1,0
BRDA:6,3,0,0
BRDA:6,3,1,0
BRDA:9,4,0,6
BRDA:9,4,1,6
BRDA:9,4,2,6
BRDA:9,5,0,6
BRDA:9,5,1,0
BRDA:14,6,0,6
BRDA:14,6,1,6
BRDA:14,6,2,6
BRDA:15,7,0,0
BRDA:15,7,1,6
BRDA:15,8,0,6
BRDA:15,8,1,6
BRDA:17,9,0,6
BRDA:17,9,1,0
BRDA:17,10,0,330
BRDA:17,10,1,0
BRDA:17,11,0,330
BRDA:17,11,1,330
BRF:27
BRH:19
end_of_record
TN:
SF:public\helper\subjectJoi.js
FN:2,(anonymous_0)
FN:4,(anonymous_1)
FN:5,(anonymous_2)
FN:9,(anonymous_3)
FN:11,(anonymous_4)
FN:14,(anonymous_5)
FNF:6
FNH:4
FNDA:330,(anonymous_0)
FNDA:24,(anonymous_1)
FNDA:0,(anonymous_2)
FNDA:6,(anonymous_3)
FNDA:0,(anonymous_4)
FNDA:6,(anonymous_5)
DA:2,6
DA:3,330
DA:4,330
DA:6,0
DA:7,0
DA:9,6
DA:10,6
DA:12,0
DA:14,6
DA:15,6
DA:16,6
DA:17,330
DA:18,6
DA:19,6
DA:21,6
DA:22,6
DA:23,6
DA:24,6
DA:27,6
LF:19
LH:16
BRDA:2,0,0,6
BRDA:2,0,1,6
BRDA:2,0,2,6
BRDA:2,1,0,6
BRDA:2,1,1,0
BRDA:3,2,0,330
BRDA:3,2,1,0
BRDA:6,3,0,0
BRDA:6,3,1,0
BRDA:9,4,0,6
BRDA:9,4,1,6
BRDA:9,4,2,6
BRDA:9,5,0,6
BRDA:9,5,1,0
BRDA:14,6,0,6
BRDA:14,6,1,6
BRDA:14,6,2,6
BRDA:15,7,0,0
BRDA:15,7,1,6
BRDA:15,8,0,6
BRDA:15,8,1,6
BRDA:17,9,0,6
BRDA:17,9,1,0
BRDA:17,10,0,330
BRDA:17,10,1,0
BRDA:17,11,0,330
BRDA:17,11,1,330
BRF:27
BRH:19
end_of_record
TN:
SF:public\helper\teacherJoi.js
FN:2,(anonymous_0)
FN:4,(anonymous_1)
FN:5,(anonymous_2)
FN:9,(anonymous_3)
FN:11,(anonymous_4)
FN:14,(anonymous_5)
FNF:6
FNH:4
FNDA:330,(anonymous_0)
FNDA:30,(anonymous_1)
FNDA:0,(anonymous_2)
FNDA:6,(anonymous_3)
FNDA:0,(anonymous_4)
FNDA:6,(anonymous_5)
DA:2,6
DA:3,330
DA:4,330
DA:6,0
DA:7,0
DA:9,6
DA:10,6
DA:12,0
DA:14,6
DA:15,6
DA:16,6
DA:17,330
DA:18,6
DA:19,6
DA:21,6
DA:22,6
DA:23,6
DA:24,6
DA:28,6
LF:19
LH:16
BRDA:2,0,0,6
BRDA:2,0,1,6
BRDA:2,0,2,6
BRDA:2,1,0,6
BRDA:2,1,1,0
BRDA:3,2,0,330
BRDA:3,2,1,0
BRDA:6,3,0,0
BRDA:6,3,1,0
BRDA:9,4,0,6
BRDA:9,4,1,6
BRDA:9,4,2,6
BRDA:9,5,0,6
BRDA:9,5,1,0
BRDA:14,6,0,6
BRDA:14,6,1,6
BRDA:14,6,2,6
BRDA:15,7,0,0
BRDA:15,7,1,6
BRDA:15,8,0,6
BRDA:15,8,1,6
BRDA:17,9,0,6
BRDA:17,9,1,0
BRDA:17,10,0,330
BRDA:17,10,1,0
BRDA:17,11,0,330
BRDA:17,11,1,330
BRF:27
BRH:19
end_of_record
TN:
SF:public\routes\class.js
FN:2,(anonymous_0)
FN:4,(anonymous_1)
FN:5,(anonymous_2)
FN:9,(anonymous_3)
FN:11,(anonymous_4)
FN:14,(anonymous_5)
FN:21,(anonymous_6)
FNF:7
FNH:2
FNDA:0,(anonymous_0)
FNDA:0,(anonymous_1)
FNDA:0,(anonymous_2)
FNDA:0,(anonymous_3)
FNDA:0,(anonymous_4)
FNDA:6,(anonymous_5)
FNDA:6,(anonymous_6)
DA:2,6
DA:3,0
DA:4,0
DA:6,0
DA:7,0
DA:9,6
DA:10,0
DA:12,0
DA:14,6
DA:15,6
DA:16,0
DA:17,0
DA:18,0
DA:19,0
DA:21,6
DA:22,6
DA:24,6
DA:25,6
DA:26,6
DA:27,6
DA:28,6
DA:29,6
DA:30,6
DA:31,6
LF:24
LH:14
BRDA:2,0,0,6
BRDA:2,0,1,6
BRDA:2,0,2,6
BRDA:2,1,0,6
BRDA:2,1,1,0
BRDA:3,2,0,0
BRDA:3,2,1,0
BRDA:6,3,0,0
BRDA:6,3,1,0
BRDA:9,4,0,6
BRDA:9,4,1,6
BRDA:9,4,2,6
BRDA:9,5,0,6
BRDA:9,5,1,0
BRDA:14,6,0,6
BRDA:14,6,1,6
BRDA:14,6,2,6
BRDA:15,7,0,6
BRDA:15,7,1,0
BRDA:15,8,0,6
BRDA:15,8,1,6
BRDA:17,9,0,0
BRDA:17,9,1,0
BRDA:17,10,0,0
BRDA:17,10,1,0
BRDA:17,11,0,0
BRDA:17,11,1,0
BRDA:21,12,0,6
BRDA:21,12,1,6
BRDA:21,12,2,6
BRDA:22,13,0,0
BRDA:22,13,1,6
BRDA:22,14,0,6
BRDA:22,14,1,6
BRF:34
BRH:20
end_of_record
TN:
SF:public\routes\result.js
FN:2,(anonymous_0)
FN:4,(anonymous_1)
FN:5,(anonymous_2)
FN:9,(anonymous_3)
FN:11,(anonymous_4)
FN:14,(anonymous_5)
FN:21,(anonymous_6)
FNF:7
FNH:2
FNDA:0,(anonymous_0)
FNDA:0,(anonymous_1)
FNDA:0,(anonymous_2)
FNDA:0,(anonymous_3)
FNDA:0,(anonymous_4)
FNDA:6,(anonymous_5)
FNDA:6,(anonymous_6)
DA:2,6
DA:3,0
DA:4,0
DA:6,0
DA:7,0
DA:9,6
DA:10,0
DA:12,0
DA:14,6
DA:15,6
DA:16,0
DA:17,0
DA:18,0
DA:19,0
DA:21,6
DA:22,6
DA:24,6
DA:25,6
DA:26,6
DA:27,6
DA:28,6
DA:29,6
DA:30,6
DA:31,6
DA:32,6
DA:33,6
LF:26
LH:16
BRDA:2,0,0,6
BRDA:2,0,1,6
BRDA:2,0,2,6
BRDA:2,1,0,6
BRDA:2,1,1,0
BRDA:3,2,0,0
BRDA:3,2,1,0
BRDA:6,3,0,0
BRDA:6,3,1,0
BRDA:9,4,0,6
BRDA:9,4,1,6
BRDA:9,4,2,6
BRDA:9,5,0,6
BRDA:9,5,1,0
BRDA:14,6,0,6
BRDA:14,6,1,6
BRDA:14,6,2,6
BRDA:15,7,0,6
BRDA:15,7,1,0
BRDA:15,8,0,6
BRDA:15,8,1,6
BRDA:17,9,0,0
BRDA:17,9,1,0
BRDA:17,10,0,0
BRDA:17,10,1,0
BRDA:17,11,0,0
BRDA:17,11,1,0
BRDA:21,12,0,6
BRDA:21,12,1,6
BRDA:21,12,2,6
BRDA:22,13,0,0
BRDA:22,13,1,6
BRDA:22,14,0,6
BRDA:22,14,1,6
BRF:34
BRH:20
end_of_record
TN:
SF:public\routes\schedule.js
FN:2,(anonymous_0)
FN:4,(anonymous_1)
FN:5,(anonymous_2)
FN:9,(anonymous_3)
FN:11,(anonymous_4)
FN:14,(anonymous_5)
FN:21,(anonymous_6)
FNF:7
FNH:2
FNDA:0,(anonymous_0)
FNDA:0,(anonymous_1)
FNDA:0,(anonymous_2)
FNDA:0,(anonymous_3)
FNDA:0,(anonymous_4)
FNDA:6,(anonymous_5)
FNDA:6,(anonymous_6)
DA:2,6
DA:3,0
DA:4,0
DA:6,0
DA:7,0
DA:9,6
DA:10,0
DA:12,0
DA:14,6
DA:15,6
DA:16,0
DA:17,0
DA:18,0
DA:19,0
DA:21,6
DA:22,6
DA:24,6
DA:25,6
DA:26,6
DA:27,6
DA:28,6
DA:29,6
LF:22
LH:12
BRDA:2,0,0,6
BRDA:2,0,1,6
BRDA:2,0,2,6
BRDA:2,1,0,6
BRDA:2,1,1,0
BRDA:3,2,0,0
BRDA:3,2,1,0
BRDA:6,3,0,0
BRDA:6,3,1,0
BRDA:9,4,0,6
BRDA:9,4,1,6
BRDA:9,4,2,6
BRDA:9,5,0,6
BRDA:9,5,1,0
BRDA:14,6,0,6
BRDA:14,6,1,6
BRDA:14,6,2,6
BRDA:15,7,0,6
BRDA:15,7,1,0
BRDA:15,8,0,6
BRDA:15,8,1,6
BRDA:17,9,0,0
BRDA:17,9,1,0
BRDA:17,10,0,0
BRDA:17,10,1,0
BRDA:17,11,0,0
BRDA:17,11,1,0
BRDA:21,12,0,6
BRDA:21,12,1,6
BRDA:21,12,2,6
BRDA:22,13,0,0
BRDA:22,13,1,6
BRDA:22,14,0,6
BRDA:22,14,1,6
BRF:34
BRH:20
end_of_record
TN:
SF:public\routes\student.js
FN:2,(anonymous_0)
FN:4,(anonymous_1)
FN:5,(anonymous_2)
FN:9,(anonymous_3)
FN:11,(anonymous_4)
FN:14,(anonymous_5)
FN:21,(anonymous_6)
FNF:7
FNH:2
FNDA:0,(anonymous_0)
FNDA:0,(anonymous_1)
FNDA:0,(anonymous_2)
FNDA:0,(anonymous_3)
FNDA:0,(anonymous_4)
FNDA:6,(anonymous_5)
FNDA:6,(anonymous_6)
DA:2,6
DA:3,0
DA:4,0
DA:6,0
DA:7,0
DA:9,6
DA:10,0
DA:12,0
DA:14,6
DA:15,6
DA:16,0
DA:17,0
DA:18,0
DA:19,0
DA:21,6
DA:22,6
DA:24,6
DA:25,6
DA:26,6
DA:27,6
DA:28,6
DA:29,6
DA:30,6
DA:31,6
LF:24
LH:14
BRDA:2,0,0,6
BRDA:2,0,1,6
BRDA:2,0,2,6
BRDA:2,1,0,6
BRDA:2,1,1,0
BRDA:3,2,0,0
BRDA:3,2,1,0
BRDA:6,3,0,0
BRDA:6,3,1,0
BRDA:9,4,0,6
BRDA:9,4,1,6
BRDA:9,4,2,6
BRDA:9,5,0,6
BRDA:9,5,1,0
BRDA:14,6,0,6
BRDA:14,6,1,6
BRDA:14,6,2,6
BRDA:15,7,0,6
BRDA:15,7,1,0
BRDA:15,8,0,6
BRDA:15,8,1,6
BRDA:17,9,0,0
BRDA:17,9,1,0
BRDA:17,10,0,0
BRDA:17,10,1,0
BRDA:17,11,0,0
BRDA:17,11,1,0
BRDA:21,12,0,6
BRDA:21,12,1,6
BRDA:21,12,2,6
BRDA:22,13,0,0
BRDA:22,13,1,6
BRDA:22,14,0,6
BRDA:22,14,1,6
BRF:34
BRH:20
end_of_record
TN:
SF:public\routes\subject.js
FN:2,(anonymous_0)
FN:4,(anonymous_1)
FN:5,(anonymous_2)
FN:9,(anonymous_3)
FN:11,(anonymous_4)
FN:14,(anonymous_5)
FN:21,(anonymous_6)
FNF:7
FNH:2
FNDA:0,(anonymous_0)
FNDA:0,(anonymous_1)
FNDA:0,(anonymous_2)
FNDA:0,(anonymous_3)
FNDA:0,(anonymous_4)
FNDA:6,(anonymous_5)
FNDA:6,(anonymous_6)
DA:2,6
DA:3,0
DA:4,0
DA:6,0
DA:7,0
DA:9,6
DA:10,0
DA:12,0
DA:14,6
DA:15,6
DA:16,0
DA:17,0
DA:18,0
DA:19,0
DA:21,6
DA:22,6
DA:24,6
DA:25,6
DA:26,6
DA:27,6
DA:28,6
DA:29,6
DA:30,6
DA:31,6
LF:24
LH:14
BRDA:2,0,0,6
BRDA:2,0,1,6
BRDA:2,0,2,6
BRDA:2,1,0,6
BRDA:2,1,1,0
BRDA:3,2,0,0
BRDA:3,2,1,0
BRDA:6,3,0,0
BRDA:6,3,1,0
BRDA:9,4,0,6
BRDA:9,4,1,6
BRDA:9,4,2,6
BRDA:9,5,0,6
BRDA:9,5,1,0
BRDA:14,6,0,6
BRDA:14,6,1,6
BRDA:14,6,2,6
BRDA:15,7,0,6
BRDA:15,7,1,0
BRDA:15,8,0,6
BRDA:15,8,1,6
BRDA:17,9,0,0
BRDA:17,9,1,0
BRDA:17,10,0,0
BRDA:17,10,1,0
BRDA:17,11,0,0
BRDA:17,11,1,0
BRDA:21,12,0,6
BRDA:21,12,1,6
BRDA:21,12,2,6
BRDA:22,13,0,0
BRDA:22,13,1,6
BRDA:22,14,0,6
BRDA:22,14,1,6
BRF:34
BRH:20
end_of_record
TN:
SF:public\routes\teacher.js
FN:2,(anonymous_0)
FN:4,(anonymous_1)
FN:5,(anonymous_2)
FN:9,(anonymous_3)
FN:11,(anonymous_4)
FN:14,(anonymous_5)
FN:21,(anonymous_6)
FNF:7
FNH:2
FNDA:0,(anonymous_0)
FNDA:0,(anonymous_1)
FNDA:0,(anonymous_2)
FNDA:0,(anonymous_3)
FNDA:0,(anonymous_4)
FNDA:6,(anonymous_5)
FNDA:6,(anonymous_6)
DA:2,6
DA:3,0
DA:4,0
DA:6,0
DA:7,0
DA:9,6
DA:10,0
DA:12,0
DA:14,6
DA:15,6
DA:16,0
DA:17,0
DA:18,0
DA:19,0
DA:21,6
DA:22,6
DA:24,6
DA:25,6
DA:26,6
DA:27,6
DA:28,6
DA:29,6
DA:30,6
DA:31,6
LF:24
LH:14
BRDA:2,0,0,6
BRDA:2,0,1,6
BRDA:2,0,2,6
BRDA:2,1,0,6
BRDA:2,1,1,0
BRDA:3,2,0,0
BRDA:3,2,1,0
BRDA:6,3,0,0
BRDA:6,3,1,0
BRDA:9,4,0,6
BRDA:9,4,1,6
BRDA:9,4,2,6
BRDA:9,5,0,6
BRDA:9,5,1,0
BRDA:14,6,0,6
BRDA:14,6,1,6
BRDA:14,6,2,6
BRDA:15,7,0,6
BRDA:15,7,1,0
BRDA:15,8,0,6
BRDA:15,8,1,6
BRDA:17,9,0,0
BRDA:17,9,1,0
BRDA:17,10,0,0
BRDA:17,10,1,0
BRDA:17,11,0,0
BRDA:17,11,1,0
BRDA:21,12,0,6
BRDA:21,12,1,6
BRDA:21,12,2,6
BRDA:22,13,0,0
BRDA:22,13,1,6
BRDA:22,14,0,6
BRDA:22,14,1,6
BRF:34
BRH:20
end_of_record
TN:
SF:public\services\class.js
FN:5,createClass
FN:9,classList
FN:13,studentListFromClassid
FNF:3
FNH:3
FNDA:1,createClass
FNDA:1,classList
FNDA:2,studentListFromClassid
DA:2,6
DA:3,6
DA:4,6
DA:6,1
DA:8,6
DA:10,1
DA:12,6
DA:14,2
DA:15,2
DA:17,6
LF:10
LH:10
BRF:0
BRH:0
end_of_record
TN:
SF:public\services\result.js
FN:5,createResult
FN:9,updateResult
FN:13,marksByStudentId
FN:17,highestMarks
FN:22,topNstudents
FNF:5
FNH:5
FNDA:1,createResult
FNDA:1,updateResult
FNDA:2,marksByStudentId
FNDA:2,highestMarks
FNDA:1,topNstudents
DA:2,6
DA:3,6
DA:4,6
DA:6,1
DA:8,6
DA:10,1
DA:12,6
DA:14,2
DA:16,6
DA:18,2
DA:19,2
DA:21,6
DA:23,1
DA:33,1
DA:35,6
LF:15
LH:15
BRF:0
BRH:0
end_of_record
TN:
SF:public\services\schedule.js
FN:5,createSchedule
FNF:1
FNH:1
FNDA:1,createSchedule
DA:2,6
DA:3,6
DA:4,6
DA:6,1
DA:8,6
LF:5
LH:5
BRF:0
BRH:0
end_of_record
TN:
SF:public\services\student.js
FN:5,createStudent
FN:9,AddStudentToClass
FN:13,studentList
FNF:3
FNH:3
FNDA:1,createStudent
FNDA:1,AddStudentToClass
FNDA:1,studentList
DA:2,6
DA:3,6
DA:4,6
DA:6,1
DA:8,6
DA:10,1
DA:12,6
DA:14,1
DA:16,6
LF:9
LH:9
BRF:0
BRH:0
end_of_record
TN:
SF:public\services\subject.js
FN:5,createSubject
FN:9,subjectList
FN:13,studentListBySubjectId
FNF:3
FNH:3
FNDA:1,createSubject
FNDA:1,subjectList
FNDA:2,studentListBySubjectId
DA:2,6
DA:3,6
DA:4,6
DA:6,1
DA:8,6
DA:10,1
DA:12,6
DA:14,2
DA:15,2
DA:17,6
LF:10
LH:10
BRF:0
BRH:0
end_of_record
TN:
SF:public\services\teacher.js
FN:5,createTeacher
FN:9,teacherList
FN:13,studentListByTeacherid
FNF:3
FNH:3
FNDA:1,createTeacher
FNDA:1,teacherList
FNDA:2,studentListByTeacherid
DA:2,6
DA:3,6
DA:4,6
DA:6,1
DA:8,6
DA:10,1
DA:12,6
DA:14,2
DA:15,2
DA:17,6
LF:10
LH:10
BRF:0
BRH:0
end_of_record
