TN:
SF:src\app\app.ts
FNF:0
FNH:0
DA:1,12
DA:2,12
DA:3,12
DA:10,12
DA:12,12
DA:13,12
DA:14,12
DA:15,12
DA:16,12
DA:17,12
DA:20,12
DA:22,12
DA:23,12
DA:25,12
LF:14
LH:14
BRF:0
BRH:0
end_of_record
TN:
SF:src\config\config.ts
FNF:0
FNH:0
DA:1,12
DA:2,12
DA:3,12
DA:5,12
DA:7,12
DA:16,12
DA:18,12
DA:20,0
DA:23,12
LF:9
LH:8
BRDA:18,0,0,0
BRDA:18,0,1,12
BRF:2
BRH:1
end_of_record
TN:
SF:src\controller\class.ts
FN:7,(anonymous_7)
FN:28,(anonymous_8)
FN:41,(anonymous_9)
FNF:3
FNH:3
FNDA:3,(anonymous_7)
FNDA:2,(anonymous_8)
FNDA:4,(anonymous_9)
DA:2,12
DA:3,12
DA:4,12
DA:7,12
DA:8,3
DA:9,3
DA:10,3
DA:11,1
DA:12,1
DA:13,1
DA:15,2
DA:16,2
DA:17,2
DA:18,1
DA:19,1
DA:22,1
DA:24,1
DA:28,12
DA:29,2
DA:30,2
DA:31,1
DA:32,1
DA:36,1
DA:37,1
DA:41,12
DA:42,4
DA:43,4
DA:44,4
DA:45,1
DA:46,1
DA:47,1
DA:49,3
DA:50,3
DA:51,2
DA:52,1
DA:53,1
DA:56,1
DA:57,1
DA:61,1
DA:62,1
LF:40
LH:40
BRDA:10,0,0,1
BRDA:10,0,1,2
BRDA:44,1,0,1
BRDA:44,1,1,3
BRDA:51,2,0,1
BRDA:51,2,1,1
BRF:6
BRH:6
end_of_record
TN:
SF:src\controller\result.ts
FN:12,(anonymous_6)
FN:33,(anonymous_7)
FN:53,(anonymous_8)
FN:79,(anonymous_9)
FN:106,(anonymous_10)
FNF:5
FNH:5
FNDA:3,(anonymous_6)
FNDA:2,(anonymous_7)
FNDA:4,(anonymous_8)
FNDA:4,(anonymous_9)
FNDA:3,(anonymous_10)
DA:2,12
DA:3,12
DA:12,12
DA:13,3
DA:14,3
DA:15,3
DA:16,1
DA:17,1
DA:18,1
DA:20,2
DA:21,2
DA:22,1
DA:23,1
DA:26,1
DA:28,1
DA:33,12
DA:34,2
DA:35,2
DA:36,2
DA:37,1
DA:38,1
DA:39,1
DA:41,1
DA:42,1
DA:43,1
DA:44,1
DA:47,0
DA:49,0
DA:53,12
DA:54,4
DA:55,4
DA:56,4
DA:57,1
DA:58,1
DA:59,1
DA:61,3
DA:62,3
DA:63,2
DA:64,1
DA:65,1
DA:68,1
DA:69,1
DA:73,1
DA:74,1
DA:79,12
DA:80,4
DA:81,4
DA:82,4
DA:83,4
DA:84,1
DA:85,1
DA:86,1
DA:88,3
DA:89,3
DA:90,2
DA:91,1
DA:92,1
DA:95,1
DA:96,1
DA:100,1
DA:101,1
DA:106,12
DA:107,3
DA:108,3
DA:109,3
DA:110,1
DA:111,1
DA:112,1
DA:114,2
DA:115,2
DA:116,1
DA:117,1
DA:120,1
DA:121,1
LF:74
LH:72
BRDA:15,0,0,1
BRDA:15,0,1,2
BRDA:36,1,0,1
BRDA:36,1,1,1
BRDA:56,2,0,1
BRDA:56,2,1,3
BRDA:63,3,0,1
BRDA:63,3,1,1
BRDA:83,4,0,1
BRDA:83,4,1,3
BRDA:90,5,0,1
BRDA:90,5,1,1
BRDA:109,6,0,1
BRDA:109,6,1,2
BRF:14
BRH:14
end_of_record
TN:
SF:src\controller\schedule.ts
FN:11,(anonymous_6)
FNF:1
FNH:1
FNDA:4,(anonymous_6)
DA:2,12
DA:3,12
DA:11,12
DA:12,4
DA:13,4
DA:14,4
DA:15,2
DA:16,2
DA:17,2
DA:19,2
DA:20,2
DA:21,1
DA:22,1
DA:25,1
DA:27,1
LF:15
LH:15
BRDA:14,0,0,2
BRDA:14,0,1,2
BRF:2
BRH:2
end_of_record
TN:
SF:src\controller\student.ts
FN:6,(anonymous_7)
FN:28,(anonymous_8)
FN:49,(anonymous_9)
FNF:3
FNH:3
FNDA:4,(anonymous_7)
FNDA:3,(anonymous_8)
FNDA:3,(anonymous_9)
DA:2,12
DA:3,12
DA:4,12
DA:6,12
DA:7,4
DA:8,4
DA:9,4
DA:10,2
DA:11,2
DA:12,2
DA:14,2
DA:15,2
DA:16,2
DA:17,1
DA:18,1
DA:21,1
DA:23,1
DA:28,12
DA:29,3
DA:30,3
DA:31,3
DA:32,1
DA:33,1
DA:34,1
DA:36,2
DA:37,2
DA:38,1
DA:39,1
DA:42,1
DA:44,1
DA:49,12
DA:50,3
DA:51,3
DA:52,3
DA:53,3
DA:54,1
DA:55,1
DA:56,1
DA:58,2
DA:59,2
DA:60,1
DA:61,1
DA:64,1
DA:66,1
LF:44
LH:44
BRDA:9,0,0,2
BRDA:9,0,1,2
BRDA:31,1,0,1
BRDA:31,1,1,2
BRDA:53,2,0,1
BRDA:53,2,1,2
BRF:6
BRH:6
end_of_record
TN:
SF:src\controller\subject.ts
FN:6,(anonymous_7)
FN:27,(anonymous_8)
FN:40,(anonymous_9)
FNF:3
FNH:3
FNDA:3,(anonymous_7)
FNDA:2,(anonymous_8)
FNDA:3,(anonymous_9)
DA:2,12
DA:3,12
DA:4,12
DA:6,12
DA:7,3
DA:8,3
DA:9,3
DA:10,1
DA:11,1
DA:12,1
DA:14,2
DA:15,2
DA:16,2
DA:17,1
DA:18,1
DA:21,1
DA:23,1
DA:27,12
DA:28,2
DA:29,2
DA:30,1
DA:31,1
DA:34,1
DA:36,1
DA:40,12
DA:41,3
DA:42,3
DA:43,3
DA:44,1
DA:45,1
DA:46,1
DA:48,2
DA:49,2
DA:50,1
DA:51,1
DA:54,1
DA:56,1
LF:37
LH:37
BRDA:9,0,0,1
BRDA:9,0,1,2
BRDA:43,1,0,1
BRDA:43,1,1,2
BRF:4
BRH:4
end_of_record
TN:
SF:src\controller\teacher.ts
FN:11,(anonymous_7)
FN:32,(anonymous_8)
FN:45,(anonymous_9)
FNF:3
FNH:3
FNDA:3,(anonymous_7)
FNDA:2,(anonymous_8)
FNDA:3,(anonymous_9)
DA:2,12
DA:3,12
DA:4,12
DA:11,12
DA:12,3
DA:13,3
DA:14,3
DA:15,1
DA:16,1
DA:17,1
DA:19,2
DA:20,2
DA:21,2
DA:22,1
DA:23,1
DA:26,1
DA:28,1
DA:32,12
DA:33,2
DA:34,2
DA:35,1
DA:36,1
DA:39,1
DA:41,1
DA:45,12
DA:46,3
DA:47,3
DA:48,3
DA:49,0
DA:50,0
DA:51,0
DA:53,3
DA:54,3
DA:55,2
DA:56,1
DA:57,1
DA:60,1
DA:61,1
DA:65,1
DA:67,1
LF:40
LH:37
BRDA:14,0,0,1
BRDA:14,0,1,2
BRDA:48,1,0,0
BRDA:48,1,1,3
BRDA:55,2,0,1
BRDA:55,2,1,1
BRF:6
BRH:5
end_of_record
TN:
SF:src\db\database.ts
FN:15,start
FN:23,setpath
FN:31,disconnect
FN:39,query
FNF:4
FNH:4
FNDA:12,start
FNDA:12,setpath
FNDA:12,disconnect
FNDA:39,query
DA:1,12
DA:3,12
DA:7,12
DA:15,12
DA:16,12
DA:17,12
DA:19,0
DA:23,12
DA:24,12
DA:25,12
DA:27,0
DA:31,12
DA:32,12
DA:33,12
DA:35,0
DA:39,12
DA:40,39
LF:17
LH:14
BRDA:39,0,0,6
BRF:1
BRH:1
end_of_record
TN:
SF:src\helper\classJoi.ts
FNF:0
FNH:0
DA:1,12
DA:3,12
DA:7,12
LF:3
LH:3
BRF:0
BRH:0
end_of_record
TN:
SF:src\helper\resultJoi.ts
FNF:0
FNH:0
DA:1,12
DA:3,12
DA:10,12
DA:14,12
DA:19,12
LF:5
LH:5
BRF:0
BRH:0
end_of_record
TN:
SF:src\helper\scheduleJoi.ts
FNF:0
FNH:0
DA:1,12
DA:3,12
LF:2
LH:2
BRF:0
BRH:0
end_of_record
TN:
SF:src\helper\studentJoi.ts
FNF:0
FNH:0
DA:1,12
DA:3,12
DA:7,12
DA:12,12
LF:4
LH:4
BRF:0
BRH:0
end_of_record
TN:
SF:src\helper\subjectJoi.ts
FNF:0
FNH:0
DA:1,12
DA:3,12
DA:7,12
LF:3
LH:3
BRF:0
BRH:0
end_of_record
TN:
SF:src\helper\teacherJoi.ts
FNF:0
FNH:0
DA:1,12
DA:3,12
DA:8,12
LF:3
LH:3
BRF:0
BRH:0
end_of_record
TN:
SF:src\routes\class.ts
FNF:0
FNH:0
DA:1,12
DA:2,12
DA:4,12
DA:6,12
DA:7,12
DA:8,12
DA:10,12
LF:7
LH:7
BRF:0
BRH:0
end_of_record
TN:
SF:src\routes\result.ts
FNF:0
FNH:0
DA:1,12
DA:2,12
DA:4,12
DA:6,12
DA:7,12
DA:8,12
DA:9,12
DA:10,12
DA:12,12
LF:9
LH:9
BRF:0
BRH:0
end_of_record
TN:
SF:src\routes\schedule.ts
FNF:0
FNH:0
DA:1,12
DA:2,12
DA:4,12
DA:6,12
DA:8,12
LF:5
LH:5
BRF:0
BRH:0
end_of_record
TN:
SF:src\routes\student.ts
FNF:0
FNH:0
DA:1,12
DA:2,12
DA:4,12
DA:6,12
DA:7,12
DA:8,12
DA:10,12
LF:7
LH:7
BRF:0
BRH:0
end_of_record
TN:
SF:src\routes\subject.ts
FNF:0
FNH:0
DA:1,12
DA:2,12
DA:4,12
DA:6,12
DA:7,12
DA:8,12
DA:10,12
LF:7
LH:7
BRF:0
BRH:0
end_of_record
TN:
SF:src\routes\teacher.ts
FNF:0
FNH:0
DA:1,12
DA:2,12
DA:4,12
DA:6,12
DA:7,12
DA:8,12
DA:10,12
LF:7
LH:7
BRF:0
BRH:0
end_of_record
TN:
SF:src\services\class.ts
FN:4,createClass
FN:8,classList
FN:12,studentListFromClassid
FNF:3
FNH:3
FNDA:2,createClass
FNDA:2,classList
FNDA:3,studentListFromClassid
DA:2,12
DA:4,12
DA:5,2
DA:8,12
DA:9,2
DA:12,12
DA:13,3
DA:14,3
LF:8
LH:8
BRF:0
BRH:0
end_of_record
TN:
SF:src\services\result.ts
FN:11,createResult
FN:15,updateResult
FN:19,marksByStudentId
FN:23,highestMarks
FN:28,topNstudents
FNF:5
FNH:5
FNDA:2,createResult
FNDA:1,updateResult
FNDA:3,marksByStudentId
FNDA:3,highestMarks
FNDA:2,topNstudents
DA:2,12
DA:11,12
DA:12,2
DA:15,12
DA:16,1
DA:19,12
DA:20,3
DA:23,12
DA:24,3
DA:25,3
DA:28,12
DA:29,2
DA:39,2
LF:13
LH:13
BRF:0
BRH:0
end_of_record
TN:
SF:src\services\schedule.ts
FN:9,createSchedule
FNF:1
FNH:1
FNDA:2,createSchedule
DA:1,12
DA:9,12
DA:10,2
LF:3
LH:3
BRF:0
BRH:0
end_of_record
TN:
SF:src\services\student.ts
FN:4,createStudent
FN:8,AddStudentToClass
FN:12,studentList
FNF:3
FNH:3
FNDA:2,createStudent
FNDA:2,AddStudentToClass
FNDA:2,studentList
DA:2,12
DA:4,12
DA:5,2
DA:8,12
DA:9,2
DA:12,12
DA:13,2
LF:7
LH:7
BRF:0
BRH:0
end_of_record
TN:
SF:src\services\subject.ts
FN:4,createSubject
FN:9,subjectList
FN:13,studentListBySubjectId
FNF:3
FNH:3
FNDA:2,createSubject
FNDA:2,subjectList
FNDA:2,studentListBySubjectId
DA:2,12
DA:4,12
DA:5,2
DA:9,12
DA:10,2
DA:13,12
DA:14,2
DA:15,2
LF:8
LH:8
BRF:0
BRH:0
end_of_record
TN:
SF:src\services\teacher.ts
FN:5,createTeacher
FN:9,teacherList
FN:13,studentListByTeacherid
FNF:3
FNH:3
FNDA:2,createTeacher
FNDA:2,teacherList
FNDA:3,studentListByTeacherid
DA:2,12
DA:5,12
DA:6,2
DA:9,12
DA:10,2
DA:13,12
DA:14,3
DA:15,3
LF:8
LH:8
BRF:0
BRH:0
end_of_record
